[01m[K/home/lionelliu/sim_ws/src/lab-6-motion-planning-team-6/lab6_pkg/src/rrt.cpp:[m[K In member function ‘[01m[Kvoid RRT::scan_callback(sensor_msgs::msg::LaserScan_<std::allocator<void> >::ConstSharedPtr)[m[K’:
[01m[K/home/lionelliu/sim_ws/src/lab-6-motion-planning-team-6/lab6_pkg/src/rrt.cpp:34:75:[m[K [01;35m[Kwarning: [m[Kunused parameter ‘[01m[Kscan_msg[m[K’ [[01;35m[K-Wunused-parameter[m[K]
   34 | void RRT::scan_callback([01;35m[Kconst sensor_msgs::msg::LaserScan::ConstSharedPtr scan_msg[m[K) {
      |                         [01;35m[K~~~~~~~~~~~~~~~~~~~~~~~~~~~~~~~~~~~~~~~~~~~~~~~~~~^~~~~~~~[m[K
[01m[K/home/lionelliu/sim_ws/src/lab-6-motion-planning-team-6/lab6_pkg/src/rrt.cpp:[m[K In member function ‘[01m[Kvoid RRT::pose_callback(nav_msgs::msg::Odometry_<std::allocator<void> >::ConstSharedPtr)[m[K’:
[01m[K/home/lionelliu/sim_ws/src/lab-6-motion-planning-team-6/lab6_pkg/src/rrt.cpp:44:71:[m[K [01;35m[Kwarning: [m[Kunused parameter ‘[01m[Kpose_msg[m[K’ [[01;35m[K-Wunused-parameter[m[K]
   44 | void RRT::pose_callback([01;35m[Kconst nav_msgs::msg::Odometry::ConstSharedPtr pose_msg[m[K) {
      |                         [01;35m[K~~~~~~~~~~~~~~~~~~~~~~~~~~~~~~~~~~~~~~~~~~~~~~^~~~~~~~[m[K
[01m[K/home/lionelliu/sim_ws/src/lab-6-motion-planning-team-6/lab6_pkg/src/rrt.cpp:[m[K In member function ‘[01m[Kint RRT::nearest(std::vector<RRT_Node>&, std::vector<double>&)[m[K’:
[01m[K/home/lionelliu/sim_ws/src/lab-6-motion-planning-team-6/lab6_pkg/src/rrt.cpp:80:41:[m[K [01;35m[Kwarning: [m[Kunused parameter ‘[01m[Ktree[m[K’ [[01;35m[K-Wunused-parameter[m[K]
   80 | int RRT::nearest([01;35m[Kstd::vector<RRT_Node> &tree[m[K, std::vector<double> &sampled_point) {
      |                  [01;35m[K~~~~~~~~~~~~~~~~~~~~~~~^~~~[m[K
[01m[K/home/lionelliu/sim_ws/src/lab-6-motion-planning-team-6/lab6_pkg/src/rrt.cpp:80:68:[m[K [01;35m[Kwarning: [m[Kunused parameter ‘[01m[Ksampled_point[m[K’ [[01;35m[K-Wunused-parameter[m[K]
   80 | int RRT::nearest(std::vector<RRT_Node> &tree, [01;35m[Kstd::vector<double> &sampled_point[m[K) {
      |                                               [01;35m[K~~~~~~~~~~~~~~~~~~~~~^~~~~~~~~~~~~[m[K
[01m[K/home/lionelliu/sim_ws/src/lab-6-motion-planning-team-6/lab6_pkg/src/rrt.cpp:[m[K In member function ‘[01m[KRRT_Node RRT::steer(RRT_Node&, std::vector<double>&)[m[K’:
[01m[K/home/lionelliu/sim_ws/src/lab-6-motion-planning-team-6/lab6_pkg/src/rrt.cpp:94:31:[m[K [01;35m[Kwarning: [m[Kunused parameter ‘[01m[Knearest_node[m[K’ [[01;35m[K-Wunused-parameter[m[K]
   94 | RRT_Node RRT::steer([01;35m[KRRT_Node &nearest_node[m[K, std::vector<double> &sampled_point) {
      |                     [01;35m[K~~~~~~~~~~^~~~~~~~~~~~[m[K
[01m[K/home/lionelliu/sim_ws/src/lab-6-motion-planning-team-6/lab6_pkg/src/rrt.cpp:94:66:[m[K [01;35m[Kwarning: [m[Kunused parameter ‘[01m[Ksampled_point[m[K’ [[01;35m[K-Wunused-parameter[m[K]
   94 | RRT_Node RRT::steer(RRT_Node &nearest_node, [01;35m[Kstd::vector<double> &sampled_point[m[K) {
      |                                             [01;35m[K~~~~~~~~~~~~~~~~~~~~~^~~~~~~~~~~~~[m[K
[01m[K/home/lionelliu/sim_ws/src/lab-6-motion-planning-team-6/lab6_pkg/src/rrt.cpp:[m[K In member function ‘[01m[Kbool RRT::check_collision(RRT_Node&, RRT_Node&)[m[K’:
[01m[K/home/lionelliu/sim_ws/src/lab-6-motion-planning-team-6/lab6_pkg/src/rrt.cpp:114:37:[m[K [01;35m[Kwarning: [m[Kunused parameter ‘[01m[Knearest_node[m[K’ [[01;35m[K-Wunused-parameter[m[K]
  114 | bool RRT::check_collision([01;35m[KRRT_Node &nearest_node[m[K, RRT_Node &new_node) {
      |                           [01;35m[K~~~~~~~~~~^~~~~~~~~~~~[m[K
[01m[K/home/lionelliu/sim_ws/src/lab-6-motion-planning-team-6/lab6_pkg/src/rrt.cpp:114:61:[m[K [01;35m[Kwarning: [m[Kunused parameter ‘[01m[Knew_node[m[K’ [[01;35m[K-Wunused-parameter[m[K]
  114 | bool RRT::check_collision(RRT_Node &nearest_node, [01;35m[KRRT_Node &new_node[m[K) {
      |                                                   [01;35m[K~~~~~~~~~~^~~~~~~~[m[K
[01m[K/home/lionelliu/sim_ws/src/lab-6-motion-planning-team-6/lab6_pkg/src/rrt.cpp:[m[K In member function ‘[01m[Kbool RRT::is_goal(RRT_Node&, double, double)[m[K’:
[01m[K/home/lionelliu/sim_ws/src/lab-6-motion-planning-team-6/lab6_pkg/src/rrt.cpp:129:29:[m[K [01;35m[Kwarning: [m[Kunused parameter ‘[01m[Klatest_added_node[m[K’ [[01;35m[K-Wunused-parameter[m[K]
  129 | bool RRT::is_goal([01;35m[KRRT_Node &latest_added_node[m[K, double goal_x, double goal_y) {
      |                   [01;35m[K~~~~~~~~~~^~~~~~~~~~~~~~~~~[m[K
[01m[K/home/lionelliu/sim_ws/src/lab-6-motion-planning-team-6/lab6_pkg/src/rrt.cpp:129:55:[m[K [01;35m[Kwarning: [m[Kunused parameter ‘[01m[Kgoal_x[m[K’ [[01;35m[K-Wunused-parameter[m[K]
  129 | bool RRT::is_goal(RRT_Node &latest_added_node, [01;35m[Kdouble goal_x[m[K, double goal_y) {
      |                                                [01;35m[K~~~~~~~^~~~~~[m[K
[01m[K/home/lionelliu/sim_ws/src/lab-6-motion-planning-team-6/lab6_pkg/src/rrt.cpp:129:70:[m[K [01;35m[Kwarning: [m[Kunused parameter ‘[01m[Kgoal_y[m[K’ [[01;35m[K-Wunused-parameter[m[K]
  129 | bool RRT::is_goal(RRT_Node &latest_added_node, double goal_x, [01;35m[Kdouble goal_y[m[K) {
      |                                                               [01;35m[K~~~~~~~^~~~~~[m[K
[01m[K/home/lionelliu/sim_ws/src/lab-6-motion-planning-team-6/lab6_pkg/src/rrt.cpp:[m[K In member function ‘[01m[Kstd::vector<RRT_Node> RRT::find_path(std::vector<RRT_Node>&, RRT_Node&)[m[K’:
[01m[K/home/lionelliu/sim_ws/src/lab-6-motion-planning-team-6/lab6_pkg/src/rrt.cpp:146:61:[m[K [01;35m[Kwarning: [m[Kunused parameter ‘[01m[Ktree[m[K’ [[01;35m[K-Wunused-parameter[m[K]
  146 | std::vector<RRT_Node> RRT::find_path([01;35m[Kstd::vector<RRT_Node> &tree[m[K, RRT_Node &latest_added_node) {
      |                                      [01;35m[K~~~~~~~~~~~~~~~~~~~~~~~^~~~[m[K
[01m[K/home/lionelliu/sim_ws/src/lab-6-motion-planning-team-6/lab6_pkg/src/rrt.cpp:146:77:[m[K [01;35m[Kwarning: [m[Kunused parameter ‘[01m[Klatest_added_node[m[K’ [[01;35m[K-Wunused-parameter[m[K]
  146 | std::vector<RRT_Node> RRT::find_path(std::vector<RRT_Node> &tree, [01;35m[KRRT_Node &latest_added_node[m[K) {
      |                                                                   [01;35m[K~~~~~~~~~~^~~~~~~~~~~~~~~~~[m[K
[01m[K/home/lionelliu/sim_ws/src/lab-6-motion-planning-team-6/lab6_pkg/src/rrt.cpp:[m[K In member function ‘[01m[Kdouble RRT::cost(std::vector<RRT_Node>&, RRT_Node&)[m[K’:
[01m[K/home/lionelliu/sim_ws/src/lab-6-motion-planning-team-6/lab6_pkg/src/rrt.cpp:163:41:[m[K [01;35m[Kwarning: [m[Kunused parameter ‘[01m[Ktree[m[K’ [[01;35m[K-Wunused-parameter[m[K]
  163 | double RRT::cost([01;35m[Kstd::vector<RRT_Node> &tree[m[K, RRT_Node &node) {
      |                  [01;35m[K~~~~~~~~~~~~~~~~~~~~~~~^~~~[m[K
[01m[K/home/lionelliu/sim_ws/src/lab-6-motion-planning-team-6/lab6_pkg/src/rrt.cpp:163:57:[m[K [01;35m[Kwarning: [m[Kunused parameter ‘[01m[Knode[m[K’ [[01;35m[K-Wunused-parameter[m[K]
  163 | double RRT::cost(std::vector<RRT_Node> &tree, [01;35m[KRRT_Node &node[m[K) {
      |                                               [01;35m[K~~~~~~~~~~^~~~[m[K
[01m[K/home/lionelliu/sim_ws/src/lab-6-motion-planning-team-6/lab6_pkg/src/rrt.cpp:[m[K In member function ‘[01m[Kdouble RRT::line_cost(RRT_Node&, RRT_Node&)[m[K’:
[01m[K/home/lionelliu/sim_ws/src/lab-6-motion-planning-team-6/lab6_pkg/src/rrt.cpp:177:33:[m[K [01;35m[Kwarning: [m[Kunused parameter ‘[01m[Kn1[m[K’ [[01;35m[K-Wunused-parameter[m[K]
  177 | double RRT::line_cost([01;35m[KRRT_Node &n1[m[K, RRT_Node &n2) {
      |                       [01;35m[K~~~~~~~~~~^~[m[K
[01m[K/home/lionelliu/sim_ws/src/lab-6-motion-planning-team-6/lab6_pkg/src/rrt.cpp:177:47:[m[K [01;35m[Kwarning: [m[Kunused parameter ‘[01m[Kn2[m[K’ [[01;35m[K-Wunused-parameter[m[K]
  177 | double RRT::line_cost(RRT_Node &n1, [01;35m[KRRT_Node &n2[m[K) {
      |                                     [01;35m[K~~~~~~~~~~^~[m[K
[01m[K/home/lionelliu/sim_ws/src/lab-6-motion-planning-team-6/lab6_pkg/src/rrt.cpp:[m[K In member function ‘[01m[Kstd::vector<int> RRT::near(std::vector<RRT_Node>&, RRT_Node&)[m[K’:
[01m[K/home/lionelliu/sim_ws/src/lab-6-motion-planning-team-6/lab6_pkg/src/rrt.cpp:191:51:[m[K [01;35m[Kwarning: [m[Kunused parameter ‘[01m[Ktree[m[K’ [[01;35m[K-Wunused-parameter[m[K]
  191 | std::vector<int> RRT::near([01;35m[Kstd::vector<RRT_Node> &tree[m[K, RRT_Node &node) {
      |                            [01;35m[K~~~~~~~~~~~~~~~~~~~~~~~^~~~[m[K
[01m[K/home/lionelliu/sim_ws/src/lab-6-motion-planning-team-6/lab6_pkg/src/rrt.cpp:191:67:[m[K [01;35m[Kwarning: [m[Kunused parameter ‘[01m[Knode[m[K’ [[01;35m[K-Wunused-parameter[m[K]
  191 | std::vector<int> RRT::near(std::vector<RRT_Node> &tree, [01;35m[KRRT_Node &node[m[K) {
      |                                                         [01;35m[K~~~~~~~~~~^~~~[m[K
