[0.034s] Invoking command in '/home/lionelliu/sim_ws/build/mpc': CMAKE_PREFIX_PATH=${CMAKE_PREFIX_PATH}:/home/lionelliu/sim_ws/install/f1tenth_gym_ros:/opt/ros/foxy /usr/bin/cmake --build /home/lionelliu/sim_ws/build/mpc -- -j2 -l2
[0.278s] [100%] Built target mpc_node
[0.315s] Invoked command in '/home/lionelliu/sim_ws/build/mpc' returned '0': CMAKE_PREFIX_PATH=${CMAKE_PREFIX_PATH}:/home/lionelliu/sim_ws/install/f1tenth_gym_ros:/opt/ros/foxy /usr/bin/cmake --build /home/lionelliu/sim_ws/build/mpc -- -j2 -l2
[0.394s] Invoking command in '/home/lionelliu/sim_ws/build/mpc': CMAKE_PREFIX_PATH=${CMAKE_PREFIX_PATH}:/home/lionelliu/sim_ws/install/f1tenth_gym_ros:/opt/ros/foxy /usr/bin/cmake --install /home/lionelliu/sim_ws/build/mpc
[0.411s] -- Install configuration: ""
[0.414s] -- Up-to-date: /home/lionelliu/sim_ws/install/mpc/lib/mpc/mpc_node
[0.415s] -- Up-to-date: /home/lionelliu/sim_ws/install/mpc/share/mpc/environment/pythonpath.sh
[0.417s] -- Up-to-date: /home/lionelliu/sim_ws/install/mpc/share/mpc/environment/pythonpath.dsv
[0.417s] -- Up-to-date: /home/lionelliu/sim_ws/install/mpc/lib/python3.8/site-packages/mpc
[0.418s] -- Up-to-date: /home/lionelliu/sim_ws/install/mpc/lib/python3.8/site-packages/mpc/__init__.py
[0.513s] Listing '/home/lionelliu/sim_ws/install/mpc/lib/python3.8/site-packages/mpc'...
[0.522s] -- Up-to-date: /home/lionelliu/sim_ws/install/mpc/lib/mpc/mpc_node.py
[0.522s] -- Up-to-date: /home/lionelliu/sim_ws/install/mpc/lib/mpc/utils.py
[0.526s] -- Up-to-date: /home/lionelliu/sim_ws/install/mpc/share/ament_index/resource_index/package_run_dependencies/mpc
[0.527s] -- Up-to-date: /home/lionelliu/sim_ws/install/mpc/share/ament_index/resource_index/parent_prefix_path/mpc
[0.536s] -- Up-to-date: /home/lionelliu/sim_ws/install/mpc/share/mpc/environment/ament_prefix_path.sh
[0.538s] -- Up-to-date: /home/lionelliu/sim_ws/install/mpc/share/mpc/environment/ament_prefix_path.dsv
[0.543s] -- Up-to-date: /home/lionelliu/sim_ws/install/mpc/share/mpc/environment/path.sh
[0.543s] -- Up-to-date: /home/lionelliu/sim_ws/install/mpc/share/mpc/environment/path.dsv
[0.544s] -- Up-to-date: /home/lionelliu/sim_ws/install/mpc/share/mpc/local_setup.bash
[0.544s] -- Up-to-date: /home/lionelliu/sim_ws/install/mpc/share/mpc/local_setup.sh
[0.546s] -- Up-to-date: /home/lionelliu/sim_ws/install/mpc/share/mpc/local_setup.zsh
[0.547s] -- Up-to-date: /home/lionelliu/sim_ws/install/mpc/share/mpc/local_setup.dsv
[0.551s] -- Up-to-date: /home/lionelliu/sim_ws/install/mpc/share/mpc/package.dsv
[0.552s] -- Up-to-date: /home/lionelliu/sim_ws/install/mpc/share/ament_index/resource_index/packages/mpc
[0.553s] -- Up-to-date: /home/lionelliu/sim_ws/install/mpc/share/mpc/cmake/mpcConfig.cmake
[0.557s] -- Up-to-date: /home/lionelliu/sim_ws/install/mpc/share/mpc/cmake/mpcConfig-version.cmake
[0.557s] -- Up-to-date: /home/lionelliu/sim_ws/install/mpc/share/mpc/package.xml
[0.557s] Invoked command in '/home/lionelliu/sim_ws/build/mpc' returned '0': CMAKE_PREFIX_PATH=${CMAKE_PREFIX_PATH}:/home/lionelliu/sim_ws/install/f1tenth_gym_ros:/opt/ros/foxy /usr/bin/cmake --install /home/lionelliu/sim_ws/build/mpc
