[1.068s] DEBUG:colcon:Command line arguments: ['/usr/local/bin/colcon', 'build']
[1.068s] DEBUG:colcon:Parsed command line arguments: Namespace(ament_cmake_args=None, base_paths=['.'], build_base='build', catkin_cmake_args=None, catkin_skip_building_tests=False, cmake_args=None, cmake_clean_cache=False, cmake_clean_first=False, cmake_force_configure=False, cmake_target=None, cmake_target_skip_unavailable=False, continue_on_error=False, event_handlers=None, executor='parallel', ignore_user_meta=False, install_base='install', log_base=None, log_level=None, main=<bound method BuildVerb.main of <colcon_core.verb.build.BuildVerb object at 0x7fe945282c70>>, merge_install=False, metas=['./colcon.meta'], packages_above=None, packages_above_and_dependencies=None, packages_above_depth=None, packages_end=None, packages_ignore=None, packages_ignore_regex=None, packages_select=None, packages_select_build_failed=False, packages_select_by_dep=None, packages_select_regex=None, packages_select_test_failures=False, packages_skip=None, packages_skip_build_finished=False, packages_skip_by_dep=None, packages_skip_regex=None, packages_skip_test_passed=False, packages_skip_up_to=None, packages_start=None, packages_up_to=None, packages_up_to_regex=None, parallel_workers=2, paths=None, symlink_install=False, test_result_base=None, verb_extension=<colcon_core.verb.build.BuildVerb object at 0x7fe945282c70>, verb_name='build', verb_parser=<colcon_defaults.argument_parser.defaults.DefaultArgumentsDecorator object at 0x7fe9450919a0>)
[1.302s] Level 1:colcon.colcon_core.package_discovery:discover_packages(colcon_meta) check parameters
[1.303s] Level 1:colcon.colcon_core.package_discovery:discover_packages(recursive) check parameters
[1.303s] Level 1:colcon.colcon_core.package_discovery:discover_packages(ignore) check parameters
[1.303s] Level 1:colcon.colcon_core.package_discovery:discover_packages(path) check parameters
[1.303s] Level 1:colcon.colcon_core.package_discovery:discover_packages(colcon_meta) discover
[1.303s] Level 1:colcon.colcon_core.package_discovery:discover_packages(recursive) discover
[1.303s] INFO:colcon.colcon_core.package_discovery:Crawling recursively for packages in '/home/lionelliu/sim_ws'
[1.304s] Level 1:colcon.colcon_core.package_identification:_identify(.) by extensions ['ignore', 'ignore_ament_install']
[1.304s] Level 1:colcon.colcon_core.package_identification:_identify(.) by extension 'ignore'
[1.304s] Level 1:colcon.colcon_core.package_identification:_identify(.) by extension 'ignore_ament_install'
[1.304s] Level 1:colcon.colcon_core.package_identification:_identify(.) by extensions ['colcon_pkg']
[1.304s] Level 1:colcon.colcon_core.package_identification:_identify(.) by extension 'colcon_pkg'
[1.304s] Level 1:colcon.colcon_core.package_identification:_identify(.) by extensions ['colcon_meta']
[1.305s] Level 1:colcon.colcon_core.package_identification:_identify(.) by extension 'colcon_meta'
[1.305s] Level 1:colcon.colcon_core.package_identification:_identify(.) by extensions ['ros']
[1.305s] Level 1:colcon.colcon_core.package_identification:_identify(.) by extension 'ros'
[1.329s] Level 1:colcon.colcon_core.package_identification:_identify(.) by extensions ['cmake', 'python']
[1.329s] Level 1:colcon.colcon_core.package_identification:_identify(.) by extension 'cmake'
[1.329s] Level 1:colcon.colcon_core.package_identification:_identify(.) by extension 'python'
[1.329s] Level 1:colcon.colcon_core.package_identification:_identify(.) by extensions ['python_setup_py']
[1.330s] Level 1:colcon.colcon_core.package_identification:_identify(.) by extension 'python_setup_py'
[1.330s] Level 1:colcon.colcon_core.package_identification:_identify(build) by extensions ['ignore', 'ignore_ament_install']
[1.330s] Level 1:colcon.colcon_core.package_identification:_identify(build) by extension 'ignore'
[1.330s] Level 1:colcon.colcon_core.package_identification:_identify(build) ignored
[1.330s] Level 1:colcon.colcon_core.package_identification:_identify(install) by extensions ['ignore', 'ignore_ament_install']
[1.330s] Level 1:colcon.colcon_core.package_identification:_identify(install) by extension 'ignore'
[1.331s] Level 1:colcon.colcon_core.package_identification:_identify(install) ignored
[1.331s] Level 1:colcon.colcon_core.package_identification:_identify(log) by extensions ['ignore', 'ignore_ament_install']
[1.331s] Level 1:colcon.colcon_core.package_identification:_identify(log) by extension 'ignore'
[1.331s] Level 1:colcon.colcon_core.package_identification:_identify(log) ignored
[1.331s] Level 1:colcon.colcon_core.package_identification:_identify(src) by extensions ['ignore', 'ignore_ament_install']
[1.331s] Level 1:colcon.colcon_core.package_identification:_identify(src) by extension 'ignore'
[1.332s] Level 1:colcon.colcon_core.package_identification:_identify(src) by extension 'ignore_ament_install'
[1.332s] Level 1:colcon.colcon_core.package_identification:_identify(src) by extensions ['colcon_pkg']
[1.332s] Level 1:colcon.colcon_core.package_identification:_identify(src) by extension 'colcon_pkg'
[1.332s] Level 1:colcon.colcon_core.package_identification:_identify(src) by extensions ['colcon_meta']
[1.332s] Level 1:colcon.colcon_core.package_identification:_identify(src) by extension 'colcon_meta'
[1.332s] Level 1:colcon.colcon_core.package_identification:_identify(src) by extensions ['ros']
[1.332s] Level 1:colcon.colcon_core.package_identification:_identify(src) by extension 'ros'
[1.333s] Level 1:colcon.colcon_core.package_identification:_identify(src) by extensions ['cmake', 'python']
[1.333s] Level 1:colcon.colcon_core.package_identification:_identify(src) by extension 'cmake'
[1.333s] Level 1:colcon.colcon_core.package_identification:_identify(src) by extension 'python'
[1.333s] Level 1:colcon.colcon_core.package_identification:_identify(src) by extensions ['python_setup_py']
[1.333s] Level 1:colcon.colcon_core.package_identification:_identify(src) by extension 'python_setup_py'
[1.334s] Level 1:colcon.colcon_core.package_identification:_identify(src/csv_data) by extensions ['ignore', 'ignore_ament_install']
[1.334s] Level 1:colcon.colcon_core.package_identification:_identify(src/csv_data) by extension 'ignore'
[1.335s] Level 1:colcon.colcon_core.package_identification:_identify(src/csv_data) by extension 'ignore_ament_install'
[1.335s] Level 1:colcon.colcon_core.package_identification:_identify(src/csv_data) by extensions ['colcon_pkg']
[1.335s] Level 1:colcon.colcon_core.package_identification:_identify(src/csv_data) by extension 'colcon_pkg'
[1.335s] Level 1:colcon.colcon_core.package_identification:_identify(src/csv_data) by extensions ['colcon_meta']
[1.335s] Level 1:colcon.colcon_core.package_identification:_identify(src/csv_data) by extension 'colcon_meta'
[1.335s] Level 1:colcon.colcon_core.package_identification:_identify(src/csv_data) by extensions ['ros']
[1.335s] Level 1:colcon.colcon_core.package_identification:_identify(src/csv_data) by extension 'ros'
[1.336s] Level 1:colcon.colcon_core.package_identification:_identify(src/csv_data) by extensions ['cmake', 'python']
[1.336s] Level 1:colcon.colcon_core.package_identification:_identify(src/csv_data) by extension 'cmake'
[1.336s] Level 1:colcon.colcon_core.package_identification:_identify(src/csv_data) by extension 'python'
[1.336s] Level 1:colcon.colcon_core.package_identification:_identify(src/csv_data) by extensions ['python_setup_py']
[1.336s] Level 1:colcon.colcon_core.package_identification:_identify(src/csv_data) by extension 'python_setup_py'
[1.337s] Level 1:colcon.colcon_core.package_identification:_identify(src/f1tenth_gym_ros) by extensions ['ignore', 'ignore_ament_install']
[1.337s] Level 1:colcon.colcon_core.package_identification:_identify(src/f1tenth_gym_ros) by extension 'ignore'
[1.338s] Level 1:colcon.colcon_core.package_identification:_identify(src/f1tenth_gym_ros) by extension 'ignore_ament_install'
[1.338s] Level 1:colcon.colcon_core.package_identification:_identify(src/f1tenth_gym_ros) by extensions ['colcon_pkg']
[1.338s] Level 1:colcon.colcon_core.package_identification:_identify(src/f1tenth_gym_ros) by extension 'colcon_pkg'
[1.338s] Level 1:colcon.colcon_core.package_identification:_identify(src/f1tenth_gym_ros) by extensions ['colcon_meta']
[1.338s] Level 1:colcon.colcon_core.package_identification:_identify(src/f1tenth_gym_ros) by extension 'colcon_meta'
[1.338s] Level 1:colcon.colcon_core.package_identification:_identify(src/f1tenth_gym_ros) by extensions ['ros']
[1.338s] Level 1:colcon.colcon_core.package_identification:_identify(src/f1tenth_gym_ros) by extension 'ros'
[1.344s] DEBUG:colcon.colcon_core.package_identification:Package 'src/f1tenth_gym_ros' with type 'ros.ament_python' and name 'f1tenth_gym_ros'
[1.345s] Level 1:colcon.colcon_core.package_identification:_identify(src/lab-5-slam-and-pure-pursuit-team-6) by extensions ['ignore', 'ignore_ament_install']
[1.345s] Level 1:colcon.colcon_core.package_identification:_identify(src/lab-5-slam-and-pure-pursuit-team-6) by extension 'ignore'
[1.345s] Level 1:colcon.colcon_core.package_identification:_identify(src/lab-5-slam-and-pure-pursuit-team-6) by extension 'ignore_ament_install'
[1.345s] Level 1:colcon.colcon_core.package_identification:_identify(src/lab-5-slam-and-pure-pursuit-team-6) by extensions ['colcon_pkg']
[1.345s] Level 1:colcon.colcon_core.package_identification:_identify(src/lab-5-slam-and-pure-pursuit-team-6) by extension 'colcon_pkg'
[1.346s] Level 1:colcon.colcon_core.package_identification:_identify(src/lab-5-slam-and-pure-pursuit-team-6) by extensions ['colcon_meta']
[1.346s] Level 1:colcon.colcon_core.package_identification:_identify(src/lab-5-slam-and-pure-pursuit-team-6) by extension 'colcon_meta'
[1.346s] Level 1:colcon.colcon_core.package_identification:_identify(src/lab-5-slam-and-pure-pursuit-team-6) by extensions ['ros']
[1.346s] Level 1:colcon.colcon_core.package_identification:_identify(src/lab-5-slam-and-pure-pursuit-team-6) by extension 'ros'
[1.346s] Level 1:colcon.colcon_core.package_identification:_identify(src/lab-5-slam-and-pure-pursuit-team-6) by extensions ['cmake', 'python']
[1.346s] Level 1:colcon.colcon_core.package_identification:_identify(src/lab-5-slam-and-pure-pursuit-team-6) by extension 'cmake'
[1.346s] Level 1:colcon.colcon_core.package_identification:_identify(src/lab-5-slam-and-pure-pursuit-team-6) by extension 'python'
[1.347s] Level 1:colcon.colcon_core.package_identification:_identify(src/lab-5-slam-and-pure-pursuit-team-6) by extensions ['python_setup_py']
[1.347s] Level 1:colcon.colcon_core.package_identification:_identify(src/lab-5-slam-and-pure-pursuit-team-6) by extension 'python_setup_py'
[1.348s] Level 1:colcon.colcon_core.package_identification:_identify(src/lab-5-slam-and-pure-pursuit-team-6/map) by extensions ['ignore', 'ignore_ament_install']
[1.348s] Level 1:colcon.colcon_core.package_identification:_identify(src/lab-5-slam-and-pure-pursuit-team-6/map) by extension 'ignore'
[1.348s] Level 1:colcon.colcon_core.package_identification:_identify(src/lab-5-slam-and-pure-pursuit-team-6/map) by extension 'ignore_ament_install'
[1.348s] Level 1:colcon.colcon_core.package_identification:_identify(src/lab-5-slam-and-pure-pursuit-team-6/map) by extensions ['colcon_pkg']
[1.348s] Level 1:colcon.colcon_core.package_identification:_identify(src/lab-5-slam-and-pure-pursuit-team-6/map) by extension 'colcon_pkg'
[1.348s] Level 1:colcon.colcon_core.package_identification:_identify(src/lab-5-slam-and-pure-pursuit-team-6/map) by extensions ['colcon_meta']
[1.349s] Level 1:colcon.colcon_core.package_identification:_identify(src/lab-5-slam-and-pure-pursuit-team-6/map) by extension 'colcon_meta'
[1.349s] Level 1:colcon.colcon_core.package_identification:_identify(src/lab-5-slam-and-pure-pursuit-team-6/map) by extensions ['ros']
[1.349s] Level 1:colcon.colcon_core.package_identification:_identify(src/lab-5-slam-and-pure-pursuit-team-6/map) by extension 'ros'
[1.349s] Level 1:colcon.colcon_core.package_identification:_identify(src/lab-5-slam-and-pure-pursuit-team-6/map) by extensions ['cmake', 'python']
[1.349s] Level 1:colcon.colcon_core.package_identification:_identify(src/lab-5-slam-and-pure-pursuit-team-6/map) by extension 'cmake'
[1.349s] Level 1:colcon.colcon_core.package_identification:_identify(src/lab-5-slam-and-pure-pursuit-team-6/map) by extension 'python'
[1.350s] Level 1:colcon.colcon_core.package_identification:_identify(src/lab-5-slam-and-pure-pursuit-team-6/map) by extensions ['python_setup_py']
[1.350s] Level 1:colcon.colcon_core.package_identification:_identify(src/lab-5-slam-and-pure-pursuit-team-6/map) by extension 'python_setup_py'
[1.350s] Level 1:colcon.colcon_core.package_identification:_identify(src/lab-5-slam-and-pure-pursuit-team-6/pure_pursuit) by extensions ['ignore', 'ignore_ament_install']
[1.350s] Level 1:colcon.colcon_core.package_identification:_identify(src/lab-5-slam-and-pure-pursuit-team-6/pure_pursuit) by extension 'ignore'
[1.351s] Level 1:colcon.colcon_core.package_identification:_identify(src/lab-5-slam-and-pure-pursuit-team-6/pure_pursuit) by extension 'ignore_ament_install'
[1.351s] Level 1:colcon.colcon_core.package_identification:_identify(src/lab-5-slam-and-pure-pursuit-team-6/pure_pursuit) by extensions ['colcon_pkg']
[1.351s] Level 1:colcon.colcon_core.package_identification:_identify(src/lab-5-slam-and-pure-pursuit-team-6/pure_pursuit) by extension 'colcon_pkg'
[1.351s] Level 1:colcon.colcon_core.package_identification:_identify(src/lab-5-slam-and-pure-pursuit-team-6/pure_pursuit) by extensions ['colcon_meta']
[1.352s] Level 1:colcon.colcon_core.package_identification:_identify(src/lab-5-slam-and-pure-pursuit-team-6/pure_pursuit) by extension 'colcon_meta'
[1.352s] Level 1:colcon.colcon_core.package_identification:_identify(src/lab-5-slam-and-pure-pursuit-team-6/pure_pursuit) by extensions ['ros']
[1.352s] Level 1:colcon.colcon_core.package_identification:_identify(src/lab-5-slam-and-pure-pursuit-team-6/pure_pursuit) by extension 'ros'
[1.355s] DEBUG:colcon.colcon_core.package_identification:Package 'src/lab-5-slam-and-pure-pursuit-team-6/pure_pursuit' with type 'ros.ament_cmake' and name 'pure_pursuit'
[1.355s] Level 1:colcon.colcon_core.package_identification:_identify(src/lab-6-motion-planning-team-6) by extensions ['ignore', 'ignore_ament_install']
[1.356s] Level 1:colcon.colcon_core.package_identification:_identify(src/lab-6-motion-planning-team-6) by extension 'ignore'
[1.356s] Level 1:colcon.colcon_core.package_identification:_identify(src/lab-6-motion-planning-team-6) by extension 'ignore_ament_install'
[1.356s] Level 1:colcon.colcon_core.package_identification:_identify(src/lab-6-motion-planning-team-6) by extensions ['colcon_pkg']
[1.356s] Level 1:colcon.colcon_core.package_identification:_identify(src/lab-6-motion-planning-team-6) by extension 'colcon_pkg'
[1.356s] Level 1:colcon.colcon_core.package_identification:_identify(src/lab-6-motion-planning-team-6) by extensions ['colcon_meta']
[1.356s] Level 1:colcon.colcon_core.package_identification:_identify(src/lab-6-motion-planning-team-6) by extension 'colcon_meta'
[1.356s] Level 1:colcon.colcon_core.package_identification:_identify(src/lab-6-motion-planning-team-6) by extensions ['ros']
[1.357s] Level 1:colcon.colcon_core.package_identification:_identify(src/lab-6-motion-planning-team-6) by extension 'ros'
[1.357s] Level 1:colcon.colcon_core.package_identification:_identify(src/lab-6-motion-planning-team-6) by extensions ['cmake', 'python']
[1.357s] Level 1:colcon.colcon_core.package_identification:_identify(src/lab-6-motion-planning-team-6) by extension 'cmake'
[1.357s] Level 1:colcon.colcon_core.package_identification:_identify(src/lab-6-motion-planning-team-6) by extension 'python'
[1.357s] Level 1:colcon.colcon_core.package_identification:_identify(src/lab-6-motion-planning-team-6) by extensions ['python_setup_py']
[1.357s] Level 1:colcon.colcon_core.package_identification:_identify(src/lab-6-motion-planning-team-6) by extension 'python_setup_py'
[1.358s] Level 1:colcon.colcon_core.package_identification:_identify(src/lab-6-motion-planning-team-6/imgs) by extensions ['ignore', 'ignore_ament_install']
[1.359s] Level 1:colcon.colcon_core.package_identification:_identify(src/lab-6-motion-planning-team-6/imgs) by extension 'ignore'
[1.359s] Level 1:colcon.colcon_core.package_identification:_identify(src/lab-6-motion-planning-team-6/imgs) by extension 'ignore_ament_install'
[1.359s] Level 1:colcon.colcon_core.package_identification:_identify(src/lab-6-motion-planning-team-6/imgs) by extensions ['colcon_pkg']
[1.359s] Level 1:colcon.colcon_core.package_identification:_identify(src/lab-6-motion-planning-team-6/imgs) by extension 'colcon_pkg'
[1.359s] Level 1:colcon.colcon_core.package_identification:_identify(src/lab-6-motion-planning-team-6/imgs) by extensions ['colcon_meta']
[1.359s] Level 1:colcon.colcon_core.package_identification:_identify(src/lab-6-motion-planning-team-6/imgs) by extension 'colcon_meta'
[1.359s] Level 1:colcon.colcon_core.package_identification:_identify(src/lab-6-motion-planning-team-6/imgs) by extensions ['ros']
[1.359s] Level 1:colcon.colcon_core.package_identification:_identify(src/lab-6-motion-planning-team-6/imgs) by extension 'ros'
[1.360s] Level 1:colcon.colcon_core.package_identification:_identify(src/lab-6-motion-planning-team-6/imgs) by extensions ['cmake', 'python']
[1.360s] Level 1:colcon.colcon_core.package_identification:_identify(src/lab-6-motion-planning-team-6/imgs) by extension 'cmake'
[1.360s] Level 1:colcon.colcon_core.package_identification:_identify(src/lab-6-motion-planning-team-6/imgs) by extension 'python'
[1.360s] Level 1:colcon.colcon_core.package_identification:_identify(src/lab-6-motion-planning-team-6/imgs) by extensions ['python_setup_py']
[1.360s] Level 1:colcon.colcon_core.package_identification:_identify(src/lab-6-motion-planning-team-6/imgs) by extension 'python_setup_py'
[1.361s] Level 1:colcon.colcon_core.package_identification:_identify(src/lab-6-motion-planning-team-6/lab6_pkg) by extensions ['ignore', 'ignore_ament_install']
[1.362s] Level 1:colcon.colcon_core.package_identification:_identify(src/lab-6-motion-planning-team-6/lab6_pkg) by extension 'ignore'
[1.362s] Level 1:colcon.colcon_core.package_identification:_identify(src/lab-6-motion-planning-team-6/lab6_pkg) by extension 'ignore_ament_install'
[1.362s] Level 1:colcon.colcon_core.package_identification:_identify(src/lab-6-motion-planning-team-6/lab6_pkg) by extensions ['colcon_pkg']
[1.362s] Level 1:colcon.colcon_core.package_identification:_identify(src/lab-6-motion-planning-team-6/lab6_pkg) by extension 'colcon_pkg'
[1.362s] Level 1:colcon.colcon_core.package_identification:_identify(src/lab-6-motion-planning-team-6/lab6_pkg) by extensions ['colcon_meta']
[1.362s] Level 1:colcon.colcon_core.package_identification:_identify(src/lab-6-motion-planning-team-6/lab6_pkg) by extension 'colcon_meta'
[1.362s] Level 1:colcon.colcon_core.package_identification:_identify(src/lab-6-motion-planning-team-6/lab6_pkg) by extensions ['ros']
[1.363s] Level 1:colcon.colcon_core.package_identification:_identify(src/lab-6-motion-planning-team-6/lab6_pkg) by extension 'ros'
[1.366s] DEBUG:colcon.colcon_core.package_identification:Package 'src/lab-6-motion-planning-team-6/lab6_pkg' with type 'ros.ament_cmake' and name 'lab6_pkg'
[1.367s] Level 1:colcon.colcon_core.package_identification:_identify(src/lab-7-vision-lab-team-6) by extensions ['ignore', 'ignore_ament_install']
[1.367s] Level 1:colcon.colcon_core.package_identification:_identify(src/lab-7-vision-lab-team-6) by extension 'ignore'
[1.367s] Level 1:colcon.colcon_core.package_identification:_identify(src/lab-7-vision-lab-team-6) by extension 'ignore_ament_install'
[1.367s] Level 1:colcon.colcon_core.package_identification:_identify(src/lab-7-vision-lab-team-6) by extensions ['colcon_pkg']
[1.368s] Level 1:colcon.colcon_core.package_identification:_identify(src/lab-7-vision-lab-team-6) by extension 'colcon_pkg'
[1.368s] Level 1:colcon.colcon_core.package_identification:_identify(src/lab-7-vision-lab-team-6) by extensions ['colcon_meta']
[1.368s] Level 1:colcon.colcon_core.package_identification:_identify(src/lab-7-vision-lab-team-6) by extension 'colcon_meta'
[1.368s] Level 1:colcon.colcon_core.package_identification:_identify(src/lab-7-vision-lab-team-6) by extensions ['ros']
[1.368s] Level 1:colcon.colcon_core.package_identification:_identify(src/lab-7-vision-lab-team-6) by extension 'ros'
[1.368s] Level 1:colcon.colcon_core.package_identification:_identify(src/lab-7-vision-lab-team-6) by extensions ['cmake', 'python']
[1.369s] Level 1:colcon.colcon_core.package_identification:_identify(src/lab-7-vision-lab-team-6) by extension 'cmake'
[1.369s] Level 1:colcon.colcon_core.package_identification:_identify(src/lab-7-vision-lab-team-6) by extension 'python'
[1.369s] Level 1:colcon.colcon_core.package_identification:_identify(src/lab-7-vision-lab-team-6) by extensions ['python_setup_py']
[1.369s] Level 1:colcon.colcon_core.package_identification:_identify(src/lab-7-vision-lab-team-6) by extension 'python_setup_py'
[1.370s] Level 1:colcon.colcon_core.package_identification:_identify(src/lab-7-vision-lab-team-6/calibration) by extensions ['ignore', 'ignore_ament_install']
[1.370s] Level 1:colcon.colcon_core.package_identification:_identify(src/lab-7-vision-lab-team-6/calibration) by extension 'ignore'
[1.371s] Level 1:colcon.colcon_core.package_identification:_identify(src/lab-7-vision-lab-team-6/calibration) by extension 'ignore_ament_install'
[1.371s] Level 1:colcon.colcon_core.package_identification:_identify(src/lab-7-vision-lab-team-6/calibration) by extensions ['colcon_pkg']
[1.371s] Level 1:colcon.colcon_core.package_identification:_identify(src/lab-7-vision-lab-team-6/calibration) by extension 'colcon_pkg'
[1.371s] Level 1:colcon.colcon_core.package_identification:_identify(src/lab-7-vision-lab-team-6/calibration) by extensions ['colcon_meta']
[1.371s] Level 1:colcon.colcon_core.package_identification:_identify(src/lab-7-vision-lab-team-6/calibration) by extension 'colcon_meta'
[1.371s] Level 1:colcon.colcon_core.package_identification:_identify(src/lab-7-vision-lab-team-6/calibration) by extensions ['ros']
[1.371s] Level 1:colcon.colcon_core.package_identification:_identify(src/lab-7-vision-lab-team-6/calibration) by extension 'ros'
[1.372s] Level 1:colcon.colcon_core.package_identification:_identify(src/lab-7-vision-lab-team-6/calibration) by extensions ['cmake', 'python']
[1.372s] Level 1:colcon.colcon_core.package_identification:_identify(src/lab-7-vision-lab-team-6/calibration) by extension 'cmake'
[1.372s] Level 1:colcon.colcon_core.package_identification:_identify(src/lab-7-vision-lab-team-6/calibration) by extension 'python'
[1.372s] Level 1:colcon.colcon_core.package_identification:_identify(src/lab-7-vision-lab-team-6/calibration) by extensions ['python_setup_py']
[1.372s] Level 1:colcon.colcon_core.package_identification:_identify(src/lab-7-vision-lab-team-6/calibration) by extension 'python_setup_py'
[1.373s] Level 1:colcon.colcon_core.package_identification:_identify(src/lab-7-vision-lab-team-6/imgs) by extensions ['ignore', 'ignore_ament_install']
[1.373s] Level 1:colcon.colcon_core.package_identification:_identify(src/lab-7-vision-lab-team-6/imgs) by extension 'ignore'
[1.374s] Level 1:colcon.colcon_core.package_identification:_identify(src/lab-7-vision-lab-team-6/imgs) by extension 'ignore_ament_install'
[1.374s] Level 1:colcon.colcon_core.package_identification:_identify(src/lab-7-vision-lab-team-6/imgs) by extensions ['colcon_pkg']
[1.374s] Level 1:colcon.colcon_core.package_identification:_identify(src/lab-7-vision-lab-team-6/imgs) by extension 'colcon_pkg'
[1.374s] Level 1:colcon.colcon_core.package_identification:_identify(src/lab-7-vision-lab-team-6/imgs) by extensions ['colcon_meta']
[1.374s] Level 1:colcon.colcon_core.package_identification:_identify(src/lab-7-vision-lab-team-6/imgs) by extension 'colcon_meta'
[1.374s] Level 1:colcon.colcon_core.package_identification:_identify(src/lab-7-vision-lab-team-6/imgs) by extensions ['ros']
[1.374s] Level 1:colcon.colcon_core.package_identification:_identify(src/lab-7-vision-lab-team-6/imgs) by extension 'ros'
[1.374s] Level 1:colcon.colcon_core.package_identification:_identify(src/lab-7-vision-lab-team-6/imgs) by extensions ['cmake', 'python']
[1.375s] Level 1:colcon.colcon_core.package_identification:_identify(src/lab-7-vision-lab-team-6/imgs) by extension 'cmake'
[1.375s] Level 1:colcon.colcon_core.package_identification:_identify(src/lab-7-vision-lab-team-6/imgs) by extension 'python'
[1.375s] Level 1:colcon.colcon_core.package_identification:_identify(src/lab-7-vision-lab-team-6/imgs) by extensions ['python_setup_py']
[1.375s] Level 1:colcon.colcon_core.package_identification:_identify(src/lab-7-vision-lab-team-6/imgs) by extension 'python_setup_py'
[1.376s] Level 1:colcon.colcon_core.package_identification:_identify(src/lab-7-vision-lab-team-6/resource) by extensions ['ignore', 'ignore_ament_install']
[1.376s] Level 1:colcon.colcon_core.package_identification:_identify(src/lab-7-vision-lab-team-6/resource) by extension 'ignore'
[1.376s] Level 1:colcon.colcon_core.package_identification:_identify(src/lab-7-vision-lab-team-6/resource) by extension 'ignore_ament_install'
[1.376s] Level 1:colcon.colcon_core.package_identification:_identify(src/lab-7-vision-lab-team-6/resource) by extensions ['colcon_pkg']
[1.376s] Level 1:colcon.colcon_core.package_identification:_identify(src/lab-7-vision-lab-team-6/resource) by extension 'colcon_pkg'
[1.376s] Level 1:colcon.colcon_core.package_identification:_identify(src/lab-7-vision-lab-team-6/resource) by extensions ['colcon_meta']
[1.376s] Level 1:colcon.colcon_core.package_identification:_identify(src/lab-7-vision-lab-team-6/resource) by extension 'colcon_meta'
[1.377s] Level 1:colcon.colcon_core.package_identification:_identify(src/lab-7-vision-lab-team-6/resource) by extensions ['ros']
[1.377s] Level 1:colcon.colcon_core.package_identification:_identify(src/lab-7-vision-lab-team-6/resource) by extension 'ros'
[1.377s] Level 1:colcon.colcon_core.package_identification:_identify(src/lab-7-vision-lab-team-6/resource) by extensions ['cmake', 'python']
[1.377s] Level 1:colcon.colcon_core.package_identification:_identify(src/lab-7-vision-lab-team-6/resource) by extension 'cmake'
[1.377s] Level 1:colcon.colcon_core.package_identification:_identify(src/lab-7-vision-lab-team-6/resource) by extension 'python'
[1.377s] Level 1:colcon.colcon_core.package_identification:_identify(src/lab-7-vision-lab-team-6/resource) by extensions ['python_setup_py']
[1.377s] Level 1:colcon.colcon_core.package_identification:_identify(src/lab-7-vision-lab-team-6/resource) by extension 'python_setup_py'
[1.378s] Level 1:colcon.colcon_core.package_identification:_identify(src/lab-8-model-predictive-controlc-team-6) by extensions ['ignore', 'ignore_ament_install']
[1.378s] Level 1:colcon.colcon_core.package_identification:_identify(src/lab-8-model-predictive-controlc-team-6) by extension 'ignore'
[1.378s] Level 1:colcon.colcon_core.package_identification:_identify(src/lab-8-model-predictive-controlc-team-6) by extension 'ignore_ament_install'
[1.378s] Level 1:colcon.colcon_core.package_identification:_identify(src/lab-8-model-predictive-controlc-team-6) by extensions ['colcon_pkg']
[1.378s] Level 1:colcon.colcon_core.package_identification:_identify(src/lab-8-model-predictive-controlc-team-6) by extension 'colcon_pkg'
[1.378s] Level 1:colcon.colcon_core.package_identification:_identify(src/lab-8-model-predictive-controlc-team-6) by extensions ['colcon_meta']
[1.378s] Level 1:colcon.colcon_core.package_identification:_identify(src/lab-8-model-predictive-controlc-team-6) by extension 'colcon_meta'
[1.379s] Level 1:colcon.colcon_core.package_identification:_identify(src/lab-8-model-predictive-controlc-team-6) by extensions ['ros']
[1.379s] Level 1:colcon.colcon_core.package_identification:_identify(src/lab-8-model-predictive-controlc-team-6) by extension 'ros'
[1.379s] Level 1:colcon.colcon_core.package_identification:_identify(src/lab-8-model-predictive-controlc-team-6) by extensions ['cmake', 'python']
[1.379s] Level 1:colcon.colcon_core.package_identification:_identify(src/lab-8-model-predictive-controlc-team-6) by extension 'cmake'
[1.379s] Level 1:colcon.colcon_core.package_identification:_identify(src/lab-8-model-predictive-controlc-team-6) by extension 'python'
[1.379s] Level 1:colcon.colcon_core.package_identification:_identify(src/lab-8-model-predictive-controlc-team-6) by extensions ['python_setup_py']
[1.379s] Level 1:colcon.colcon_core.package_identification:_identify(src/lab-8-model-predictive-controlc-team-6) by extension 'python_setup_py'
[1.380s] Level 1:colcon.colcon_core.package_identification:_identify(src/lab-8-model-predictive-controlc-team-6/mpc) by extensions ['ignore', 'ignore_ament_install']
[1.380s] Level 1:colcon.colcon_core.package_identification:_identify(src/lab-8-model-predictive-controlc-team-6/mpc) by extension 'ignore'
[1.380s] Level 1:colcon.colcon_core.package_identification:_identify(src/lab-8-model-predictive-controlc-team-6/mpc) by extension 'ignore_ament_install'
[1.380s] Level 1:colcon.colcon_core.package_identification:_identify(src/lab-8-model-predictive-controlc-team-6/mpc) by extensions ['colcon_pkg']
[1.380s] Level 1:colcon.colcon_core.package_identification:_identify(src/lab-8-model-predictive-controlc-team-6/mpc) by extension 'colcon_pkg'
[1.380s] Level 1:colcon.colcon_core.package_identification:_identify(src/lab-8-model-predictive-controlc-team-6/mpc) by extensions ['colcon_meta']
[1.380s] Level 1:colcon.colcon_core.package_identification:_identify(src/lab-8-model-predictive-controlc-team-6/mpc) by extension 'colcon_meta'
[1.381s] Level 1:colcon.colcon_core.package_identification:_identify(src/lab-8-model-predictive-controlc-team-6/mpc) by extensions ['ros']
[1.381s] Level 1:colcon.colcon_core.package_identification:_identify(src/lab-8-model-predictive-controlc-team-6/mpc) by extension 'ros'
[1.383s] DEBUG:colcon.colcon_core.package_identification:Package 'src/lab-8-model-predictive-controlc-team-6/mpc' with type 'ros.ament_cmake' and name 'mpc'
[1.383s] Level 1:colcon.colcon_core.package_discovery:discover_packages(recursive) using defaults
[1.383s] Level 1:colcon.colcon_core.package_discovery:discover_packages(ignore) discover
[1.383s] Level 1:colcon.colcon_core.package_discovery:discover_packages(ignore) using defaults
[1.384s] Level 1:colcon.colcon_core.package_discovery:discover_packages(path) discover
[1.384s] Level 1:colcon.colcon_core.package_discovery:discover_packages(path) using defaults
[1.430s] Level 5:colcon.colcon_core.verb:set package 'f1tenth_gym_ros' build argument 'cmake_args' from command line to 'None'
[1.430s] Level 5:colcon.colcon_core.verb:set package 'f1tenth_gym_ros' build argument 'cmake_target' from command line to 'None'
[1.430s] Level 5:colcon.colcon_core.verb:set package 'f1tenth_gym_ros' build argument 'cmake_target_skip_unavailable' from command line to 'False'
[1.430s] Level 5:colcon.colcon_core.verb:set package 'f1tenth_gym_ros' build argument 'cmake_clean_cache' from command line to 'False'
[1.430s] Level 5:colcon.colcon_core.verb:set package 'f1tenth_gym_ros' build argument 'cmake_clean_first' from command line to 'False'
[1.430s] Level 5:colcon.colcon_core.verb:set package 'f1tenth_gym_ros' build argument 'cmake_force_configure' from command line to 'False'
[1.431s] Level 5:colcon.colcon_core.verb:set package 'f1tenth_gym_ros' build argument 'ament_cmake_args' from command line to 'None'
[1.431s] Level 5:colcon.colcon_core.verb:set package 'f1tenth_gym_ros' build argument 'catkin_cmake_args' from command line to 'None'
[1.431s] Level 5:colcon.colcon_core.verb:set package 'f1tenth_gym_ros' build argument 'catkin_skip_building_tests' from command line to 'False'
[1.431s] DEBUG:colcon.colcon_core.verb:Building package 'f1tenth_gym_ros' with the following arguments: {'ament_cmake_args': None, 'build_base': '/home/lionelliu/sim_ws/build/f1tenth_gym_ros', 'catkin_cmake_args': None, 'catkin_skip_building_tests': False, 'cmake_args': None, 'cmake_clean_cache': False, 'cmake_clean_first': False, 'cmake_force_configure': False, 'cmake_target': None, 'cmake_target_skip_unavailable': False, 'install_base': '/home/lionelliu/sim_ws/install/f1tenth_gym_ros', 'merge_install': False, 'path': '/home/lionelliu/sim_ws/src/f1tenth_gym_ros', 'symlink_install': False, 'test_result_base': None}
[1.431s] Level 5:colcon.colcon_core.verb:set package 'lab6_pkg' build argument 'cmake_args' from command line to 'None'
[1.431s] Level 5:colcon.colcon_core.verb:set package 'lab6_pkg' build argument 'cmake_target' from command line to 'None'
[1.432s] Level 5:colcon.colcon_core.verb:set package 'lab6_pkg' build argument 'cmake_target_skip_unavailable' from command line to 'False'
[1.432s] Level 5:colcon.colcon_core.verb:set package 'lab6_pkg' build argument 'cmake_clean_cache' from command line to 'False'
[1.432s] Level 5:colcon.colcon_core.verb:set package 'lab6_pkg' build argument 'cmake_clean_first' from command line to 'False'
[1.432s] Level 5:colcon.colcon_core.verb:set package 'lab6_pkg' build argument 'cmake_force_configure' from command line to 'False'
[1.432s] Level 5:colcon.colcon_core.verb:set package 'lab6_pkg' build argument 'ament_cmake_args' from command line to 'None'
[1.432s] Level 5:colcon.colcon_core.verb:set package 'lab6_pkg' build argument 'catkin_cmake_args' from command line to 'None'
[1.432s] Level 5:colcon.colcon_core.verb:set package 'lab6_pkg' build argument 'catkin_skip_building_tests' from command line to 'False'
[1.433s] DEBUG:colcon.colcon_core.verb:Building package 'lab6_pkg' with the following arguments: {'ament_cmake_args': None, 'build_base': '/home/lionelliu/sim_ws/build/lab6_pkg', 'catkin_cmake_args': None, 'catkin_skip_building_tests': False, 'cmake_args': None, 'cmake_clean_cache': False, 'cmake_clean_first': False, 'cmake_force_configure': False, 'cmake_target': None, 'cmake_target_skip_unavailable': False, 'install_base': '/home/lionelliu/sim_ws/install/lab6_pkg', 'merge_install': False, 'path': '/home/lionelliu/sim_ws/src/lab-6-motion-planning-team-6/lab6_pkg', 'symlink_install': False, 'test_result_base': None}
[1.433s] Level 5:colcon.colcon_core.verb:set package 'mpc' build argument 'cmake_args' from command line to 'None'
[1.433s] Level 5:colcon.colcon_core.verb:set package 'mpc' build argument 'cmake_target' from command line to 'None'
[1.433s] Level 5:colcon.colcon_core.verb:set package 'mpc' build argument 'cmake_target_skip_unavailable' from command line to 'False'
[1.433s] Level 5:colcon.colcon_core.verb:set package 'mpc' build argument 'cmake_clean_cache' from command line to 'False'
[1.434s] Level 5:colcon.colcon_core.verb:set package 'mpc' build argument 'cmake_clean_first' from command line to 'False'
[1.434s] Level 5:colcon.colcon_core.verb:set package 'mpc' build argument 'cmake_force_configure' from command line to 'False'
[1.434s] Level 5:colcon.colcon_core.verb:set package 'mpc' build argument 'ament_cmake_args' from command line to 'None'
[1.434s] Level 5:colcon.colcon_core.verb:set package 'mpc' build argument 'catkin_cmake_args' from command line to 'None'
[1.434s] Level 5:colcon.colcon_core.verb:set package 'mpc' build argument 'catkin_skip_building_tests' from command line to 'False'
[1.434s] DEBUG:colcon.colcon_core.verb:Building package 'mpc' with the following arguments: {'ament_cmake_args': None, 'build_base': '/home/lionelliu/sim_ws/build/mpc', 'catkin_cmake_args': None, 'catkin_skip_building_tests': False, 'cmake_args': None, 'cmake_clean_cache': False, 'cmake_clean_first': False, 'cmake_force_configure': False, 'cmake_target': None, 'cmake_target_skip_unavailable': False, 'install_base': '/home/lionelliu/sim_ws/install/mpc', 'merge_install': False, 'path': '/home/lionelliu/sim_ws/src/lab-8-model-predictive-controlc-team-6/mpc', 'symlink_install': False, 'test_result_base': None}
[1.435s] Level 5:colcon.colcon_core.verb:set package 'pure_pursuit' build argument 'cmake_args' from command line to 'None'
[1.435s] Level 5:colcon.colcon_core.verb:set package 'pure_pursuit' build argument 'cmake_target' from command line to 'None'
[1.435s] Level 5:colcon.colcon_core.verb:set package 'pure_pursuit' build argument 'cmake_target_skip_unavailable' from command line to 'False'
[1.435s] Level 5:colcon.colcon_core.verb:set package 'pure_pursuit' build argument 'cmake_clean_cache' from command line to 'False'
[1.435s] Level 5:colcon.colcon_core.verb:set package 'pure_pursuit' build argument 'cmake_clean_first' from command line to 'False'
[1.436s] Level 5:colcon.colcon_core.verb:set package 'pure_pursuit' build argument 'cmake_force_configure' from command line to 'False'
[1.436s] Level 5:colcon.colcon_core.verb:set package 'pure_pursuit' build argument 'ament_cmake_args' from command line to 'None'
[1.436s] Level 5:colcon.colcon_core.verb:set package 'pure_pursuit' build argument 'catkin_cmake_args' from command line to 'None'
[1.436s] Level 5:colcon.colcon_core.verb:set package 'pure_pursuit' build argument 'catkin_skip_building_tests' from command line to 'False'
[1.436s] DEBUG:colcon.colcon_core.verb:Building package 'pure_pursuit' with the following arguments: {'ament_cmake_args': None, 'build_base': '/home/lionelliu/sim_ws/build/pure_pursuit', 'catkin_cmake_args': None, 'catkin_skip_building_tests': False, 'cmake_args': None, 'cmake_clean_cache': False, 'cmake_clean_first': False, 'cmake_force_configure': False, 'cmake_target': None, 'cmake_target_skip_unavailable': False, 'install_base': '/home/lionelliu/sim_ws/install/pure_pursuit', 'merge_install': False, 'path': '/home/lionelliu/sim_ws/src/lab-5-slam-and-pure-pursuit-team-6/pure_pursuit', 'symlink_install': False, 'test_result_base': None}
[1.436s] INFO:colcon.colcon_core.executor:Executing jobs using 'parallel' executor
[1.437s] DEBUG:colcon.colcon_parallel_executor.executor.parallel:run_until_complete
[1.438s] INFO:colcon.colcon_ros.task.ament_python.build:Building ROS package in '/home/lionelliu/sim_ws/src/f1tenth_gym_ros' with build type 'ament_python'
[1.438s] Level 1:colcon.colcon_core.shell:create_environment_hook('f1tenth_gym_ros', 'ament_prefix_path')
[1.455s] INFO:colcon.colcon_core.plugin_system:Skipping extension 'colcon_core.shell.bat': Not used on non-Windows systems
[1.456s] INFO:colcon.colcon_core.shell:Creating environment hook '/home/lionelliu/sim_ws/install/f1tenth_gym_ros/share/f1tenth_gym_ros/hook/ament_prefix_path.ps1'
[1.459s] INFO:colcon.colcon_core.shell:Creating environment descriptor '/home/lionelliu/sim_ws/install/f1tenth_gym_ros/share/f1tenth_gym_ros/hook/ament_prefix_path.dsv'
[1.461s] INFO:colcon.colcon_core.shell:Creating environment hook '/home/lionelliu/sim_ws/install/f1tenth_gym_ros/share/f1tenth_gym_ros/hook/ament_prefix_path.sh'
[1.463s] INFO:colcon.colcon_core.shell:Skip shell extension 'powershell' for command environment: Not usable outside of PowerShell
[1.463s] DEBUG:colcon.colcon_core.shell:Skip shell extension 'dsv' for command environment
[1.499s] INFO:colcon.colcon_ros.task.ament_cmake.build:Building ROS package in '/home/lionelliu/sim_ws/src/lab-6-motion-planning-team-6/lab6_pkg' with build type 'ament_cmake'
[1.500s] INFO:colcon.colcon_cmake.task.cmake.build:Building CMake package in '/home/lionelliu/sim_ws/src/lab-6-motion-planning-team-6/lab6_pkg'
[1.500s] INFO:colcon.colcon_core.shell:Skip shell extension 'powershell' for command environment: Not usable outside of PowerShell
[1.501s] DEBUG:colcon.colcon_core.shell:Skip shell extension 'dsv' for command environment
[1.862s] INFO:colcon.colcon_core.task.python.build:Building Python package in '/home/lionelliu/sim_ws/src/f1tenth_gym_ros'
[1.863s] INFO:colcon.colcon_core.shell:Skip shell extension 'powershell' for command environment: Not usable outside of PowerShell
[1.863s] DEBUG:colcon.colcon_core.shell:Skip shell extension 'dsv' for command environment
[1.900s] DEBUG:colcon.colcon_core.event_handler.log_command:Invoking command in '/home/lionelliu/sim_ws/build/lab6_pkg': CMAKE_PREFIX_PATH=${CMAKE_PREFIX_PATH}:/home/lionelliu/sim_ws/install/f1tenth_gym_ros:/opt/ros/foxy /usr/bin/cmake --build /home/lionelliu/sim_ws/build/lab6_pkg -- -j2 -l2
[2.478s] DEBUG:colcon.colcon_core.event_handler.log_command:Invoked command in '/home/lionelliu/sim_ws/build/lab6_pkg' returned '0': CMAKE_PREFIX_PATH=${CMAKE_PREFIX_PATH}:/home/lionelliu/sim_ws/install/f1tenth_gym_ros:/opt/ros/foxy /usr/bin/cmake --build /home/lionelliu/sim_ws/build/lab6_pkg -- -j2 -l2
[2.570s] DEBUG:colcon.colcon_core.event_handler.log_command:Invoking command in '/home/lionelliu/sim_ws/build/lab6_pkg': CMAKE_PREFIX_PATH=${CMAKE_PREFIX_PATH}:/home/lionelliu/sim_ws/install/f1tenth_gym_ros:/opt/ros/foxy /usr/bin/cmake --install /home/lionelliu/sim_ws/build/lab6_pkg
[2.642s] Level 1:colcon.colcon_core.environment:create_environment_scripts_only(lab6_pkg)
[2.647s] DEBUG:colcon.colcon_core.event_handler.log_command:Invoked command in '/home/lionelliu/sim_ws/build/lab6_pkg' returned '0': CMAKE_PREFIX_PATH=${CMAKE_PREFIX_PATH}:/home/lionelliu/sim_ws/install/f1tenth_gym_ros:/opt/ros/foxy /usr/bin/cmake --install /home/lionelliu/sim_ws/build/lab6_pkg
[2.655s] Level 1:colcon.colcon_core.environment:checking '/home/lionelliu/sim_ws/install/lab6_pkg' for CMake module files
[2.656s] Level 1:colcon.colcon_core.environment:checking '/home/lionelliu/sim_ws/install/lab6_pkg' for CMake config files
[2.656s] Level 1:colcon.colcon_core.shell:create_environment_hook('lab6_pkg', 'cmake_prefix_path')
[2.657s] INFO:colcon.colcon_core.shell:Creating environment hook '/home/lionelliu/sim_ws/install/lab6_pkg/share/lab6_pkg/hook/cmake_prefix_path.ps1'
[2.658s] INFO:colcon.colcon_core.shell:Creating environment descriptor '/home/lionelliu/sim_ws/install/lab6_pkg/share/lab6_pkg/hook/cmake_prefix_path.dsv'
[2.658s] INFO:colcon.colcon_core.shell:Creating environment hook '/home/lionelliu/sim_ws/install/lab6_pkg/share/lab6_pkg/hook/cmake_prefix_path.sh'
[2.659s] Level 1:colcon.colcon_core.environment:checking '/home/lionelliu/sim_ws/install/lab6_pkg/lib'
[2.659s] Level 1:colcon.colcon_core.environment:checking '/home/lionelliu/sim_ws/install/lab6_pkg/bin'
[2.659s] Level 1:colcon.colcon_core.environment:checking '/home/lionelliu/sim_ws/install/lab6_pkg/lib/pkgconfig/lab6_pkg.pc'
[2.660s] Level 1:colcon.colcon_core.environment:checking '/home/lionelliu/sim_ws/install/lab6_pkg/lib/python3.8/site-packages'
[2.660s] Level 1:colcon.colcon_core.shell:create_environment_hook('lab6_pkg', 'pythonpath')
[2.660s] INFO:colcon.colcon_core.shell:Creating environment hook '/home/lionelliu/sim_ws/install/lab6_pkg/share/lab6_pkg/hook/pythonpath.ps1'
[2.661s] INFO:colcon.colcon_core.shell:Creating environment descriptor '/home/lionelliu/sim_ws/install/lab6_pkg/share/lab6_pkg/hook/pythonpath.dsv'
[2.661s] INFO:colcon.colcon_core.shell:Creating environment hook '/home/lionelliu/sim_ws/install/lab6_pkg/share/lab6_pkg/hook/pythonpath.sh'
[2.662s] Level 1:colcon.colcon_core.environment:checking '/home/lionelliu/sim_ws/install/lab6_pkg/bin'
[2.662s] INFO:colcon.colcon_core.shell:Creating package script '/home/lionelliu/sim_ws/install/lab6_pkg/share/lab6_pkg/package.ps1'
[2.664s] INFO:colcon.colcon_core.shell:Creating package descriptor '/home/lionelliu/sim_ws/install/lab6_pkg/share/lab6_pkg/package.dsv'
[2.665s] INFO:colcon.colcon_core.shell:Creating package script '/home/lionelliu/sim_ws/install/lab6_pkg/share/lab6_pkg/package.sh'
[2.666s] INFO:colcon.colcon_core.shell:Creating package script '/home/lionelliu/sim_ws/install/lab6_pkg/share/lab6_pkg/package.bash'
[2.668s] INFO:colcon.colcon_core.shell:Creating package script '/home/lionelliu/sim_ws/install/lab6_pkg/share/lab6_pkg/package.zsh'
[2.669s] Level 1:colcon.colcon_core.environment:create_file_with_runtime_dependencies(/home/lionelliu/sim_ws/install/lab6_pkg/share/colcon-core/packages/lab6_pkg)
[2.745s] Level 1:colcon.colcon_core.environment:create_environment_scripts_only(lab6_pkg)
[2.745s] Level 1:colcon.colcon_core.environment:checking '/home/lionelliu/sim_ws/install/lab6_pkg' for CMake module files
[2.746s] Level 1:colcon.colcon_core.environment:checking '/home/lionelliu/sim_ws/install/lab6_pkg' for CMake config files
[2.746s] Level 1:colcon.colcon_core.shell:create_environment_hook('lab6_pkg', 'cmake_prefix_path')
[2.747s] INFO:colcon.colcon_core.shell:Creating environment hook '/home/lionelliu/sim_ws/install/lab6_pkg/share/lab6_pkg/hook/cmake_prefix_path.ps1'
[2.748s] INFO:colcon.colcon_core.shell:Creating environment descriptor '/home/lionelliu/sim_ws/install/lab6_pkg/share/lab6_pkg/hook/cmake_prefix_path.dsv'
[2.748s] INFO:colcon.colcon_core.shell:Creating environment hook '/home/lionelliu/sim_ws/install/lab6_pkg/share/lab6_pkg/hook/cmake_prefix_path.sh'
[2.749s] Level 1:colcon.colcon_core.environment:checking '/home/lionelliu/sim_ws/install/lab6_pkg/lib'
[2.749s] Level 1:colcon.colcon_core.environment:checking '/home/lionelliu/sim_ws/install/lab6_pkg/bin'
[2.749s] Level 1:colcon.colcon_core.environment:checking '/home/lionelliu/sim_ws/install/lab6_pkg/lib/pkgconfig/lab6_pkg.pc'
[2.750s] Level 1:colcon.colcon_core.environment:checking '/home/lionelliu/sim_ws/install/lab6_pkg/lib/python3.8/site-packages'
[2.750s] Level 1:colcon.colcon_core.shell:create_environment_hook('lab6_pkg', 'pythonpath')
[2.750s] INFO:colcon.colcon_core.shell:Creating environment hook '/home/lionelliu/sim_ws/install/lab6_pkg/share/lab6_pkg/hook/pythonpath.ps1'
[2.751s] INFO:colcon.colcon_core.shell:Creating environment descriptor '/home/lionelliu/sim_ws/install/lab6_pkg/share/lab6_pkg/hook/pythonpath.dsv'
[2.751s] INFO:colcon.colcon_core.shell:Creating environment hook '/home/lionelliu/sim_ws/install/lab6_pkg/share/lab6_pkg/hook/pythonpath.sh'
[2.752s] Level 1:colcon.colcon_core.environment:checking '/home/lionelliu/sim_ws/install/lab6_pkg/bin'
[2.752s] INFO:colcon.colcon_core.shell:Creating package script '/home/lionelliu/sim_ws/install/lab6_pkg/share/lab6_pkg/package.ps1'
[2.753s] INFO:colcon.colcon_core.shell:Creating package descriptor '/home/lionelliu/sim_ws/install/lab6_pkg/share/lab6_pkg/package.dsv'
[2.753s] INFO:colcon.colcon_core.shell:Creating package script '/home/lionelliu/sim_ws/install/lab6_pkg/share/lab6_pkg/package.sh'
[2.754s] INFO:colcon.colcon_core.shell:Creating package script '/home/lionelliu/sim_ws/install/lab6_pkg/share/lab6_pkg/package.bash'
[2.755s] INFO:colcon.colcon_core.shell:Creating package script '/home/lionelliu/sim_ws/install/lab6_pkg/share/lab6_pkg/package.zsh'
[2.755s] Level 1:colcon.colcon_core.environment:create_file_with_runtime_dependencies(/home/lionelliu/sim_ws/install/lab6_pkg/share/colcon-core/packages/lab6_pkg)
[2.756s] INFO:colcon.colcon_ros.task.ament_cmake.build:Building ROS package in '/home/lionelliu/sim_ws/src/lab-8-model-predictive-controlc-team-6/mpc' with build type 'ament_cmake'
[2.756s] INFO:colcon.colcon_cmake.task.cmake.build:Building CMake package in '/home/lionelliu/sim_ws/src/lab-8-model-predictive-controlc-team-6/mpc'
[2.756s] INFO:colcon.colcon_core.shell:Skip shell extension 'powershell' for command environment: Not usable outside of PowerShell
[2.756s] DEBUG:colcon.colcon_core.shell:Skip shell extension 'dsv' for command environment
[2.784s] DEBUG:colcon.colcon_core.event_handler.log_command:Invoking command in '/home/lionelliu/sim_ws/build/mpc': CMAKE_PREFIX_PATH=${CMAKE_PREFIX_PATH}:/home/lionelliu/sim_ws/install/f1tenth_gym_ros:/opt/ros/foxy /usr/bin/cmake --build /home/lionelliu/sim_ws/build/mpc -- -j2 -l2
[2.825s] DEBUG:colcon.colcon_core.event_handler.log_command:Invoking command in '/home/lionelliu/sim_ws/src/f1tenth_gym_ros': PYTHONPATH=/home/lionelliu/sim_ws/build/f1tenth_gym_ros/prefix_override:/home/lionelliu/sim_ws/install/f1tenth_gym_ros/lib/python3.8/site-packages:${PYTHONPATH} /usr/bin/python3 -W ignore:setup.py install is deprecated setup.py egg_info --egg-base ../../build/f1tenth_gym_ros build --build-base /home/lionelliu/sim_ws/build/f1tenth_gym_ros/build install --record /home/lionelliu/sim_ws/build/f1tenth_gym_ros/install.log --install-scripts $base/lib/f1tenth_gym_ros --single-version-externally-managed install_data
[2.945s] DEBUG:colcon.colcon_core.event_handler.log_command:Invoked command in '/home/lionelliu/sim_ws/build/mpc' returned '0': CMAKE_PREFIX_PATH=${CMAKE_PREFIX_PATH}:/home/lionelliu/sim_ws/install/f1tenth_gym_ros:/opt/ros/foxy /usr/bin/cmake --build /home/lionelliu/sim_ws/build/mpc -- -j2 -l2
[2.996s] DEBUG:colcon.colcon_core.event_handler.log_command:Invoking command in '/home/lionelliu/sim_ws/build/mpc': CMAKE_PREFIX_PATH=${CMAKE_PREFIX_PATH}:/home/lionelliu/sim_ws/install/f1tenth_gym_ros:/opt/ros/foxy /usr/bin/cmake --install /home/lionelliu/sim_ws/build/mpc
[3.079s] Level 1:colcon.colcon_core.environment:create_environment_scripts_only(mpc)
[3.080s] Level 1:colcon.colcon_core.environment:checking '/home/lionelliu/sim_ws/install/mpc' for CMake module files
[3.081s] Level 1:colcon.colcon_core.environment:checking '/home/lionelliu/sim_ws/install/mpc' for CMake config files
[3.082s] DEBUG:colcon.colcon_core.event_handler.log_command:Invoked command in '/home/lionelliu/sim_ws/build/mpc' returned '0': CMAKE_PREFIX_PATH=${CMAKE_PREFIX_PATH}:/home/lionelliu/sim_ws/install/f1tenth_gym_ros:/opt/ros/foxy /usr/bin/cmake --install /home/lionelliu/sim_ws/build/mpc
[3.083s] Level 1:colcon.colcon_core.shell:create_environment_hook('mpc', 'cmake_prefix_path')
[3.083s] INFO:colcon.colcon_core.shell:Creating environment hook '/home/lionelliu/sim_ws/install/mpc/share/mpc/hook/cmake_prefix_path.ps1'
[3.084s] INFO:colcon.colcon_core.shell:Creating environment descriptor '/home/lionelliu/sim_ws/install/mpc/share/mpc/hook/cmake_prefix_path.dsv'
[3.085s] INFO:colcon.colcon_core.shell:Creating environment hook '/home/lionelliu/sim_ws/install/mpc/share/mpc/hook/cmake_prefix_path.sh'
[3.085s] Level 1:colcon.colcon_core.environment:checking '/home/lionelliu/sim_ws/install/mpc/lib'
[3.086s] Level 1:colcon.colcon_core.environment:checking '/home/lionelliu/sim_ws/install/mpc/bin'
[3.086s] Level 1:colcon.colcon_core.environment:checking '/home/lionelliu/sim_ws/install/mpc/lib/pkgconfig/mpc.pc'
[3.086s] Level 1:colcon.colcon_core.environment:checking '/home/lionelliu/sim_ws/install/mpc/lib/python3.8/site-packages'
[3.086s] Level 1:colcon.colcon_core.shell:create_environment_hook('mpc', 'pythonpath')
[3.086s] INFO:colcon.colcon_core.shell:Creating environment hook '/home/lionelliu/sim_ws/install/mpc/share/mpc/hook/pythonpath.ps1'
[3.087s] INFO:colcon.colcon_core.shell:Creating environment descriptor '/home/lionelliu/sim_ws/install/mpc/share/mpc/hook/pythonpath.dsv'
[3.087s] INFO:colcon.colcon_core.shell:Creating environment hook '/home/lionelliu/sim_ws/install/mpc/share/mpc/hook/pythonpath.sh'
[3.088s] Level 1:colcon.colcon_core.environment:checking '/home/lionelliu/sim_ws/install/mpc/bin'
[3.088s] INFO:colcon.colcon_core.shell:Creating package script '/home/lionelliu/sim_ws/install/mpc/share/mpc/package.ps1'
[3.092s] INFO:colcon.colcon_core.shell:Creating package descriptor '/home/lionelliu/sim_ws/install/mpc/share/mpc/package.dsv'
[3.092s] INFO:colcon.colcon_core.shell:Creating package script '/home/lionelliu/sim_ws/install/mpc/share/mpc/package.sh'
[3.093s] INFO:colcon.colcon_core.shell:Creating package script '/home/lionelliu/sim_ws/install/mpc/share/mpc/package.bash'
[3.093s] INFO:colcon.colcon_core.shell:Creating package script '/home/lionelliu/sim_ws/install/mpc/share/mpc/package.zsh'
[3.094s] Level 1:colcon.colcon_core.environment:create_file_with_runtime_dependencies(/home/lionelliu/sim_ws/install/mpc/share/colcon-core/packages/mpc)
[3.150s] Level 1:colcon.colcon_core.environment:create_environment_scripts_only(mpc)
[3.151s] Level 1:colcon.colcon_core.environment:checking '/home/lionelliu/sim_ws/install/mpc' for CMake module files
[3.151s] Level 1:colcon.colcon_core.environment:checking '/home/lionelliu/sim_ws/install/mpc' for CMake config files
[3.152s] Level 1:colcon.colcon_core.shell:create_environment_hook('mpc', 'cmake_prefix_path')
[3.152s] INFO:colcon.colcon_core.shell:Creating environment hook '/home/lionelliu/sim_ws/install/mpc/share/mpc/hook/cmake_prefix_path.ps1'
[3.153s] INFO:colcon.colcon_core.shell:Creating environment descriptor '/home/lionelliu/sim_ws/install/mpc/share/mpc/hook/cmake_prefix_path.dsv'
[3.153s] INFO:colcon.colcon_core.shell:Creating environment hook '/home/lionelliu/sim_ws/install/mpc/share/mpc/hook/cmake_prefix_path.sh'
[3.154s] Level 1:colcon.colcon_core.environment:checking '/home/lionelliu/sim_ws/install/mpc/lib'
[3.154s] Level 1:colcon.colcon_core.environment:checking '/home/lionelliu/sim_ws/install/mpc/bin'
[3.154s] Level 1:colcon.colcon_core.environment:checking '/home/lionelliu/sim_ws/install/mpc/lib/pkgconfig/mpc.pc'
[3.155s] Level 1:colcon.colcon_core.environment:checking '/home/lionelliu/sim_ws/install/mpc/lib/python3.8/site-packages'
[3.155s] Level 1:colcon.colcon_core.shell:create_environment_hook('mpc', 'pythonpath')
[3.155s] INFO:colcon.colcon_core.shell:Creating environment hook '/home/lionelliu/sim_ws/install/mpc/share/mpc/hook/pythonpath.ps1'
[3.155s] INFO:colcon.colcon_core.shell:Creating environment descriptor '/home/lionelliu/sim_ws/install/mpc/share/mpc/hook/pythonpath.dsv'
[3.156s] INFO:colcon.colcon_core.shell:Creating environment hook '/home/lionelliu/sim_ws/install/mpc/share/mpc/hook/pythonpath.sh'
[3.157s] Level 1:colcon.colcon_core.environment:checking '/home/lionelliu/sim_ws/install/mpc/bin'
[3.158s] INFO:colcon.colcon_core.shell:Creating package script '/home/lionelliu/sim_ws/install/mpc/share/mpc/package.ps1'
[3.159s] INFO:colcon.colcon_core.shell:Creating package descriptor '/home/lionelliu/sim_ws/install/mpc/share/mpc/package.dsv'
[3.159s] INFO:colcon.colcon_core.shell:Creating package script '/home/lionelliu/sim_ws/install/mpc/share/mpc/package.sh'
[3.160s] INFO:colcon.colcon_core.shell:Creating package script '/home/lionelliu/sim_ws/install/mpc/share/mpc/package.bash'
[3.161s] INFO:colcon.colcon_core.shell:Creating package script '/home/lionelliu/sim_ws/install/mpc/share/mpc/package.zsh'
[3.162s] Level 1:colcon.colcon_core.environment:create_file_with_runtime_dependencies(/home/lionelliu/sim_ws/install/mpc/share/colcon-core/packages/mpc)
[3.164s] INFO:colcon.colcon_ros.task.ament_cmake.build:Building ROS package in '/home/lionelliu/sim_ws/src/lab-5-slam-and-pure-pursuit-team-6/pure_pursuit' with build type 'ament_cmake'
[3.165s] INFO:colcon.colcon_cmake.task.cmake.build:Building CMake package in '/home/lionelliu/sim_ws/src/lab-5-slam-and-pure-pursuit-team-6/pure_pursuit'
[3.166s] INFO:colcon.colcon_core.shell:Skip shell extension 'powershell' for command environment: Not usable outside of PowerShell
[3.166s] DEBUG:colcon.colcon_core.shell:Skip shell extension 'dsv' for command environment
[3.197s] DEBUG:colcon.colcon_core.event_handler.log_command:Invoking command in '/home/lionelliu/sim_ws/build/pure_pursuit': CMAKE_PREFIX_PATH=${CMAKE_PREFIX_PATH}:/home/lionelliu/sim_ws/install/f1tenth_gym_ros:/opt/ros/foxy /usr/bin/cmake --build /home/lionelliu/sim_ws/build/pure_pursuit -- -j2 -l2
[3.232s] Level 1:colcon.colcon_core.environment:checking '/home/lionelliu/sim_ws/install/f1tenth_gym_ros' for CMake module files
[3.233s] DEBUG:colcon.colcon_core.event_handler.log_command:Invoked command in '/home/lionelliu/sim_ws/src/f1tenth_gym_ros' returned '0': PYTHONPATH=/home/lionelliu/sim_ws/build/f1tenth_gym_ros/prefix_override:/home/lionelliu/sim_ws/install/f1tenth_gym_ros/lib/python3.8/site-packages:${PYTHONPATH} /usr/bin/python3 -W ignore:setup.py install is deprecated setup.py egg_info --egg-base ../../build/f1tenth_gym_ros build --build-base /home/lionelliu/sim_ws/build/f1tenth_gym_ros/build install --record /home/lionelliu/sim_ws/build/f1tenth_gym_ros/install.log --install-scripts $base/lib/f1tenth_gym_ros --single-version-externally-managed install_data
[3.234s] Level 1:colcon.colcon_core.environment:checking '/home/lionelliu/sim_ws/install/f1tenth_gym_ros' for CMake config files
[3.237s] Level 1:colcon.colcon_core.environment:checking '/home/lionelliu/sim_ws/install/f1tenth_gym_ros/lib'
[3.237s] Level 1:colcon.colcon_core.environment:checking '/home/lionelliu/sim_ws/install/f1tenth_gym_ros/bin'
[3.237s] Level 1:colcon.colcon_core.environment:checking '/home/lionelliu/sim_ws/install/f1tenth_gym_ros/lib/pkgconfig/f1tenth_gym_ros.pc'
[3.237s] Level 1:colcon.colcon_core.environment:checking '/home/lionelliu/sim_ws/install/f1tenth_gym_ros/lib/python3.8/site-packages'
[3.237s] Level 1:colcon.colcon_core.shell:create_environment_hook('f1tenth_gym_ros', 'pythonpath')
[3.238s] INFO:colcon.colcon_core.shell:Creating environment hook '/home/lionelliu/sim_ws/install/f1tenth_gym_ros/share/f1tenth_gym_ros/hook/pythonpath.ps1'
[3.238s] INFO:colcon.colcon_core.shell:Creating environment descriptor '/home/lionelliu/sim_ws/install/f1tenth_gym_ros/share/f1tenth_gym_ros/hook/pythonpath.dsv'
[3.239s] INFO:colcon.colcon_core.shell:Creating environment hook '/home/lionelliu/sim_ws/install/f1tenth_gym_ros/share/f1tenth_gym_ros/hook/pythonpath.sh'
[3.240s] Level 1:colcon.colcon_core.environment:checking '/home/lionelliu/sim_ws/install/f1tenth_gym_ros/bin'
[3.240s] Level 1:colcon.colcon_core.environment:create_environment_scripts_only(f1tenth_gym_ros)
[3.241s] INFO:colcon.colcon_core.shell:Creating package script '/home/lionelliu/sim_ws/install/f1tenth_gym_ros/share/f1tenth_gym_ros/package.ps1'
[3.242s] INFO:colcon.colcon_core.shell:Creating package descriptor '/home/lionelliu/sim_ws/install/f1tenth_gym_ros/share/f1tenth_gym_ros/package.dsv'
[3.242s] INFO:colcon.colcon_core.shell:Creating package script '/home/lionelliu/sim_ws/install/f1tenth_gym_ros/share/f1tenth_gym_ros/package.sh'
[3.243s] INFO:colcon.colcon_core.shell:Creating package script '/home/lionelliu/sim_ws/install/f1tenth_gym_ros/share/f1tenth_gym_ros/package.bash'
[3.244s] INFO:colcon.colcon_core.shell:Creating package script '/home/lionelliu/sim_ws/install/f1tenth_gym_ros/share/f1tenth_gym_ros/package.zsh'
[3.245s] Level 1:colcon.colcon_core.environment:create_file_with_runtime_dependencies(/home/lionelliu/sim_ws/install/f1tenth_gym_ros/share/colcon-core/packages/f1tenth_gym_ros)
[3.385s] DEBUG:colcon.colcon_core.event_handler.log_command:Invoked command in '/home/lionelliu/sim_ws/build/pure_pursuit' returned '0': CMAKE_PREFIX_PATH=${CMAKE_PREFIX_PATH}:/home/lionelliu/sim_ws/install/f1tenth_gym_ros:/opt/ros/foxy /usr/bin/cmake --build /home/lionelliu/sim_ws/build/pure_pursuit -- -j2 -l2
[3.436s] DEBUG:colcon.colcon_core.event_handler.log_command:Invoking command in '/home/lionelliu/sim_ws/build/pure_pursuit': CMAKE_PREFIX_PATH=${CMAKE_PREFIX_PATH}:/home/lionelliu/sim_ws/install/f1tenth_gym_ros:/opt/ros/foxy /usr/bin/cmake --install /home/lionelliu/sim_ws/build/pure_pursuit
[3.506s] Level 1:colcon.colcon_core.environment:create_environment_scripts_only(pure_pursuit)
[3.507s] Level 1:colcon.colcon_core.environment:checking '/home/lionelliu/sim_ws/install/pure_pursuit' for CMake module files
[3.508s] Level 1:colcon.colcon_core.environment:checking '/home/lionelliu/sim_ws/install/pure_pursuit' for CMake config files
[3.510s] Level 1:colcon.colcon_core.shell:create_environment_hook('pure_pursuit', 'cmake_prefix_path')
[3.510s] INFO:colcon.colcon_core.shell:Creating environment hook '/home/lionelliu/sim_ws/install/pure_pursuit/share/pure_pursuit/hook/cmake_prefix_path.ps1'
[3.512s] INFO:colcon.colcon_core.shell:Creating environment descriptor '/home/lionelliu/sim_ws/install/pure_pursuit/share/pure_pursuit/hook/cmake_prefix_path.dsv'
[3.512s] DEBUG:colcon.colcon_core.event_handler.log_command:Invoked command in '/home/lionelliu/sim_ws/build/pure_pursuit' returned '0': CMAKE_PREFIX_PATH=${CMAKE_PREFIX_PATH}:/home/lionelliu/sim_ws/install/f1tenth_gym_ros:/opt/ros/foxy /usr/bin/cmake --install /home/lionelliu/sim_ws/build/pure_pursuit
[3.513s] INFO:colcon.colcon_core.shell:Creating environment hook '/home/lionelliu/sim_ws/install/pure_pursuit/share/pure_pursuit/hook/cmake_prefix_path.sh'
[3.514s] Level 1:colcon.colcon_core.environment:checking '/home/lionelliu/sim_ws/install/pure_pursuit/lib'
[3.514s] Level 1:colcon.colcon_core.environment:checking '/home/lionelliu/sim_ws/install/pure_pursuit/bin'
[3.514s] Level 1:colcon.colcon_core.environment:checking '/home/lionelliu/sim_ws/install/pure_pursuit/lib/pkgconfig/pure_pursuit.pc'
[3.514s] Level 1:colcon.colcon_core.environment:checking '/home/lionelliu/sim_ws/install/pure_pursuit/lib/python3.8/site-packages'
[3.514s] Level 1:colcon.colcon_core.shell:create_environment_hook('pure_pursuit', 'pythonpath')
[3.515s] INFO:colcon.colcon_core.shell:Creating environment hook '/home/lionelliu/sim_ws/install/pure_pursuit/share/pure_pursuit/hook/pythonpath.ps1'
[3.515s] INFO:colcon.colcon_core.shell:Creating environment descriptor '/home/lionelliu/sim_ws/install/pure_pursuit/share/pure_pursuit/hook/pythonpath.dsv'
[3.516s] INFO:colcon.colcon_core.shell:Creating environment hook '/home/lionelliu/sim_ws/install/pure_pursuit/share/pure_pursuit/hook/pythonpath.sh'
[3.516s] Level 1:colcon.colcon_core.environment:checking '/home/lionelliu/sim_ws/install/pure_pursuit/bin'
[3.517s] INFO:colcon.colcon_core.shell:Creating package script '/home/lionelliu/sim_ws/install/pure_pursuit/share/pure_pursuit/package.ps1'
[3.518s] INFO:colcon.colcon_core.shell:Creating package descriptor '/home/lionelliu/sim_ws/install/pure_pursuit/share/pure_pursuit/package.dsv'
[3.518s] INFO:colcon.colcon_core.shell:Creating package script '/home/lionelliu/sim_ws/install/pure_pursuit/share/pure_pursuit/package.sh'
[3.519s] INFO:colcon.colcon_core.shell:Creating package script '/home/lionelliu/sim_ws/install/pure_pursuit/share/pure_pursuit/package.bash'
[3.519s] INFO:colcon.colcon_core.shell:Creating package script '/home/lionelliu/sim_ws/install/pure_pursuit/share/pure_pursuit/package.zsh'
[3.520s] Level 1:colcon.colcon_core.environment:create_file_with_runtime_dependencies(/home/lionelliu/sim_ws/install/pure_pursuit/share/colcon-core/packages/pure_pursuit)
[3.559s] Level 1:colcon.colcon_core.environment:create_environment_scripts_only(pure_pursuit)
[3.560s] Level 1:colcon.colcon_core.environment:checking '/home/lionelliu/sim_ws/install/pure_pursuit' for CMake module files
[3.560s] Level 1:colcon.colcon_core.environment:checking '/home/lionelliu/sim_ws/install/pure_pursuit' for CMake config files
[3.561s] Level 1:colcon.colcon_core.shell:create_environment_hook('pure_pursuit', 'cmake_prefix_path')
[3.561s] INFO:colcon.colcon_core.shell:Creating environment hook '/home/lionelliu/sim_ws/install/pure_pursuit/share/pure_pursuit/hook/cmake_prefix_path.ps1'
[3.562s] INFO:colcon.colcon_core.shell:Creating environment descriptor '/home/lionelliu/sim_ws/install/pure_pursuit/share/pure_pursuit/hook/cmake_prefix_path.dsv'
[3.563s] INFO:colcon.colcon_core.shell:Creating environment hook '/home/lionelliu/sim_ws/install/pure_pursuit/share/pure_pursuit/hook/cmake_prefix_path.sh'
[3.563s] Level 1:colcon.colcon_core.environment:checking '/home/lionelliu/sim_ws/install/pure_pursuit/lib'
[3.564s] Level 1:colcon.colcon_core.environment:checking '/home/lionelliu/sim_ws/install/pure_pursuit/bin'
[3.564s] Level 1:colcon.colcon_core.environment:checking '/home/lionelliu/sim_ws/install/pure_pursuit/lib/pkgconfig/pure_pursuit.pc'
[3.564s] Level 1:colcon.colcon_core.environment:checking '/home/lionelliu/sim_ws/install/pure_pursuit/lib/python3.8/site-packages'
[3.564s] Level 1:colcon.colcon_core.shell:create_environment_hook('pure_pursuit', 'pythonpath')
[3.564s] INFO:colcon.colcon_core.shell:Creating environment hook '/home/lionelliu/sim_ws/install/pure_pursuit/share/pure_pursuit/hook/pythonpath.ps1'
[3.565s] INFO:colcon.colcon_core.shell:Creating environment descriptor '/home/lionelliu/sim_ws/install/pure_pursuit/share/pure_pursuit/hook/pythonpath.dsv'
[3.566s] INFO:colcon.colcon_core.shell:Creating environment hook '/home/lionelliu/sim_ws/install/pure_pursuit/share/pure_pursuit/hook/pythonpath.sh'
[3.567s] Level 1:colcon.colcon_core.environment:checking '/home/lionelliu/sim_ws/install/pure_pursuit/bin'
[3.567s] INFO:colcon.colcon_core.shell:Creating package script '/home/lionelliu/sim_ws/install/pure_pursuit/share/pure_pursuit/package.ps1'
[3.568s] INFO:colcon.colcon_core.shell:Creating package descriptor '/home/lionelliu/sim_ws/install/pure_pursuit/share/pure_pursuit/package.dsv'
[3.569s] INFO:colcon.colcon_core.shell:Creating package script '/home/lionelliu/sim_ws/install/pure_pursuit/share/pure_pursuit/package.sh'
[3.570s] INFO:colcon.colcon_core.shell:Creating package script '/home/lionelliu/sim_ws/install/pure_pursuit/share/pure_pursuit/package.bash'
[3.571s] INFO:colcon.colcon_core.shell:Creating package script '/home/lionelliu/sim_ws/install/pure_pursuit/share/pure_pursuit/package.zsh'
[3.571s] Level 1:colcon.colcon_core.environment:create_file_with_runtime_dependencies(/home/lionelliu/sim_ws/install/pure_pursuit/share/colcon-core/packages/pure_pursuit)
[3.572s] DEBUG:colcon.colcon_parallel_executor.executor.parallel:closing loop
[3.574s] DEBUG:colcon.colcon_parallel_executor.executor.parallel:loop closed
[3.574s] DEBUG:colcon.colcon_parallel_executor.executor.parallel:run_until_complete finished with '0'
[3.574s] DEBUG:colcon.colcon_core.event_reactor:joining thread
[3.607s] INFO:colcon.colcon_core.plugin_system:Skipping extension 'colcon_notification.desktop_notification.terminal_notifier': Not used on non-Darwin systems
[3.607s] INFO:colcon.colcon_core.plugin_system:Skipping extension 'colcon_notification.desktop_notification.win32': Not used on non-Windows systems
[3.607s] INFO:colcon.colcon_notification.desktop_notification:Sending desktop notification using 'notify2'
[3.643s] DEBUG:colcon.colcon_core.event_reactor:joined thread
[3.643s] INFO:colcon.colcon_core.shell:Creating prefix script '/home/lionelliu/sim_ws/install/local_setup.ps1'
[3.645s] INFO:colcon.colcon_core.shell:Creating prefix util module '/home/lionelliu/sim_ws/install/_local_setup_util_ps1.py'
[3.647s] INFO:colcon.colcon_core.shell:Creating prefix chain script '/home/lionelliu/sim_ws/install/setup.ps1'
[3.649s] INFO:colcon.colcon_core.shell:Creating prefix script '/home/lionelliu/sim_ws/install/local_setup.sh'
[3.651s] INFO:colcon.colcon_core.shell:Creating prefix util module '/home/lionelliu/sim_ws/install/_local_setup_util_sh.py'
[3.652s] INFO:colcon.colcon_core.shell:Creating prefix chain script '/home/lionelliu/sim_ws/install/setup.sh'
[3.654s] INFO:colcon.colcon_core.shell:Creating prefix script '/home/lionelliu/sim_ws/install/local_setup.bash'
[3.655s] INFO:colcon.colcon_core.shell:Creating prefix chain script '/home/lionelliu/sim_ws/install/setup.bash'
[3.657s] INFO:colcon.colcon_core.shell:Creating prefix script '/home/lionelliu/sim_ws/install/local_setup.zsh'
[3.658s] INFO:colcon.colcon_core.shell:Creating prefix chain script '/home/lionelliu/sim_ws/install/setup.zsh'
