[2.812s] Invoking command in '/home/lionelliu/sim_ws/src/f1tenth_gym_ros': PYTHONPATH=/home/lionelliu/sim_ws/build/f1tenth_gym_ros/prefix_override:/home/lionelliu/sim_ws/install/f1tenth_gym_ros/lib/python3.8/site-packages:${PYTHONPATH} /usr/bin/python3 -W ignore:setup.py install is deprecated setup.py egg_info --egg-base ../../build/f1tenth_gym_ros build --build-base /home/lionelliu/sim_ws/build/f1tenth_gym_ros/build install --record /home/lionelliu/sim_ws/build/f1tenth_gym_ros/install.log --install-scripts $base/lib/f1tenth_gym_ros --single-version-externally-managed install_data
[3.624s] running egg_info
[3.626s] creating ../../build/f1tenth_gym_ros/f1tenth_gym_ros.egg-info
[3.627s] writing ../../build/f1tenth_gym_ros/f1tenth_gym_ros.egg-info/PKG-INFO
[3.629s] writing dependency_links to ../../build/f1tenth_gym_ros/f1tenth_gym_ros.egg-info/dependency_links.txt
[3.634s] writing entry points to ../../build/f1tenth_gym_ros/f1tenth_gym_ros.egg-info/entry_points.txt
[3.635s] writing requirements to ../../build/f1tenth_gym_ros/f1tenth_gym_ros.egg-info/requires.txt
[3.635s] writing top-level names to ../../build/f1tenth_gym_ros/f1tenth_gym_ros.egg-info/top_level.txt
[3.642s] writing manifest file '../../build/f1tenth_gym_ros/f1tenth_gym_ros.egg-info/SOURCES.txt'
[3.740s] reading manifest file '../../build/f1tenth_gym_ros/f1tenth_gym_ros.egg-info/SOURCES.txt'
[3.749s] writing manifest file '../../build/f1tenth_gym_ros/f1tenth_gym_ros.egg-info/SOURCES.txt'
[3.750s] running build
[3.750s] running build_py
[3.750s] creating /home/lionelliu/sim_ws/build/f1tenth_gym_ros/build
[3.759s] creating /home/lionelliu/sim_ws/build/f1tenth_gym_ros/build/lib
[3.761s] creating /home/lionelliu/sim_ws/build/f1tenth_gym_ros/build/lib/f1tenth_gym_ros
[3.761s] copying f1tenth_gym_ros/gym_bridge.py -> /home/lionelliu/sim_ws/build/f1tenth_gym_ros/build/lib/f1tenth_gym_ros
[3.762s] copying f1tenth_gym_ros/__init__.py -> /home/lionelliu/sim_ws/build/f1tenth_gym_ros/build/lib/f1tenth_gym_ros
[3.762s] running install
[3.763s] running install_lib
[3.767s] creating /home/lionelliu/sim_ws/install/f1tenth_gym_ros/lib/python3.8/site-packages/f1tenth_gym_ros
[3.767s] copying /home/lionelliu/sim_ws/build/f1tenth_gym_ros/build/lib/f1tenth_gym_ros/gym_bridge.py -> /home/lionelliu/sim_ws/install/f1tenth_gym_ros/lib/python3.8/site-packages/f1tenth_gym_ros
[3.768s] copying /home/lionelliu/sim_ws/build/f1tenth_gym_ros/build/lib/f1tenth_gym_ros/__init__.py -> /home/lionelliu/sim_ws/install/f1tenth_gym_ros/lib/python3.8/site-packages/f1tenth_gym_ros
[3.783s] byte-compiling /home/lionelliu/sim_ws/install/f1tenth_gym_ros/lib/python3.8/site-packages/f1tenth_gym_ros/gym_bridge.py to gym_bridge.cpython-38.pyc
[3.812s] byte-compiling /home/lionelliu/sim_ws/install/f1tenth_gym_ros/lib/python3.8/site-packages/f1tenth_gym_ros/__init__.py to __init__.cpython-38.pyc
[3.819s] running install_data
[3.819s] creating /home/lionelliu/sim_ws/install/f1tenth_gym_ros/share/ament_index
[3.820s] creating /home/lionelliu/sim_ws/install/f1tenth_gym_ros/share/ament_index/resource_index
[3.820s] creating /home/lionelliu/sim_ws/install/f1tenth_gym_ros/share/ament_index/resource_index/packages
[3.820s] copying resource/f1tenth_gym_ros -> /home/lionelliu/sim_ws/install/f1tenth_gym_ros/share/ament_index/resource_index/packages
[3.822s] copying package.xml -> /home/lionelliu/sim_ws/install/f1tenth_gym_ros/share/f1tenth_gym_ros
[3.822s] creating /home/lionelliu/sim_ws/install/f1tenth_gym_ros/share/f1tenth_gym_ros/launch
[3.822s] copying launch/gym_bridge_launch.py -> /home/lionelliu/sim_ws/install/f1tenth_gym_ros/share/f1tenth_gym_ros/launch
[3.823s] copying launch/opp_racecar.xacro -> /home/lionelliu/sim_ws/install/f1tenth_gym_ros/share/f1tenth_gym_ros/launch
[3.827s] copying launch/ego_racecar.xacro -> /home/lionelliu/sim_ws/install/f1tenth_gym_ros/share/f1tenth_gym_ros/launch
[3.831s] copying launch/gym_bridge.rviz -> /home/lionelliu/sim_ws/install/f1tenth_gym_ros/share/f1tenth_gym_ros/launch
[3.833s] creating /home/lionelliu/sim_ws/install/f1tenth_gym_ros/share/f1tenth_gym_ros/config
[3.834s] copying config/sim.yaml -> /home/lionelliu/sim_ws/install/f1tenth_gym_ros/share/f1tenth_gym_ros/config
[3.835s] running install_egg_info
[3.848s] Copying ../../build/f1tenth_gym_ros/f1tenth_gym_ros.egg-info to /home/lionelliu/sim_ws/install/f1tenth_gym_ros/lib/python3.8/site-packages/f1tenth_gym_ros-0.0.0-py3.8.egg-info
[3.850s] running install_scripts
[3.917s] Installing gym_bridge script to /home/lionelliu/sim_ws/install/f1tenth_gym_ros/lib/f1tenth_gym_ros
[3.919s] writing list of installed files to '/home/lionelliu/sim_ws/build/f1tenth_gym_ros/install.log'
[4.019s] Invoked command in '/home/lionelliu/sim_ws/src/f1tenth_gym_ros' returned '0': PYTHONPATH=/home/lionelliu/sim_ws/build/f1tenth_gym_ros/prefix_override:/home/lionelliu/sim_ws/install/f1tenth_gym_ros/lib/python3.8/site-packages:${PYTHONPATH} /usr/bin/python3 -W ignore:setup.py install is deprecated setup.py egg_info --egg-base ../../build/f1tenth_gym_ros build --build-base /home/lionelliu/sim_ws/build/f1tenth_gym_ros/build install --record /home/lionelliu/sim_ws/build/f1tenth_gym_ros/install.log --install-scripts $base/lib/f1tenth_gym_ros --single-version-externally-managed install_data
