[0.052s] Invoking command in '/home/lionelliu/sim_ws/build/mpc': CMAKE_PREFIX_PATH=${CMAKE_PREFIX_PATH}:/home/lionelliu/sim_ws/install/f1tenth_gym_ros:/opt/ros/foxy /usr/bin/cmake --build /home/lionelliu/sim_ws/build/mpc -- -j2 -l2
[0.283s] [100%] Built target mpc_node
[0.333s] Invoked command in '/home/lionelliu/sim_ws/build/mpc' returned '0': CMAKE_PREFIX_PATH=${CMAKE_PREFIX_PATH}:/home/lionelliu/sim_ws/install/f1tenth_gym_ros:/opt/ros/foxy /usr/bin/cmake --build /home/lionelliu/sim_ws/build/mpc -- -j2 -l2
[0.475s] Invoking command in '/home/lionelliu/sim_ws/build/mpc': CMAKE_PREFIX_PATH=${CMAKE_PREFIX_PATH}:/home/lionelliu/sim_ws/install/f1tenth_gym_ros:/opt/ros/foxy /usr/bin/cmake --install /home/lionelliu/sim_ws/build/mpc
[0.505s] -- Install configuration: ""
[0.511s] -- Up-to-date: /home/lionelliu/sim_ws/install/mpc/lib/mpc/mpc_node
[0.513s] -- Up-to-date: /home/lionelliu/sim_ws/install/mpc/share/mpc/environment/pythonpath.sh
[0.515s] -- Up-to-date: /home/lionelliu/sim_ws/install/mpc/share/mpc/environment/pythonpath.dsv
[0.516s] -- Up-to-date: /home/lionelliu/sim_ws/install/mpc/lib/python3.8/site-packages/mpc
[0.520s] -- Up-to-date: /home/lionelliu/sim_ws/install/mpc/lib/python3.8/site-packages/mpc/__init__.py
[0.615s] Listing '/home/lionelliu/sim_ws/install/mpc/lib/python3.8/site-packages/mpc'...
[0.624s] -- Installing: /home/lionelliu/sim_ws/install/mpc/lib/mpc/mpc_node.py
[0.624s] -- Up-to-date: /home/lionelliu/sim_ws/install/mpc/lib/mpc/utils.py
[0.629s] -- Up-to-date: /home/lionelliu/sim_ws/install/mpc/share/ament_index/resource_index/package_run_dependencies/mpc
[0.629s] -- Up-to-date: /home/lionelliu/sim_ws/install/mpc/share/ament_index/resource_index/parent_prefix_path/mpc
[0.630s] -- Up-to-date: /home/lionelliu/sim_ws/install/mpc/share/mpc/environment/ament_prefix_path.sh
[0.630s] -- Up-to-date: /home/lionelliu/sim_ws/install/mpc/share/mpc/environment/ament_prefix_path.dsv
[0.631s] -- Up-to-date: /home/lionelliu/sim_ws/install/mpc/share/mpc/environment/path.sh
[0.634s] -- Up-to-date: /home/lionelliu/sim_ws/install/mpc/share/mpc/environment/path.dsv
[0.635s] -- Up-to-date: /home/lionelliu/sim_ws/install/mpc/share/mpc/local_setup.bash
[0.639s] -- Up-to-date: /home/lionelliu/sim_ws/install/mpc/share/mpc/local_setup.sh
[0.641s] -- Up-to-date: /home/lionelliu/sim_ws/install/mpc/share/mpc/local_setup.zsh
[0.643s] -- Up-to-date: /home/lionelliu/sim_ws/install/mpc/share/mpc/local_setup.dsv
[0.646s] -- Installing: /home/lionelliu/sim_ws/install/mpc/share/mpc/package.dsv
[0.647s] -- Up-to-date: /home/lionelliu/sim_ws/install/mpc/share/ament_index/resource_index/packages/mpc
[0.652s] -- Up-to-date: /home/lionelliu/sim_ws/install/mpc/share/mpc/cmake/mpcConfig.cmake
[0.656s] -- Up-to-date: /home/lionelliu/sim_ws/install/mpc/share/mpc/cmake/mpcConfig-version.cmake
[0.660s] -- Up-to-date: /home/lionelliu/sim_ws/install/mpc/share/mpc/package.xml
[0.660s] Invoked command in '/home/lionelliu/sim_ws/build/mpc' returned '0': CMAKE_PREFIX_PATH=${CMAKE_PREFIX_PATH}:/home/lionelliu/sim_ws/install/f1tenth_gym_ros:/opt/ros/foxy /usr/bin/cmake --install /home/lionelliu/sim_ws/build/mpc
