[1.800s] Invoking command in '/home/lionelliu/sim_ws/src/f1tenth_gym_ros': PYTHONPATH=/home/lionelliu/sim_ws/build/f1tenth_gym_ros/prefix_override:/home/lionelliu/sim_ws/install/f1tenth_gym_ros/lib/python3.8/site-packages:${PYTHONPATH} /usr/bin/python3 -W ignore:setup.py install is deprecated setup.py egg_info --egg-base ../../build/f1tenth_gym_ros build --build-base /home/lionelliu/sim_ws/build/f1tenth_gym_ros/build install --record /home/lionelliu/sim_ws/build/f1tenth_gym_ros/install.log --install-scripts $base/lib/f1tenth_gym_ros --single-version-externally-managed install_data
[2.316s] running egg_info
[2.318s] writing ../../build/f1tenth_gym_ros/f1tenth_gym_ros.egg-info/PKG-INFO
[2.318s] writing dependency_links to ../../build/f1tenth_gym_ros/f1tenth_gym_ros.egg-info/dependency_links.txt
[2.319s] writing entry points to ../../build/f1tenth_gym_ros/f1tenth_gym_ros.egg-info/entry_points.txt
[2.319s] writing requirements to ../../build/f1tenth_gym_ros/f1tenth_gym_ros.egg-info/requires.txt
[2.320s] writing top-level names to ../../build/f1tenth_gym_ros/f1tenth_gym_ros.egg-info/top_level.txt
[2.419s] reading manifest file '../../build/f1tenth_gym_ros/f1tenth_gym_ros.egg-info/SOURCES.txt'
[2.421s] writing manifest file '../../build/f1tenth_gym_ros/f1tenth_gym_ros.egg-info/SOURCES.txt'
[2.422s] running build
[2.422s] running build_py
[2.425s] running install
[2.426s] running install_lib
[2.434s] running install_data
[2.435s] running install_egg_info
[2.438s] removing '/home/lionelliu/sim_ws/install/f1tenth_gym_ros/lib/python3.8/site-packages/f1tenth_gym_ros-0.0.0-py3.8.egg-info' (and everything under it)
[2.438s] Copying ../../build/f1tenth_gym_ros/f1tenth_gym_ros.egg-info to /home/lionelliu/sim_ws/install/f1tenth_gym_ros/lib/python3.8/site-packages/f1tenth_gym_ros-0.0.0-py3.8.egg-info
[2.446s] running install_scripts
[2.489s] Installing gym_bridge script to /home/lionelliu/sim_ws/install/f1tenth_gym_ros/lib/f1tenth_gym_ros
[2.494s] writing list of installed files to '/home/lionelliu/sim_ws/build/f1tenth_gym_ros/install.log'
[2.630s] Invoked command in '/home/lionelliu/sim_ws/src/f1tenth_gym_ros' returned '0': PYTHONPATH=/home/lionelliu/sim_ws/build/f1tenth_gym_ros/prefix_override:/home/lionelliu/sim_ws/install/f1tenth_gym_ros/lib/python3.8/site-packages:${PYTHONPATH} /usr/bin/python3 -W ignore:setup.py install is deprecated setup.py egg_info --egg-base ../../build/f1tenth_gym_ros build --build-base /home/lionelliu/sim_ws/build/f1tenth_gym_ros/build install --record /home/lionelliu/sim_ws/build/f1tenth_gym_ros/install.log --install-scripts $base/lib/f1tenth_gym_ros --single-version-externally-managed install_data
