[0.969s] DEBUG:colcon:Command line arguments: ['/usr/local/bin/colcon', 'build']
[0.970s] DEBUG:colcon:Parsed command line arguments: Namespace(ament_cmake_args=None, base_paths=['.'], build_base='build', catkin_cmake_args=None, catkin_skip_building_tests=False, cmake_args=None, cmake_clean_cache=False, cmake_clean_first=False, cmake_force_configure=False, cmake_target=None, cmake_target_skip_unavailable=False, continue_on_error=False, event_handlers=None, executor='parallel', ignore_user_meta=False, install_base='install', log_base=None, log_level=None, main=<bound method BuildVerb.main of <colcon_core.verb.build.BuildVerb object at 0x7f7da4672100>>, merge_install=False, metas=['./colcon.meta'], packages_above=None, packages_above_and_dependencies=None, packages_above_depth=None, packages_end=None, packages_ignore=None, packages_ignore_regex=None, packages_select=None, packages_select_build_failed=False, packages_select_by_dep=None, packages_select_regex=None, packages_select_test_failures=False, packages_skip=None, packages_skip_build_finished=False, packages_skip_by_dep=None, packages_skip_regex=None, packages_skip_test_passed=False, packages_skip_up_to=None, packages_start=None, packages_up_to=None, packages_up_to_regex=None, parallel_workers=2, paths=None, symlink_install=False, test_result_base=None, verb_extension=<colcon_core.verb.build.BuildVerb object at 0x7f7da4672100>, verb_name='build', verb_parser=<colcon_defaults.argument_parser.defaults.DefaultArgumentsDecorator object at 0x7f7da45959d0>)
[1.289s] Level 1:colcon.colcon_core.package_discovery:discover_packages(colcon_meta) check parameters
[1.289s] Level 1:colcon.colcon_core.package_discovery:discover_packages(recursive) check parameters
[1.289s] Level 1:colcon.colcon_core.package_discovery:discover_packages(ignore) check parameters
[1.289s] Level 1:colcon.colcon_core.package_discovery:discover_packages(path) check parameters
[1.289s] Level 1:colcon.colcon_core.package_discovery:discover_packages(colcon_meta) discover
[1.290s] Level 1:colcon.colcon_core.package_discovery:discover_packages(recursive) discover
[1.290s] INFO:colcon.colcon_core.package_discovery:Crawling recursively for packages in '/home/lionelliu/sim_ws'
[1.290s] Level 1:colcon.colcon_core.package_identification:_identify(.) by extensions ['ignore', 'ignore_ament_install']
[1.290s] Level 1:colcon.colcon_core.package_identification:_identify(.) by extension 'ignore'
[1.290s] Level 1:colcon.colcon_core.package_identification:_identify(.) by extension 'ignore_ament_install'
[1.290s] Level 1:colcon.colcon_core.package_identification:_identify(.) by extensions ['colcon_pkg']
[1.290s] Level 1:colcon.colcon_core.package_identification:_identify(.) by extension 'colcon_pkg'
[1.290s] Level 1:colcon.colcon_core.package_identification:_identify(.) by extensions ['colcon_meta']
[1.290s] Level 1:colcon.colcon_core.package_identification:_identify(.) by extension 'colcon_meta'
[1.291s] Level 1:colcon.colcon_core.package_identification:_identify(.) by extensions ['ros']
[1.291s] Level 1:colcon.colcon_core.package_identification:_identify(.) by extension 'ros'
[1.315s] Level 1:colcon.colcon_core.package_identification:_identify(.) by extensions ['cmake', 'python']
[1.315s] Level 1:colcon.colcon_core.package_identification:_identify(.) by extension 'cmake'
[1.315s] Level 1:colcon.colcon_core.package_identification:_identify(.) by extension 'python'
[1.316s] Level 1:colcon.colcon_core.package_identification:_identify(.) by extensions ['python_setup_py']
[1.316s] Level 1:colcon.colcon_core.package_identification:_identify(.) by extension 'python_setup_py'
[1.316s] Level 1:colcon.colcon_core.package_identification:_identify(build) by extensions ['ignore', 'ignore_ament_install']
[1.316s] Level 1:colcon.colcon_core.package_identification:_identify(build) by extension 'ignore'
[1.316s] Level 1:colcon.colcon_core.package_identification:_identify(build) ignored
[1.317s] Level 1:colcon.colcon_core.package_identification:_identify(install) by extensions ['ignore', 'ignore_ament_install']
[1.317s] Level 1:colcon.colcon_core.package_identification:_identify(install) by extension 'ignore'
[1.320s] Level 1:colcon.colcon_core.package_identification:_identify(install) ignored
[1.322s] Level 1:colcon.colcon_core.package_identification:_identify(log) by extensions ['ignore', 'ignore_ament_install']
[1.323s] Level 1:colcon.colcon_core.package_identification:_identify(log) by extension 'ignore'
[1.323s] Level 1:colcon.colcon_core.package_identification:_identify(log) ignored
[1.323s] Level 1:colcon.colcon_core.package_identification:_identify(src) by extensions ['ignore', 'ignore_ament_install']
[1.323s] Level 1:colcon.colcon_core.package_identification:_identify(src) by extension 'ignore'
[1.323s] Level 1:colcon.colcon_core.package_identification:_identify(src) by extension 'ignore_ament_install'
[1.324s] Level 1:colcon.colcon_core.package_identification:_identify(src) by extensions ['colcon_pkg']
[1.324s] Level 1:colcon.colcon_core.package_identification:_identify(src) by extension 'colcon_pkg'
[1.324s] Level 1:colcon.colcon_core.package_identification:_identify(src) by extensions ['colcon_meta']
[1.324s] Level 1:colcon.colcon_core.package_identification:_identify(src) by extension 'colcon_meta'
[1.324s] Level 1:colcon.colcon_core.package_identification:_identify(src) by extensions ['ros']
[1.324s] Level 1:colcon.colcon_core.package_identification:_identify(src) by extension 'ros'
[1.324s] Level 1:colcon.colcon_core.package_identification:_identify(src) by extensions ['cmake', 'python']
[1.324s] Level 1:colcon.colcon_core.package_identification:_identify(src) by extension 'cmake'
[1.325s] Level 1:colcon.colcon_core.package_identification:_identify(src) by extension 'python'
[1.325s] Level 1:colcon.colcon_core.package_identification:_identify(src) by extensions ['python_setup_py']
[1.325s] Level 1:colcon.colcon_core.package_identification:_identify(src) by extension 'python_setup_py'
[1.326s] Level 1:colcon.colcon_core.package_identification:_identify(src/csv_data) by extensions ['ignore', 'ignore_ament_install']
[1.326s] Level 1:colcon.colcon_core.package_identification:_identify(src/csv_data) by extension 'ignore'
[1.327s] Level 1:colcon.colcon_core.package_identification:_identify(src/csv_data) by extension 'ignore_ament_install'
[1.327s] Level 1:colcon.colcon_core.package_identification:_identify(src/csv_data) by extensions ['colcon_pkg']
[1.327s] Level 1:colcon.colcon_core.package_identification:_identify(src/csv_data) by extension 'colcon_pkg'
[1.327s] Level 1:colcon.colcon_core.package_identification:_identify(src/csv_data) by extensions ['colcon_meta']
[1.327s] Level 1:colcon.colcon_core.package_identification:_identify(src/csv_data) by extension 'colcon_meta'
[1.327s] Level 1:colcon.colcon_core.package_identification:_identify(src/csv_data) by extensions ['ros']
[1.327s] Level 1:colcon.colcon_core.package_identification:_identify(src/csv_data) by extension 'ros'
[1.328s] Level 1:colcon.colcon_core.package_identification:_identify(src/csv_data) by extensions ['cmake', 'python']
[1.328s] Level 1:colcon.colcon_core.package_identification:_identify(src/csv_data) by extension 'cmake'
[1.328s] Level 1:colcon.colcon_core.package_identification:_identify(src/csv_data) by extension 'python'
[1.328s] Level 1:colcon.colcon_core.package_identification:_identify(src/csv_data) by extensions ['python_setup_py']
[1.328s] Level 1:colcon.colcon_core.package_identification:_identify(src/csv_data) by extension 'python_setup_py'
[1.330s] Level 1:colcon.colcon_core.package_identification:_identify(src/f1tenth_gym_ros) by extensions ['ignore', 'ignore_ament_install']
[1.331s] Level 1:colcon.colcon_core.package_identification:_identify(src/f1tenth_gym_ros) by extension 'ignore'
[1.331s] Level 1:colcon.colcon_core.package_identification:_identify(src/f1tenth_gym_ros) by extension 'ignore_ament_install'
[1.331s] Level 1:colcon.colcon_core.package_identification:_identify(src/f1tenth_gym_ros) by extensions ['colcon_pkg']
[1.331s] Level 1:colcon.colcon_core.package_identification:_identify(src/f1tenth_gym_ros) by extension 'colcon_pkg'
[1.331s] Level 1:colcon.colcon_core.package_identification:_identify(src/f1tenth_gym_ros) by extensions ['colcon_meta']
[1.331s] Level 1:colcon.colcon_core.package_identification:_identify(src/f1tenth_gym_ros) by extension 'colcon_meta'
[1.332s] Level 1:colcon.colcon_core.package_identification:_identify(src/f1tenth_gym_ros) by extensions ['ros']
[1.332s] Level 1:colcon.colcon_core.package_identification:_identify(src/f1tenth_gym_ros) by extension 'ros'
[1.344s] DEBUG:colcon.colcon_core.package_identification:Package 'src/f1tenth_gym_ros' with type 'ros.ament_python' and name 'f1tenth_gym_ros'
[1.344s] Level 1:colcon.colcon_core.package_identification:_identify(src/lab-5-slam-and-pure-pursuit-team-6) by extensions ['ignore', 'ignore_ament_install']
[1.345s] Level 1:colcon.colcon_core.package_identification:_identify(src/lab-5-slam-and-pure-pursuit-team-6) by extension 'ignore'
[1.345s] Level 1:colcon.colcon_core.package_identification:_identify(src/lab-5-slam-and-pure-pursuit-team-6) by extension 'ignore_ament_install'
[1.345s] Level 1:colcon.colcon_core.package_identification:_identify(src/lab-5-slam-and-pure-pursuit-team-6) by extensions ['colcon_pkg']
[1.345s] Level 1:colcon.colcon_core.package_identification:_identify(src/lab-5-slam-and-pure-pursuit-team-6) by extension 'colcon_pkg'
[1.345s] Level 1:colcon.colcon_core.package_identification:_identify(src/lab-5-slam-and-pure-pursuit-team-6) by extensions ['colcon_meta']
[1.345s] Level 1:colcon.colcon_core.package_identification:_identify(src/lab-5-slam-and-pure-pursuit-team-6) by extension 'colcon_meta'
[1.346s] Level 1:colcon.colcon_core.package_identification:_identify(src/lab-5-slam-and-pure-pursuit-team-6) by extensions ['ros']
[1.346s] Level 1:colcon.colcon_core.package_identification:_identify(src/lab-5-slam-and-pure-pursuit-team-6) by extension 'ros'
[1.347s] Level 1:colcon.colcon_core.package_identification:_identify(src/lab-5-slam-and-pure-pursuit-team-6) by extensions ['cmake', 'python']
[1.347s] Level 1:colcon.colcon_core.package_identification:_identify(src/lab-5-slam-and-pure-pursuit-team-6) by extension 'cmake'
[1.347s] Level 1:colcon.colcon_core.package_identification:_identify(src/lab-5-slam-and-pure-pursuit-team-6) by extension 'python'
[1.347s] Level 1:colcon.colcon_core.package_identification:_identify(src/lab-5-slam-and-pure-pursuit-team-6) by extensions ['python_setup_py']
[1.347s] Level 1:colcon.colcon_core.package_identification:_identify(src/lab-5-slam-and-pure-pursuit-team-6) by extension 'python_setup_py'
[1.353s] Level 1:colcon.colcon_core.package_identification:_identify(src/lab-5-slam-and-pure-pursuit-team-6/map) by extensions ['ignore', 'ignore_ament_install']
[1.354s] Level 1:colcon.colcon_core.package_identification:_identify(src/lab-5-slam-and-pure-pursuit-team-6/map) by extension 'ignore'
[1.356s] Level 1:colcon.colcon_core.package_identification:_identify(src/lab-5-slam-and-pure-pursuit-team-6/map) by extension 'ignore_ament_install'
[1.356s] Level 1:colcon.colcon_core.package_identification:_identify(src/lab-5-slam-and-pure-pursuit-team-6/map) by extensions ['colcon_pkg']
[1.356s] Level 1:colcon.colcon_core.package_identification:_identify(src/lab-5-slam-and-pure-pursuit-team-6/map) by extension 'colcon_pkg'
[1.356s] Level 1:colcon.colcon_core.package_identification:_identify(src/lab-5-slam-and-pure-pursuit-team-6/map) by extensions ['colcon_meta']
[1.356s] Level 1:colcon.colcon_core.package_identification:_identify(src/lab-5-slam-and-pure-pursuit-team-6/map) by extension 'colcon_meta'
[1.356s] Level 1:colcon.colcon_core.package_identification:_identify(src/lab-5-slam-and-pure-pursuit-team-6/map) by extensions ['ros']
[1.357s] Level 1:colcon.colcon_core.package_identification:_identify(src/lab-5-slam-and-pure-pursuit-team-6/map) by extension 'ros'
[1.357s] Level 1:colcon.colcon_core.package_identification:_identify(src/lab-5-slam-and-pure-pursuit-team-6/map) by extensions ['cmake', 'python']
[1.357s] Level 1:colcon.colcon_core.package_identification:_identify(src/lab-5-slam-and-pure-pursuit-team-6/map) by extension 'cmake'
[1.357s] Level 1:colcon.colcon_core.package_identification:_identify(src/lab-5-slam-and-pure-pursuit-team-6/map) by extension 'python'
[1.357s] Level 1:colcon.colcon_core.package_identification:_identify(src/lab-5-slam-and-pure-pursuit-team-6/map) by extensions ['python_setup_py']
[1.357s] Level 1:colcon.colcon_core.package_identification:_identify(src/lab-5-slam-and-pure-pursuit-team-6/map) by extension 'python_setup_py'
[1.358s] Level 1:colcon.colcon_core.package_identification:_identify(src/lab-5-slam-and-pure-pursuit-team-6/pure_pursuit) by extensions ['ignore', 'ignore_ament_install']
[1.359s] Level 1:colcon.colcon_core.package_identification:_identify(src/lab-5-slam-and-pure-pursuit-team-6/pure_pursuit) by extension 'ignore'
[1.359s] Level 1:colcon.colcon_core.package_identification:_identify(src/lab-5-slam-and-pure-pursuit-team-6/pure_pursuit) by extension 'ignore_ament_install'
[1.359s] Level 1:colcon.colcon_core.package_identification:_identify(src/lab-5-slam-and-pure-pursuit-team-6/pure_pursuit) by extensions ['colcon_pkg']
[1.359s] Level 1:colcon.colcon_core.package_identification:_identify(src/lab-5-slam-and-pure-pursuit-team-6/pure_pursuit) by extension 'colcon_pkg'
[1.359s] Level 1:colcon.colcon_core.package_identification:_identify(src/lab-5-slam-and-pure-pursuit-team-6/pure_pursuit) by extensions ['colcon_meta']
[1.359s] Level 1:colcon.colcon_core.package_identification:_identify(src/lab-5-slam-and-pure-pursuit-team-6/pure_pursuit) by extension 'colcon_meta'
[1.359s] Level 1:colcon.colcon_core.package_identification:_identify(src/lab-5-slam-and-pure-pursuit-team-6/pure_pursuit) by extensions ['ros']
[1.360s] Level 1:colcon.colcon_core.package_identification:_identify(src/lab-5-slam-and-pure-pursuit-team-6/pure_pursuit) by extension 'ros'
[1.362s] DEBUG:colcon.colcon_core.package_identification:Package 'src/lab-5-slam-and-pure-pursuit-team-6/pure_pursuit' with type 'ros.ament_cmake' and name 'pure_pursuit'
[1.363s] Level 1:colcon.colcon_core.package_identification:_identify(src/lab-6-motion-planning-team-6) by extensions ['ignore', 'ignore_ament_install']
[1.364s] Level 1:colcon.colcon_core.package_identification:_identify(src/lab-6-motion-planning-team-6) by extension 'ignore'
[1.364s] Level 1:colcon.colcon_core.package_identification:_identify(src/lab-6-motion-planning-team-6) by extension 'ignore_ament_install'
[1.364s] Level 1:colcon.colcon_core.package_identification:_identify(src/lab-6-motion-planning-team-6) by extensions ['colcon_pkg']
[1.364s] Level 1:colcon.colcon_core.package_identification:_identify(src/lab-6-motion-planning-team-6) by extension 'colcon_pkg'
[1.364s] Level 1:colcon.colcon_core.package_identification:_identify(src/lab-6-motion-planning-team-6) by extensions ['colcon_meta']
[1.364s] Level 1:colcon.colcon_core.package_identification:_identify(src/lab-6-motion-planning-team-6) by extension 'colcon_meta'
[1.364s] Level 1:colcon.colcon_core.package_identification:_identify(src/lab-6-motion-planning-team-6) by extensions ['ros']
[1.365s] Level 1:colcon.colcon_core.package_identification:_identify(src/lab-6-motion-planning-team-6) by extension 'ros'
[1.366s] Level 1:colcon.colcon_core.package_identification:_identify(src/lab-6-motion-planning-team-6) by extensions ['cmake', 'python']
[1.366s] Level 1:colcon.colcon_core.package_identification:_identify(src/lab-6-motion-planning-team-6) by extension 'cmake'
[1.366s] Level 1:colcon.colcon_core.package_identification:_identify(src/lab-6-motion-planning-team-6) by extension 'python'
[1.367s] Level 1:colcon.colcon_core.package_identification:_identify(src/lab-6-motion-planning-team-6) by extensions ['python_setup_py']
[1.367s] Level 1:colcon.colcon_core.package_identification:_identify(src/lab-6-motion-planning-team-6) by extension 'python_setup_py'
[1.368s] Level 1:colcon.colcon_core.package_identification:_identify(src/lab-6-motion-planning-team-6/imgs) by extensions ['ignore', 'ignore_ament_install']
[1.368s] Level 1:colcon.colcon_core.package_identification:_identify(src/lab-6-motion-planning-team-6/imgs) by extension 'ignore'
[1.368s] Level 1:colcon.colcon_core.package_identification:_identify(src/lab-6-motion-planning-team-6/imgs) by extension 'ignore_ament_install'
[1.368s] Level 1:colcon.colcon_core.package_identification:_identify(src/lab-6-motion-planning-team-6/imgs) by extensions ['colcon_pkg']
[1.368s] Level 1:colcon.colcon_core.package_identification:_identify(src/lab-6-motion-planning-team-6/imgs) by extension 'colcon_pkg'
[1.369s] Level 1:colcon.colcon_core.package_identification:_identify(src/lab-6-motion-planning-team-6/imgs) by extensions ['colcon_meta']
[1.369s] Level 1:colcon.colcon_core.package_identification:_identify(src/lab-6-motion-planning-team-6/imgs) by extension 'colcon_meta'
[1.369s] Level 1:colcon.colcon_core.package_identification:_identify(src/lab-6-motion-planning-team-6/imgs) by extensions ['ros']
[1.369s] Level 1:colcon.colcon_core.package_identification:_identify(src/lab-6-motion-planning-team-6/imgs) by extension 'ros'
[1.369s] Level 1:colcon.colcon_core.package_identification:_identify(src/lab-6-motion-planning-team-6/imgs) by extensions ['cmake', 'python']
[1.370s] Level 1:colcon.colcon_core.package_identification:_identify(src/lab-6-motion-planning-team-6/imgs) by extension 'cmake'
[1.370s] Level 1:colcon.colcon_core.package_identification:_identify(src/lab-6-motion-planning-team-6/imgs) by extension 'python'
[1.370s] Level 1:colcon.colcon_core.package_identification:_identify(src/lab-6-motion-planning-team-6/imgs) by extensions ['python_setup_py']
[1.370s] Level 1:colcon.colcon_core.package_identification:_identify(src/lab-6-motion-planning-team-6/imgs) by extension 'python_setup_py'
[1.372s] Level 1:colcon.colcon_core.package_identification:_identify(src/lab-6-motion-planning-team-6/lab6_pkg) by extensions ['ignore', 'ignore_ament_install']
[1.372s] Level 1:colcon.colcon_core.package_identification:_identify(src/lab-6-motion-planning-team-6/lab6_pkg) by extension 'ignore'
[1.372s] Level 1:colcon.colcon_core.package_identification:_identify(src/lab-6-motion-planning-team-6/lab6_pkg) by extension 'ignore_ament_install'
[1.372s] Level 1:colcon.colcon_core.package_identification:_identify(src/lab-6-motion-planning-team-6/lab6_pkg) by extensions ['colcon_pkg']
[1.372s] Level 1:colcon.colcon_core.package_identification:_identify(src/lab-6-motion-planning-team-6/lab6_pkg) by extension 'colcon_pkg'
[1.372s] Level 1:colcon.colcon_core.package_identification:_identify(src/lab-6-motion-planning-team-6/lab6_pkg) by extensions ['colcon_meta']
[1.373s] Level 1:colcon.colcon_core.package_identification:_identify(src/lab-6-motion-planning-team-6/lab6_pkg) by extension 'colcon_meta'
[1.373s] Level 1:colcon.colcon_core.package_identification:_identify(src/lab-6-motion-planning-team-6/lab6_pkg) by extensions ['ros']
[1.373s] Level 1:colcon.colcon_core.package_identification:_identify(src/lab-6-motion-planning-team-6/lab6_pkg) by extension 'ros'
[1.376s] DEBUG:colcon.colcon_core.package_identification:Package 'src/lab-6-motion-planning-team-6/lab6_pkg' with type 'ros.ament_cmake' and name 'lab6_pkg'
[1.377s] Level 1:colcon.colcon_core.package_identification:_identify(src/lab-7-vision-lab-team-6) by extensions ['ignore', 'ignore_ament_install']
[1.377s] Level 1:colcon.colcon_core.package_identification:_identify(src/lab-7-vision-lab-team-6) by extension 'ignore'
[1.378s] Level 1:colcon.colcon_core.package_identification:_identify(src/lab-7-vision-lab-team-6) by extension 'ignore_ament_install'
[1.378s] Level 1:colcon.colcon_core.package_identification:_identify(src/lab-7-vision-lab-team-6) by extensions ['colcon_pkg']
[1.379s] Level 1:colcon.colcon_core.package_identification:_identify(src/lab-7-vision-lab-team-6) by extension 'colcon_pkg'
[1.379s] Level 1:colcon.colcon_core.package_identification:_identify(src/lab-7-vision-lab-team-6) by extensions ['colcon_meta']
[1.379s] Level 1:colcon.colcon_core.package_identification:_identify(src/lab-7-vision-lab-team-6) by extension 'colcon_meta'
[1.379s] Level 1:colcon.colcon_core.package_identification:_identify(src/lab-7-vision-lab-team-6) by extensions ['ros']
[1.379s] Level 1:colcon.colcon_core.package_identification:_identify(src/lab-7-vision-lab-team-6) by extension 'ros'
[1.379s] Level 1:colcon.colcon_core.package_identification:_identify(src/lab-7-vision-lab-team-6) by extensions ['cmake', 'python']
[1.380s] Level 1:colcon.colcon_core.package_identification:_identify(src/lab-7-vision-lab-team-6) by extension 'cmake'
[1.380s] Level 1:colcon.colcon_core.package_identification:_identify(src/lab-7-vision-lab-team-6) by extension 'python'
[1.380s] Level 1:colcon.colcon_core.package_identification:_identify(src/lab-7-vision-lab-team-6) by extensions ['python_setup_py']
[1.380s] Level 1:colcon.colcon_core.package_identification:_identify(src/lab-7-vision-lab-team-6) by extension 'python_setup_py'
[1.385s] Level 1:colcon.colcon_core.package_identification:_identify(src/lab-7-vision-lab-team-6/calibration) by extensions ['ignore', 'ignore_ament_install']
[1.386s] Level 1:colcon.colcon_core.package_identification:_identify(src/lab-7-vision-lab-team-6/calibration) by extension 'ignore'
[1.387s] Level 1:colcon.colcon_core.package_identification:_identify(src/lab-7-vision-lab-team-6/calibration) by extension 'ignore_ament_install'
[1.388s] Level 1:colcon.colcon_core.package_identification:_identify(src/lab-7-vision-lab-team-6/calibration) by extensions ['colcon_pkg']
[1.388s] Level 1:colcon.colcon_core.package_identification:_identify(src/lab-7-vision-lab-team-6/calibration) by extension 'colcon_pkg'
[1.388s] Level 1:colcon.colcon_core.package_identification:_identify(src/lab-7-vision-lab-team-6/calibration) by extensions ['colcon_meta']
[1.388s] Level 1:colcon.colcon_core.package_identification:_identify(src/lab-7-vision-lab-team-6/calibration) by extension 'colcon_meta'
[1.388s] Level 1:colcon.colcon_core.package_identification:_identify(src/lab-7-vision-lab-team-6/calibration) by extensions ['ros']
[1.388s] Level 1:colcon.colcon_core.package_identification:_identify(src/lab-7-vision-lab-team-6/calibration) by extension 'ros'
[1.389s] Level 1:colcon.colcon_core.package_identification:_identify(src/lab-7-vision-lab-team-6/calibration) by extensions ['cmake', 'python']
[1.390s] Level 1:colcon.colcon_core.package_identification:_identify(src/lab-7-vision-lab-team-6/calibration) by extension 'cmake'
[1.390s] Level 1:colcon.colcon_core.package_identification:_identify(src/lab-7-vision-lab-team-6/calibration) by extension 'python'
[1.390s] Level 1:colcon.colcon_core.package_identification:_identify(src/lab-7-vision-lab-team-6/calibration) by extensions ['python_setup_py']
[1.391s] Level 1:colcon.colcon_core.package_identification:_identify(src/lab-7-vision-lab-team-6/calibration) by extension 'python_setup_py'
[1.392s] Level 1:colcon.colcon_core.package_identification:_identify(src/lab-7-vision-lab-team-6/imgs) by extensions ['ignore', 'ignore_ament_install']
[1.392s] Level 1:colcon.colcon_core.package_identification:_identify(src/lab-7-vision-lab-team-6/imgs) by extension 'ignore'
[1.392s] Level 1:colcon.colcon_core.package_identification:_identify(src/lab-7-vision-lab-team-6/imgs) by extension 'ignore_ament_install'
[1.392s] Level 1:colcon.colcon_core.package_identification:_identify(src/lab-7-vision-lab-team-6/imgs) by extensions ['colcon_pkg']
[1.392s] Level 1:colcon.colcon_core.package_identification:_identify(src/lab-7-vision-lab-team-6/imgs) by extension 'colcon_pkg'
[1.392s] Level 1:colcon.colcon_core.package_identification:_identify(src/lab-7-vision-lab-team-6/imgs) by extensions ['colcon_meta']
[1.393s] Level 1:colcon.colcon_core.package_identification:_identify(src/lab-7-vision-lab-team-6/imgs) by extension 'colcon_meta'
[1.393s] Level 1:colcon.colcon_core.package_identification:_identify(src/lab-7-vision-lab-team-6/imgs) by extensions ['ros']
[1.393s] Level 1:colcon.colcon_core.package_identification:_identify(src/lab-7-vision-lab-team-6/imgs) by extension 'ros'
[1.393s] Level 1:colcon.colcon_core.package_identification:_identify(src/lab-7-vision-lab-team-6/imgs) by extensions ['cmake', 'python']
[1.393s] Level 1:colcon.colcon_core.package_identification:_identify(src/lab-7-vision-lab-team-6/imgs) by extension 'cmake'
[1.393s] Level 1:colcon.colcon_core.package_identification:_identify(src/lab-7-vision-lab-team-6/imgs) by extension 'python'
[1.394s] Level 1:colcon.colcon_core.package_identification:_identify(src/lab-7-vision-lab-team-6/imgs) by extensions ['python_setup_py']
[1.394s] Level 1:colcon.colcon_core.package_identification:_identify(src/lab-7-vision-lab-team-6/imgs) by extension 'python_setup_py'
[1.395s] Level 1:colcon.colcon_core.package_identification:_identify(src/lab-7-vision-lab-team-6/resource) by extensions ['ignore', 'ignore_ament_install']
[1.395s] Level 1:colcon.colcon_core.package_identification:_identify(src/lab-7-vision-lab-team-6/resource) by extension 'ignore'
[1.395s] Level 1:colcon.colcon_core.package_identification:_identify(src/lab-7-vision-lab-team-6/resource) by extension 'ignore_ament_install'
[1.395s] Level 1:colcon.colcon_core.package_identification:_identify(src/lab-7-vision-lab-team-6/resource) by extensions ['colcon_pkg']
[1.395s] Level 1:colcon.colcon_core.package_identification:_identify(src/lab-7-vision-lab-team-6/resource) by extension 'colcon_pkg'
[1.395s] Level 1:colcon.colcon_core.package_identification:_identify(src/lab-7-vision-lab-team-6/resource) by extensions ['colcon_meta']
[1.396s] Level 1:colcon.colcon_core.package_identification:_identify(src/lab-7-vision-lab-team-6/resource) by extension 'colcon_meta'
[1.396s] Level 1:colcon.colcon_core.package_identification:_identify(src/lab-7-vision-lab-team-6/resource) by extensions ['ros']
[1.396s] Level 1:colcon.colcon_core.package_identification:_identify(src/lab-7-vision-lab-team-6/resource) by extension 'ros'
[1.396s] Level 1:colcon.colcon_core.package_identification:_identify(src/lab-7-vision-lab-team-6/resource) by extensions ['cmake', 'python']
[1.396s] Level 1:colcon.colcon_core.package_identification:_identify(src/lab-7-vision-lab-team-6/resource) by extension 'cmake'
[1.396s] Level 1:colcon.colcon_core.package_identification:_identify(src/lab-7-vision-lab-team-6/resource) by extension 'python'
[1.396s] Level 1:colcon.colcon_core.package_identification:_identify(src/lab-7-vision-lab-team-6/resource) by extensions ['python_setup_py']
[1.397s] Level 1:colcon.colcon_core.package_identification:_identify(src/lab-7-vision-lab-team-6/resource) by extension 'python_setup_py'
[1.397s] Level 1:colcon.colcon_core.package_identification:_identify(src/lab-8-model-predictive-controlc-team-6) by extensions ['ignore', 'ignore_ament_install']
[1.397s] Level 1:colcon.colcon_core.package_identification:_identify(src/lab-8-model-predictive-controlc-team-6) by extension 'ignore'
[1.397s] Level 1:colcon.colcon_core.package_identification:_identify(src/lab-8-model-predictive-controlc-team-6) by extension 'ignore_ament_install'
[1.397s] Level 1:colcon.colcon_core.package_identification:_identify(src/lab-8-model-predictive-controlc-team-6) by extensions ['colcon_pkg']
[1.397s] Level 1:colcon.colcon_core.package_identification:_identify(src/lab-8-model-predictive-controlc-team-6) by extension 'colcon_pkg'
[1.398s] Level 1:colcon.colcon_core.package_identification:_identify(src/lab-8-model-predictive-controlc-team-6) by extensions ['colcon_meta']
[1.398s] Level 1:colcon.colcon_core.package_identification:_identify(src/lab-8-model-predictive-controlc-team-6) by extension 'colcon_meta'
[1.398s] Level 1:colcon.colcon_core.package_identification:_identify(src/lab-8-model-predictive-controlc-team-6) by extensions ['ros']
[1.398s] Level 1:colcon.colcon_core.package_identification:_identify(src/lab-8-model-predictive-controlc-team-6) by extension 'ros'
[1.399s] Level 1:colcon.colcon_core.package_identification:_identify(src/lab-8-model-predictive-controlc-team-6) by extensions ['cmake', 'python']
[1.399s] Level 1:colcon.colcon_core.package_identification:_identify(src/lab-8-model-predictive-controlc-team-6) by extension 'cmake'
[1.399s] Level 1:colcon.colcon_core.package_identification:_identify(src/lab-8-model-predictive-controlc-team-6) by extension 'python'
[1.399s] Level 1:colcon.colcon_core.package_identification:_identify(src/lab-8-model-predictive-controlc-team-6) by extensions ['python_setup_py']
[1.399s] Level 1:colcon.colcon_core.package_identification:_identify(src/lab-8-model-predictive-controlc-team-6) by extension 'python_setup_py'
[1.400s] Level 1:colcon.colcon_core.package_identification:_identify(src/lab-8-model-predictive-controlc-team-6/mpc) by extensions ['ignore', 'ignore_ament_install']
[1.400s] Level 1:colcon.colcon_core.package_identification:_identify(src/lab-8-model-predictive-controlc-team-6/mpc) by extension 'ignore'
[1.400s] Level 1:colcon.colcon_core.package_identification:_identify(src/lab-8-model-predictive-controlc-team-6/mpc) by extension 'ignore_ament_install'
[1.400s] Level 1:colcon.colcon_core.package_identification:_identify(src/lab-8-model-predictive-controlc-team-6/mpc) by extensions ['colcon_pkg']
[1.400s] Level 1:colcon.colcon_core.package_identification:_identify(src/lab-8-model-predictive-controlc-team-6/mpc) by extension 'colcon_pkg'
[1.400s] Level 1:colcon.colcon_core.package_identification:_identify(src/lab-8-model-predictive-controlc-team-6/mpc) by extensions ['colcon_meta']
[1.400s] Level 1:colcon.colcon_core.package_identification:_identify(src/lab-8-model-predictive-controlc-team-6/mpc) by extension 'colcon_meta'
[1.401s] Level 1:colcon.colcon_core.package_identification:_identify(src/lab-8-model-predictive-controlc-team-6/mpc) by extensions ['ros']
[1.401s] Level 1:colcon.colcon_core.package_identification:_identify(src/lab-8-model-predictive-controlc-team-6/mpc) by extension 'ros'
[1.403s] DEBUG:colcon.colcon_core.package_identification:Package 'src/lab-8-model-predictive-controlc-team-6/mpc' with type 'ros.ament_cmake' and name 'mpc'
[1.404s] Level 1:colcon.colcon_core.package_discovery:discover_packages(recursive) using defaults
[1.404s] Level 1:colcon.colcon_core.package_discovery:discover_packages(ignore) discover
[1.404s] Level 1:colcon.colcon_core.package_discovery:discover_packages(ignore) using defaults
[1.404s] Level 1:colcon.colcon_core.package_discovery:discover_packages(path) discover
[1.404s] Level 1:colcon.colcon_core.package_discovery:discover_packages(path) using defaults
[1.465s] Level 5:colcon.colcon_core.verb:set package 'f1tenth_gym_ros' build argument 'cmake_args' from command line to 'None'
[1.465s] Level 5:colcon.colcon_core.verb:set package 'f1tenth_gym_ros' build argument 'cmake_target' from command line to 'None'
[1.465s] Level 5:colcon.colcon_core.verb:set package 'f1tenth_gym_ros' build argument 'cmake_target_skip_unavailable' from command line to 'False'
[1.465s] Level 5:colcon.colcon_core.verb:set package 'f1tenth_gym_ros' build argument 'cmake_clean_cache' from command line to 'False'
[1.466s] Level 5:colcon.colcon_core.verb:set package 'f1tenth_gym_ros' build argument 'cmake_clean_first' from command line to 'False'
[1.466s] Level 5:colcon.colcon_core.verb:set package 'f1tenth_gym_ros' build argument 'cmake_force_configure' from command line to 'False'
[1.466s] Level 5:colcon.colcon_core.verb:set package 'f1tenth_gym_ros' build argument 'ament_cmake_args' from command line to 'None'
[1.466s] Level 5:colcon.colcon_core.verb:set package 'f1tenth_gym_ros' build argument 'catkin_cmake_args' from command line to 'None'
[1.466s] Level 5:colcon.colcon_core.verb:set package 'f1tenth_gym_ros' build argument 'catkin_skip_building_tests' from command line to 'False'
[1.467s] DEBUG:colcon.colcon_core.verb:Building package 'f1tenth_gym_ros' with the following arguments: {'ament_cmake_args': None, 'build_base': '/home/lionelliu/sim_ws/build/f1tenth_gym_ros', 'catkin_cmake_args': None, 'catkin_skip_building_tests': False, 'cmake_args': None, 'cmake_clean_cache': False, 'cmake_clean_first': False, 'cmake_force_configure': False, 'cmake_target': None, 'cmake_target_skip_unavailable': False, 'install_base': '/home/lionelliu/sim_ws/install/f1tenth_gym_ros', 'merge_install': False, 'path': '/home/lionelliu/sim_ws/src/f1tenth_gym_ros', 'symlink_install': False, 'test_result_base': None}
[1.467s] Level 5:colcon.colcon_core.verb:set package 'lab6_pkg' build argument 'cmake_args' from command line to 'None'
[1.467s] Level 5:colcon.colcon_core.verb:set package 'lab6_pkg' build argument 'cmake_target' from command line to 'None'
[1.467s] Level 5:colcon.colcon_core.verb:set package 'lab6_pkg' build argument 'cmake_target_skip_unavailable' from command line to 'False'
[1.467s] Level 5:colcon.colcon_core.verb:set package 'lab6_pkg' build argument 'cmake_clean_cache' from command line to 'False'
[1.467s] Level 5:colcon.colcon_core.verb:set package 'lab6_pkg' build argument 'cmake_clean_first' from command line to 'False'
[1.468s] Level 5:colcon.colcon_core.verb:set package 'lab6_pkg' build argument 'cmake_force_configure' from command line to 'False'
[1.468s] Level 5:colcon.colcon_core.verb:set package 'lab6_pkg' build argument 'ament_cmake_args' from command line to 'None'
[1.468s] Level 5:colcon.colcon_core.verb:set package 'lab6_pkg' build argument 'catkin_cmake_args' from command line to 'None'
[1.468s] Level 5:colcon.colcon_core.verb:set package 'lab6_pkg' build argument 'catkin_skip_building_tests' from command line to 'False'
[1.468s] DEBUG:colcon.colcon_core.verb:Building package 'lab6_pkg' with the following arguments: {'ament_cmake_args': None, 'build_base': '/home/lionelliu/sim_ws/build/lab6_pkg', 'catkin_cmake_args': None, 'catkin_skip_building_tests': False, 'cmake_args': None, 'cmake_clean_cache': False, 'cmake_clean_first': False, 'cmake_force_configure': False, 'cmake_target': None, 'cmake_target_skip_unavailable': False, 'install_base': '/home/lionelliu/sim_ws/install/lab6_pkg', 'merge_install': False, 'path': '/home/lionelliu/sim_ws/src/lab-6-motion-planning-team-6/lab6_pkg', 'symlink_install': False, 'test_result_base': None}
[1.468s] Level 5:colcon.colcon_core.verb:set package 'mpc' build argument 'cmake_args' from command line to 'None'
[1.469s] Level 5:colcon.colcon_core.verb:set package 'mpc' build argument 'cmake_target' from command line to 'None'
[1.469s] Level 5:colcon.colcon_core.verb:set package 'mpc' build argument 'cmake_target_skip_unavailable' from command line to 'False'
[1.469s] Level 5:colcon.colcon_core.verb:set package 'mpc' build argument 'cmake_clean_cache' from command line to 'False'
[1.469s] Level 5:colcon.colcon_core.verb:set package 'mpc' build argument 'cmake_clean_first' from command line to 'False'
[1.469s] Level 5:colcon.colcon_core.verb:set package 'mpc' build argument 'cmake_force_configure' from command line to 'False'
[1.469s] Level 5:colcon.colcon_core.verb:set package 'mpc' build argument 'ament_cmake_args' from command line to 'None'
[1.469s] Level 5:colcon.colcon_core.verb:set package 'mpc' build argument 'catkin_cmake_args' from command line to 'None'
[1.469s] Level 5:colcon.colcon_core.verb:set package 'mpc' build argument 'catkin_skip_building_tests' from command line to 'False'
[1.469s] DEBUG:colcon.colcon_core.verb:Building package 'mpc' with the following arguments: {'ament_cmake_args': None, 'build_base': '/home/lionelliu/sim_ws/build/mpc', 'catkin_cmake_args': None, 'catkin_skip_building_tests': False, 'cmake_args': None, 'cmake_clean_cache': False, 'cmake_clean_first': False, 'cmake_force_configure': False, 'cmake_target': None, 'cmake_target_skip_unavailable': False, 'install_base': '/home/lionelliu/sim_ws/install/mpc', 'merge_install': False, 'path': '/home/lionelliu/sim_ws/src/lab-8-model-predictive-controlc-team-6/mpc', 'symlink_install': False, 'test_result_base': None}
[1.470s] Level 5:colcon.colcon_core.verb:set package 'pure_pursuit' build argument 'cmake_args' from command line to 'None'
[1.470s] Level 5:colcon.colcon_core.verb:set package 'pure_pursuit' build argument 'cmake_target' from command line to 'None'
[1.470s] Level 5:colcon.colcon_core.verb:set package 'pure_pursuit' build argument 'cmake_target_skip_unavailable' from command line to 'False'
[1.471s] Level 5:colcon.colcon_core.verb:set package 'pure_pursuit' build argument 'cmake_clean_cache' from command line to 'False'
[1.471s] Level 5:colcon.colcon_core.verb:set package 'pure_pursuit' build argument 'cmake_clean_first' from command line to 'False'
[1.471s] Level 5:colcon.colcon_core.verb:set package 'pure_pursuit' build argument 'cmake_force_configure' from command line to 'False'
[1.471s] Level 5:colcon.colcon_core.verb:set package 'pure_pursuit' build argument 'ament_cmake_args' from command line to 'None'
[1.471s] Level 5:colcon.colcon_core.verb:set package 'pure_pursuit' build argument 'catkin_cmake_args' from command line to 'None'
[1.471s] Level 5:colcon.colcon_core.verb:set package 'pure_pursuit' build argument 'catkin_skip_building_tests' from command line to 'False'
[1.471s] DEBUG:colcon.colcon_core.verb:Building package 'pure_pursuit' with the following arguments: {'ament_cmake_args': None, 'build_base': '/home/lionelliu/sim_ws/build/pure_pursuit', 'catkin_cmake_args': None, 'catkin_skip_building_tests': False, 'cmake_args': None, 'cmake_clean_cache': False, 'cmake_clean_first': False, 'cmake_force_configure': False, 'cmake_target': None, 'cmake_target_skip_unavailable': False, 'install_base': '/home/lionelliu/sim_ws/install/pure_pursuit', 'merge_install': False, 'path': '/home/lionelliu/sim_ws/src/lab-5-slam-and-pure-pursuit-team-6/pure_pursuit', 'symlink_install': False, 'test_result_base': None}
[1.471s] INFO:colcon.colcon_core.executor:Executing jobs using 'parallel' executor
[1.473s] DEBUG:colcon.colcon_parallel_executor.executor.parallel:run_until_complete
[1.474s] INFO:colcon.colcon_ros.task.ament_python.build:Building ROS package in '/home/lionelliu/sim_ws/src/f1tenth_gym_ros' with build type 'ament_python'
[1.474s] Level 1:colcon.colcon_core.shell:create_environment_hook('f1tenth_gym_ros', 'ament_prefix_path')
[1.491s] INFO:colcon.colcon_core.plugin_system:Skipping extension 'colcon_core.shell.bat': Not used on non-Windows systems
[1.491s] INFO:colcon.colcon_core.shell:Creating environment hook '/home/lionelliu/sim_ws/install/f1tenth_gym_ros/share/f1tenth_gym_ros/hook/ament_prefix_path.ps1'
[1.496s] INFO:colcon.colcon_core.shell:Creating environment descriptor '/home/lionelliu/sim_ws/install/f1tenth_gym_ros/share/f1tenth_gym_ros/hook/ament_prefix_path.dsv'
[1.497s] INFO:colcon.colcon_core.shell:Creating environment hook '/home/lionelliu/sim_ws/install/f1tenth_gym_ros/share/f1tenth_gym_ros/hook/ament_prefix_path.sh'
[1.499s] INFO:colcon.colcon_core.shell:Skip shell extension 'powershell' for command environment: Not usable outside of PowerShell
[1.500s] DEBUG:colcon.colcon_core.shell:Skip shell extension 'dsv' for command environment
[1.533s] INFO:colcon.colcon_ros.task.ament_cmake.build:Building ROS package in '/home/lionelliu/sim_ws/src/lab-6-motion-planning-team-6/lab6_pkg' with build type 'ament_cmake'
[1.534s] INFO:colcon.colcon_cmake.task.cmake.build:Building CMake package in '/home/lionelliu/sim_ws/src/lab-6-motion-planning-team-6/lab6_pkg'
[1.535s] INFO:colcon.colcon_core.shell:Skip shell extension 'powershell' for command environment: Not usable outside of PowerShell
[1.535s] DEBUG:colcon.colcon_core.shell:Skip shell extension 'dsv' for command environment
[1.904s] INFO:colcon.colcon_core.task.python.build:Building Python package in '/home/lionelliu/sim_ws/src/f1tenth_gym_ros'
[1.905s] INFO:colcon.colcon_core.shell:Skip shell extension 'powershell' for command environment: Not usable outside of PowerShell
[1.905s] DEBUG:colcon.colcon_core.shell:Skip shell extension 'dsv' for command environment
[1.933s] DEBUG:colcon.colcon_core.event_handler.log_command:Invoking command in '/home/lionelliu/sim_ws/build/lab6_pkg': CMAKE_PREFIX_PATH=${CMAKE_PREFIX_PATH}:/home/lionelliu/sim_ws/install/f1tenth_gym_ros:/opt/ros/foxy /usr/bin/cmake --build /home/lionelliu/sim_ws/build/lab6_pkg -- -j2 -l2
[2.497s] DEBUG:colcon.colcon_core.event_handler.log_command:Invoked command in '/home/lionelliu/sim_ws/build/lab6_pkg' returned '0': CMAKE_PREFIX_PATH=${CMAKE_PREFIX_PATH}:/home/lionelliu/sim_ws/install/f1tenth_gym_ros:/opt/ros/foxy /usr/bin/cmake --build /home/lionelliu/sim_ws/build/lab6_pkg -- -j2 -l2
[2.679s] DEBUG:colcon.colcon_core.event_handler.log_command:Invoking command in '/home/lionelliu/sim_ws/build/lab6_pkg': CMAKE_PREFIX_PATH=${CMAKE_PREFIX_PATH}:/home/lionelliu/sim_ws/install/f1tenth_gym_ros:/opt/ros/foxy /usr/bin/cmake --install /home/lionelliu/sim_ws/build/lab6_pkg
[2.867s] Level 1:colcon.colcon_core.environment:create_environment_scripts_only(lab6_pkg)
[2.867s] DEBUG:colcon.colcon_core.event_handler.log_command:Invoked command in '/home/lionelliu/sim_ws/build/lab6_pkg' returned '0': CMAKE_PREFIX_PATH=${CMAKE_PREFIX_PATH}:/home/lionelliu/sim_ws/install/f1tenth_gym_ros:/opt/ros/foxy /usr/bin/cmake --install /home/lionelliu/sim_ws/build/lab6_pkg
[2.894s] Level 1:colcon.colcon_core.environment:checking '/home/lionelliu/sim_ws/install/lab6_pkg' for CMake module files
[2.895s] Level 1:colcon.colcon_core.environment:checking '/home/lionelliu/sim_ws/install/lab6_pkg' for CMake config files
[2.900s] Level 1:colcon.colcon_core.shell:create_environment_hook('lab6_pkg', 'cmake_prefix_path')
[2.900s] INFO:colcon.colcon_core.shell:Creating environment hook '/home/lionelliu/sim_ws/install/lab6_pkg/share/lab6_pkg/hook/cmake_prefix_path.ps1'
[2.901s] INFO:colcon.colcon_core.shell:Creating environment descriptor '/home/lionelliu/sim_ws/install/lab6_pkg/share/lab6_pkg/hook/cmake_prefix_path.dsv'
[2.902s] INFO:colcon.colcon_core.shell:Creating environment hook '/home/lionelliu/sim_ws/install/lab6_pkg/share/lab6_pkg/hook/cmake_prefix_path.sh'
[2.903s] Level 1:colcon.colcon_core.environment:checking '/home/lionelliu/sim_ws/install/lab6_pkg/lib'
[2.904s] Level 1:colcon.colcon_core.environment:checking '/home/lionelliu/sim_ws/install/lab6_pkg/bin'
[2.904s] Level 1:colcon.colcon_core.environment:checking '/home/lionelliu/sim_ws/install/lab6_pkg/lib/pkgconfig/lab6_pkg.pc'
[2.904s] Level 1:colcon.colcon_core.environment:checking '/home/lionelliu/sim_ws/install/lab6_pkg/lib/python3.8/site-packages'
[2.904s] Level 1:colcon.colcon_core.shell:create_environment_hook('lab6_pkg', 'pythonpath')
[2.905s] INFO:colcon.colcon_core.shell:Creating environment hook '/home/lionelliu/sim_ws/install/lab6_pkg/share/lab6_pkg/hook/pythonpath.ps1'
[2.905s] INFO:colcon.colcon_core.shell:Creating environment descriptor '/home/lionelliu/sim_ws/install/lab6_pkg/share/lab6_pkg/hook/pythonpath.dsv'
[2.907s] INFO:colcon.colcon_core.shell:Creating environment hook '/home/lionelliu/sim_ws/install/lab6_pkg/share/lab6_pkg/hook/pythonpath.sh'
[2.909s] Level 1:colcon.colcon_core.environment:checking '/home/lionelliu/sim_ws/install/lab6_pkg/bin'
[2.913s] INFO:colcon.colcon_core.shell:Creating package script '/home/lionelliu/sim_ws/install/lab6_pkg/share/lab6_pkg/package.ps1'
[2.916s] INFO:colcon.colcon_core.shell:Creating package descriptor '/home/lionelliu/sim_ws/install/lab6_pkg/share/lab6_pkg/package.dsv'
[2.917s] INFO:colcon.colcon_core.shell:Creating package script '/home/lionelliu/sim_ws/install/lab6_pkg/share/lab6_pkg/package.sh'
[2.921s] INFO:colcon.colcon_core.shell:Creating package script '/home/lionelliu/sim_ws/install/lab6_pkg/share/lab6_pkg/package.bash'
[2.931s] INFO:colcon.colcon_core.shell:Creating package script '/home/lionelliu/sim_ws/install/lab6_pkg/share/lab6_pkg/package.zsh'
[2.932s] Level 1:colcon.colcon_core.environment:create_file_with_runtime_dependencies(/home/lionelliu/sim_ws/install/lab6_pkg/share/colcon-core/packages/lab6_pkg)
[3.152s] Level 1:colcon.colcon_core.environment:create_environment_scripts_only(lab6_pkg)
[3.153s] Level 1:colcon.colcon_core.environment:checking '/home/lionelliu/sim_ws/install/lab6_pkg' for CMake module files
[3.154s] Level 1:colcon.colcon_core.environment:checking '/home/lionelliu/sim_ws/install/lab6_pkg' for CMake config files
[3.155s] Level 1:colcon.colcon_core.shell:create_environment_hook('lab6_pkg', 'cmake_prefix_path')
[3.155s] INFO:colcon.colcon_core.shell:Creating environment hook '/home/lionelliu/sim_ws/install/lab6_pkg/share/lab6_pkg/hook/cmake_prefix_path.ps1'
[3.156s] INFO:colcon.colcon_core.shell:Creating environment descriptor '/home/lionelliu/sim_ws/install/lab6_pkg/share/lab6_pkg/hook/cmake_prefix_path.dsv'
[3.156s] INFO:colcon.colcon_core.shell:Creating environment hook '/home/lionelliu/sim_ws/install/lab6_pkg/share/lab6_pkg/hook/cmake_prefix_path.sh'
[3.157s] Level 1:colcon.colcon_core.environment:checking '/home/lionelliu/sim_ws/install/lab6_pkg/lib'
[3.157s] Level 1:colcon.colcon_core.environment:checking '/home/lionelliu/sim_ws/install/lab6_pkg/bin'
[3.157s] Level 1:colcon.colcon_core.environment:checking '/home/lionelliu/sim_ws/install/lab6_pkg/lib/pkgconfig/lab6_pkg.pc'
[3.158s] Level 1:colcon.colcon_core.environment:checking '/home/lionelliu/sim_ws/install/lab6_pkg/lib/python3.8/site-packages'
[3.158s] Level 1:colcon.colcon_core.shell:create_environment_hook('lab6_pkg', 'pythonpath')
[3.158s] INFO:colcon.colcon_core.shell:Creating environment hook '/home/lionelliu/sim_ws/install/lab6_pkg/share/lab6_pkg/hook/pythonpath.ps1'
[3.159s] INFO:colcon.colcon_core.shell:Creating environment descriptor '/home/lionelliu/sim_ws/install/lab6_pkg/share/lab6_pkg/hook/pythonpath.dsv'
[3.159s] INFO:colcon.colcon_core.shell:Creating environment hook '/home/lionelliu/sim_ws/install/lab6_pkg/share/lab6_pkg/hook/pythonpath.sh'
[3.160s] Level 1:colcon.colcon_core.environment:checking '/home/lionelliu/sim_ws/install/lab6_pkg/bin'
[3.161s] INFO:colcon.colcon_core.shell:Creating package script '/home/lionelliu/sim_ws/install/lab6_pkg/share/lab6_pkg/package.ps1'
[3.161s] INFO:colcon.colcon_core.shell:Creating package descriptor '/home/lionelliu/sim_ws/install/lab6_pkg/share/lab6_pkg/package.dsv'
[3.164s] INFO:colcon.colcon_core.shell:Creating package script '/home/lionelliu/sim_ws/install/lab6_pkg/share/lab6_pkg/package.sh'
[3.165s] INFO:colcon.colcon_core.shell:Creating package script '/home/lionelliu/sim_ws/install/lab6_pkg/share/lab6_pkg/package.bash'
[3.167s] INFO:colcon.colcon_core.shell:Creating package script '/home/lionelliu/sim_ws/install/lab6_pkg/share/lab6_pkg/package.zsh'
[3.168s] Level 1:colcon.colcon_core.environment:create_file_with_runtime_dependencies(/home/lionelliu/sim_ws/install/lab6_pkg/share/colcon-core/packages/lab6_pkg)
[3.172s] INFO:colcon.colcon_ros.task.ament_cmake.build:Building ROS package in '/home/lionelliu/sim_ws/src/lab-8-model-predictive-controlc-team-6/mpc' with build type 'ament_cmake'
[3.173s] INFO:colcon.colcon_cmake.task.cmake.build:Building CMake package in '/home/lionelliu/sim_ws/src/lab-8-model-predictive-controlc-team-6/mpc'
[3.175s] INFO:colcon.colcon_core.shell:Skip shell extension 'powershell' for command environment: Not usable outside of PowerShell
[3.175s] DEBUG:colcon.colcon_core.shell:Skip shell extension 'dsv' for command environment
[3.242s] DEBUG:colcon.colcon_core.event_handler.log_command:Invoking command in '/home/lionelliu/sim_ws/build/mpc': CMAKE_PREFIX_PATH=${CMAKE_PREFIX_PATH}:/home/lionelliu/sim_ws/install/f1tenth_gym_ros:/opt/ros/foxy /usr/bin/cmake --build /home/lionelliu/sim_ws/build/mpc -- -j2 -l2
[3.274s] DEBUG:colcon.colcon_core.event_handler.log_command:Invoking command in '/home/lionelliu/sim_ws/src/f1tenth_gym_ros': PYTHONPATH=/home/lionelliu/sim_ws/build/f1tenth_gym_ros/prefix_override:/home/lionelliu/sim_ws/install/f1tenth_gym_ros/lib/python3.8/site-packages:${PYTHONPATH} /usr/bin/python3 -W ignore:setup.py install is deprecated setup.py egg_info --egg-base ../../build/f1tenth_gym_ros build --build-base /home/lionelliu/sim_ws/build/f1tenth_gym_ros/build install --record /home/lionelliu/sim_ws/build/f1tenth_gym_ros/install.log --install-scripts $base/lib/f1tenth_gym_ros --single-version-externally-managed install_data
[3.556s] DEBUG:colcon.colcon_core.event_handler.log_command:Invoked command in '/home/lionelliu/sim_ws/build/mpc' returned '0': CMAKE_PREFIX_PATH=${CMAKE_PREFIX_PATH}:/home/lionelliu/sim_ws/install/f1tenth_gym_ros:/opt/ros/foxy /usr/bin/cmake --build /home/lionelliu/sim_ws/build/mpc -- -j2 -l2
[3.705s] DEBUG:colcon.colcon_core.event_handler.log_command:Invoking command in '/home/lionelliu/sim_ws/build/mpc': CMAKE_PREFIX_PATH=${CMAKE_PREFIX_PATH}:/home/lionelliu/sim_ws/install/f1tenth_gym_ros:/opt/ros/foxy /usr/bin/cmake --install /home/lionelliu/sim_ws/build/mpc
[3.871s] Level 1:colcon.colcon_core.environment:create_environment_scripts_only(mpc)
[3.871s] DEBUG:colcon.colcon_core.event_handler.log_command:Invoked command in '/home/lionelliu/sim_ws/build/mpc' returned '0': CMAKE_PREFIX_PATH=${CMAKE_PREFIX_PATH}:/home/lionelliu/sim_ws/install/f1tenth_gym_ros:/opt/ros/foxy /usr/bin/cmake --install /home/lionelliu/sim_ws/build/mpc
[3.872s] Level 1:colcon.colcon_core.environment:checking '/home/lionelliu/sim_ws/install/mpc' for CMake module files
[3.872s] Level 1:colcon.colcon_core.environment:checking '/home/lionelliu/sim_ws/install/mpc' for CMake config files
[3.875s] Level 1:colcon.colcon_core.shell:create_environment_hook('mpc', 'cmake_prefix_path')
[3.876s] INFO:colcon.colcon_core.shell:Creating environment hook '/home/lionelliu/sim_ws/install/mpc/share/mpc/hook/cmake_prefix_path.ps1'
[3.876s] INFO:colcon.colcon_core.shell:Creating environment descriptor '/home/lionelliu/sim_ws/install/mpc/share/mpc/hook/cmake_prefix_path.dsv'
[3.879s] INFO:colcon.colcon_core.shell:Creating environment hook '/home/lionelliu/sim_ws/install/mpc/share/mpc/hook/cmake_prefix_path.sh'
[3.880s] Level 1:colcon.colcon_core.environment:checking '/home/lionelliu/sim_ws/install/mpc/lib'
[3.880s] Level 1:colcon.colcon_core.environment:checking '/home/lionelliu/sim_ws/install/mpc/bin'
[3.880s] Level 1:colcon.colcon_core.environment:checking '/home/lionelliu/sim_ws/install/mpc/lib/pkgconfig/mpc.pc'
[3.880s] Level 1:colcon.colcon_core.environment:checking '/home/lionelliu/sim_ws/install/mpc/lib/python3.8/site-packages'
[3.880s] Level 1:colcon.colcon_core.shell:create_environment_hook('mpc', 'pythonpath')
[3.882s] INFO:colcon.colcon_core.shell:Creating environment hook '/home/lionelliu/sim_ws/install/mpc/share/mpc/hook/pythonpath.ps1'
[3.883s] INFO:colcon.colcon_core.shell:Creating environment descriptor '/home/lionelliu/sim_ws/install/mpc/share/mpc/hook/pythonpath.dsv'
[3.885s] INFO:colcon.colcon_core.shell:Creating environment hook '/home/lionelliu/sim_ws/install/mpc/share/mpc/hook/pythonpath.sh'
[3.888s] Level 1:colcon.colcon_core.environment:checking '/home/lionelliu/sim_ws/install/mpc/bin'
[3.888s] INFO:colcon.colcon_core.shell:Creating package script '/home/lionelliu/sim_ws/install/mpc/share/mpc/package.ps1'
[3.890s] INFO:colcon.colcon_core.shell:Creating package descriptor '/home/lionelliu/sim_ws/install/mpc/share/mpc/package.dsv'
[3.891s] INFO:colcon.colcon_core.shell:Creating package script '/home/lionelliu/sim_ws/install/mpc/share/mpc/package.sh'
[3.892s] INFO:colcon.colcon_core.shell:Creating package script '/home/lionelliu/sim_ws/install/mpc/share/mpc/package.bash'
[3.896s] INFO:colcon.colcon_core.shell:Creating package script '/home/lionelliu/sim_ws/install/mpc/share/mpc/package.zsh'
[3.900s] Level 1:colcon.colcon_core.environment:create_file_with_runtime_dependencies(/home/lionelliu/sim_ws/install/mpc/share/colcon-core/packages/mpc)
[4.104s] Level 1:colcon.colcon_core.environment:checking '/home/lionelliu/sim_ws/install/f1tenth_gym_ros' for CMake module files
[4.104s] DEBUG:colcon.colcon_core.event_handler.log_command:Invoked command in '/home/lionelliu/sim_ws/src/f1tenth_gym_ros' returned '0': PYTHONPATH=/home/lionelliu/sim_ws/build/f1tenth_gym_ros/prefix_override:/home/lionelliu/sim_ws/install/f1tenth_gym_ros/lib/python3.8/site-packages:${PYTHONPATH} /usr/bin/python3 -W ignore:setup.py install is deprecated setup.py egg_info --egg-base ../../build/f1tenth_gym_ros build --build-base /home/lionelliu/sim_ws/build/f1tenth_gym_ros/build install --record /home/lionelliu/sim_ws/build/f1tenth_gym_ros/install.log --install-scripts $base/lib/f1tenth_gym_ros --single-version-externally-managed install_data
[4.107s] Level 1:colcon.colcon_core.environment:checking '/home/lionelliu/sim_ws/install/f1tenth_gym_ros' for CMake config files
[4.108s] Level 1:colcon.colcon_core.environment:checking '/home/lionelliu/sim_ws/install/f1tenth_gym_ros/lib'
[4.109s] Level 1:colcon.colcon_core.environment:checking '/home/lionelliu/sim_ws/install/f1tenth_gym_ros/bin'
[4.109s] Level 1:colcon.colcon_core.environment:checking '/home/lionelliu/sim_ws/install/f1tenth_gym_ros/lib/pkgconfig/f1tenth_gym_ros.pc'
[4.109s] Level 1:colcon.colcon_core.environment:checking '/home/lionelliu/sim_ws/install/f1tenth_gym_ros/lib/python3.8/site-packages'
[4.109s] Level 1:colcon.colcon_core.shell:create_environment_hook('f1tenth_gym_ros', 'pythonpath')
[4.110s] INFO:colcon.colcon_core.shell:Creating environment hook '/home/lionelliu/sim_ws/install/f1tenth_gym_ros/share/f1tenth_gym_ros/hook/pythonpath.ps1'
[4.111s] INFO:colcon.colcon_core.shell:Creating environment descriptor '/home/lionelliu/sim_ws/install/f1tenth_gym_ros/share/f1tenth_gym_ros/hook/pythonpath.dsv'
[4.111s] INFO:colcon.colcon_core.shell:Creating environment hook '/home/lionelliu/sim_ws/install/f1tenth_gym_ros/share/f1tenth_gym_ros/hook/pythonpath.sh'
[4.112s] Level 1:colcon.colcon_core.environment:checking '/home/lionelliu/sim_ws/install/f1tenth_gym_ros/bin'
[4.112s] Level 1:colcon.colcon_core.environment:create_environment_scripts_only(f1tenth_gym_ros)
[4.117s] INFO:colcon.colcon_core.shell:Creating package script '/home/lionelliu/sim_ws/install/f1tenth_gym_ros/share/f1tenth_gym_ros/package.ps1'
[4.120s] INFO:colcon.colcon_core.shell:Creating package descriptor '/home/lionelliu/sim_ws/install/f1tenth_gym_ros/share/f1tenth_gym_ros/package.dsv'
[4.121s] INFO:colcon.colcon_core.shell:Creating package script '/home/lionelliu/sim_ws/install/f1tenth_gym_ros/share/f1tenth_gym_ros/package.sh'
[4.121s] INFO:colcon.colcon_core.shell:Creating package script '/home/lionelliu/sim_ws/install/f1tenth_gym_ros/share/f1tenth_gym_ros/package.bash'
[4.124s] INFO:colcon.colcon_core.shell:Creating package script '/home/lionelliu/sim_ws/install/f1tenth_gym_ros/share/f1tenth_gym_ros/package.zsh'
[4.125s] Level 1:colcon.colcon_core.environment:create_file_with_runtime_dependencies(/home/lionelliu/sim_ws/install/f1tenth_gym_ros/share/colcon-core/packages/f1tenth_gym_ros)
[4.125s] INFO:colcon.colcon_ros.task.ament_cmake.build:Building ROS package in '/home/lionelliu/sim_ws/src/lab-5-slam-and-pure-pursuit-team-6/pure_pursuit' with build type 'ament_cmake'
[4.127s] INFO:colcon.colcon_cmake.task.cmake.build:Building CMake package in '/home/lionelliu/sim_ws/src/lab-5-slam-and-pure-pursuit-team-6/pure_pursuit'
[4.128s] INFO:colcon.colcon_core.shell:Skip shell extension 'powershell' for command environment: Not usable outside of PowerShell
[4.128s] DEBUG:colcon.colcon_core.shell:Skip shell extension 'dsv' for command environment
[4.144s] Level 1:colcon.colcon_core.environment:create_environment_scripts_only(mpc)
[4.144s] Level 1:colcon.colcon_core.environment:checking '/home/lionelliu/sim_ws/install/mpc' for CMake module files
[4.145s] Level 1:colcon.colcon_core.environment:checking '/home/lionelliu/sim_ws/install/mpc' for CMake config files
[4.145s] Level 1:colcon.colcon_core.shell:create_environment_hook('mpc', 'cmake_prefix_path')
[4.145s] INFO:colcon.colcon_core.shell:Creating environment hook '/home/lionelliu/sim_ws/install/mpc/share/mpc/hook/cmake_prefix_path.ps1'
[4.150s] INFO:colcon.colcon_core.shell:Creating environment descriptor '/home/lionelliu/sim_ws/install/mpc/share/mpc/hook/cmake_prefix_path.dsv'
[4.151s] INFO:colcon.colcon_core.shell:Creating environment hook '/home/lionelliu/sim_ws/install/mpc/share/mpc/hook/cmake_prefix_path.sh'
[4.154s] Level 1:colcon.colcon_core.environment:checking '/home/lionelliu/sim_ws/install/mpc/lib'
[4.155s] Level 1:colcon.colcon_core.environment:checking '/home/lionelliu/sim_ws/install/mpc/bin'
[4.155s] Level 1:colcon.colcon_core.environment:checking '/home/lionelliu/sim_ws/install/mpc/lib/pkgconfig/mpc.pc'
[4.155s] Level 1:colcon.colcon_core.environment:checking '/home/lionelliu/sim_ws/install/mpc/lib/python3.8/site-packages'
[4.155s] Level 1:colcon.colcon_core.shell:create_environment_hook('mpc', 'pythonpath')
[4.155s] INFO:colcon.colcon_core.shell:Creating environment hook '/home/lionelliu/sim_ws/install/mpc/share/mpc/hook/pythonpath.ps1'
[4.156s] INFO:colcon.colcon_core.shell:Creating environment descriptor '/home/lionelliu/sim_ws/install/mpc/share/mpc/hook/pythonpath.dsv'
[4.157s] INFO:colcon.colcon_core.shell:Creating environment hook '/home/lionelliu/sim_ws/install/mpc/share/mpc/hook/pythonpath.sh'
[4.157s] Level 1:colcon.colcon_core.environment:checking '/home/lionelliu/sim_ws/install/mpc/bin'
[4.158s] INFO:colcon.colcon_core.shell:Creating package script '/home/lionelliu/sim_ws/install/mpc/share/mpc/package.ps1'
[4.158s] INFO:colcon.colcon_core.shell:Creating package descriptor '/home/lionelliu/sim_ws/install/mpc/share/mpc/package.dsv'
[4.159s] INFO:colcon.colcon_core.shell:Creating package script '/home/lionelliu/sim_ws/install/mpc/share/mpc/package.sh'
[4.160s] INFO:colcon.colcon_core.shell:Creating package script '/home/lionelliu/sim_ws/install/mpc/share/mpc/package.bash'
[4.160s] INFO:colcon.colcon_core.shell:Creating package script '/home/lionelliu/sim_ws/install/mpc/share/mpc/package.zsh'
[4.161s] Level 1:colcon.colcon_core.environment:create_file_with_runtime_dependencies(/home/lionelliu/sim_ws/install/mpc/share/colcon-core/packages/mpc)
[4.183s] DEBUG:colcon.colcon_core.event_handler.log_command:Invoking command in '/home/lionelliu/sim_ws/build/pure_pursuit': CMAKE_PREFIX_PATH=${CMAKE_PREFIX_PATH}:/home/lionelliu/sim_ws/install/f1tenth_gym_ros:/opt/ros/foxy /usr/bin/cmake --build /home/lionelliu/sim_ws/build/pure_pursuit -- -j2 -l2
[4.514s] DEBUG:colcon.colcon_core.event_handler.log_command:Invoked command in '/home/lionelliu/sim_ws/build/pure_pursuit' returned '0': CMAKE_PREFIX_PATH=${CMAKE_PREFIX_PATH}:/home/lionelliu/sim_ws/install/f1tenth_gym_ros:/opt/ros/foxy /usr/bin/cmake --build /home/lionelliu/sim_ws/build/pure_pursuit -- -j2 -l2
[4.579s] DEBUG:colcon.colcon_core.event_handler.log_command:Invoking command in '/home/lionelliu/sim_ws/build/pure_pursuit': CMAKE_PREFIX_PATH=${CMAKE_PREFIX_PATH}:/home/lionelliu/sim_ws/install/f1tenth_gym_ros:/opt/ros/foxy /usr/bin/cmake --install /home/lionelliu/sim_ws/build/pure_pursuit
[4.684s] Level 1:colcon.colcon_core.environment:create_environment_scripts_only(pure_pursuit)
[4.684s] Level 1:colcon.colcon_core.environment:checking '/home/lionelliu/sim_ws/install/pure_pursuit' for CMake module files
[4.687s] Level 1:colcon.colcon_core.environment:checking '/home/lionelliu/sim_ws/install/pure_pursuit' for CMake config files
[4.688s] DEBUG:colcon.colcon_core.event_handler.log_command:Invoked command in '/home/lionelliu/sim_ws/build/pure_pursuit' returned '0': CMAKE_PREFIX_PATH=${CMAKE_PREFIX_PATH}:/home/lionelliu/sim_ws/install/f1tenth_gym_ros:/opt/ros/foxy /usr/bin/cmake --install /home/lionelliu/sim_ws/build/pure_pursuit
[4.689s] Level 1:colcon.colcon_core.shell:create_environment_hook('pure_pursuit', 'cmake_prefix_path')
[4.691s] INFO:colcon.colcon_core.shell:Creating environment hook '/home/lionelliu/sim_ws/install/pure_pursuit/share/pure_pursuit/hook/cmake_prefix_path.ps1'
[4.692s] INFO:colcon.colcon_core.shell:Creating environment descriptor '/home/lionelliu/sim_ws/install/pure_pursuit/share/pure_pursuit/hook/cmake_prefix_path.dsv'
[4.692s] INFO:colcon.colcon_core.shell:Creating environment hook '/home/lionelliu/sim_ws/install/pure_pursuit/share/pure_pursuit/hook/cmake_prefix_path.sh'
[4.695s] Level 1:colcon.colcon_core.environment:checking '/home/lionelliu/sim_ws/install/pure_pursuit/lib'
[4.695s] Level 1:colcon.colcon_core.environment:checking '/home/lionelliu/sim_ws/install/pure_pursuit/bin'
[4.695s] Level 1:colcon.colcon_core.environment:checking '/home/lionelliu/sim_ws/install/pure_pursuit/lib/pkgconfig/pure_pursuit.pc'
[4.695s] Level 1:colcon.colcon_core.environment:checking '/home/lionelliu/sim_ws/install/pure_pursuit/lib/python3.8/site-packages'
[4.695s] Level 1:colcon.colcon_core.shell:create_environment_hook('pure_pursuit', 'pythonpath')
[4.696s] INFO:colcon.colcon_core.shell:Creating environment hook '/home/lionelliu/sim_ws/install/pure_pursuit/share/pure_pursuit/hook/pythonpath.ps1'
[4.696s] INFO:colcon.colcon_core.shell:Creating environment descriptor '/home/lionelliu/sim_ws/install/pure_pursuit/share/pure_pursuit/hook/pythonpath.dsv'
[4.697s] INFO:colcon.colcon_core.shell:Creating environment hook '/home/lionelliu/sim_ws/install/pure_pursuit/share/pure_pursuit/hook/pythonpath.sh'
[4.697s] Level 1:colcon.colcon_core.environment:checking '/home/lionelliu/sim_ws/install/pure_pursuit/bin'
[4.698s] INFO:colcon.colcon_core.shell:Creating package script '/home/lionelliu/sim_ws/install/pure_pursuit/share/pure_pursuit/package.ps1'
[4.699s] INFO:colcon.colcon_core.shell:Creating package descriptor '/home/lionelliu/sim_ws/install/pure_pursuit/share/pure_pursuit/package.dsv'
[4.699s] INFO:colcon.colcon_core.shell:Creating package script '/home/lionelliu/sim_ws/install/pure_pursuit/share/pure_pursuit/package.sh'
[4.700s] INFO:colcon.colcon_core.shell:Creating package script '/home/lionelliu/sim_ws/install/pure_pursuit/share/pure_pursuit/package.bash'
[4.700s] INFO:colcon.colcon_core.shell:Creating package script '/home/lionelliu/sim_ws/install/pure_pursuit/share/pure_pursuit/package.zsh'
[4.701s] Level 1:colcon.colcon_core.environment:create_file_with_runtime_dependencies(/home/lionelliu/sim_ws/install/pure_pursuit/share/colcon-core/packages/pure_pursuit)
[4.777s] Level 1:colcon.colcon_core.environment:create_environment_scripts_only(pure_pursuit)
[4.781s] Level 1:colcon.colcon_core.environment:checking '/home/lionelliu/sim_ws/install/pure_pursuit' for CMake module files
[4.781s] Level 1:colcon.colcon_core.environment:checking '/home/lionelliu/sim_ws/install/pure_pursuit' for CMake config files
[4.782s] Level 1:colcon.colcon_core.shell:create_environment_hook('pure_pursuit', 'cmake_prefix_path')
[4.782s] INFO:colcon.colcon_core.shell:Creating environment hook '/home/lionelliu/sim_ws/install/pure_pursuit/share/pure_pursuit/hook/cmake_prefix_path.ps1'
[4.786s] INFO:colcon.colcon_core.shell:Creating environment descriptor '/home/lionelliu/sim_ws/install/pure_pursuit/share/pure_pursuit/hook/cmake_prefix_path.dsv'
[4.787s] INFO:colcon.colcon_core.shell:Creating environment hook '/home/lionelliu/sim_ws/install/pure_pursuit/share/pure_pursuit/hook/cmake_prefix_path.sh'
[4.788s] Level 1:colcon.colcon_core.environment:checking '/home/lionelliu/sim_ws/install/pure_pursuit/lib'
[4.789s] Level 1:colcon.colcon_core.environment:checking '/home/lionelliu/sim_ws/install/pure_pursuit/bin'
[4.790s] Level 1:colcon.colcon_core.environment:checking '/home/lionelliu/sim_ws/install/pure_pursuit/lib/pkgconfig/pure_pursuit.pc'
[4.791s] Level 1:colcon.colcon_core.environment:checking '/home/lionelliu/sim_ws/install/pure_pursuit/lib/python3.8/site-packages'
[4.791s] Level 1:colcon.colcon_core.shell:create_environment_hook('pure_pursuit', 'pythonpath')
[4.791s] INFO:colcon.colcon_core.shell:Creating environment hook '/home/lionelliu/sim_ws/install/pure_pursuit/share/pure_pursuit/hook/pythonpath.ps1'
[4.795s] INFO:colcon.colcon_core.shell:Creating environment descriptor '/home/lionelliu/sim_ws/install/pure_pursuit/share/pure_pursuit/hook/pythonpath.dsv'
[4.796s] INFO:colcon.colcon_core.shell:Creating environment hook '/home/lionelliu/sim_ws/install/pure_pursuit/share/pure_pursuit/hook/pythonpath.sh'
[4.799s] Level 1:colcon.colcon_core.environment:checking '/home/lionelliu/sim_ws/install/pure_pursuit/bin'
[4.800s] INFO:colcon.colcon_core.shell:Creating package script '/home/lionelliu/sim_ws/install/pure_pursuit/share/pure_pursuit/package.ps1'
[4.801s] INFO:colcon.colcon_core.shell:Creating package descriptor '/home/lionelliu/sim_ws/install/pure_pursuit/share/pure_pursuit/package.dsv'
[4.803s] INFO:colcon.colcon_core.shell:Creating package script '/home/lionelliu/sim_ws/install/pure_pursuit/share/pure_pursuit/package.sh'
[4.804s] INFO:colcon.colcon_core.shell:Creating package script '/home/lionelliu/sim_ws/install/pure_pursuit/share/pure_pursuit/package.bash'
[4.804s] INFO:colcon.colcon_core.shell:Creating package script '/home/lionelliu/sim_ws/install/pure_pursuit/share/pure_pursuit/package.zsh'
[4.805s] Level 1:colcon.colcon_core.environment:create_file_with_runtime_dependencies(/home/lionelliu/sim_ws/install/pure_pursuit/share/colcon-core/packages/pure_pursuit)
[4.807s] DEBUG:colcon.colcon_parallel_executor.executor.parallel:closing loop
[4.808s] DEBUG:colcon.colcon_parallel_executor.executor.parallel:loop closed
[4.808s] DEBUG:colcon.colcon_parallel_executor.executor.parallel:run_until_complete finished with '0'
[4.808s] DEBUG:colcon.colcon_core.event_reactor:joining thread
[4.851s] INFO:colcon.colcon_core.plugin_system:Skipping extension 'colcon_notification.desktop_notification.terminal_notifier': Not used on non-Darwin systems
[4.852s] INFO:colcon.colcon_core.plugin_system:Skipping extension 'colcon_notification.desktop_notification.win32': Not used on non-Windows systems
[4.852s] INFO:colcon.colcon_notification.desktop_notification:Sending desktop notification using 'notify2'
[4.940s] DEBUG:colcon.colcon_core.event_reactor:joined thread
[4.941s] INFO:colcon.colcon_core.shell:Creating prefix script '/home/lionelliu/sim_ws/install/local_setup.ps1'
[4.943s] INFO:colcon.colcon_core.shell:Creating prefix util module '/home/lionelliu/sim_ws/install/_local_setup_util_ps1.py'
[4.945s] INFO:colcon.colcon_core.shell:Creating prefix chain script '/home/lionelliu/sim_ws/install/setup.ps1'
[4.948s] INFO:colcon.colcon_core.shell:Creating prefix script '/home/lionelliu/sim_ws/install/local_setup.sh'
[4.949s] INFO:colcon.colcon_core.shell:Creating prefix util module '/home/lionelliu/sim_ws/install/_local_setup_util_sh.py'
[4.950s] INFO:colcon.colcon_core.shell:Creating prefix chain script '/home/lionelliu/sim_ws/install/setup.sh'
[4.953s] INFO:colcon.colcon_core.shell:Creating prefix script '/home/lionelliu/sim_ws/install/local_setup.bash'
[4.954s] INFO:colcon.colcon_core.shell:Creating prefix chain script '/home/lionelliu/sim_ws/install/setup.bash'
[4.959s] INFO:colcon.colcon_core.shell:Creating prefix script '/home/lionelliu/sim_ws/install/local_setup.zsh'
[4.961s] INFO:colcon.colcon_core.shell:Creating prefix chain script '/home/lionelliu/sim_ws/install/setup.zsh'
