[0.032s] Invoking command in '/home/lionelliu/sim_ws/build/pure_pursuit': CMAKE_PREFIX_PATH=${CMAKE_PREFIX_PATH}:/home/lionelliu/sim_ws/install/f1tenth_gym_ros:/opt/ros/foxy /usr/bin/cmake --build /home/lionelliu/sim_ws/build/pure_pursuit -- -j2 -l2
[0.203s] [100%] Built target pure_pursuit_node
[0.221s] Invoked command in '/home/lionelliu/sim_ws/build/pure_pursuit' returned '0': CMAKE_PREFIX_PATH=${CMAKE_PREFIX_PATH}:/home/lionelliu/sim_ws/install/f1tenth_gym_ros:/opt/ros/foxy /usr/bin/cmake --build /home/lionelliu/sim_ws/build/pure_pursuit -- -j2 -l2
[0.272s] Invoking command in '/home/lionelliu/sim_ws/build/pure_pursuit': CMAKE_PREFIX_PATH=${CMAKE_PREFIX_PATH}:/home/lionelliu/sim_ws/install/f1tenth_gym_ros:/opt/ros/foxy /usr/bin/cmake --install /home/lionelliu/sim_ws/build/pure_pursuit
[0.287s] -- Install configuration: ""
[0.290s] -- Up-to-date: /home/lionelliu/sim_ws/install/pure_pursuit/lib/pure_pursuit/pure_pursuit_node
[0.291s] -- Up-to-date: /home/lionelliu/sim_ws/install/pure_pursuit/share/pure_pursuit/environment/pythonpath.sh
[0.292s] -- Up-to-date: /home/lionelliu/sim_ws/install/pure_pursuit/share/pure_pursuit/environment/pythonpath.dsv
[0.293s] -- Up-to-date: /home/lionelliu/sim_ws/install/pure_pursuit/lib/python3.8/site-packages/pure_pursuit
[0.293s] -- Up-to-date: /home/lionelliu/sim_ws/install/pure_pursuit/lib/python3.8/site-packages/pure_pursuit/__init__.py
[0.328s] Listing '/home/lionelliu/sim_ws/install/pure_pursuit/lib/python3.8/site-packages/pure_pursuit'...
[0.332s] -- Up-to-date: /home/lionelliu/sim_ws/install/pure_pursuit/lib/pure_pursuit/pure_pursuit_node.py
[0.334s] -- Up-to-date: /home/lionelliu/sim_ws/install/pure_pursuit/share/ament_index/resource_index/package_run_dependencies/pure_pursuit
[0.335s] -- Up-to-date: /home/lionelliu/sim_ws/install/pure_pursuit/share/ament_index/resource_index/parent_prefix_path/pure_pursuit
[0.336s] -- Up-to-date: /home/lionelliu/sim_ws/install/pure_pursuit/share/pure_pursuit/environment/ament_prefix_path.sh
[0.336s] -- Up-to-date: /home/lionelliu/sim_ws/install/pure_pursuit/share/pure_pursuit/environment/ament_prefix_path.dsv
[0.337s] -- Up-to-date: /home/lionelliu/sim_ws/install/pure_pursuit/share/pure_pursuit/environment/path.sh
[0.338s] -- Up-to-date: /home/lionelliu/sim_ws/install/pure_pursuit/share/pure_pursuit/environment/path.dsv
[0.339s] -- Up-to-date: /home/lionelliu/sim_ws/install/pure_pursuit/share/pure_pursuit/local_setup.bash
[0.339s] -- Up-to-date: /home/lionelliu/sim_ws/install/pure_pursuit/share/pure_pursuit/local_setup.sh
[0.340s] -- Up-to-date: /home/lionelliu/sim_ws/install/pure_pursuit/share/pure_pursuit/local_setup.zsh
[0.340s] -- Up-to-date: /home/lionelliu/sim_ws/install/pure_pursuit/share/pure_pursuit/local_setup.dsv
[0.342s] -- Installing: /home/lionelliu/sim_ws/install/pure_pursuit/share/pure_pursuit/package.dsv
[0.344s] -- Up-to-date: /home/lionelliu/sim_ws/install/pure_pursuit/share/ament_index/resource_index/packages/pure_pursuit
[0.345s] -- Up-to-date: /home/lionelliu/sim_ws/install/pure_pursuit/share/pure_pursuit/cmake/pure_pursuitConfig.cmake
[0.345s] -- Up-to-date: /home/lionelliu/sim_ws/install/pure_pursuit/share/pure_pursuit/cmake/pure_pursuitConfig-version.cmake
[0.347s] -- Up-to-date: /home/lionelliu/sim_ws/install/pure_pursuit/share/pure_pursuit/package.xml
[0.348s] Invoked command in '/home/lionelliu/sim_ws/build/pure_pursuit' returned '0': CMAKE_PREFIX_PATH=${CMAKE_PREFIX_PATH}:/home/lionelliu/sim_ws/install/f1tenth_gym_ros:/opt/ros/foxy /usr/bin/cmake --install /home/lionelliu/sim_ws/build/pure_pursuit
