[0.437s] DEBUG:colcon:Command line arguments: ['/usr/local/bin/colcon', 'build']
[0.437s] DEBUG:colcon:Parsed command line arguments: Namespace(ament_cmake_args=None, base_paths=['.'], build_base='build', catkin_cmake_args=None, catkin_skip_building_tests=False, cmake_args=None, cmake_clean_cache=False, cmake_clean_first=False, cmake_force_configure=False, cmake_target=None, cmake_target_skip_unavailable=False, continue_on_error=False, event_handlers=None, executor='parallel', ignore_user_meta=False, install_base='install', log_base=None, log_level=None, main=<bound method BuildVerb.main of <colcon_core.verb.build.BuildVerb object at 0x7ff078c6d100>>, merge_install=False, metas=['./colcon.meta'], packages_above=None, packages_above_and_dependencies=None, packages_above_depth=None, packages_end=None, packages_ignore=None, packages_ignore_regex=None, packages_select=None, packages_select_build_failed=False, packages_select_by_dep=None, packages_select_regex=None, packages_select_test_failures=False, packages_skip=None, packages_skip_build_finished=False, packages_skip_by_dep=None, packages_skip_regex=None, packages_skip_test_passed=False, packages_skip_up_to=None, packages_start=None, packages_up_to=None, packages_up_to_regex=None, parallel_workers=2, paths=None, symlink_install=False, test_result_base=None, verb_extension=<colcon_core.verb.build.BuildVerb object at 0x7ff078c6d100>, verb_name='build', verb_parser=<colcon_defaults.argument_parser.defaults.DefaultArgumentsDecorator object at 0x7ff078b909d0>)
[0.651s] Level 1:colcon.colcon_core.package_discovery:discover_packages(colcon_meta) check parameters
[0.651s] Level 1:colcon.colcon_core.package_discovery:discover_packages(recursive) check parameters
[0.652s] Level 1:colcon.colcon_core.package_discovery:discover_packages(ignore) check parameters
[0.652s] Level 1:colcon.colcon_core.package_discovery:discover_packages(path) check parameters
[0.652s] Level 1:colcon.colcon_core.package_discovery:discover_packages(colcon_meta) discover
[0.652s] Level 1:colcon.colcon_core.package_discovery:discover_packages(recursive) discover
[0.652s] INFO:colcon.colcon_core.package_discovery:Crawling recursively for packages in '/home/lionelliu/sim_ws'
[0.653s] Level 1:colcon.colcon_core.package_identification:_identify(.) by extensions ['ignore', 'ignore_ament_install']
[0.653s] Level 1:colcon.colcon_core.package_identification:_identify(.) by extension 'ignore'
[0.653s] Level 1:colcon.colcon_core.package_identification:_identify(.) by extension 'ignore_ament_install'
[0.654s] Level 1:colcon.colcon_core.package_identification:_identify(.) by extensions ['colcon_pkg']
[0.654s] Level 1:colcon.colcon_core.package_identification:_identify(.) by extension 'colcon_pkg'
[0.654s] Level 1:colcon.colcon_core.package_identification:_identify(.) by extensions ['colcon_meta']
[0.654s] Level 1:colcon.colcon_core.package_identification:_identify(.) by extension 'colcon_meta'
[0.654s] Level 1:colcon.colcon_core.package_identification:_identify(.) by extensions ['ros']
[0.654s] Level 1:colcon.colcon_core.package_identification:_identify(.) by extension 'ros'
[0.670s] Level 1:colcon.colcon_core.package_identification:_identify(.) by extensions ['cmake', 'python']
[0.670s] Level 1:colcon.colcon_core.package_identification:_identify(.) by extension 'cmake'
[0.671s] Level 1:colcon.colcon_core.package_identification:_identify(.) by extension 'python'
[0.671s] Level 1:colcon.colcon_core.package_identification:_identify(.) by extensions ['python_setup_py']
[0.671s] Level 1:colcon.colcon_core.package_identification:_identify(.) by extension 'python_setup_py'
[0.671s] Level 1:colcon.colcon_core.package_identification:_identify(build) by extensions ['ignore', 'ignore_ament_install']
[0.671s] Level 1:colcon.colcon_core.package_identification:_identify(build) by extension 'ignore'
[0.672s] Level 1:colcon.colcon_core.package_identification:_identify(build) ignored
[0.672s] Level 1:colcon.colcon_core.package_identification:_identify(install) by extensions ['ignore', 'ignore_ament_install']
[0.672s] Level 1:colcon.colcon_core.package_identification:_identify(install) by extension 'ignore'
[0.672s] Level 1:colcon.colcon_core.package_identification:_identify(install) ignored
[0.672s] Level 1:colcon.colcon_core.package_identification:_identify(log) by extensions ['ignore', 'ignore_ament_install']
[0.673s] Level 1:colcon.colcon_core.package_identification:_identify(log) by extension 'ignore'
[0.673s] Level 1:colcon.colcon_core.package_identification:_identify(log) ignored
[0.673s] Level 1:colcon.colcon_core.package_identification:_identify(src) by extensions ['ignore', 'ignore_ament_install']
[0.674s] Level 1:colcon.colcon_core.package_identification:_identify(src) by extension 'ignore'
[0.674s] Level 1:colcon.colcon_core.package_identification:_identify(src) by extension 'ignore_ament_install'
[0.674s] Level 1:colcon.colcon_core.package_identification:_identify(src) by extensions ['colcon_pkg']
[0.674s] Level 1:colcon.colcon_core.package_identification:_identify(src) by extension 'colcon_pkg'
[0.674s] Level 1:colcon.colcon_core.package_identification:_identify(src) by extensions ['colcon_meta']
[0.674s] Level 1:colcon.colcon_core.package_identification:_identify(src) by extension 'colcon_meta'
[0.675s] Level 1:colcon.colcon_core.package_identification:_identify(src) by extensions ['ros']
[0.675s] Level 1:colcon.colcon_core.package_identification:_identify(src) by extension 'ros'
[0.675s] Level 1:colcon.colcon_core.package_identification:_identify(src) by extensions ['cmake', 'python']
[0.675s] Level 1:colcon.colcon_core.package_identification:_identify(src) by extension 'cmake'
[0.675s] Level 1:colcon.colcon_core.package_identification:_identify(src) by extension 'python'
[0.675s] Level 1:colcon.colcon_core.package_identification:_identify(src) by extensions ['python_setup_py']
[0.676s] Level 1:colcon.colcon_core.package_identification:_identify(src) by extension 'python_setup_py'
[0.676s] Level 1:colcon.colcon_core.package_identification:_identify(src/csv_data) by extensions ['ignore', 'ignore_ament_install']
[0.676s] Level 1:colcon.colcon_core.package_identification:_identify(src/csv_data) by extension 'ignore'
[0.676s] Level 1:colcon.colcon_core.package_identification:_identify(src/csv_data) by extension 'ignore_ament_install'
[0.676s] Level 1:colcon.colcon_core.package_identification:_identify(src/csv_data) by extensions ['colcon_pkg']
[0.676s] Level 1:colcon.colcon_core.package_identification:_identify(src/csv_data) by extension 'colcon_pkg'
[0.677s] Level 1:colcon.colcon_core.package_identification:_identify(src/csv_data) by extensions ['colcon_meta']
[0.677s] Level 1:colcon.colcon_core.package_identification:_identify(src/csv_data) by extension 'colcon_meta'
[0.677s] Level 1:colcon.colcon_core.package_identification:_identify(src/csv_data) by extensions ['ros']
[0.677s] Level 1:colcon.colcon_core.package_identification:_identify(src/csv_data) by extension 'ros'
[0.678s] Level 1:colcon.colcon_core.package_identification:_identify(src/csv_data) by extensions ['cmake', 'python']
[0.678s] Level 1:colcon.colcon_core.package_identification:_identify(src/csv_data) by extension 'cmake'
[0.678s] Level 1:colcon.colcon_core.package_identification:_identify(src/csv_data) by extension 'python'
[0.678s] Level 1:colcon.colcon_core.package_identification:_identify(src/csv_data) by extensions ['python_setup_py']
[0.678s] Level 1:colcon.colcon_core.package_identification:_identify(src/csv_data) by extension 'python_setup_py'
[0.679s] Level 1:colcon.colcon_core.package_identification:_identify(src/f1tenth_gym_ros) by extensions ['ignore', 'ignore_ament_install']
[0.679s] Level 1:colcon.colcon_core.package_identification:_identify(src/f1tenth_gym_ros) by extension 'ignore'
[0.679s] Level 1:colcon.colcon_core.package_identification:_identify(src/f1tenth_gym_ros) by extension 'ignore_ament_install'
[0.679s] Level 1:colcon.colcon_core.package_identification:_identify(src/f1tenth_gym_ros) by extensions ['colcon_pkg']
[0.679s] Level 1:colcon.colcon_core.package_identification:_identify(src/f1tenth_gym_ros) by extension 'colcon_pkg'
[0.679s] Level 1:colcon.colcon_core.package_identification:_identify(src/f1tenth_gym_ros) by extensions ['colcon_meta']
[0.679s] Level 1:colcon.colcon_core.package_identification:_identify(src/f1tenth_gym_ros) by extension 'colcon_meta'
[0.680s] Level 1:colcon.colcon_core.package_identification:_identify(src/f1tenth_gym_ros) by extensions ['ros']
[0.680s] Level 1:colcon.colcon_core.package_identification:_identify(src/f1tenth_gym_ros) by extension 'ros'
[0.683s] DEBUG:colcon.colcon_core.package_identification:Package 'src/f1tenth_gym_ros' with type 'ros.ament_python' and name 'f1tenth_gym_ros'
[0.684s] Level 1:colcon.colcon_core.package_identification:_identify(src/lab-5-slam-and-pure-pursuit-team-6) by extensions ['ignore', 'ignore_ament_install']
[0.684s] Level 1:colcon.colcon_core.package_identification:_identify(src/lab-5-slam-and-pure-pursuit-team-6) by extension 'ignore'
[0.684s] Level 1:colcon.colcon_core.package_identification:_identify(src/lab-5-slam-and-pure-pursuit-team-6) by extension 'ignore_ament_install'
[0.684s] Level 1:colcon.colcon_core.package_identification:_identify(src/lab-5-slam-and-pure-pursuit-team-6) by extensions ['colcon_pkg']
[0.684s] Level 1:colcon.colcon_core.package_identification:_identify(src/lab-5-slam-and-pure-pursuit-team-6) by extension 'colcon_pkg'
[0.684s] Level 1:colcon.colcon_core.package_identification:_identify(src/lab-5-slam-and-pure-pursuit-team-6) by extensions ['colcon_meta']
[0.685s] Level 1:colcon.colcon_core.package_identification:_identify(src/lab-5-slam-and-pure-pursuit-team-6) by extension 'colcon_meta'
[0.685s] Level 1:colcon.colcon_core.package_identification:_identify(src/lab-5-slam-and-pure-pursuit-team-6) by extensions ['ros']
[0.685s] Level 1:colcon.colcon_core.package_identification:_identify(src/lab-5-slam-and-pure-pursuit-team-6) by extension 'ros'
[0.686s] Level 1:colcon.colcon_core.package_identification:_identify(src/lab-5-slam-and-pure-pursuit-team-6) by extensions ['cmake', 'python']
[0.686s] Level 1:colcon.colcon_core.package_identification:_identify(src/lab-5-slam-and-pure-pursuit-team-6) by extension 'cmake'
[0.686s] Level 1:colcon.colcon_core.package_identification:_identify(src/lab-5-slam-and-pure-pursuit-team-6) by extension 'python'
[0.686s] Level 1:colcon.colcon_core.package_identification:_identify(src/lab-5-slam-and-pure-pursuit-team-6) by extensions ['python_setup_py']
[0.686s] Level 1:colcon.colcon_core.package_identification:_identify(src/lab-5-slam-and-pure-pursuit-team-6) by extension 'python_setup_py'
[0.686s] Level 1:colcon.colcon_core.package_identification:_identify(src/lab-5-slam-and-pure-pursuit-team-6/map) by extensions ['ignore', 'ignore_ament_install']
[0.687s] Level 1:colcon.colcon_core.package_identification:_identify(src/lab-5-slam-and-pure-pursuit-team-6/map) by extension 'ignore'
[0.687s] Level 1:colcon.colcon_core.package_identification:_identify(src/lab-5-slam-and-pure-pursuit-team-6/map) by extension 'ignore_ament_install'
[0.687s] Level 1:colcon.colcon_core.package_identification:_identify(src/lab-5-slam-and-pure-pursuit-team-6/map) by extensions ['colcon_pkg']
[0.687s] Level 1:colcon.colcon_core.package_identification:_identify(src/lab-5-slam-and-pure-pursuit-team-6/map) by extension 'colcon_pkg'
[0.687s] Level 1:colcon.colcon_core.package_identification:_identify(src/lab-5-slam-and-pure-pursuit-team-6/map) by extensions ['colcon_meta']
[0.687s] Level 1:colcon.colcon_core.package_identification:_identify(src/lab-5-slam-and-pure-pursuit-team-6/map) by extension 'colcon_meta'
[0.688s] Level 1:colcon.colcon_core.package_identification:_identify(src/lab-5-slam-and-pure-pursuit-team-6/map) by extensions ['ros']
[0.688s] Level 1:colcon.colcon_core.package_identification:_identify(src/lab-5-slam-and-pure-pursuit-team-6/map) by extension 'ros'
[0.688s] Level 1:colcon.colcon_core.package_identification:_identify(src/lab-5-slam-and-pure-pursuit-team-6/map) by extensions ['cmake', 'python']
[0.688s] Level 1:colcon.colcon_core.package_identification:_identify(src/lab-5-slam-and-pure-pursuit-team-6/map) by extension 'cmake'
[0.688s] Level 1:colcon.colcon_core.package_identification:_identify(src/lab-5-slam-and-pure-pursuit-team-6/map) by extension 'python'
[0.689s] Level 1:colcon.colcon_core.package_identification:_identify(src/lab-5-slam-and-pure-pursuit-team-6/map) by extensions ['python_setup_py']
[0.689s] Level 1:colcon.colcon_core.package_identification:_identify(src/lab-5-slam-and-pure-pursuit-team-6/map) by extension 'python_setup_py'
[0.689s] Level 1:colcon.colcon_core.package_identification:_identify(src/lab-5-slam-and-pure-pursuit-team-6/pure_pursuit) by extensions ['ignore', 'ignore_ament_install']
[0.690s] Level 1:colcon.colcon_core.package_identification:_identify(src/lab-5-slam-and-pure-pursuit-team-6/pure_pursuit) by extension 'ignore'
[0.690s] Level 1:colcon.colcon_core.package_identification:_identify(src/lab-5-slam-and-pure-pursuit-team-6/pure_pursuit) by extension 'ignore_ament_install'
[0.690s] Level 1:colcon.colcon_core.package_identification:_identify(src/lab-5-slam-and-pure-pursuit-team-6/pure_pursuit) by extensions ['colcon_pkg']
[0.690s] Level 1:colcon.colcon_core.package_identification:_identify(src/lab-5-slam-and-pure-pursuit-team-6/pure_pursuit) by extension 'colcon_pkg'
[0.690s] Level 1:colcon.colcon_core.package_identification:_identify(src/lab-5-slam-and-pure-pursuit-team-6/pure_pursuit) by extensions ['colcon_meta']
[0.690s] Level 1:colcon.colcon_core.package_identification:_identify(src/lab-5-slam-and-pure-pursuit-team-6/pure_pursuit) by extension 'colcon_meta'
[0.691s] Level 1:colcon.colcon_core.package_identification:_identify(src/lab-5-slam-and-pure-pursuit-team-6/pure_pursuit) by extensions ['ros']
[0.691s] Level 1:colcon.colcon_core.package_identification:_identify(src/lab-5-slam-and-pure-pursuit-team-6/pure_pursuit) by extension 'ros'
[0.692s] DEBUG:colcon.colcon_core.package_identification:Package 'src/lab-5-slam-and-pure-pursuit-team-6/pure_pursuit' with type 'ros.ament_cmake' and name 'pure_pursuit'
[0.692s] Level 1:colcon.colcon_core.package_identification:_identify(src/lab-6-motion-planning-team-6) by extensions ['ignore', 'ignore_ament_install']
[0.693s] Level 1:colcon.colcon_core.package_identification:_identify(src/lab-6-motion-planning-team-6) by extension 'ignore'
[0.693s] Level 1:colcon.colcon_core.package_identification:_identify(src/lab-6-motion-planning-team-6) by extension 'ignore_ament_install'
[0.693s] Level 1:colcon.colcon_core.package_identification:_identify(src/lab-6-motion-planning-team-6) by extensions ['colcon_pkg']
[0.693s] Level 1:colcon.colcon_core.package_identification:_identify(src/lab-6-motion-planning-team-6) by extension 'colcon_pkg'
[0.693s] Level 1:colcon.colcon_core.package_identification:_identify(src/lab-6-motion-planning-team-6) by extensions ['colcon_meta']
[0.694s] Level 1:colcon.colcon_core.package_identification:_identify(src/lab-6-motion-planning-team-6) by extension 'colcon_meta'
[0.694s] Level 1:colcon.colcon_core.package_identification:_identify(src/lab-6-motion-planning-team-6) by extensions ['ros']
[0.694s] Level 1:colcon.colcon_core.package_identification:_identify(src/lab-6-motion-planning-team-6) by extension 'ros'
[0.694s] Level 1:colcon.colcon_core.package_identification:_identify(src/lab-6-motion-planning-team-6) by extensions ['cmake', 'python']
[0.695s] Level 1:colcon.colcon_core.package_identification:_identify(src/lab-6-motion-planning-team-6) by extension 'cmake'
[0.695s] Level 1:colcon.colcon_core.package_identification:_identify(src/lab-6-motion-planning-team-6) by extension 'python'
[0.695s] Level 1:colcon.colcon_core.package_identification:_identify(src/lab-6-motion-planning-team-6) by extensions ['python_setup_py']
[0.695s] Level 1:colcon.colcon_core.package_identification:_identify(src/lab-6-motion-planning-team-6) by extension 'python_setup_py'
[0.695s] Level 1:colcon.colcon_core.package_identification:_identify(src/lab-6-motion-planning-team-6/imgs) by extensions ['ignore', 'ignore_ament_install']
[0.696s] Level 1:colcon.colcon_core.package_identification:_identify(src/lab-6-motion-planning-team-6/imgs) by extension 'ignore'
[0.696s] Level 1:colcon.colcon_core.package_identification:_identify(src/lab-6-motion-planning-team-6/imgs) by extension 'ignore_ament_install'
[0.697s] Level 1:colcon.colcon_core.package_identification:_identify(src/lab-6-motion-planning-team-6/imgs) by extensions ['colcon_pkg']
[0.697s] Level 1:colcon.colcon_core.package_identification:_identify(src/lab-6-motion-planning-team-6/imgs) by extension 'colcon_pkg'
[0.697s] Level 1:colcon.colcon_core.package_identification:_identify(src/lab-6-motion-planning-team-6/imgs) by extensions ['colcon_meta']
[0.697s] Level 1:colcon.colcon_core.package_identification:_identify(src/lab-6-motion-planning-team-6/imgs) by extension 'colcon_meta'
[0.698s] Level 1:colcon.colcon_core.package_identification:_identify(src/lab-6-motion-planning-team-6/imgs) by extensions ['ros']
[0.698s] Level 1:colcon.colcon_core.package_identification:_identify(src/lab-6-motion-planning-team-6/imgs) by extension 'ros'
[0.698s] Level 1:colcon.colcon_core.package_identification:_identify(src/lab-6-motion-planning-team-6/imgs) by extensions ['cmake', 'python']
[0.699s] Level 1:colcon.colcon_core.package_identification:_identify(src/lab-6-motion-planning-team-6/imgs) by extension 'cmake'
[0.699s] Level 1:colcon.colcon_core.package_identification:_identify(src/lab-6-motion-planning-team-6/imgs) by extension 'python'
[0.699s] Level 1:colcon.colcon_core.package_identification:_identify(src/lab-6-motion-planning-team-6/imgs) by extensions ['python_setup_py']
[0.699s] Level 1:colcon.colcon_core.package_identification:_identify(src/lab-6-motion-planning-team-6/imgs) by extension 'python_setup_py'
[0.699s] Level 1:colcon.colcon_core.package_identification:_identify(src/lab-6-motion-planning-team-6/lab6_pkg) by extensions ['ignore', 'ignore_ament_install']
[0.699s] Level 1:colcon.colcon_core.package_identification:_identify(src/lab-6-motion-planning-team-6/lab6_pkg) by extension 'ignore'
[0.700s] Level 1:colcon.colcon_core.package_identification:_identify(src/lab-6-motion-planning-team-6/lab6_pkg) by extension 'ignore_ament_install'
[0.700s] Level 1:colcon.colcon_core.package_identification:_identify(src/lab-6-motion-planning-team-6/lab6_pkg) by extensions ['colcon_pkg']
[0.700s] Level 1:colcon.colcon_core.package_identification:_identify(src/lab-6-motion-planning-team-6/lab6_pkg) by extension 'colcon_pkg'
[0.700s] Level 1:colcon.colcon_core.package_identification:_identify(src/lab-6-motion-planning-team-6/lab6_pkg) by extensions ['colcon_meta']
[0.700s] Level 1:colcon.colcon_core.package_identification:_identify(src/lab-6-motion-planning-team-6/lab6_pkg) by extension 'colcon_meta'
[0.700s] Level 1:colcon.colcon_core.package_identification:_identify(src/lab-6-motion-planning-team-6/lab6_pkg) by extensions ['ros']
[0.701s] Level 1:colcon.colcon_core.package_identification:_identify(src/lab-6-motion-planning-team-6/lab6_pkg) by extension 'ros'
[0.702s] DEBUG:colcon.colcon_core.package_identification:Package 'src/lab-6-motion-planning-team-6/lab6_pkg' with type 'ros.ament_cmake' and name 'lab6_pkg'
[0.703s] Level 1:colcon.colcon_core.package_identification:_identify(src/lab-7-vision-lab-team-6) by extensions ['ignore', 'ignore_ament_install']
[0.703s] Level 1:colcon.colcon_core.package_identification:_identify(src/lab-7-vision-lab-team-6) by extension 'ignore'
[0.703s] Level 1:colcon.colcon_core.package_identification:_identify(src/lab-7-vision-lab-team-6) by extension 'ignore_ament_install'
[0.703s] Level 1:colcon.colcon_core.package_identification:_identify(src/lab-7-vision-lab-team-6) by extensions ['colcon_pkg']
[0.703s] Level 1:colcon.colcon_core.package_identification:_identify(src/lab-7-vision-lab-team-6) by extension 'colcon_pkg'
[0.703s] Level 1:colcon.colcon_core.package_identification:_identify(src/lab-7-vision-lab-team-6) by extensions ['colcon_meta']
[0.704s] Level 1:colcon.colcon_core.package_identification:_identify(src/lab-7-vision-lab-team-6) by extension 'colcon_meta'
[0.704s] Level 1:colcon.colcon_core.package_identification:_identify(src/lab-7-vision-lab-team-6) by extensions ['ros']
[0.704s] Level 1:colcon.colcon_core.package_identification:_identify(src/lab-7-vision-lab-team-6) by extension 'ros'
[0.704s] Level 1:colcon.colcon_core.package_identification:_identify(src/lab-7-vision-lab-team-6) by extensions ['cmake', 'python']
[0.704s] Level 1:colcon.colcon_core.package_identification:_identify(src/lab-7-vision-lab-team-6) by extension 'cmake'
[0.705s] Level 1:colcon.colcon_core.package_identification:_identify(src/lab-7-vision-lab-team-6) by extension 'python'
[0.705s] Level 1:colcon.colcon_core.package_identification:_identify(src/lab-7-vision-lab-team-6) by extensions ['python_setup_py']
[0.705s] Level 1:colcon.colcon_core.package_identification:_identify(src/lab-7-vision-lab-team-6) by extension 'python_setup_py'
[0.706s] Level 1:colcon.colcon_core.package_identification:_identify(src/lab-7-vision-lab-team-6/calibration) by extensions ['ignore', 'ignore_ament_install']
[0.706s] Level 1:colcon.colcon_core.package_identification:_identify(src/lab-7-vision-lab-team-6/calibration) by extension 'ignore'
[0.706s] Level 1:colcon.colcon_core.package_identification:_identify(src/lab-7-vision-lab-team-6/calibration) by extension 'ignore_ament_install'
[0.706s] Level 1:colcon.colcon_core.package_identification:_identify(src/lab-7-vision-lab-team-6/calibration) by extensions ['colcon_pkg']
[0.706s] Level 1:colcon.colcon_core.package_identification:_identify(src/lab-7-vision-lab-team-6/calibration) by extension 'colcon_pkg'
[0.706s] Level 1:colcon.colcon_core.package_identification:_identify(src/lab-7-vision-lab-team-6/calibration) by extensions ['colcon_meta']
[0.707s] Level 1:colcon.colcon_core.package_identification:_identify(src/lab-7-vision-lab-team-6/calibration) by extension 'colcon_meta'
[0.707s] Level 1:colcon.colcon_core.package_identification:_identify(src/lab-7-vision-lab-team-6/calibration) by extensions ['ros']
[0.707s] Level 1:colcon.colcon_core.package_identification:_identify(src/lab-7-vision-lab-team-6/calibration) by extension 'ros'
[0.707s] Level 1:colcon.colcon_core.package_identification:_identify(src/lab-7-vision-lab-team-6/calibration) by extensions ['cmake', 'python']
[0.707s] Level 1:colcon.colcon_core.package_identification:_identify(src/lab-7-vision-lab-team-6/calibration) by extension 'cmake'
[0.707s] Level 1:colcon.colcon_core.package_identification:_identify(src/lab-7-vision-lab-team-6/calibration) by extension 'python'
[0.707s] Level 1:colcon.colcon_core.package_identification:_identify(src/lab-7-vision-lab-team-6/calibration) by extensions ['python_setup_py']
[0.708s] Level 1:colcon.colcon_core.package_identification:_identify(src/lab-7-vision-lab-team-6/calibration) by extension 'python_setup_py'
[0.708s] Level 1:colcon.colcon_core.package_identification:_identify(src/lab-7-vision-lab-team-6/imgs) by extensions ['ignore', 'ignore_ament_install']
[0.708s] Level 1:colcon.colcon_core.package_identification:_identify(src/lab-7-vision-lab-team-6/imgs) by extension 'ignore'
[0.708s] Level 1:colcon.colcon_core.package_identification:_identify(src/lab-7-vision-lab-team-6/imgs) by extension 'ignore_ament_install'
[0.708s] Level 1:colcon.colcon_core.package_identification:_identify(src/lab-7-vision-lab-team-6/imgs) by extensions ['colcon_pkg']
[0.709s] Level 1:colcon.colcon_core.package_identification:_identify(src/lab-7-vision-lab-team-6/imgs) by extension 'colcon_pkg'
[0.709s] Level 1:colcon.colcon_core.package_identification:_identify(src/lab-7-vision-lab-team-6/imgs) by extensions ['colcon_meta']
[0.709s] Level 1:colcon.colcon_core.package_identification:_identify(src/lab-7-vision-lab-team-6/imgs) by extension 'colcon_meta'
[0.710s] Level 1:colcon.colcon_core.package_identification:_identify(src/lab-7-vision-lab-team-6/imgs) by extensions ['ros']
[0.710s] Level 1:colcon.colcon_core.package_identification:_identify(src/lab-7-vision-lab-team-6/imgs) by extension 'ros'
[0.710s] Level 1:colcon.colcon_core.package_identification:_identify(src/lab-7-vision-lab-team-6/imgs) by extensions ['cmake', 'python']
[0.710s] Level 1:colcon.colcon_core.package_identification:_identify(src/lab-7-vision-lab-team-6/imgs) by extension 'cmake'
[0.710s] Level 1:colcon.colcon_core.package_identification:_identify(src/lab-7-vision-lab-team-6/imgs) by extension 'python'
[0.710s] Level 1:colcon.colcon_core.package_identification:_identify(src/lab-7-vision-lab-team-6/imgs) by extensions ['python_setup_py']
[0.710s] Level 1:colcon.colcon_core.package_identification:_identify(src/lab-7-vision-lab-team-6/imgs) by extension 'python_setup_py'
[0.711s] Level 1:colcon.colcon_core.package_identification:_identify(src/lab-7-vision-lab-team-6/resource) by extensions ['ignore', 'ignore_ament_install']
[0.711s] Level 1:colcon.colcon_core.package_identification:_identify(src/lab-7-vision-lab-team-6/resource) by extension 'ignore'
[0.711s] Level 1:colcon.colcon_core.package_identification:_identify(src/lab-7-vision-lab-team-6/resource) by extension 'ignore_ament_install'
[0.711s] Level 1:colcon.colcon_core.package_identification:_identify(src/lab-7-vision-lab-team-6/resource) by extensions ['colcon_pkg']
[0.711s] Level 1:colcon.colcon_core.package_identification:_identify(src/lab-7-vision-lab-team-6/resource) by extension 'colcon_pkg'
[0.712s] Level 1:colcon.colcon_core.package_identification:_identify(src/lab-7-vision-lab-team-6/resource) by extensions ['colcon_meta']
[0.712s] Level 1:colcon.colcon_core.package_identification:_identify(src/lab-7-vision-lab-team-6/resource) by extension 'colcon_meta'
[0.712s] Level 1:colcon.colcon_core.package_identification:_identify(src/lab-7-vision-lab-team-6/resource) by extensions ['ros']
[0.712s] Level 1:colcon.colcon_core.package_identification:_identify(src/lab-7-vision-lab-team-6/resource) by extension 'ros'
[0.712s] Level 1:colcon.colcon_core.package_identification:_identify(src/lab-7-vision-lab-team-6/resource) by extensions ['cmake', 'python']
[0.712s] Level 1:colcon.colcon_core.package_identification:_identify(src/lab-7-vision-lab-team-6/resource) by extension 'cmake'
[0.713s] Level 1:colcon.colcon_core.package_identification:_identify(src/lab-7-vision-lab-team-6/resource) by extension 'python'
[0.713s] Level 1:colcon.colcon_core.package_identification:_identify(src/lab-7-vision-lab-team-6/resource) by extensions ['python_setup_py']
[0.713s] Level 1:colcon.colcon_core.package_identification:_identify(src/lab-7-vision-lab-team-6/resource) by extension 'python_setup_py'
[0.714s] Level 1:colcon.colcon_core.package_identification:_identify(src/lab-8-model-predictive-controlc-team-6) by extensions ['ignore', 'ignore_ament_install']
[0.714s] Level 1:colcon.colcon_core.package_identification:_identify(src/lab-8-model-predictive-controlc-team-6) by extension 'ignore'
[0.714s] Level 1:colcon.colcon_core.package_identification:_identify(src/lab-8-model-predictive-controlc-team-6) by extension 'ignore_ament_install'
[0.714s] Level 1:colcon.colcon_core.package_identification:_identify(src/lab-8-model-predictive-controlc-team-6) by extensions ['colcon_pkg']
[0.714s] Level 1:colcon.colcon_core.package_identification:_identify(src/lab-8-model-predictive-controlc-team-6) by extension 'colcon_pkg'
[0.714s] Level 1:colcon.colcon_core.package_identification:_identify(src/lab-8-model-predictive-controlc-team-6) by extensions ['colcon_meta']
[0.715s] Level 1:colcon.colcon_core.package_identification:_identify(src/lab-8-model-predictive-controlc-team-6) by extension 'colcon_meta'
[0.715s] Level 1:colcon.colcon_core.package_identification:_identify(src/lab-8-model-predictive-controlc-team-6) by extensions ['ros']
[0.715s] Level 1:colcon.colcon_core.package_identification:_identify(src/lab-8-model-predictive-controlc-team-6) by extension 'ros'
[0.715s] Level 1:colcon.colcon_core.package_identification:_identify(src/lab-8-model-predictive-controlc-team-6) by extensions ['cmake', 'python']
[0.715s] Level 1:colcon.colcon_core.package_identification:_identify(src/lab-8-model-predictive-controlc-team-6) by extension 'cmake'
[0.715s] Level 1:colcon.colcon_core.package_identification:_identify(src/lab-8-model-predictive-controlc-team-6) by extension 'python'
[0.716s] Level 1:colcon.colcon_core.package_identification:_identify(src/lab-8-model-predictive-controlc-team-6) by extensions ['python_setup_py']
[0.716s] Level 1:colcon.colcon_core.package_identification:_identify(src/lab-8-model-predictive-controlc-team-6) by extension 'python_setup_py'
[0.716s] Level 1:colcon.colcon_core.package_identification:_identify(src/lab-8-model-predictive-controlc-team-6/mpc) by extensions ['ignore', 'ignore_ament_install']
[0.716s] Level 1:colcon.colcon_core.package_identification:_identify(src/lab-8-model-predictive-controlc-team-6/mpc) by extension 'ignore'
[0.716s] Level 1:colcon.colcon_core.package_identification:_identify(src/lab-8-model-predictive-controlc-team-6/mpc) by extension 'ignore_ament_install'
[0.716s] Level 1:colcon.colcon_core.package_identification:_identify(src/lab-8-model-predictive-controlc-team-6/mpc) by extensions ['colcon_pkg']
[0.717s] Level 1:colcon.colcon_core.package_identification:_identify(src/lab-8-model-predictive-controlc-team-6/mpc) by extension 'colcon_pkg'
[0.717s] Level 1:colcon.colcon_core.package_identification:_identify(src/lab-8-model-predictive-controlc-team-6/mpc) by extensions ['colcon_meta']
[0.717s] Level 1:colcon.colcon_core.package_identification:_identify(src/lab-8-model-predictive-controlc-team-6/mpc) by extension 'colcon_meta'
[0.717s] Level 1:colcon.colcon_core.package_identification:_identify(src/lab-8-model-predictive-controlc-team-6/mpc) by extensions ['ros']
[0.718s] Level 1:colcon.colcon_core.package_identification:_identify(src/lab-8-model-predictive-controlc-team-6/mpc) by extension 'ros'
[0.719s] DEBUG:colcon.colcon_core.package_identification:Package 'src/lab-8-model-predictive-controlc-team-6/mpc' with type 'ros.ament_cmake' and name 'mpc'
[0.719s] Level 1:colcon.colcon_core.package_discovery:discover_packages(recursive) using defaults
[0.720s] Level 1:colcon.colcon_core.package_discovery:discover_packages(ignore) discover
[0.720s] Level 1:colcon.colcon_core.package_discovery:discover_packages(ignore) using defaults
[0.720s] Level 1:colcon.colcon_core.package_discovery:discover_packages(path) discover
[0.720s] Level 1:colcon.colcon_core.package_discovery:discover_packages(path) using defaults
[0.750s] Level 5:colcon.colcon_core.verb:set package 'f1tenth_gym_ros' build argument 'cmake_args' from command line to 'None'
[0.750s] Level 5:colcon.colcon_core.verb:set package 'f1tenth_gym_ros' build argument 'cmake_target' from command line to 'None'
[0.750s] Level 5:colcon.colcon_core.verb:set package 'f1tenth_gym_ros' build argument 'cmake_target_skip_unavailable' from command line to 'False'
[0.750s] Level 5:colcon.colcon_core.verb:set package 'f1tenth_gym_ros' build argument 'cmake_clean_cache' from command line to 'False'
[0.751s] Level 5:colcon.colcon_core.verb:set package 'f1tenth_gym_ros' build argument 'cmake_clean_first' from command line to 'False'
[0.751s] Level 5:colcon.colcon_core.verb:set package 'f1tenth_gym_ros' build argument 'cmake_force_configure' from command line to 'False'
[0.751s] Level 5:colcon.colcon_core.verb:set package 'f1tenth_gym_ros' build argument 'ament_cmake_args' from command line to 'None'
[0.751s] Level 5:colcon.colcon_core.verb:set package 'f1tenth_gym_ros' build argument 'catkin_cmake_args' from command line to 'None'
[0.751s] Level 5:colcon.colcon_core.verb:set package 'f1tenth_gym_ros' build argument 'catkin_skip_building_tests' from command line to 'False'
[0.751s] DEBUG:colcon.colcon_core.verb:Building package 'f1tenth_gym_ros' with the following arguments: {'ament_cmake_args': None, 'build_base': '/home/lionelliu/sim_ws/build/f1tenth_gym_ros', 'catkin_cmake_args': None, 'catkin_skip_building_tests': False, 'cmake_args': None, 'cmake_clean_cache': False, 'cmake_clean_first': False, 'cmake_force_configure': False, 'cmake_target': None, 'cmake_target_skip_unavailable': False, 'install_base': '/home/lionelliu/sim_ws/install/f1tenth_gym_ros', 'merge_install': False, 'path': '/home/lionelliu/sim_ws/src/f1tenth_gym_ros', 'symlink_install': False, 'test_result_base': None}
[0.752s] Level 5:colcon.colcon_core.verb:set package 'lab6_pkg' build argument 'cmake_args' from command line to 'None'
[0.752s] Level 5:colcon.colcon_core.verb:set package 'lab6_pkg' build argument 'cmake_target' from command line to 'None'
[0.753s] Level 5:colcon.colcon_core.verb:set package 'lab6_pkg' build argument 'cmake_target_skip_unavailable' from command line to 'False'
[0.753s] Level 5:colcon.colcon_core.verb:set package 'lab6_pkg' build argument 'cmake_clean_cache' from command line to 'False'
[0.753s] Level 5:colcon.colcon_core.verb:set package 'lab6_pkg' build argument 'cmake_clean_first' from command line to 'False'
[0.753s] Level 5:colcon.colcon_core.verb:set package 'lab6_pkg' build argument 'cmake_force_configure' from command line to 'False'
[0.754s] Level 5:colcon.colcon_core.verb:set package 'lab6_pkg' build argument 'ament_cmake_args' from command line to 'None'
[0.754s] Level 5:colcon.colcon_core.verb:set package 'lab6_pkg' build argument 'catkin_cmake_args' from command line to 'None'
[0.754s] Level 5:colcon.colcon_core.verb:set package 'lab6_pkg' build argument 'catkin_skip_building_tests' from command line to 'False'
[0.754s] DEBUG:colcon.colcon_core.verb:Building package 'lab6_pkg' with the following arguments: {'ament_cmake_args': None, 'build_base': '/home/lionelliu/sim_ws/build/lab6_pkg', 'catkin_cmake_args': None, 'catkin_skip_building_tests': False, 'cmake_args': None, 'cmake_clean_cache': False, 'cmake_clean_first': False, 'cmake_force_configure': False, 'cmake_target': None, 'cmake_target_skip_unavailable': False, 'install_base': '/home/lionelliu/sim_ws/install/lab6_pkg', 'merge_install': False, 'path': '/home/lionelliu/sim_ws/src/lab-6-motion-planning-team-6/lab6_pkg', 'symlink_install': False, 'test_result_base': None}
[0.755s] Level 5:colcon.colcon_core.verb:set package 'mpc' build argument 'cmake_args' from command line to 'None'
[0.755s] Level 5:colcon.colcon_core.verb:set package 'mpc' build argument 'cmake_target' from command line to 'None'
[0.755s] Level 5:colcon.colcon_core.verb:set package 'mpc' build argument 'cmake_target_skip_unavailable' from command line to 'False'
[0.755s] Level 5:colcon.colcon_core.verb:set package 'mpc' build argument 'cmake_clean_cache' from command line to 'False'
[0.756s] Level 5:colcon.colcon_core.verb:set package 'mpc' build argument 'cmake_clean_first' from command line to 'False'
[0.756s] Level 5:colcon.colcon_core.verb:set package 'mpc' build argument 'cmake_force_configure' from command line to 'False'
[0.756s] Level 5:colcon.colcon_core.verb:set package 'mpc' build argument 'ament_cmake_args' from command line to 'None'
[0.756s] Level 5:colcon.colcon_core.verb:set package 'mpc' build argument 'catkin_cmake_args' from command line to 'None'
[0.756s] Level 5:colcon.colcon_core.verb:set package 'mpc' build argument 'catkin_skip_building_tests' from command line to 'False'
[0.756s] DEBUG:colcon.colcon_core.verb:Building package 'mpc' with the following arguments: {'ament_cmake_args': None, 'build_base': '/home/lionelliu/sim_ws/build/mpc', 'catkin_cmake_args': None, 'catkin_skip_building_tests': False, 'cmake_args': None, 'cmake_clean_cache': False, 'cmake_clean_first': False, 'cmake_force_configure': False, 'cmake_target': None, 'cmake_target_skip_unavailable': False, 'install_base': '/home/lionelliu/sim_ws/install/mpc', 'merge_install': False, 'path': '/home/lionelliu/sim_ws/src/lab-8-model-predictive-controlc-team-6/mpc', 'symlink_install': False, 'test_result_base': None}
[0.757s] Level 5:colcon.colcon_core.verb:set package 'pure_pursuit' build argument 'cmake_args' from command line to 'None'
[0.757s] Level 5:colcon.colcon_core.verb:set package 'pure_pursuit' build argument 'cmake_target' from command line to 'None'
[0.757s] Level 5:colcon.colcon_core.verb:set package 'pure_pursuit' build argument 'cmake_target_skip_unavailable' from command line to 'False'
[0.757s] Level 5:colcon.colcon_core.verb:set package 'pure_pursuit' build argument 'cmake_clean_cache' from command line to 'False'
[0.757s] Level 5:colcon.colcon_core.verb:set package 'pure_pursuit' build argument 'cmake_clean_first' from command line to 'False'
[0.758s] Level 5:colcon.colcon_core.verb:set package 'pure_pursuit' build argument 'cmake_force_configure' from command line to 'False'
[0.758s] Level 5:colcon.colcon_core.verb:set package 'pure_pursuit' build argument 'ament_cmake_args' from command line to 'None'
[0.758s] Level 5:colcon.colcon_core.verb:set package 'pure_pursuit' build argument 'catkin_cmake_args' from command line to 'None'
[0.758s] Level 5:colcon.colcon_core.verb:set package 'pure_pursuit' build argument 'catkin_skip_building_tests' from command line to 'False'
[0.759s] DEBUG:colcon.colcon_core.verb:Building package 'pure_pursuit' with the following arguments: {'ament_cmake_args': None, 'build_base': '/home/lionelliu/sim_ws/build/pure_pursuit', 'catkin_cmake_args': None, 'catkin_skip_building_tests': False, 'cmake_args': None, 'cmake_clean_cache': False, 'cmake_clean_first': False, 'cmake_force_configure': False, 'cmake_target': None, 'cmake_target_skip_unavailable': False, 'install_base': '/home/lionelliu/sim_ws/install/pure_pursuit', 'merge_install': False, 'path': '/home/lionelliu/sim_ws/src/lab-5-slam-and-pure-pursuit-team-6/pure_pursuit', 'symlink_install': False, 'test_result_base': None}
[0.759s] INFO:colcon.colcon_core.executor:Executing jobs using 'parallel' executor
[0.762s] DEBUG:colcon.colcon_parallel_executor.executor.parallel:run_until_complete
[0.762s] INFO:colcon.colcon_ros.task.ament_python.build:Building ROS package in '/home/lionelliu/sim_ws/src/f1tenth_gym_ros' with build type 'ament_python'
[0.763s] Level 1:colcon.colcon_core.shell:create_environment_hook('f1tenth_gym_ros', 'ament_prefix_path')
[0.771s] INFO:colcon.colcon_core.plugin_system:Skipping extension 'colcon_core.shell.bat': Not used on non-Windows systems
[0.776s] INFO:colcon.colcon_core.shell:Creating environment hook '/home/lionelliu/sim_ws/install/f1tenth_gym_ros/share/f1tenth_gym_ros/hook/ament_prefix_path.ps1'
[0.777s] INFO:colcon.colcon_core.shell:Creating environment descriptor '/home/lionelliu/sim_ws/install/f1tenth_gym_ros/share/f1tenth_gym_ros/hook/ament_prefix_path.dsv'
[0.778s] INFO:colcon.colcon_core.shell:Creating environment hook '/home/lionelliu/sim_ws/install/f1tenth_gym_ros/share/f1tenth_gym_ros/hook/ament_prefix_path.sh'
[0.779s] INFO:colcon.colcon_core.shell:Skip shell extension 'powershell' for command environment: Not usable outside of PowerShell
[0.779s] DEBUG:colcon.colcon_core.shell:Skip shell extension 'dsv' for command environment
[0.796s] INFO:colcon.colcon_ros.task.ament_cmake.build:Building ROS package in '/home/lionelliu/sim_ws/src/lab-6-motion-planning-team-6/lab6_pkg' with build type 'ament_cmake'
[0.797s] INFO:colcon.colcon_cmake.task.cmake.build:Building CMake package in '/home/lionelliu/sim_ws/src/lab-6-motion-planning-team-6/lab6_pkg'
[0.798s] INFO:colcon.colcon_core.shell:Skip shell extension 'powershell' for command environment: Not usable outside of PowerShell
[0.798s] DEBUG:colcon.colcon_core.shell:Skip shell extension 'dsv' for command environment
[1.117s] INFO:colcon.colcon_core.task.python.build:Building Python package in '/home/lionelliu/sim_ws/src/f1tenth_gym_ros'
[1.118s] INFO:colcon.colcon_core.shell:Skip shell extension 'powershell' for command environment: Not usable outside of PowerShell
[1.119s] DEBUG:colcon.colcon_core.shell:Skip shell extension 'dsv' for command environment
[1.139s] DEBUG:colcon.colcon_core.event_handler.log_command:Invoking command in '/home/lionelliu/sim_ws/build/lab6_pkg': CMAKE_PREFIX_PATH=${CMAKE_PREFIX_PATH}:/home/lionelliu/sim_ws/install/f1tenth_gym_ros:/opt/ros/foxy /usr/bin/cmake --build /home/lionelliu/sim_ws/build/lab6_pkg -- -j2 -l2
[1.341s] DEBUG:colcon.colcon_core.event_handler.log_command:Invoked command in '/home/lionelliu/sim_ws/build/lab6_pkg' returned '0': CMAKE_PREFIX_PATH=${CMAKE_PREFIX_PATH}:/home/lionelliu/sim_ws/install/f1tenth_gym_ros:/opt/ros/foxy /usr/bin/cmake --build /home/lionelliu/sim_ws/build/lab6_pkg -- -j2 -l2
[1.444s] DEBUG:colcon.colcon_core.event_handler.log_command:Invoking command in '/home/lionelliu/sim_ws/build/lab6_pkg': CMAKE_PREFIX_PATH=${CMAKE_PREFIX_PATH}:/home/lionelliu/sim_ws/install/f1tenth_gym_ros:/opt/ros/foxy /usr/bin/cmake --install /home/lionelliu/sim_ws/build/lab6_pkg
[1.568s] Level 1:colcon.colcon_core.environment:create_environment_scripts_only(lab6_pkg)
[1.570s] DEBUG:colcon.colcon_core.event_handler.log_command:Invoked command in '/home/lionelliu/sim_ws/build/lab6_pkg' returned '0': CMAKE_PREFIX_PATH=${CMAKE_PREFIX_PATH}:/home/lionelliu/sim_ws/install/f1tenth_gym_ros:/opt/ros/foxy /usr/bin/cmake --install /home/lionelliu/sim_ws/build/lab6_pkg
[1.580s] Level 1:colcon.colcon_core.environment:checking '/home/lionelliu/sim_ws/install/lab6_pkg' for CMake module files
[1.582s] Level 1:colcon.colcon_core.environment:checking '/home/lionelliu/sim_ws/install/lab6_pkg' for CMake config files
[1.583s] Level 1:colcon.colcon_core.shell:create_environment_hook('lab6_pkg', 'cmake_prefix_path')
[1.584s] INFO:colcon.colcon_core.shell:Creating environment hook '/home/lionelliu/sim_ws/install/lab6_pkg/share/lab6_pkg/hook/cmake_prefix_path.ps1'
[1.586s] INFO:colcon.colcon_core.shell:Creating environment descriptor '/home/lionelliu/sim_ws/install/lab6_pkg/share/lab6_pkg/hook/cmake_prefix_path.dsv'
[1.587s] INFO:colcon.colcon_core.shell:Creating environment hook '/home/lionelliu/sim_ws/install/lab6_pkg/share/lab6_pkg/hook/cmake_prefix_path.sh'
[1.588s] Level 1:colcon.colcon_core.environment:checking '/home/lionelliu/sim_ws/install/lab6_pkg/lib'
[1.590s] Level 1:colcon.colcon_core.environment:checking '/home/lionelliu/sim_ws/install/lab6_pkg/bin'
[1.591s] Level 1:colcon.colcon_core.environment:checking '/home/lionelliu/sim_ws/install/lab6_pkg/lib/pkgconfig/lab6_pkg.pc'
[1.591s] Level 1:colcon.colcon_core.environment:checking '/home/lionelliu/sim_ws/install/lab6_pkg/lib/python3.8/site-packages'
[1.591s] Level 1:colcon.colcon_core.shell:create_environment_hook('lab6_pkg', 'pythonpath')
[1.591s] INFO:colcon.colcon_core.shell:Creating environment hook '/home/lionelliu/sim_ws/install/lab6_pkg/share/lab6_pkg/hook/pythonpath.ps1'
[1.594s] INFO:colcon.colcon_core.shell:Creating environment descriptor '/home/lionelliu/sim_ws/install/lab6_pkg/share/lab6_pkg/hook/pythonpath.dsv'
[1.595s] INFO:colcon.colcon_core.shell:Creating environment hook '/home/lionelliu/sim_ws/install/lab6_pkg/share/lab6_pkg/hook/pythonpath.sh'
[1.596s] Level 1:colcon.colcon_core.environment:checking '/home/lionelliu/sim_ws/install/lab6_pkg/bin'
[1.598s] INFO:colcon.colcon_core.shell:Creating package script '/home/lionelliu/sim_ws/install/lab6_pkg/share/lab6_pkg/package.ps1'
[1.599s] INFO:colcon.colcon_core.shell:Creating package descriptor '/home/lionelliu/sim_ws/install/lab6_pkg/share/lab6_pkg/package.dsv'
[1.600s] INFO:colcon.colcon_core.shell:Creating package script '/home/lionelliu/sim_ws/install/lab6_pkg/share/lab6_pkg/package.sh'
[1.603s] INFO:colcon.colcon_core.shell:Creating package script '/home/lionelliu/sim_ws/install/lab6_pkg/share/lab6_pkg/package.bash'
[1.606s] INFO:colcon.colcon_core.shell:Creating package script '/home/lionelliu/sim_ws/install/lab6_pkg/share/lab6_pkg/package.zsh'
[1.608s] Level 1:colcon.colcon_core.environment:create_file_with_runtime_dependencies(/home/lionelliu/sim_ws/install/lab6_pkg/share/colcon-core/packages/lab6_pkg)
[1.756s] Level 1:colcon.colcon_core.environment:create_environment_scripts_only(lab6_pkg)
[1.759s] Level 1:colcon.colcon_core.environment:checking '/home/lionelliu/sim_ws/install/lab6_pkg' for CMake module files
[1.760s] Level 1:colcon.colcon_core.environment:checking '/home/lionelliu/sim_ws/install/lab6_pkg' for CMake config files
[1.763s] Level 1:colcon.colcon_core.shell:create_environment_hook('lab6_pkg', 'cmake_prefix_path')
[1.763s] INFO:colcon.colcon_core.shell:Creating environment hook '/home/lionelliu/sim_ws/install/lab6_pkg/share/lab6_pkg/hook/cmake_prefix_path.ps1'
[1.766s] INFO:colcon.colcon_core.shell:Creating environment descriptor '/home/lionelliu/sim_ws/install/lab6_pkg/share/lab6_pkg/hook/cmake_prefix_path.dsv'
[1.767s] INFO:colcon.colcon_core.shell:Creating environment hook '/home/lionelliu/sim_ws/install/lab6_pkg/share/lab6_pkg/hook/cmake_prefix_path.sh'
[1.770s] Level 1:colcon.colcon_core.environment:checking '/home/lionelliu/sim_ws/install/lab6_pkg/lib'
[1.770s] Level 1:colcon.colcon_core.environment:checking '/home/lionelliu/sim_ws/install/lab6_pkg/bin'
[1.770s] Level 1:colcon.colcon_core.environment:checking '/home/lionelliu/sim_ws/install/lab6_pkg/lib/pkgconfig/lab6_pkg.pc'
[1.771s] Level 1:colcon.colcon_core.environment:checking '/home/lionelliu/sim_ws/install/lab6_pkg/lib/python3.8/site-packages'
[1.771s] Level 1:colcon.colcon_core.shell:create_environment_hook('lab6_pkg', 'pythonpath')
[1.771s] INFO:colcon.colcon_core.shell:Creating environment hook '/home/lionelliu/sim_ws/install/lab6_pkg/share/lab6_pkg/hook/pythonpath.ps1'
[1.774s] INFO:colcon.colcon_core.shell:Creating environment descriptor '/home/lionelliu/sim_ws/install/lab6_pkg/share/lab6_pkg/hook/pythonpath.dsv'
[1.776s] INFO:colcon.colcon_core.shell:Creating environment hook '/home/lionelliu/sim_ws/install/lab6_pkg/share/lab6_pkg/hook/pythonpath.sh'
[1.778s] Level 1:colcon.colcon_core.environment:checking '/home/lionelliu/sim_ws/install/lab6_pkg/bin'
[1.779s] INFO:colcon.colcon_core.shell:Creating package script '/home/lionelliu/sim_ws/install/lab6_pkg/share/lab6_pkg/package.ps1'
[1.780s] INFO:colcon.colcon_core.shell:Creating package descriptor '/home/lionelliu/sim_ws/install/lab6_pkg/share/lab6_pkg/package.dsv'
[1.783s] INFO:colcon.colcon_core.shell:Creating package script '/home/lionelliu/sim_ws/install/lab6_pkg/share/lab6_pkg/package.sh'
[1.784s] INFO:colcon.colcon_core.shell:Creating package script '/home/lionelliu/sim_ws/install/lab6_pkg/share/lab6_pkg/package.bash'
[1.786s] INFO:colcon.colcon_core.shell:Creating package script '/home/lionelliu/sim_ws/install/lab6_pkg/share/lab6_pkg/package.zsh'
[1.787s] Level 1:colcon.colcon_core.environment:create_file_with_runtime_dependencies(/home/lionelliu/sim_ws/install/lab6_pkg/share/colcon-core/packages/lab6_pkg)
[1.788s] INFO:colcon.colcon_ros.task.ament_cmake.build:Building ROS package in '/home/lionelliu/sim_ws/src/lab-8-model-predictive-controlc-team-6/mpc' with build type 'ament_cmake'
[1.788s] INFO:colcon.colcon_cmake.task.cmake.build:Building CMake package in '/home/lionelliu/sim_ws/src/lab-8-model-predictive-controlc-team-6/mpc'
[1.790s] INFO:colcon.colcon_core.shell:Skip shell extension 'powershell' for command environment: Not usable outside of PowerShell
[1.791s] DEBUG:colcon.colcon_core.shell:Skip shell extension 'dsv' for command environment
[1.839s] DEBUG:colcon.colcon_core.event_handler.log_command:Invoking command in '/home/lionelliu/sim_ws/build/mpc': CMAKE_PREFIX_PATH=${CMAKE_PREFIX_PATH}:/home/lionelliu/sim_ws/install/f1tenth_gym_ros:/opt/ros/foxy /usr/bin/cmake --build /home/lionelliu/sim_ws/build/mpc -- -j2 -l2
[2.085s] DEBUG:colcon.colcon_core.event_handler.log_command:Invoking command in '/home/lionelliu/sim_ws/src/f1tenth_gym_ros': PYTHONPATH=/home/lionelliu/sim_ws/build/f1tenth_gym_ros/prefix_override:/home/lionelliu/sim_ws/install/f1tenth_gym_ros/lib/python3.8/site-packages:${PYTHONPATH} /usr/bin/python3 -W ignore:setup.py install is deprecated setup.py egg_info --egg-base ../../build/f1tenth_gym_ros build --build-base /home/lionelliu/sim_ws/build/f1tenth_gym_ros/build install --record /home/lionelliu/sim_ws/build/f1tenth_gym_ros/install.log --install-scripts $base/lib/f1tenth_gym_ros --single-version-externally-managed install_data
[2.154s] DEBUG:colcon.colcon_core.event_handler.log_command:Invoked command in '/home/lionelliu/sim_ws/build/mpc' returned '0': CMAKE_PREFIX_PATH=${CMAKE_PREFIX_PATH}:/home/lionelliu/sim_ws/install/f1tenth_gym_ros:/opt/ros/foxy /usr/bin/cmake --build /home/lionelliu/sim_ws/build/mpc -- -j2 -l2
[2.237s] DEBUG:colcon.colcon_core.event_handler.log_command:Invoking command in '/home/lionelliu/sim_ws/build/mpc': CMAKE_PREFIX_PATH=${CMAKE_PREFIX_PATH}:/home/lionelliu/sim_ws/install/f1tenth_gym_ros:/opt/ros/foxy /usr/bin/cmake --install /home/lionelliu/sim_ws/build/mpc
[2.316s] Level 1:colcon.colcon_core.environment:create_environment_scripts_only(mpc)
[2.317s] Level 1:colcon.colcon_core.environment:checking '/home/lionelliu/sim_ws/install/mpc' for CMake module files
[2.318s] Level 1:colcon.colcon_core.environment:checking '/home/lionelliu/sim_ws/install/mpc' for CMake config files
[2.318s] Level 1:colcon.colcon_core.shell:create_environment_hook('mpc', 'cmake_prefix_path')
[2.318s] INFO:colcon.colcon_core.shell:Creating environment hook '/home/lionelliu/sim_ws/install/mpc/share/mpc/hook/cmake_prefix_path.ps1'
[2.320s] DEBUG:colcon.colcon_core.event_handler.log_command:Invoked command in '/home/lionelliu/sim_ws/build/mpc' returned '0': CMAKE_PREFIX_PATH=${CMAKE_PREFIX_PATH}:/home/lionelliu/sim_ws/install/f1tenth_gym_ros:/opt/ros/foxy /usr/bin/cmake --install /home/lionelliu/sim_ws/build/mpc
[2.321s] INFO:colcon.colcon_core.shell:Creating environment descriptor '/home/lionelliu/sim_ws/install/mpc/share/mpc/hook/cmake_prefix_path.dsv'
[2.322s] INFO:colcon.colcon_core.shell:Creating environment hook '/home/lionelliu/sim_ws/install/mpc/share/mpc/hook/cmake_prefix_path.sh'
[2.326s] Level 1:colcon.colcon_core.environment:checking '/home/lionelliu/sim_ws/install/mpc/lib'
[2.327s] Level 1:colcon.colcon_core.environment:checking '/home/lionelliu/sim_ws/install/mpc/bin'
[2.327s] Level 1:colcon.colcon_core.environment:checking '/home/lionelliu/sim_ws/install/mpc/lib/pkgconfig/mpc.pc'
[2.328s] Level 1:colcon.colcon_core.environment:checking '/home/lionelliu/sim_ws/install/mpc/lib/python3.8/site-packages'
[2.329s] Level 1:colcon.colcon_core.shell:create_environment_hook('mpc', 'pythonpath')
[2.329s] INFO:colcon.colcon_core.shell:Creating environment hook '/home/lionelliu/sim_ws/install/mpc/share/mpc/hook/pythonpath.ps1'
[2.330s] INFO:colcon.colcon_core.shell:Creating environment descriptor '/home/lionelliu/sim_ws/install/mpc/share/mpc/hook/pythonpath.dsv'
[2.330s] INFO:colcon.colcon_core.shell:Creating environment hook '/home/lionelliu/sim_ws/install/mpc/share/mpc/hook/pythonpath.sh'
[2.331s] Level 1:colcon.colcon_core.environment:checking '/home/lionelliu/sim_ws/install/mpc/bin'
[2.331s] INFO:colcon.colcon_core.shell:Creating package script '/home/lionelliu/sim_ws/install/mpc/share/mpc/package.ps1'
[2.332s] INFO:colcon.colcon_core.shell:Creating package descriptor '/home/lionelliu/sim_ws/install/mpc/share/mpc/package.dsv'
[2.332s] INFO:colcon.colcon_core.shell:Creating package script '/home/lionelliu/sim_ws/install/mpc/share/mpc/package.sh'
[2.333s] INFO:colcon.colcon_core.shell:Creating package script '/home/lionelliu/sim_ws/install/mpc/share/mpc/package.bash'
[2.334s] INFO:colcon.colcon_core.shell:Creating package script '/home/lionelliu/sim_ws/install/mpc/share/mpc/package.zsh'
[2.334s] Level 1:colcon.colcon_core.environment:create_file_with_runtime_dependencies(/home/lionelliu/sim_ws/install/mpc/share/colcon-core/packages/mpc)
[2.450s] Level 1:colcon.colcon_core.environment:create_environment_scripts_only(mpc)
[2.451s] Level 1:colcon.colcon_core.environment:checking '/home/lionelliu/sim_ws/install/mpc' for CMake module files
[2.455s] Level 1:colcon.colcon_core.environment:checking '/home/lionelliu/sim_ws/install/mpc' for CMake config files
[2.457s] Level 1:colcon.colcon_core.shell:create_environment_hook('mpc', 'cmake_prefix_path')
[2.457s] INFO:colcon.colcon_core.shell:Creating environment hook '/home/lionelliu/sim_ws/install/mpc/share/mpc/hook/cmake_prefix_path.ps1'
[2.458s] INFO:colcon.colcon_core.shell:Creating environment descriptor '/home/lionelliu/sim_ws/install/mpc/share/mpc/hook/cmake_prefix_path.dsv'
[2.459s] INFO:colcon.colcon_core.shell:Creating environment hook '/home/lionelliu/sim_ws/install/mpc/share/mpc/hook/cmake_prefix_path.sh'
[2.460s] Level 1:colcon.colcon_core.environment:checking '/home/lionelliu/sim_ws/install/mpc/lib'
[2.460s] Level 1:colcon.colcon_core.environment:checking '/home/lionelliu/sim_ws/install/mpc/bin'
[2.460s] Level 1:colcon.colcon_core.environment:checking '/home/lionelliu/sim_ws/install/mpc/lib/pkgconfig/mpc.pc'
[2.461s] Level 1:colcon.colcon_core.environment:checking '/home/lionelliu/sim_ws/install/mpc/lib/python3.8/site-packages'
[2.461s] Level 1:colcon.colcon_core.shell:create_environment_hook('mpc', 'pythonpath')
[2.461s] INFO:colcon.colcon_core.shell:Creating environment hook '/home/lionelliu/sim_ws/install/mpc/share/mpc/hook/pythonpath.ps1'
[2.461s] INFO:colcon.colcon_core.shell:Creating environment descriptor '/home/lionelliu/sim_ws/install/mpc/share/mpc/hook/pythonpath.dsv'
[2.465s] INFO:colcon.colcon_core.shell:Creating environment hook '/home/lionelliu/sim_ws/install/mpc/share/mpc/hook/pythonpath.sh'
[2.466s] Level 1:colcon.colcon_core.environment:checking '/home/lionelliu/sim_ws/install/mpc/bin'
[2.466s] INFO:colcon.colcon_core.shell:Creating package script '/home/lionelliu/sim_ws/install/mpc/share/mpc/package.ps1'
[2.467s] INFO:colcon.colcon_core.shell:Creating package descriptor '/home/lionelliu/sim_ws/install/mpc/share/mpc/package.dsv'
[2.468s] INFO:colcon.colcon_core.shell:Creating package script '/home/lionelliu/sim_ws/install/mpc/share/mpc/package.sh'
[2.468s] INFO:colcon.colcon_core.shell:Creating package script '/home/lionelliu/sim_ws/install/mpc/share/mpc/package.bash'
[2.469s] INFO:colcon.colcon_core.shell:Creating package script '/home/lionelliu/sim_ws/install/mpc/share/mpc/package.zsh'
[2.469s] Level 1:colcon.colcon_core.environment:create_file_with_runtime_dependencies(/home/lionelliu/sim_ws/install/mpc/share/colcon-core/packages/mpc)
[2.471s] INFO:colcon.colcon_ros.task.ament_cmake.build:Building ROS package in '/home/lionelliu/sim_ws/src/lab-5-slam-and-pure-pursuit-team-6/pure_pursuit' with build type 'ament_cmake'
[2.471s] INFO:colcon.colcon_cmake.task.cmake.build:Building CMake package in '/home/lionelliu/sim_ws/src/lab-5-slam-and-pure-pursuit-team-6/pure_pursuit'
[2.471s] INFO:colcon.colcon_core.shell:Skip shell extension 'powershell' for command environment: Not usable outside of PowerShell
[2.471s] DEBUG:colcon.colcon_core.shell:Skip shell extension 'dsv' for command environment
[2.500s] DEBUG:colcon.colcon_core.event_handler.log_command:Invoking command in '/home/lionelliu/sim_ws/build/pure_pursuit': CMAKE_PREFIX_PATH=${CMAKE_PREFIX_PATH}:/home/lionelliu/sim_ws/install/f1tenth_gym_ros:/opt/ros/foxy /usr/bin/cmake --build /home/lionelliu/sim_ws/build/pure_pursuit -- -j2 -l2
[2.770s] DEBUG:colcon.colcon_core.event_handler.log_command:Invoked command in '/home/lionelliu/sim_ws/build/pure_pursuit' returned '0': CMAKE_PREFIX_PATH=${CMAKE_PREFIX_PATH}:/home/lionelliu/sim_ws/install/f1tenth_gym_ros:/opt/ros/foxy /usr/bin/cmake --build /home/lionelliu/sim_ws/build/pure_pursuit -- -j2 -l2
[2.819s] Level 1:colcon.colcon_core.environment:checking '/home/lionelliu/sim_ws/install/f1tenth_gym_ros' for CMake module files
[2.820s] DEBUG:colcon.colcon_core.event_handler.log_command:Invoked command in '/home/lionelliu/sim_ws/src/f1tenth_gym_ros' returned '0': PYTHONPATH=/home/lionelliu/sim_ws/build/f1tenth_gym_ros/prefix_override:/home/lionelliu/sim_ws/install/f1tenth_gym_ros/lib/python3.8/site-packages:${PYTHONPATH} /usr/bin/python3 -W ignore:setup.py install is deprecated setup.py egg_info --egg-base ../../build/f1tenth_gym_ros build --build-base /home/lionelliu/sim_ws/build/f1tenth_gym_ros/build install --record /home/lionelliu/sim_ws/build/f1tenth_gym_ros/install.log --install-scripts $base/lib/f1tenth_gym_ros --single-version-externally-managed install_data
[2.822s] Level 1:colcon.colcon_core.environment:checking '/home/lionelliu/sim_ws/install/f1tenth_gym_ros' for CMake config files
[2.824s] Level 1:colcon.colcon_core.environment:checking '/home/lionelliu/sim_ws/install/f1tenth_gym_ros/lib'
[2.825s] Level 1:colcon.colcon_core.environment:checking '/home/lionelliu/sim_ws/install/f1tenth_gym_ros/bin'
[2.825s] Level 1:colcon.colcon_core.environment:checking '/home/lionelliu/sim_ws/install/f1tenth_gym_ros/lib/pkgconfig/f1tenth_gym_ros.pc'
[2.826s] Level 1:colcon.colcon_core.environment:checking '/home/lionelliu/sim_ws/install/f1tenth_gym_ros/lib/python3.8/site-packages'
[2.826s] Level 1:colcon.colcon_core.shell:create_environment_hook('f1tenth_gym_ros', 'pythonpath')
[2.827s] INFO:colcon.colcon_core.shell:Creating environment hook '/home/lionelliu/sim_ws/install/f1tenth_gym_ros/share/f1tenth_gym_ros/hook/pythonpath.ps1'
[2.827s] INFO:colcon.colcon_core.shell:Creating environment descriptor '/home/lionelliu/sim_ws/install/f1tenth_gym_ros/share/f1tenth_gym_ros/hook/pythonpath.dsv'
[2.828s] INFO:colcon.colcon_core.shell:Creating environment hook '/home/lionelliu/sim_ws/install/f1tenth_gym_ros/share/f1tenth_gym_ros/hook/pythonpath.sh'
[2.829s] Level 1:colcon.colcon_core.environment:checking '/home/lionelliu/sim_ws/install/f1tenth_gym_ros/bin'
[2.830s] Level 1:colcon.colcon_core.environment:create_environment_scripts_only(f1tenth_gym_ros)
[2.830s] INFO:colcon.colcon_core.shell:Creating package script '/home/lionelliu/sim_ws/install/f1tenth_gym_ros/share/f1tenth_gym_ros/package.ps1'
[2.831s] INFO:colcon.colcon_core.shell:Creating package descriptor '/home/lionelliu/sim_ws/install/f1tenth_gym_ros/share/f1tenth_gym_ros/package.dsv'
[2.832s] INFO:colcon.colcon_core.shell:Creating package script '/home/lionelliu/sim_ws/install/f1tenth_gym_ros/share/f1tenth_gym_ros/package.sh'
[2.832s] INFO:colcon.colcon_core.shell:Creating package script '/home/lionelliu/sim_ws/install/f1tenth_gym_ros/share/f1tenth_gym_ros/package.bash'
[2.837s] INFO:colcon.colcon_core.shell:Creating package script '/home/lionelliu/sim_ws/install/f1tenth_gym_ros/share/f1tenth_gym_ros/package.zsh'
[2.837s] Level 1:colcon.colcon_core.environment:create_file_with_runtime_dependencies(/home/lionelliu/sim_ws/install/f1tenth_gym_ros/share/colcon-core/packages/f1tenth_gym_ros)
[2.856s] DEBUG:colcon.colcon_core.event_handler.log_command:Invoking command in '/home/lionelliu/sim_ws/build/pure_pursuit': CMAKE_PREFIX_PATH=${CMAKE_PREFIX_PATH}:/home/lionelliu/sim_ws/install/f1tenth_gym_ros:/opt/ros/foxy /usr/bin/cmake --install /home/lionelliu/sim_ws/build/pure_pursuit
[2.953s] Level 1:colcon.colcon_core.environment:create_environment_scripts_only(pure_pursuit)
[2.953s] Level 1:colcon.colcon_core.environment:checking '/home/lionelliu/sim_ws/install/pure_pursuit' for CMake module files
[2.954s] Level 1:colcon.colcon_core.environment:checking '/home/lionelliu/sim_ws/install/pure_pursuit' for CMake config files
[2.954s] Level 1:colcon.colcon_core.shell:create_environment_hook('pure_pursuit', 'cmake_prefix_path')
[2.955s] INFO:colcon.colcon_core.shell:Creating environment hook '/home/lionelliu/sim_ws/install/pure_pursuit/share/pure_pursuit/hook/cmake_prefix_path.ps1'
[2.955s] INFO:colcon.colcon_core.shell:Creating environment descriptor '/home/lionelliu/sim_ws/install/pure_pursuit/share/pure_pursuit/hook/cmake_prefix_path.dsv'
[2.953s] DEBUG:colcon.colcon_core.event_handler.log_command:Invoked command in '/home/lionelliu/sim_ws/build/pure_pursuit' returned '0': CMAKE_PREFIX_PATH=${CMAKE_PREFIX_PATH}:/home/lionelliu/sim_ws/install/f1tenth_gym_ros:/opt/ros/foxy /usr/bin/cmake --install /home/lionelliu/sim_ws/build/pure_pursuit
[2.956s] INFO:colcon.colcon_core.shell:Creating environment hook '/home/lionelliu/sim_ws/install/pure_pursuit/share/pure_pursuit/hook/cmake_prefix_path.sh'
[2.957s] Level 1:colcon.colcon_core.environment:checking '/home/lionelliu/sim_ws/install/pure_pursuit/lib'
[2.957s] Level 1:colcon.colcon_core.environment:checking '/home/lionelliu/sim_ws/install/pure_pursuit/bin'
[2.957s] Level 1:colcon.colcon_core.environment:checking '/home/lionelliu/sim_ws/install/pure_pursuit/lib/pkgconfig/pure_pursuit.pc'
[2.957s] Level 1:colcon.colcon_core.environment:checking '/home/lionelliu/sim_ws/install/pure_pursuit/lib/python3.8/site-packages'
[2.957s] Level 1:colcon.colcon_core.shell:create_environment_hook('pure_pursuit', 'pythonpath')
[2.957s] INFO:colcon.colcon_core.shell:Creating environment hook '/home/lionelliu/sim_ws/install/pure_pursuit/share/pure_pursuit/hook/pythonpath.ps1'
[2.958s] INFO:colcon.colcon_core.shell:Creating environment descriptor '/home/lionelliu/sim_ws/install/pure_pursuit/share/pure_pursuit/hook/pythonpath.dsv'
[2.960s] INFO:colcon.colcon_core.shell:Creating environment hook '/home/lionelliu/sim_ws/install/pure_pursuit/share/pure_pursuit/hook/pythonpath.sh'
[2.962s] Level 1:colcon.colcon_core.environment:checking '/home/lionelliu/sim_ws/install/pure_pursuit/bin'
[2.966s] INFO:colcon.colcon_core.shell:Creating package script '/home/lionelliu/sim_ws/install/pure_pursuit/share/pure_pursuit/package.ps1'
[2.966s] INFO:colcon.colcon_core.shell:Creating package descriptor '/home/lionelliu/sim_ws/install/pure_pursuit/share/pure_pursuit/package.dsv'
[2.967s] INFO:colcon.colcon_core.shell:Creating package script '/home/lionelliu/sim_ws/install/pure_pursuit/share/pure_pursuit/package.sh'
[2.968s] INFO:colcon.colcon_core.shell:Creating package script '/home/lionelliu/sim_ws/install/pure_pursuit/share/pure_pursuit/package.bash'
[2.968s] INFO:colcon.colcon_core.shell:Creating package script '/home/lionelliu/sim_ws/install/pure_pursuit/share/pure_pursuit/package.zsh'
[2.969s] Level 1:colcon.colcon_core.environment:create_file_with_runtime_dependencies(/home/lionelliu/sim_ws/install/pure_pursuit/share/colcon-core/packages/pure_pursuit)
[3.037s] Level 1:colcon.colcon_core.environment:create_environment_scripts_only(pure_pursuit)
[3.038s] Level 1:colcon.colcon_core.environment:checking '/home/lionelliu/sim_ws/install/pure_pursuit' for CMake module files
[3.039s] Level 1:colcon.colcon_core.environment:checking '/home/lionelliu/sim_ws/install/pure_pursuit' for CMake config files
[3.039s] Level 1:colcon.colcon_core.shell:create_environment_hook('pure_pursuit', 'cmake_prefix_path')
[3.039s] INFO:colcon.colcon_core.shell:Creating environment hook '/home/lionelliu/sim_ws/install/pure_pursuit/share/pure_pursuit/hook/cmake_prefix_path.ps1'
[3.040s] INFO:colcon.colcon_core.shell:Creating environment descriptor '/home/lionelliu/sim_ws/install/pure_pursuit/share/pure_pursuit/hook/cmake_prefix_path.dsv'
[3.041s] INFO:colcon.colcon_core.shell:Creating environment hook '/home/lionelliu/sim_ws/install/pure_pursuit/share/pure_pursuit/hook/cmake_prefix_path.sh'
[3.042s] Level 1:colcon.colcon_core.environment:checking '/home/lionelliu/sim_ws/install/pure_pursuit/lib'
[3.042s] Level 1:colcon.colcon_core.environment:checking '/home/lionelliu/sim_ws/install/pure_pursuit/bin'
[3.042s] Level 1:colcon.colcon_core.environment:checking '/home/lionelliu/sim_ws/install/pure_pursuit/lib/pkgconfig/pure_pursuit.pc'
[3.042s] Level 1:colcon.colcon_core.environment:checking '/home/lionelliu/sim_ws/install/pure_pursuit/lib/python3.8/site-packages'
[3.042s] Level 1:colcon.colcon_core.shell:create_environment_hook('pure_pursuit', 'pythonpath')
[3.043s] INFO:colcon.colcon_core.shell:Creating environment hook '/home/lionelliu/sim_ws/install/pure_pursuit/share/pure_pursuit/hook/pythonpath.ps1'
[3.043s] INFO:colcon.colcon_core.shell:Creating environment descriptor '/home/lionelliu/sim_ws/install/pure_pursuit/share/pure_pursuit/hook/pythonpath.dsv'
[3.044s] INFO:colcon.colcon_core.shell:Creating environment hook '/home/lionelliu/sim_ws/install/pure_pursuit/share/pure_pursuit/hook/pythonpath.sh'
[3.044s] Level 1:colcon.colcon_core.environment:checking '/home/lionelliu/sim_ws/install/pure_pursuit/bin'
[3.045s] INFO:colcon.colcon_core.shell:Creating package script '/home/lionelliu/sim_ws/install/pure_pursuit/share/pure_pursuit/package.ps1'
[3.046s] INFO:colcon.colcon_core.shell:Creating package descriptor '/home/lionelliu/sim_ws/install/pure_pursuit/share/pure_pursuit/package.dsv'
[3.047s] INFO:colcon.colcon_core.shell:Creating package script '/home/lionelliu/sim_ws/install/pure_pursuit/share/pure_pursuit/package.sh'
[3.047s] INFO:colcon.colcon_core.shell:Creating package script '/home/lionelliu/sim_ws/install/pure_pursuit/share/pure_pursuit/package.bash'
[3.048s] INFO:colcon.colcon_core.shell:Creating package script '/home/lionelliu/sim_ws/install/pure_pursuit/share/pure_pursuit/package.zsh'
[3.048s] Level 1:colcon.colcon_core.environment:create_file_with_runtime_dependencies(/home/lionelliu/sim_ws/install/pure_pursuit/share/colcon-core/packages/pure_pursuit)
[3.050s] DEBUG:colcon.colcon_parallel_executor.executor.parallel:closing loop
[3.053s] DEBUG:colcon.colcon_parallel_executor.executor.parallel:loop closed
[3.053s] DEBUG:colcon.colcon_parallel_executor.executor.parallel:run_until_complete finished with '0'
[3.053s] DEBUG:colcon.colcon_core.event_reactor:joining thread
[3.077s] INFO:colcon.colcon_core.plugin_system:Skipping extension 'colcon_notification.desktop_notification.terminal_notifier': Not used on non-Darwin systems
[3.077s] INFO:colcon.colcon_core.plugin_system:Skipping extension 'colcon_notification.desktop_notification.win32': Not used on non-Windows systems
[3.077s] INFO:colcon.colcon_notification.desktop_notification:Sending desktop notification using 'notify2'
[3.118s] DEBUG:colcon.colcon_core.event_reactor:joined thread
[3.119s] INFO:colcon.colcon_core.shell:Creating prefix script '/home/lionelliu/sim_ws/install/local_setup.ps1'
[3.120s] INFO:colcon.colcon_core.shell:Creating prefix util module '/home/lionelliu/sim_ws/install/_local_setup_util_ps1.py'
[3.121s] INFO:colcon.colcon_core.shell:Creating prefix chain script '/home/lionelliu/sim_ws/install/setup.ps1'
[3.128s] INFO:colcon.colcon_core.shell:Creating prefix script '/home/lionelliu/sim_ws/install/local_setup.sh'
[3.131s] INFO:colcon.colcon_core.shell:Creating prefix util module '/home/lionelliu/sim_ws/install/_local_setup_util_sh.py'
[3.134s] INFO:colcon.colcon_core.shell:Creating prefix chain script '/home/lionelliu/sim_ws/install/setup.sh'
[3.141s] INFO:colcon.colcon_core.shell:Creating prefix script '/home/lionelliu/sim_ws/install/local_setup.bash'
[3.144s] INFO:colcon.colcon_core.shell:Creating prefix chain script '/home/lionelliu/sim_ws/install/setup.bash'
[3.149s] INFO:colcon.colcon_core.shell:Creating prefix script '/home/lionelliu/sim_ws/install/local_setup.zsh'
[3.153s] INFO:colcon.colcon_core.shell:Creating prefix chain script '/home/lionelliu/sim_ws/install/setup.zsh'
