[0.029s] Invoking command in '/home/lionelliu/sim_ws/build/pure_pursuit': CMAKE_PREFIX_PATH=${CMAKE_PREFIX_PATH}:/home/lionelliu/sim_ws/install/f1tenth_gym_ros:/opt/ros/foxy /usr/bin/cmake --build /home/lionelliu/sim_ws/build/pure_pursuit -- -j2 -l2
[0.248s] [100%] Built target pure_pursuit_node
[0.297s] Invoked command in '/home/lionelliu/sim_ws/build/pure_pursuit' returned '0': CMAKE_PREFIX_PATH=${CMAKE_PREFIX_PATH}:/home/lionelliu/sim_ws/install/f1tenth_gym_ros:/opt/ros/foxy /usr/bin/cmake --build /home/lionelliu/sim_ws/build/pure_pursuit -- -j2 -l2
[0.385s] Invoking command in '/home/lionelliu/sim_ws/build/pure_pursuit': CMAKE_PREFIX_PATH=${CMAKE_PREFIX_PATH}:/home/lionelliu/sim_ws/install/f1tenth_gym_ros:/opt/ros/foxy /usr/bin/cmake --install /home/lionelliu/sim_ws/build/pure_pursuit
[0.414s] -- Install configuration: ""
[0.414s] -- Up-to-date: /home/lionelliu/sim_ws/install/pure_pursuit/lib/pure_pursuit/pure_pursuit_node
[0.414s] -- Up-to-date: /home/lionelliu/sim_ws/install/pure_pursuit/share/pure_pursuit/environment/pythonpath.sh
[0.414s] -- Up-to-date: /home/lionelliu/sim_ws/install/pure_pursuit/share/pure_pursuit/environment/pythonpath.dsv
[0.414s] -- Up-to-date: /home/lionelliu/sim_ws/install/pure_pursuit/lib/python3.8/site-packages/pure_pursuit
[0.414s] -- Up-to-date: /home/lionelliu/sim_ws/install/pure_pursuit/lib/python3.8/site-packages/pure_pursuit/__init__.py
[0.469s] Listing '/home/lionelliu/sim_ws/install/pure_pursuit/lib/python3.8/site-packages/pure_pursuit'...
[0.475s] -- Up-to-date: /home/lionelliu/sim_ws/install/pure_pursuit/lib/pure_pursuit/pure_pursuit_node.py
[0.476s] -- Up-to-date: /home/lionelliu/sim_ws/install/pure_pursuit/share/ament_index/resource_index/package_run_dependencies/pure_pursuit
[0.476s] -- Up-to-date: /home/lionelliu/sim_ws/install/pure_pursuit/share/ament_index/resource_index/parent_prefix_path/pure_pursuit
[0.477s] -- Up-to-date: /home/lionelliu/sim_ws/install/pure_pursuit/share/pure_pursuit/environment/ament_prefix_path.sh
[0.478s] -- Up-to-date: /home/lionelliu/sim_ws/install/pure_pursuit/share/pure_pursuit/environment/ament_prefix_path.dsv
[0.478s] -- Up-to-date: /home/lionelliu/sim_ws/install/pure_pursuit/share/pure_pursuit/environment/path.sh
[0.479s] -- Up-to-date: /home/lionelliu/sim_ws/install/pure_pursuit/share/pure_pursuit/environment/path.dsv
[0.479s] -- Up-to-date: /home/lionelliu/sim_ws/install/pure_pursuit/share/pure_pursuit/local_setup.bash
[0.479s] -- Up-to-date: /home/lionelliu/sim_ws/install/pure_pursuit/share/pure_pursuit/local_setup.sh
[0.479s] -- Up-to-date: /home/lionelliu/sim_ws/install/pure_pursuit/share/pure_pursuit/local_setup.zsh
[0.479s] -- Up-to-date: /home/lionelliu/sim_ws/install/pure_pursuit/share/pure_pursuit/local_setup.dsv
[0.479s] -- Installing: /home/lionelliu/sim_ws/install/pure_pursuit/share/pure_pursuit/package.dsv
[0.479s] -- Up-to-date: /home/lionelliu/sim_ws/install/pure_pursuit/share/ament_index/resource_index/packages/pure_pursuit
[0.479s] -- Up-to-date: /home/lionelliu/sim_ws/install/pure_pursuit/share/pure_pursuit/cmake/pure_pursuitConfig.cmake
[0.479s] -- Up-to-date: /home/lionelliu/sim_ws/install/pure_pursuit/share/pure_pursuit/cmake/pure_pursuitConfig-version.cmake
[0.480s] -- Up-to-date: /home/lionelliu/sim_ws/install/pure_pursuit/share/pure_pursuit/package.xml
[0.482s] Invoked command in '/home/lionelliu/sim_ws/build/pure_pursuit' returned '0': CMAKE_PREFIX_PATH=${CMAKE_PREFIX_PATH}:/home/lionelliu/sim_ws/install/f1tenth_gym_ros:/opt/ros/foxy /usr/bin/cmake --install /home/lionelliu/sim_ws/build/pure_pursuit
