[0.457s] Invoking command in '/home/lionelliu/sim_ws/build/lab6_pkg': CMAKE_PREFIX_PATH=${CMAKE_PREFIX_PATH}:/home/lionelliu/sim_ws/install/f1tenth_gym_ros:/opt/ros/foxy /usr/bin/cmake --build /home/lionelliu/sim_ws/build/lab6_pkg -- -j2 -l2
[0.816s] [100%] Built target rrt_node
[0.851s] Invoked command in '/home/lionelliu/sim_ws/build/lab6_pkg' returned '0': CMAKE_PREFIX_PATH=${CMAKE_PREFIX_PATH}:/home/lionelliu/sim_ws/install/f1tenth_gym_ros:/opt/ros/foxy /usr/bin/cmake --build /home/lionelliu/sim_ws/build/lab6_pkg -- -j2 -l2
[0.972s] Invoking command in '/home/lionelliu/sim_ws/build/lab6_pkg': CMAKE_PREFIX_PATH=${CMAKE_PREFIX_PATH}:/home/lionelliu/sim_ws/install/f1tenth_gym_ros:/opt/ros/foxy /usr/bin/cmake --install /home/lionelliu/sim_ws/build/lab6_pkg
[0.997s] -- Install configuration: ""
[0.999s] -- Up-to-date: /home/lionelliu/sim_ws/install/lab6_pkg/lib/lab6_pkg/rrt_node
[0.999s] -- Up-to-date: /home/lionelliu/sim_ws/install/lab6_pkg/share/lab6_pkg/environment/pythonpath.sh
[1.000s] -- Up-to-date: /home/lionelliu/sim_ws/install/lab6_pkg/share/lab6_pkg/environment/pythonpath.dsv
[1.000s] -- Up-to-date: /home/lionelliu/sim_ws/install/lab6_pkg/lib/python3.8/site-packages/lab6_pkg
[1.001s] -- Up-to-date: /home/lionelliu/sim_ws/install/lab6_pkg/lib/python3.8/site-packages/lab6_pkg/__init__.py
[1.102s] Listing '/home/lionelliu/sim_ws/install/lab6_pkg/lib/python3.8/site-packages/lab6_pkg'...
[1.110s] -- Up-to-date: /home/lionelliu/sim_ws/install/lab6_pkg/lib/lab6_pkg/rrt_node.py
[1.111s] -- Up-to-date: /home/lionelliu/sim_ws/install/lab6_pkg/share/ament_index/resource_index/package_run_dependencies/lab6_pkg
[1.111s] -- Up-to-date: /home/lionelliu/sim_ws/install/lab6_pkg/share/ament_index/resource_index/parent_prefix_path/lab6_pkg
[1.112s] -- Up-to-date: /home/lionelliu/sim_ws/install/lab6_pkg/share/lab6_pkg/environment/ament_prefix_path.sh
[1.113s] -- Up-to-date: /home/lionelliu/sim_ws/install/lab6_pkg/share/lab6_pkg/environment/ament_prefix_path.dsv
[1.114s] -- Up-to-date: /home/lionelliu/sim_ws/install/lab6_pkg/share/lab6_pkg/environment/path.sh
[1.114s] -- Up-to-date: /home/lionelliu/sim_ws/install/lab6_pkg/share/lab6_pkg/environment/path.dsv
[1.115s] -- Up-to-date: /home/lionelliu/sim_ws/install/lab6_pkg/share/lab6_pkg/local_setup.bash
[1.115s] -- Up-to-date: /home/lionelliu/sim_ws/install/lab6_pkg/share/lab6_pkg/local_setup.sh
[1.115s] -- Up-to-date: /home/lionelliu/sim_ws/install/lab6_pkg/share/lab6_pkg/local_setup.zsh
[1.116s] -- Up-to-date: /home/lionelliu/sim_ws/install/lab6_pkg/share/lab6_pkg/local_setup.dsv
[1.118s] -- Installing: /home/lionelliu/sim_ws/install/lab6_pkg/share/lab6_pkg/package.dsv
[1.119s] -- Up-to-date: /home/lionelliu/sim_ws/install/lab6_pkg/share/ament_index/resource_index/packages/lab6_pkg
[1.119s] -- Up-to-date: /home/lionelliu/sim_ws/install/lab6_pkg/share/lab6_pkg/cmake/lab6_pkgConfig.cmake
[1.120s] -- Up-to-date: /home/lionelliu/sim_ws/install/lab6_pkg/share/lab6_pkg/cmake/lab6_pkgConfig-version.cmake
[1.121s] -- Up-to-date: /home/lionelliu/sim_ws/install/lab6_pkg/share/lab6_pkg/package.xml
[1.126s] Invoked command in '/home/lionelliu/sim_ws/build/lab6_pkg' returned '0': CMAKE_PREFIX_PATH=${CMAKE_PREFIX_PATH}:/home/lionelliu/sim_ws/install/f1tenth_gym_ros:/opt/ros/foxy /usr/bin/cmake --install /home/lionelliu/sim_ws/build/lab6_pkg
