[0.661s] DEBUG:colcon:Command line arguments: ['/usr/local/bin/colcon', 'build']
[0.661s] DEBUG:colcon:Parsed command line arguments: Namespace(ament_cmake_args=None, base_paths=['.'], build_base='build', catkin_cmake_args=None, catkin_skip_building_tests=False, cmake_args=None, cmake_clean_cache=False, cmake_clean_first=False, cmake_force_configure=False, cmake_target=None, cmake_target_skip_unavailable=False, continue_on_error=False, event_handlers=None, executor='parallel', ignore_user_meta=False, install_base='install', log_base=None, log_level=None, main=<bound method BuildVerb.main of <colcon_core.verb.build.BuildVerb object at 0x7f9971d29100>>, merge_install=False, metas=['./colcon.meta'], packages_above=None, packages_above_and_dependencies=None, packages_above_depth=None, packages_end=None, packages_ignore=None, packages_ignore_regex=None, packages_select=None, packages_select_build_failed=False, packages_select_by_dep=None, packages_select_regex=None, packages_select_test_failures=False, packages_skip=None, packages_skip_build_finished=False, packages_skip_by_dep=None, packages_skip_regex=None, packages_skip_test_passed=False, packages_skip_up_to=None, packages_start=None, packages_up_to=None, packages_up_to_regex=None, parallel_workers=2, paths=None, symlink_install=False, test_result_base=None, verb_extension=<colcon_core.verb.build.BuildVerb object at 0x7f9971d29100>, verb_name='build', verb_parser=<colcon_defaults.argument_parser.defaults.DefaultArgumentsDecorator object at 0x7f9971c4c9d0>)
[0.958s] Level 1:colcon.colcon_core.package_discovery:discover_packages(colcon_meta) check parameters
[0.958s] Level 1:colcon.colcon_core.package_discovery:discover_packages(recursive) check parameters
[0.958s] Level 1:colcon.colcon_core.package_discovery:discover_packages(ignore) check parameters
[0.958s] Level 1:colcon.colcon_core.package_discovery:discover_packages(path) check parameters
[0.958s] Level 1:colcon.colcon_core.package_discovery:discover_packages(colcon_meta) discover
[0.958s] Level 1:colcon.colcon_core.package_discovery:discover_packages(recursive) discover
[0.958s] INFO:colcon.colcon_core.package_discovery:Crawling recursively for packages in '/home/lionelliu/sim_ws'
[0.959s] Level 1:colcon.colcon_core.package_identification:_identify(.) by extensions ['ignore', 'ignore_ament_install']
[0.959s] Level 1:colcon.colcon_core.package_identification:_identify(.) by extension 'ignore'
[0.959s] Level 1:colcon.colcon_core.package_identification:_identify(.) by extension 'ignore_ament_install'
[0.959s] Level 1:colcon.colcon_core.package_identification:_identify(.) by extensions ['colcon_pkg']
[0.959s] Level 1:colcon.colcon_core.package_identification:_identify(.) by extension 'colcon_pkg'
[0.959s] Level 1:colcon.colcon_core.package_identification:_identify(.) by extensions ['colcon_meta']
[0.959s] Level 1:colcon.colcon_core.package_identification:_identify(.) by extension 'colcon_meta'
[0.959s] Level 1:colcon.colcon_core.package_identification:_identify(.) by extensions ['ros']
[0.959s] Level 1:colcon.colcon_core.package_identification:_identify(.) by extension 'ros'
[0.986s] Level 1:colcon.colcon_core.package_identification:_identify(.) by extensions ['cmake', 'python']
[0.987s] Level 1:colcon.colcon_core.package_identification:_identify(.) by extension 'cmake'
[0.987s] Level 1:colcon.colcon_core.package_identification:_identify(.) by extension 'python'
[0.987s] Level 1:colcon.colcon_core.package_identification:_identify(.) by extensions ['python_setup_py']
[0.987s] Level 1:colcon.colcon_core.package_identification:_identify(.) by extension 'python_setup_py'
[0.987s] Level 1:colcon.colcon_core.package_identification:_identify(build) by extensions ['ignore', 'ignore_ament_install']
[0.988s] Level 1:colcon.colcon_core.package_identification:_identify(build) by extension 'ignore'
[0.988s] Level 1:colcon.colcon_core.package_identification:_identify(build) ignored
[0.992s] Level 1:colcon.colcon_core.package_identification:_identify(install) by extensions ['ignore', 'ignore_ament_install']
[0.993s] Level 1:colcon.colcon_core.package_identification:_identify(install) by extension 'ignore'
[0.993s] Level 1:colcon.colcon_core.package_identification:_identify(install) ignored
[0.994s] Level 1:colcon.colcon_core.package_identification:_identify(log) by extensions ['ignore', 'ignore_ament_install']
[0.995s] Level 1:colcon.colcon_core.package_identification:_identify(log) by extension 'ignore'
[0.995s] Level 1:colcon.colcon_core.package_identification:_identify(log) ignored
[0.995s] Level 1:colcon.colcon_core.package_identification:_identify(src) by extensions ['ignore', 'ignore_ament_install']
[0.995s] Level 1:colcon.colcon_core.package_identification:_identify(src) by extension 'ignore'
[0.996s] Level 1:colcon.colcon_core.package_identification:_identify(src) by extension 'ignore_ament_install'
[0.996s] Level 1:colcon.colcon_core.package_identification:_identify(src) by extensions ['colcon_pkg']
[0.996s] Level 1:colcon.colcon_core.package_identification:_identify(src) by extension 'colcon_pkg'
[0.996s] Level 1:colcon.colcon_core.package_identification:_identify(src) by extensions ['colcon_meta']
[0.996s] Level 1:colcon.colcon_core.package_identification:_identify(src) by extension 'colcon_meta'
[0.997s] Level 1:colcon.colcon_core.package_identification:_identify(src) by extensions ['ros']
[0.997s] Level 1:colcon.colcon_core.package_identification:_identify(src) by extension 'ros'
[0.998s] Level 1:colcon.colcon_core.package_identification:_identify(src) by extensions ['cmake', 'python']
[0.998s] Level 1:colcon.colcon_core.package_identification:_identify(src) by extension 'cmake'
[0.998s] Level 1:colcon.colcon_core.package_identification:_identify(src) by extension 'python'
[0.998s] Level 1:colcon.colcon_core.package_identification:_identify(src) by extensions ['python_setup_py']
[0.999s] Level 1:colcon.colcon_core.package_identification:_identify(src) by extension 'python_setup_py'
[0.999s] Level 1:colcon.colcon_core.package_identification:_identify(src/csv_data) by extensions ['ignore', 'ignore_ament_install']
[0.999s] Level 1:colcon.colcon_core.package_identification:_identify(src/csv_data) by extension 'ignore'
[1.000s] Level 1:colcon.colcon_core.package_identification:_identify(src/csv_data) by extension 'ignore_ament_install'
[1.001s] Level 1:colcon.colcon_core.package_identification:_identify(src/csv_data) by extensions ['colcon_pkg']
[1.001s] Level 1:colcon.colcon_core.package_identification:_identify(src/csv_data) by extension 'colcon_pkg'
[1.001s] Level 1:colcon.colcon_core.package_identification:_identify(src/csv_data) by extensions ['colcon_meta']
[1.001s] Level 1:colcon.colcon_core.package_identification:_identify(src/csv_data) by extension 'colcon_meta'
[1.001s] Level 1:colcon.colcon_core.package_identification:_identify(src/csv_data) by extensions ['ros']
[1.002s] Level 1:colcon.colcon_core.package_identification:_identify(src/csv_data) by extension 'ros'
[1.002s] Level 1:colcon.colcon_core.package_identification:_identify(src/csv_data) by extensions ['cmake', 'python']
[1.002s] Level 1:colcon.colcon_core.package_identification:_identify(src/csv_data) by extension 'cmake'
[1.002s] Level 1:colcon.colcon_core.package_identification:_identify(src/csv_data) by extension 'python'
[1.002s] Level 1:colcon.colcon_core.package_identification:_identify(src/csv_data) by extensions ['python_setup_py']
[1.002s] Level 1:colcon.colcon_core.package_identification:_identify(src/csv_data) by extension 'python_setup_py'
[1.003s] Level 1:colcon.colcon_core.package_identification:_identify(src/f1tenth_gym_ros) by extensions ['ignore', 'ignore_ament_install']
[1.003s] Level 1:colcon.colcon_core.package_identification:_identify(src/f1tenth_gym_ros) by extension 'ignore'
[1.003s] Level 1:colcon.colcon_core.package_identification:_identify(src/f1tenth_gym_ros) by extension 'ignore_ament_install'
[1.003s] Level 1:colcon.colcon_core.package_identification:_identify(src/f1tenth_gym_ros) by extensions ['colcon_pkg']
[1.003s] Level 1:colcon.colcon_core.package_identification:_identify(src/f1tenth_gym_ros) by extension 'colcon_pkg'
[1.004s] Level 1:colcon.colcon_core.package_identification:_identify(src/f1tenth_gym_ros) by extensions ['colcon_meta']
[1.004s] Level 1:colcon.colcon_core.package_identification:_identify(src/f1tenth_gym_ros) by extension 'colcon_meta'
[1.004s] Level 1:colcon.colcon_core.package_identification:_identify(src/f1tenth_gym_ros) by extensions ['ros']
[1.004s] Level 1:colcon.colcon_core.package_identification:_identify(src/f1tenth_gym_ros) by extension 'ros'
[1.009s] DEBUG:colcon.colcon_core.package_identification:Package 'src/f1tenth_gym_ros' with type 'ros.ament_python' and name 'f1tenth_gym_ros'
[1.009s] Level 1:colcon.colcon_core.package_identification:_identify(src/lab-5-slam-and-pure-pursuit-team-6) by extensions ['ignore', 'ignore_ament_install']
[1.010s] Level 1:colcon.colcon_core.package_identification:_identify(src/lab-5-slam-and-pure-pursuit-team-6) by extension 'ignore'
[1.010s] Level 1:colcon.colcon_core.package_identification:_identify(src/lab-5-slam-and-pure-pursuit-team-6) by extension 'ignore_ament_install'
[1.010s] Level 1:colcon.colcon_core.package_identification:_identify(src/lab-5-slam-and-pure-pursuit-team-6) by extensions ['colcon_pkg']
[1.011s] Level 1:colcon.colcon_core.package_identification:_identify(src/lab-5-slam-and-pure-pursuit-team-6) by extension 'colcon_pkg'
[1.011s] Level 1:colcon.colcon_core.package_identification:_identify(src/lab-5-slam-and-pure-pursuit-team-6) by extensions ['colcon_meta']
[1.011s] Level 1:colcon.colcon_core.package_identification:_identify(src/lab-5-slam-and-pure-pursuit-team-6) by extension 'colcon_meta'
[1.011s] Level 1:colcon.colcon_core.package_identification:_identify(src/lab-5-slam-and-pure-pursuit-team-6) by extensions ['ros']
[1.012s] Level 1:colcon.colcon_core.package_identification:_identify(src/lab-5-slam-and-pure-pursuit-team-6) by extension 'ros'
[1.012s] Level 1:colcon.colcon_core.package_identification:_identify(src/lab-5-slam-and-pure-pursuit-team-6) by extensions ['cmake', 'python']
[1.012s] Level 1:colcon.colcon_core.package_identification:_identify(src/lab-5-slam-and-pure-pursuit-team-6) by extension 'cmake'
[1.013s] Level 1:colcon.colcon_core.package_identification:_identify(src/lab-5-slam-and-pure-pursuit-team-6) by extension 'python'
[1.013s] Level 1:colcon.colcon_core.package_identification:_identify(src/lab-5-slam-and-pure-pursuit-team-6) by extensions ['python_setup_py']
[1.013s] Level 1:colcon.colcon_core.package_identification:_identify(src/lab-5-slam-and-pure-pursuit-team-6) by extension 'python_setup_py'
[1.013s] Level 1:colcon.colcon_core.package_identification:_identify(src/lab-5-slam-and-pure-pursuit-team-6/map) by extensions ['ignore', 'ignore_ament_install']
[1.014s] Level 1:colcon.colcon_core.package_identification:_identify(src/lab-5-slam-and-pure-pursuit-team-6/map) by extension 'ignore'
[1.014s] Level 1:colcon.colcon_core.package_identification:_identify(src/lab-5-slam-and-pure-pursuit-team-6/map) by extension 'ignore_ament_install'
[1.014s] Level 1:colcon.colcon_core.package_identification:_identify(src/lab-5-slam-and-pure-pursuit-team-6/map) by extensions ['colcon_pkg']
[1.015s] Level 1:colcon.colcon_core.package_identification:_identify(src/lab-5-slam-and-pure-pursuit-team-6/map) by extension 'colcon_pkg'
[1.015s] Level 1:colcon.colcon_core.package_identification:_identify(src/lab-5-slam-and-pure-pursuit-team-6/map) by extensions ['colcon_meta']
[1.015s] Level 1:colcon.colcon_core.package_identification:_identify(src/lab-5-slam-and-pure-pursuit-team-6/map) by extension 'colcon_meta'
[1.015s] Level 1:colcon.colcon_core.package_identification:_identify(src/lab-5-slam-and-pure-pursuit-team-6/map) by extensions ['ros']
[1.016s] Level 1:colcon.colcon_core.package_identification:_identify(src/lab-5-slam-and-pure-pursuit-team-6/map) by extension 'ros'
[1.016s] Level 1:colcon.colcon_core.package_identification:_identify(src/lab-5-slam-and-pure-pursuit-team-6/map) by extensions ['cmake', 'python']
[1.016s] Level 1:colcon.colcon_core.package_identification:_identify(src/lab-5-slam-and-pure-pursuit-team-6/map) by extension 'cmake'
[1.017s] Level 1:colcon.colcon_core.package_identification:_identify(src/lab-5-slam-and-pure-pursuit-team-6/map) by extension 'python'
[1.017s] Level 1:colcon.colcon_core.package_identification:_identify(src/lab-5-slam-and-pure-pursuit-team-6/map) by extensions ['python_setup_py']
[1.017s] Level 1:colcon.colcon_core.package_identification:_identify(src/lab-5-slam-and-pure-pursuit-team-6/map) by extension 'python_setup_py'
[1.017s] Level 1:colcon.colcon_core.package_identification:_identify(src/lab-5-slam-and-pure-pursuit-team-6/pure_pursuit) by extensions ['ignore', 'ignore_ament_install']
[1.018s] Level 1:colcon.colcon_core.package_identification:_identify(src/lab-5-slam-and-pure-pursuit-team-6/pure_pursuit) by extension 'ignore'
[1.018s] Level 1:colcon.colcon_core.package_identification:_identify(src/lab-5-slam-and-pure-pursuit-team-6/pure_pursuit) by extension 'ignore_ament_install'
[1.018s] Level 1:colcon.colcon_core.package_identification:_identify(src/lab-5-slam-and-pure-pursuit-team-6/pure_pursuit) by extensions ['colcon_pkg']
[1.019s] Level 1:colcon.colcon_core.package_identification:_identify(src/lab-5-slam-and-pure-pursuit-team-6/pure_pursuit) by extension 'colcon_pkg'
[1.019s] Level 1:colcon.colcon_core.package_identification:_identify(src/lab-5-slam-and-pure-pursuit-team-6/pure_pursuit) by extensions ['colcon_meta']
[1.019s] Level 1:colcon.colcon_core.package_identification:_identify(src/lab-5-slam-and-pure-pursuit-team-6/pure_pursuit) by extension 'colcon_meta'
[1.023s] Level 1:colcon.colcon_core.package_identification:_identify(src/lab-5-slam-and-pure-pursuit-team-6/pure_pursuit) by extensions ['ros']
[1.023s] Level 1:colcon.colcon_core.package_identification:_identify(src/lab-5-slam-and-pure-pursuit-team-6/pure_pursuit) by extension 'ros'
[1.027s] DEBUG:colcon.colcon_core.package_identification:Package 'src/lab-5-slam-and-pure-pursuit-team-6/pure_pursuit' with type 'ros.ament_cmake' and name 'pure_pursuit'
[1.028s] Level 1:colcon.colcon_core.package_identification:_identify(src/lab-6-motion-planning-team-6) by extensions ['ignore', 'ignore_ament_install']
[1.028s] Level 1:colcon.colcon_core.package_identification:_identify(src/lab-6-motion-planning-team-6) by extension 'ignore'
[1.028s] Level 1:colcon.colcon_core.package_identification:_identify(src/lab-6-motion-planning-team-6) by extension 'ignore_ament_install'
[1.029s] Level 1:colcon.colcon_core.package_identification:_identify(src/lab-6-motion-planning-team-6) by extensions ['colcon_pkg']
[1.029s] Level 1:colcon.colcon_core.package_identification:_identify(src/lab-6-motion-planning-team-6) by extension 'colcon_pkg'
[1.029s] Level 1:colcon.colcon_core.package_identification:_identify(src/lab-6-motion-planning-team-6) by extensions ['colcon_meta']
[1.029s] Level 1:colcon.colcon_core.package_identification:_identify(src/lab-6-motion-planning-team-6) by extension 'colcon_meta'
[1.029s] Level 1:colcon.colcon_core.package_identification:_identify(src/lab-6-motion-planning-team-6) by extensions ['ros']
[1.030s] Level 1:colcon.colcon_core.package_identification:_identify(src/lab-6-motion-planning-team-6) by extension 'ros'
[1.030s] Level 1:colcon.colcon_core.package_identification:_identify(src/lab-6-motion-planning-team-6) by extensions ['cmake', 'python']
[1.030s] Level 1:colcon.colcon_core.package_identification:_identify(src/lab-6-motion-planning-team-6) by extension 'cmake'
[1.030s] Level 1:colcon.colcon_core.package_identification:_identify(src/lab-6-motion-planning-team-6) by extension 'python'
[1.030s] Level 1:colcon.colcon_core.package_identification:_identify(src/lab-6-motion-planning-team-6) by extensions ['python_setup_py']
[1.030s] Level 1:colcon.colcon_core.package_identification:_identify(src/lab-6-motion-planning-team-6) by extension 'python_setup_py'
[1.031s] Level 1:colcon.colcon_core.package_identification:_identify(src/lab-6-motion-planning-team-6/imgs) by extensions ['ignore', 'ignore_ament_install']
[1.031s] Level 1:colcon.colcon_core.package_identification:_identify(src/lab-6-motion-planning-team-6/imgs) by extension 'ignore'
[1.031s] Level 1:colcon.colcon_core.package_identification:_identify(src/lab-6-motion-planning-team-6/imgs) by extension 'ignore_ament_install'
[1.031s] Level 1:colcon.colcon_core.package_identification:_identify(src/lab-6-motion-planning-team-6/imgs) by extensions ['colcon_pkg']
[1.032s] Level 1:colcon.colcon_core.package_identification:_identify(src/lab-6-motion-planning-team-6/imgs) by extension 'colcon_pkg'
[1.032s] Level 1:colcon.colcon_core.package_identification:_identify(src/lab-6-motion-planning-team-6/imgs) by extensions ['colcon_meta']
[1.032s] Level 1:colcon.colcon_core.package_identification:_identify(src/lab-6-motion-planning-team-6/imgs) by extension 'colcon_meta'
[1.032s] Level 1:colcon.colcon_core.package_identification:_identify(src/lab-6-motion-planning-team-6/imgs) by extensions ['ros']
[1.032s] Level 1:colcon.colcon_core.package_identification:_identify(src/lab-6-motion-planning-team-6/imgs) by extension 'ros'
[1.032s] Level 1:colcon.colcon_core.package_identification:_identify(src/lab-6-motion-planning-team-6/imgs) by extensions ['cmake', 'python']
[1.033s] Level 1:colcon.colcon_core.package_identification:_identify(src/lab-6-motion-planning-team-6/imgs) by extension 'cmake'
[1.033s] Level 1:colcon.colcon_core.package_identification:_identify(src/lab-6-motion-planning-team-6/imgs) by extension 'python'
[1.033s] Level 1:colcon.colcon_core.package_identification:_identify(src/lab-6-motion-planning-team-6/imgs) by extensions ['python_setup_py']
[1.033s] Level 1:colcon.colcon_core.package_identification:_identify(src/lab-6-motion-planning-team-6/imgs) by extension 'python_setup_py'
[1.033s] Level 1:colcon.colcon_core.package_identification:_identify(src/lab-6-motion-planning-team-6/lab6_pkg) by extensions ['ignore', 'ignore_ament_install']
[1.034s] Level 1:colcon.colcon_core.package_identification:_identify(src/lab-6-motion-planning-team-6/lab6_pkg) by extension 'ignore'
[1.034s] Level 1:colcon.colcon_core.package_identification:_identify(src/lab-6-motion-planning-team-6/lab6_pkg) by extension 'ignore_ament_install'
[1.034s] Level 1:colcon.colcon_core.package_identification:_identify(src/lab-6-motion-planning-team-6/lab6_pkg) by extensions ['colcon_pkg']
[1.034s] Level 1:colcon.colcon_core.package_identification:_identify(src/lab-6-motion-planning-team-6/lab6_pkg) by extension 'colcon_pkg'
[1.035s] Level 1:colcon.colcon_core.package_identification:_identify(src/lab-6-motion-planning-team-6/lab6_pkg) by extensions ['colcon_meta']
[1.035s] Level 1:colcon.colcon_core.package_identification:_identify(src/lab-6-motion-planning-team-6/lab6_pkg) by extension 'colcon_meta'
[1.035s] Level 1:colcon.colcon_core.package_identification:_identify(src/lab-6-motion-planning-team-6/lab6_pkg) by extensions ['ros']
[1.035s] Level 1:colcon.colcon_core.package_identification:_identify(src/lab-6-motion-planning-team-6/lab6_pkg) by extension 'ros'
[1.038s] DEBUG:colcon.colcon_core.package_identification:Package 'src/lab-6-motion-planning-team-6/lab6_pkg' with type 'ros.ament_cmake' and name 'lab6_pkg'
[1.038s] Level 1:colcon.colcon_core.package_identification:_identify(src/lab-7-vision-lab-team-6) by extensions ['ignore', 'ignore_ament_install']
[1.038s] Level 1:colcon.colcon_core.package_identification:_identify(src/lab-7-vision-lab-team-6) by extension 'ignore'
[1.038s] Level 1:colcon.colcon_core.package_identification:_identify(src/lab-7-vision-lab-team-6) by extension 'ignore_ament_install'
[1.039s] Level 1:colcon.colcon_core.package_identification:_identify(src/lab-7-vision-lab-team-6) by extensions ['colcon_pkg']
[1.039s] Level 1:colcon.colcon_core.package_identification:_identify(src/lab-7-vision-lab-team-6) by extension 'colcon_pkg'
[1.039s] Level 1:colcon.colcon_core.package_identification:_identify(src/lab-7-vision-lab-team-6) by extensions ['colcon_meta']
[1.039s] Level 1:colcon.colcon_core.package_identification:_identify(src/lab-7-vision-lab-team-6) by extension 'colcon_meta'
[1.039s] Level 1:colcon.colcon_core.package_identification:_identify(src/lab-7-vision-lab-team-6) by extensions ['ros']
[1.039s] Level 1:colcon.colcon_core.package_identification:_identify(src/lab-7-vision-lab-team-6) by extension 'ros'
[1.040s] Level 1:colcon.colcon_core.package_identification:_identify(src/lab-7-vision-lab-team-6) by extensions ['cmake', 'python']
[1.040s] Level 1:colcon.colcon_core.package_identification:_identify(src/lab-7-vision-lab-team-6) by extension 'cmake'
[1.040s] Level 1:colcon.colcon_core.package_identification:_identify(src/lab-7-vision-lab-team-6) by extension 'python'
[1.040s] Level 1:colcon.colcon_core.package_identification:_identify(src/lab-7-vision-lab-team-6) by extensions ['python_setup_py']
[1.040s] Level 1:colcon.colcon_core.package_identification:_identify(src/lab-7-vision-lab-team-6) by extension 'python_setup_py'
[1.040s] Level 1:colcon.colcon_core.package_identification:_identify(src/lab-7-vision-lab-team-6/calibration) by extensions ['ignore', 'ignore_ament_install']
[1.041s] Level 1:colcon.colcon_core.package_identification:_identify(src/lab-7-vision-lab-team-6/calibration) by extension 'ignore'
[1.041s] Level 1:colcon.colcon_core.package_identification:_identify(src/lab-7-vision-lab-team-6/calibration) by extension 'ignore_ament_install'
[1.041s] Level 1:colcon.colcon_core.package_identification:_identify(src/lab-7-vision-lab-team-6/calibration) by extensions ['colcon_pkg']
[1.041s] Level 1:colcon.colcon_core.package_identification:_identify(src/lab-7-vision-lab-team-6/calibration) by extension 'colcon_pkg'
[1.041s] Level 1:colcon.colcon_core.package_identification:_identify(src/lab-7-vision-lab-team-6/calibration) by extensions ['colcon_meta']
[1.042s] Level 1:colcon.colcon_core.package_identification:_identify(src/lab-7-vision-lab-team-6/calibration) by extension 'colcon_meta'
[1.042s] Level 1:colcon.colcon_core.package_identification:_identify(src/lab-7-vision-lab-team-6/calibration) by extensions ['ros']
[1.042s] Level 1:colcon.colcon_core.package_identification:_identify(src/lab-7-vision-lab-team-6/calibration) by extension 'ros'
[1.042s] Level 1:colcon.colcon_core.package_identification:_identify(src/lab-7-vision-lab-team-6/calibration) by extensions ['cmake', 'python']
[1.042s] Level 1:colcon.colcon_core.package_identification:_identify(src/lab-7-vision-lab-team-6/calibration) by extension 'cmake'
[1.043s] Level 1:colcon.colcon_core.package_identification:_identify(src/lab-7-vision-lab-team-6/calibration) by extension 'python'
[1.043s] Level 1:colcon.colcon_core.package_identification:_identify(src/lab-7-vision-lab-team-6/calibration) by extensions ['python_setup_py']
[1.043s] Level 1:colcon.colcon_core.package_identification:_identify(src/lab-7-vision-lab-team-6/calibration) by extension 'python_setup_py'
[1.043s] Level 1:colcon.colcon_core.package_identification:_identify(src/lab-7-vision-lab-team-6/imgs) by extensions ['ignore', 'ignore_ament_install']
[1.044s] Level 1:colcon.colcon_core.package_identification:_identify(src/lab-7-vision-lab-team-6/imgs) by extension 'ignore'
[1.044s] Level 1:colcon.colcon_core.package_identification:_identify(src/lab-7-vision-lab-team-6/imgs) by extension 'ignore_ament_install'
[1.044s] Level 1:colcon.colcon_core.package_identification:_identify(src/lab-7-vision-lab-team-6/imgs) by extensions ['colcon_pkg']
[1.044s] Level 1:colcon.colcon_core.package_identification:_identify(src/lab-7-vision-lab-team-6/imgs) by extension 'colcon_pkg'
[1.044s] Level 1:colcon.colcon_core.package_identification:_identify(src/lab-7-vision-lab-team-6/imgs) by extensions ['colcon_meta']
[1.044s] Level 1:colcon.colcon_core.package_identification:_identify(src/lab-7-vision-lab-team-6/imgs) by extension 'colcon_meta'
[1.045s] Level 1:colcon.colcon_core.package_identification:_identify(src/lab-7-vision-lab-team-6/imgs) by extensions ['ros']
[1.045s] Level 1:colcon.colcon_core.package_identification:_identify(src/lab-7-vision-lab-team-6/imgs) by extension 'ros'
[1.045s] Level 1:colcon.colcon_core.package_identification:_identify(src/lab-7-vision-lab-team-6/imgs) by extensions ['cmake', 'python']
[1.045s] Level 1:colcon.colcon_core.package_identification:_identify(src/lab-7-vision-lab-team-6/imgs) by extension 'cmake'
[1.045s] Level 1:colcon.colcon_core.package_identification:_identify(src/lab-7-vision-lab-team-6/imgs) by extension 'python'
[1.046s] Level 1:colcon.colcon_core.package_identification:_identify(src/lab-7-vision-lab-team-6/imgs) by extensions ['python_setup_py']
[1.046s] Level 1:colcon.colcon_core.package_identification:_identify(src/lab-7-vision-lab-team-6/imgs) by extension 'python_setup_py'
[1.046s] Level 1:colcon.colcon_core.package_identification:_identify(src/lab-7-vision-lab-team-6/resource) by extensions ['ignore', 'ignore_ament_install']
[1.046s] Level 1:colcon.colcon_core.package_identification:_identify(src/lab-7-vision-lab-team-6/resource) by extension 'ignore'
[1.046s] Level 1:colcon.colcon_core.package_identification:_identify(src/lab-7-vision-lab-team-6/resource) by extension 'ignore_ament_install'
[1.047s] Level 1:colcon.colcon_core.package_identification:_identify(src/lab-7-vision-lab-team-6/resource) by extensions ['colcon_pkg']
[1.047s] Level 1:colcon.colcon_core.package_identification:_identify(src/lab-7-vision-lab-team-6/resource) by extension 'colcon_pkg'
[1.047s] Level 1:colcon.colcon_core.package_identification:_identify(src/lab-7-vision-lab-team-6/resource) by extensions ['colcon_meta']
[1.047s] Level 1:colcon.colcon_core.package_identification:_identify(src/lab-7-vision-lab-team-6/resource) by extension 'colcon_meta'
[1.047s] Level 1:colcon.colcon_core.package_identification:_identify(src/lab-7-vision-lab-team-6/resource) by extensions ['ros']
[1.047s] Level 1:colcon.colcon_core.package_identification:_identify(src/lab-7-vision-lab-team-6/resource) by extension 'ros'
[1.047s] Level 1:colcon.colcon_core.package_identification:_identify(src/lab-7-vision-lab-team-6/resource) by extensions ['cmake', 'python']
[1.048s] Level 1:colcon.colcon_core.package_identification:_identify(src/lab-7-vision-lab-team-6/resource) by extension 'cmake'
[1.048s] Level 1:colcon.colcon_core.package_identification:_identify(src/lab-7-vision-lab-team-6/resource) by extension 'python'
[1.048s] Level 1:colcon.colcon_core.package_identification:_identify(src/lab-7-vision-lab-team-6/resource) by extensions ['python_setup_py']
[1.048s] Level 1:colcon.colcon_core.package_identification:_identify(src/lab-7-vision-lab-team-6/resource) by extension 'python_setup_py'
[1.048s] Level 1:colcon.colcon_core.package_identification:_identify(src/lab-8-model-predictive-controlc-team-6) by extensions ['ignore', 'ignore_ament_install']
[1.049s] Level 1:colcon.colcon_core.package_identification:_identify(src/lab-8-model-predictive-controlc-team-6) by extension 'ignore'
[1.049s] Level 1:colcon.colcon_core.package_identification:_identify(src/lab-8-model-predictive-controlc-team-6) by extension 'ignore_ament_install'
[1.049s] Level 1:colcon.colcon_core.package_identification:_identify(src/lab-8-model-predictive-controlc-team-6) by extensions ['colcon_pkg']
[1.049s] Level 1:colcon.colcon_core.package_identification:_identify(src/lab-8-model-predictive-controlc-team-6) by extension 'colcon_pkg'
[1.049s] Level 1:colcon.colcon_core.package_identification:_identify(src/lab-8-model-predictive-controlc-team-6) by extensions ['colcon_meta']
[1.050s] Level 1:colcon.colcon_core.package_identification:_identify(src/lab-8-model-predictive-controlc-team-6) by extension 'colcon_meta'
[1.050s] Level 1:colcon.colcon_core.package_identification:_identify(src/lab-8-model-predictive-controlc-team-6) by extensions ['ros']
[1.050s] Level 1:colcon.colcon_core.package_identification:_identify(src/lab-8-model-predictive-controlc-team-6) by extension 'ros'
[1.050s] Level 1:colcon.colcon_core.package_identification:_identify(src/lab-8-model-predictive-controlc-team-6) by extensions ['cmake', 'python']
[1.050s] Level 1:colcon.colcon_core.package_identification:_identify(src/lab-8-model-predictive-controlc-team-6) by extension 'cmake'
[1.050s] Level 1:colcon.colcon_core.package_identification:_identify(src/lab-8-model-predictive-controlc-team-6) by extension 'python'
[1.051s] Level 1:colcon.colcon_core.package_identification:_identify(src/lab-8-model-predictive-controlc-team-6) by extensions ['python_setup_py']
[1.051s] Level 1:colcon.colcon_core.package_identification:_identify(src/lab-8-model-predictive-controlc-team-6) by extension 'python_setup_py'
[1.051s] Level 1:colcon.colcon_core.package_identification:_identify(src/lab-8-model-predictive-controlc-team-6/mpc) by extensions ['ignore', 'ignore_ament_install']
[1.051s] Level 1:colcon.colcon_core.package_identification:_identify(src/lab-8-model-predictive-controlc-team-6/mpc) by extension 'ignore'
[1.051s] Level 1:colcon.colcon_core.package_identification:_identify(src/lab-8-model-predictive-controlc-team-6/mpc) by extension 'ignore_ament_install'
[1.051s] Level 1:colcon.colcon_core.package_identification:_identify(src/lab-8-model-predictive-controlc-team-6/mpc) by extensions ['colcon_pkg']
[1.052s] Level 1:colcon.colcon_core.package_identification:_identify(src/lab-8-model-predictive-controlc-team-6/mpc) by extension 'colcon_pkg'
[1.052s] Level 1:colcon.colcon_core.package_identification:_identify(src/lab-8-model-predictive-controlc-team-6/mpc) by extensions ['colcon_meta']
[1.052s] Level 1:colcon.colcon_core.package_identification:_identify(src/lab-8-model-predictive-controlc-team-6/mpc) by extension 'colcon_meta'
[1.052s] Level 1:colcon.colcon_core.package_identification:_identify(src/lab-8-model-predictive-controlc-team-6/mpc) by extensions ['ros']
[1.052s] Level 1:colcon.colcon_core.package_identification:_identify(src/lab-8-model-predictive-controlc-team-6/mpc) by extension 'ros'
[1.054s] DEBUG:colcon.colcon_core.package_identification:Package 'src/lab-8-model-predictive-controlc-team-6/mpc' with type 'ros.ament_cmake' and name 'mpc'
[1.054s] Level 1:colcon.colcon_core.package_discovery:discover_packages(recursive) using defaults
[1.055s] Level 1:colcon.colcon_core.package_discovery:discover_packages(ignore) discover
[1.055s] Level 1:colcon.colcon_core.package_discovery:discover_packages(ignore) using defaults
[1.055s] Level 1:colcon.colcon_core.package_discovery:discover_packages(path) discover
[1.055s] Level 1:colcon.colcon_core.package_discovery:discover_packages(path) using defaults
[1.086s] Level 5:colcon.colcon_core.verb:set package 'f1tenth_gym_ros' build argument 'cmake_args' from command line to 'None'
[1.086s] Level 5:colcon.colcon_core.verb:set package 'f1tenth_gym_ros' build argument 'cmake_target' from command line to 'None'
[1.087s] Level 5:colcon.colcon_core.verb:set package 'f1tenth_gym_ros' build argument 'cmake_target_skip_unavailable' from command line to 'False'
[1.087s] Level 5:colcon.colcon_core.verb:set package 'f1tenth_gym_ros' build argument 'cmake_clean_cache' from command line to 'False'
[1.087s] Level 5:colcon.colcon_core.verb:set package 'f1tenth_gym_ros' build argument 'cmake_clean_first' from command line to 'False'
[1.087s] Level 5:colcon.colcon_core.verb:set package 'f1tenth_gym_ros' build argument 'cmake_force_configure' from command line to 'False'
[1.087s] Level 5:colcon.colcon_core.verb:set package 'f1tenth_gym_ros' build argument 'ament_cmake_args' from command line to 'None'
[1.087s] Level 5:colcon.colcon_core.verb:set package 'f1tenth_gym_ros' build argument 'catkin_cmake_args' from command line to 'None'
[1.087s] Level 5:colcon.colcon_core.verb:set package 'f1tenth_gym_ros' build argument 'catkin_skip_building_tests' from command line to 'False'
[1.087s] DEBUG:colcon.colcon_core.verb:Building package 'f1tenth_gym_ros' with the following arguments: {'ament_cmake_args': None, 'build_base': '/home/lionelliu/sim_ws/build/f1tenth_gym_ros', 'catkin_cmake_args': None, 'catkin_skip_building_tests': False, 'cmake_args': None, 'cmake_clean_cache': False, 'cmake_clean_first': False, 'cmake_force_configure': False, 'cmake_target': None, 'cmake_target_skip_unavailable': False, 'install_base': '/home/lionelliu/sim_ws/install/f1tenth_gym_ros', 'merge_install': False, 'path': '/home/lionelliu/sim_ws/src/f1tenth_gym_ros', 'symlink_install': False, 'test_result_base': None}
[1.088s] Level 5:colcon.colcon_core.verb:set package 'lab6_pkg' build argument 'cmake_args' from command line to 'None'
[1.088s] Level 5:colcon.colcon_core.verb:set package 'lab6_pkg' build argument 'cmake_target' from command line to 'None'
[1.089s] Level 5:colcon.colcon_core.verb:set package 'lab6_pkg' build argument 'cmake_target_skip_unavailable' from command line to 'False'
[1.089s] Level 5:colcon.colcon_core.verb:set package 'lab6_pkg' build argument 'cmake_clean_cache' from command line to 'False'
[1.089s] Level 5:colcon.colcon_core.verb:set package 'lab6_pkg' build argument 'cmake_clean_first' from command line to 'False'
[1.089s] Level 5:colcon.colcon_core.verb:set package 'lab6_pkg' build argument 'cmake_force_configure' from command line to 'False'
[1.089s] Level 5:colcon.colcon_core.verb:set package 'lab6_pkg' build argument 'ament_cmake_args' from command line to 'None'
[1.089s] Level 5:colcon.colcon_core.verb:set package 'lab6_pkg' build argument 'catkin_cmake_args' from command line to 'None'
[1.090s] Level 5:colcon.colcon_core.verb:set package 'lab6_pkg' build argument 'catkin_skip_building_tests' from command line to 'False'
[1.090s] DEBUG:colcon.colcon_core.verb:Building package 'lab6_pkg' with the following arguments: {'ament_cmake_args': None, 'build_base': '/home/lionelliu/sim_ws/build/lab6_pkg', 'catkin_cmake_args': None, 'catkin_skip_building_tests': False, 'cmake_args': None, 'cmake_clean_cache': False, 'cmake_clean_first': False, 'cmake_force_configure': False, 'cmake_target': None, 'cmake_target_skip_unavailable': False, 'install_base': '/home/lionelliu/sim_ws/install/lab6_pkg', 'merge_install': False, 'path': '/home/lionelliu/sim_ws/src/lab-6-motion-planning-team-6/lab6_pkg', 'symlink_install': False, 'test_result_base': None}
[1.091s] Level 5:colcon.colcon_core.verb:set package 'mpc' build argument 'cmake_args' from command line to 'None'
[1.091s] Level 5:colcon.colcon_core.verb:set package 'mpc' build argument 'cmake_target' from command line to 'None'
[1.091s] Level 5:colcon.colcon_core.verb:set package 'mpc' build argument 'cmake_target_skip_unavailable' from command line to 'False'
[1.091s] Level 5:colcon.colcon_core.verb:set package 'mpc' build argument 'cmake_clean_cache' from command line to 'False'
[1.091s] Level 5:colcon.colcon_core.verb:set package 'mpc' build argument 'cmake_clean_first' from command line to 'False'
[1.091s] Level 5:colcon.colcon_core.verb:set package 'mpc' build argument 'cmake_force_configure' from command line to 'False'
[1.092s] Level 5:colcon.colcon_core.verb:set package 'mpc' build argument 'ament_cmake_args' from command line to 'None'
[1.092s] Level 5:colcon.colcon_core.verb:set package 'mpc' build argument 'catkin_cmake_args' from command line to 'None'
[1.092s] Level 5:colcon.colcon_core.verb:set package 'mpc' build argument 'catkin_skip_building_tests' from command line to 'False'
[1.092s] DEBUG:colcon.colcon_core.verb:Building package 'mpc' with the following arguments: {'ament_cmake_args': None, 'build_base': '/home/lionelliu/sim_ws/build/mpc', 'catkin_cmake_args': None, 'catkin_skip_building_tests': False, 'cmake_args': None, 'cmake_clean_cache': False, 'cmake_clean_first': False, 'cmake_force_configure': False, 'cmake_target': None, 'cmake_target_skip_unavailable': False, 'install_base': '/home/lionelliu/sim_ws/install/mpc', 'merge_install': False, 'path': '/home/lionelliu/sim_ws/src/lab-8-model-predictive-controlc-team-6/mpc', 'symlink_install': False, 'test_result_base': None}
[1.093s] Level 5:colcon.colcon_core.verb:set package 'pure_pursuit' build argument 'cmake_args' from command line to 'None'
[1.093s] Level 5:colcon.colcon_core.verb:set package 'pure_pursuit' build argument 'cmake_target' from command line to 'None'
[1.093s] Level 5:colcon.colcon_core.verb:set package 'pure_pursuit' build argument 'cmake_target_skip_unavailable' from command line to 'False'
[1.093s] Level 5:colcon.colcon_core.verb:set package 'pure_pursuit' build argument 'cmake_clean_cache' from command line to 'False'
[1.093s] Level 5:colcon.colcon_core.verb:set package 'pure_pursuit' build argument 'cmake_clean_first' from command line to 'False'
[1.093s] Level 5:colcon.colcon_core.verb:set package 'pure_pursuit' build argument 'cmake_force_configure' from command line to 'False'
[1.094s] Level 5:colcon.colcon_core.verb:set package 'pure_pursuit' build argument 'ament_cmake_args' from command line to 'None'
[1.094s] Level 5:colcon.colcon_core.verb:set package 'pure_pursuit' build argument 'catkin_cmake_args' from command line to 'None'
[1.094s] Level 5:colcon.colcon_core.verb:set package 'pure_pursuit' build argument 'catkin_skip_building_tests' from command line to 'False'
[1.094s] DEBUG:colcon.colcon_core.verb:Building package 'pure_pursuit' with the following arguments: {'ament_cmake_args': None, 'build_base': '/home/lionelliu/sim_ws/build/pure_pursuit', 'catkin_cmake_args': None, 'catkin_skip_building_tests': False, 'cmake_args': None, 'cmake_clean_cache': False, 'cmake_clean_first': False, 'cmake_force_configure': False, 'cmake_target': None, 'cmake_target_skip_unavailable': False, 'install_base': '/home/lionelliu/sim_ws/install/pure_pursuit', 'merge_install': False, 'path': '/home/lionelliu/sim_ws/src/lab-5-slam-and-pure-pursuit-team-6/pure_pursuit', 'symlink_install': False, 'test_result_base': None}
[1.094s] INFO:colcon.colcon_core.executor:Executing jobs using 'parallel' executor
[1.095s] DEBUG:colcon.colcon_parallel_executor.executor.parallel:run_until_complete
[1.096s] INFO:colcon.colcon_ros.task.ament_python.build:Building ROS package in '/home/lionelliu/sim_ws/src/f1tenth_gym_ros' with build type 'ament_python'
[1.096s] Level 1:colcon.colcon_core.shell:create_environment_hook('f1tenth_gym_ros', 'ament_prefix_path')
[1.099s] INFO:colcon.colcon_core.plugin_system:Skipping extension 'colcon_core.shell.bat': Not used on non-Windows systems
[1.100s] INFO:colcon.colcon_core.shell:Creating environment hook '/home/lionelliu/sim_ws/install/f1tenth_gym_ros/share/f1tenth_gym_ros/hook/ament_prefix_path.ps1'
[1.102s] INFO:colcon.colcon_core.shell:Creating environment descriptor '/home/lionelliu/sim_ws/install/f1tenth_gym_ros/share/f1tenth_gym_ros/hook/ament_prefix_path.dsv'
[1.104s] INFO:colcon.colcon_core.shell:Creating environment hook '/home/lionelliu/sim_ws/install/f1tenth_gym_ros/share/f1tenth_gym_ros/hook/ament_prefix_path.sh'
[1.106s] INFO:colcon.colcon_core.shell:Skip shell extension 'powershell' for command environment: Not usable outside of PowerShell
[1.107s] DEBUG:colcon.colcon_core.shell:Skip shell extension 'dsv' for command environment
[1.120s] INFO:colcon.colcon_ros.task.ament_cmake.build:Building ROS package in '/home/lionelliu/sim_ws/src/lab-6-motion-planning-team-6/lab6_pkg' with build type 'ament_cmake'
[1.122s] INFO:colcon.colcon_cmake.task.cmake.build:Building CMake package in '/home/lionelliu/sim_ws/src/lab-6-motion-planning-team-6/lab6_pkg'
[1.123s] INFO:colcon.colcon_core.shell:Skip shell extension 'powershell' for command environment: Not usable outside of PowerShell
[1.123s] DEBUG:colcon.colcon_core.shell:Skip shell extension 'dsv' for command environment
[1.496s] INFO:colcon.colcon_core.task.python.build:Building Python package in '/home/lionelliu/sim_ws/src/f1tenth_gym_ros'
[1.497s] INFO:colcon.colcon_core.shell:Skip shell extension 'powershell' for command environment: Not usable outside of PowerShell
[1.497s] DEBUG:colcon.colcon_core.shell:Skip shell extension 'dsv' for command environment
[1.543s] DEBUG:colcon.colcon_core.event_handler.log_command:Invoking command in '/home/lionelliu/sim_ws/build/lab6_pkg': CMAKE_PREFIX_PATH=${CMAKE_PREFIX_PATH}:/home/lionelliu/sim_ws/install/f1tenth_gym_ros:/opt/ros/foxy /usr/bin/cmake --build /home/lionelliu/sim_ws/build/lab6_pkg -- -j2 -l2
[1.944s] DEBUG:colcon.colcon_core.event_handler.log_command:Invoked command in '/home/lionelliu/sim_ws/build/lab6_pkg' returned '0': CMAKE_PREFIX_PATH=${CMAKE_PREFIX_PATH}:/home/lionelliu/sim_ws/install/f1tenth_gym_ros:/opt/ros/foxy /usr/bin/cmake --build /home/lionelliu/sim_ws/build/lab6_pkg -- -j2 -l2
[2.049s] DEBUG:colcon.colcon_core.event_handler.log_command:Invoking command in '/home/lionelliu/sim_ws/build/lab6_pkg': CMAKE_PREFIX_PATH=${CMAKE_PREFIX_PATH}:/home/lionelliu/sim_ws/install/f1tenth_gym_ros:/opt/ros/foxy /usr/bin/cmake --install /home/lionelliu/sim_ws/build/lab6_pkg
[2.179s] Level 1:colcon.colcon_core.environment:create_environment_scripts_only(lab6_pkg)
[2.182s] DEBUG:colcon.colcon_core.event_handler.log_command:Invoked command in '/home/lionelliu/sim_ws/build/lab6_pkg' returned '0': CMAKE_PREFIX_PATH=${CMAKE_PREFIX_PATH}:/home/lionelliu/sim_ws/install/f1tenth_gym_ros:/opt/ros/foxy /usr/bin/cmake --install /home/lionelliu/sim_ws/build/lab6_pkg
[2.185s] Level 1:colcon.colcon_core.environment:checking '/home/lionelliu/sim_ws/install/lab6_pkg' for CMake module files
[2.186s] Level 1:colcon.colcon_core.environment:checking '/home/lionelliu/sim_ws/install/lab6_pkg' for CMake config files
[2.188s] Level 1:colcon.colcon_core.shell:create_environment_hook('lab6_pkg', 'cmake_prefix_path')
[2.188s] INFO:colcon.colcon_core.shell:Creating environment hook '/home/lionelliu/sim_ws/install/lab6_pkg/share/lab6_pkg/hook/cmake_prefix_path.ps1'
[2.189s] INFO:colcon.colcon_core.shell:Creating environment descriptor '/home/lionelliu/sim_ws/install/lab6_pkg/share/lab6_pkg/hook/cmake_prefix_path.dsv'
[2.190s] INFO:colcon.colcon_core.shell:Creating environment hook '/home/lionelliu/sim_ws/install/lab6_pkg/share/lab6_pkg/hook/cmake_prefix_path.sh'
[2.193s] Level 1:colcon.colcon_core.environment:checking '/home/lionelliu/sim_ws/install/lab6_pkg/lib'
[2.193s] Level 1:colcon.colcon_core.environment:checking '/home/lionelliu/sim_ws/install/lab6_pkg/bin'
[2.193s] Level 1:colcon.colcon_core.environment:checking '/home/lionelliu/sim_ws/install/lab6_pkg/lib/pkgconfig/lab6_pkg.pc'
[2.194s] Level 1:colcon.colcon_core.environment:checking '/home/lionelliu/sim_ws/install/lab6_pkg/lib/python3.8/site-packages'
[2.194s] Level 1:colcon.colcon_core.shell:create_environment_hook('lab6_pkg', 'pythonpath')
[2.194s] INFO:colcon.colcon_core.shell:Creating environment hook '/home/lionelliu/sim_ws/install/lab6_pkg/share/lab6_pkg/hook/pythonpath.ps1'
[2.195s] INFO:colcon.colcon_core.shell:Creating environment descriptor '/home/lionelliu/sim_ws/install/lab6_pkg/share/lab6_pkg/hook/pythonpath.dsv'
[2.195s] INFO:colcon.colcon_core.shell:Creating environment hook '/home/lionelliu/sim_ws/install/lab6_pkg/share/lab6_pkg/hook/pythonpath.sh'
[2.196s] Level 1:colcon.colcon_core.environment:checking '/home/lionelliu/sim_ws/install/lab6_pkg/bin'
[2.196s] INFO:colcon.colcon_core.shell:Creating package script '/home/lionelliu/sim_ws/install/lab6_pkg/share/lab6_pkg/package.ps1'
[2.198s] INFO:colcon.colcon_core.shell:Creating package descriptor '/home/lionelliu/sim_ws/install/lab6_pkg/share/lab6_pkg/package.dsv'
[2.199s] INFO:colcon.colcon_core.shell:Creating package script '/home/lionelliu/sim_ws/install/lab6_pkg/share/lab6_pkg/package.sh'
[2.201s] INFO:colcon.colcon_core.shell:Creating package script '/home/lionelliu/sim_ws/install/lab6_pkg/share/lab6_pkg/package.bash'
[2.207s] INFO:colcon.colcon_core.shell:Creating package script '/home/lionelliu/sim_ws/install/lab6_pkg/share/lab6_pkg/package.zsh'
[2.211s] Level 1:colcon.colcon_core.environment:create_file_with_runtime_dependencies(/home/lionelliu/sim_ws/install/lab6_pkg/share/colcon-core/packages/lab6_pkg)
[2.359s] Level 1:colcon.colcon_core.environment:create_environment_scripts_only(lab6_pkg)
[2.359s] Level 1:colcon.colcon_core.environment:checking '/home/lionelliu/sim_ws/install/lab6_pkg' for CMake module files
[2.360s] Level 1:colcon.colcon_core.environment:checking '/home/lionelliu/sim_ws/install/lab6_pkg' for CMake config files
[2.360s] Level 1:colcon.colcon_core.shell:create_environment_hook('lab6_pkg', 'cmake_prefix_path')
[2.361s] INFO:colcon.colcon_core.shell:Creating environment hook '/home/lionelliu/sim_ws/install/lab6_pkg/share/lab6_pkg/hook/cmake_prefix_path.ps1'
[2.362s] INFO:colcon.colcon_core.shell:Creating environment descriptor '/home/lionelliu/sim_ws/install/lab6_pkg/share/lab6_pkg/hook/cmake_prefix_path.dsv'
[2.363s] INFO:colcon.colcon_core.shell:Creating environment hook '/home/lionelliu/sim_ws/install/lab6_pkg/share/lab6_pkg/hook/cmake_prefix_path.sh'
[2.368s] Level 1:colcon.colcon_core.environment:checking '/home/lionelliu/sim_ws/install/lab6_pkg/lib'
[2.368s] Level 1:colcon.colcon_core.environment:checking '/home/lionelliu/sim_ws/install/lab6_pkg/bin'
[2.368s] Level 1:colcon.colcon_core.environment:checking '/home/lionelliu/sim_ws/install/lab6_pkg/lib/pkgconfig/lab6_pkg.pc'
[2.368s] Level 1:colcon.colcon_core.environment:checking '/home/lionelliu/sim_ws/install/lab6_pkg/lib/python3.8/site-packages'
[2.368s] Level 1:colcon.colcon_core.shell:create_environment_hook('lab6_pkg', 'pythonpath')
[2.369s] INFO:colcon.colcon_core.shell:Creating environment hook '/home/lionelliu/sim_ws/install/lab6_pkg/share/lab6_pkg/hook/pythonpath.ps1'
[2.370s] INFO:colcon.colcon_core.shell:Creating environment descriptor '/home/lionelliu/sim_ws/install/lab6_pkg/share/lab6_pkg/hook/pythonpath.dsv'
[2.370s] INFO:colcon.colcon_core.shell:Creating environment hook '/home/lionelliu/sim_ws/install/lab6_pkg/share/lab6_pkg/hook/pythonpath.sh'
[2.371s] Level 1:colcon.colcon_core.environment:checking '/home/lionelliu/sim_ws/install/lab6_pkg/bin'
[2.372s] INFO:colcon.colcon_core.shell:Creating package script '/home/lionelliu/sim_ws/install/lab6_pkg/share/lab6_pkg/package.ps1'
[2.372s] INFO:colcon.colcon_core.shell:Creating package descriptor '/home/lionelliu/sim_ws/install/lab6_pkg/share/lab6_pkg/package.dsv'
[2.373s] INFO:colcon.colcon_core.shell:Creating package script '/home/lionelliu/sim_ws/install/lab6_pkg/share/lab6_pkg/package.sh'
[2.376s] INFO:colcon.colcon_core.shell:Creating package script '/home/lionelliu/sim_ws/install/lab6_pkg/share/lab6_pkg/package.bash'
[2.376s] INFO:colcon.colcon_core.shell:Creating package script '/home/lionelliu/sim_ws/install/lab6_pkg/share/lab6_pkg/package.zsh'
[2.377s] Level 1:colcon.colcon_core.environment:create_file_with_runtime_dependencies(/home/lionelliu/sim_ws/install/lab6_pkg/share/colcon-core/packages/lab6_pkg)
[2.378s] INFO:colcon.colcon_ros.task.ament_cmake.build:Building ROS package in '/home/lionelliu/sim_ws/src/lab-8-model-predictive-controlc-team-6/mpc' with build type 'ament_cmake'
[2.379s] INFO:colcon.colcon_cmake.task.cmake.build:Building CMake package in '/home/lionelliu/sim_ws/src/lab-8-model-predictive-controlc-team-6/mpc'
[2.379s] INFO:colcon.colcon_core.shell:Skip shell extension 'powershell' for command environment: Not usable outside of PowerShell
[2.379s] DEBUG:colcon.colcon_core.shell:Skip shell extension 'dsv' for command environment
[2.413s] DEBUG:colcon.colcon_core.event_handler.log_command:Invoking command in '/home/lionelliu/sim_ws/build/mpc': CMAKE_PREFIX_PATH=${CMAKE_PREFIX_PATH}:/home/lionelliu/sim_ws/install/f1tenth_gym_ros:/opt/ros/foxy /usr/bin/cmake --build /home/lionelliu/sim_ws/build/mpc -- -j2 -l2
[2.480s] DEBUG:colcon.colcon_core.event_handler.log_command:Invoking command in '/home/lionelliu/sim_ws/src/f1tenth_gym_ros': PYTHONPATH=/home/lionelliu/sim_ws/build/f1tenth_gym_ros/prefix_override:/home/lionelliu/sim_ws/install/f1tenth_gym_ros/lib/python3.8/site-packages:${PYTHONPATH} /usr/bin/python3 -W ignore:setup.py install is deprecated setup.py egg_info --egg-base ../../build/f1tenth_gym_ros build --build-base /home/lionelliu/sim_ws/build/f1tenth_gym_ros/build install --record /home/lionelliu/sim_ws/build/f1tenth_gym_ros/install.log --install-scripts $base/lib/f1tenth_gym_ros --single-version-externally-managed install_data
[2.693s] DEBUG:colcon.colcon_core.event_handler.log_command:Invoked command in '/home/lionelliu/sim_ws/build/mpc' returned '0': CMAKE_PREFIX_PATH=${CMAKE_PREFIX_PATH}:/home/lionelliu/sim_ws/install/f1tenth_gym_ros:/opt/ros/foxy /usr/bin/cmake --build /home/lionelliu/sim_ws/build/mpc -- -j2 -l2
[2.773s] DEBUG:colcon.colcon_core.event_handler.log_command:Invoking command in '/home/lionelliu/sim_ws/build/mpc': CMAKE_PREFIX_PATH=${CMAKE_PREFIX_PATH}:/home/lionelliu/sim_ws/install/f1tenth_gym_ros:/opt/ros/foxy /usr/bin/cmake --install /home/lionelliu/sim_ws/build/mpc
[2.907s] Level 1:colcon.colcon_core.environment:create_environment_scripts_only(mpc)
[2.916s] Level 1:colcon.colcon_core.environment:checking '/home/lionelliu/sim_ws/install/mpc' for CMake module files
[2.918s] Level 1:colcon.colcon_core.environment:checking '/home/lionelliu/sim_ws/install/mpc' for CMake config files
[2.929s] Level 1:colcon.colcon_core.shell:create_environment_hook('mpc', 'cmake_prefix_path')
[2.930s] INFO:colcon.colcon_core.shell:Creating environment hook '/home/lionelliu/sim_ws/install/mpc/share/mpc/hook/cmake_prefix_path.ps1'
[2.935s] DEBUG:colcon.colcon_core.event_handler.log_command:Invoked command in '/home/lionelliu/sim_ws/build/mpc' returned '0': CMAKE_PREFIX_PATH=${CMAKE_PREFIX_PATH}:/home/lionelliu/sim_ws/install/f1tenth_gym_ros:/opt/ros/foxy /usr/bin/cmake --install /home/lionelliu/sim_ws/build/mpc
[2.936s] INFO:colcon.colcon_core.shell:Creating environment descriptor '/home/lionelliu/sim_ws/install/mpc/share/mpc/hook/cmake_prefix_path.dsv'
[2.937s] INFO:colcon.colcon_core.shell:Creating environment hook '/home/lionelliu/sim_ws/install/mpc/share/mpc/hook/cmake_prefix_path.sh'
[2.939s] Level 1:colcon.colcon_core.environment:checking '/home/lionelliu/sim_ws/install/mpc/lib'
[2.939s] Level 1:colcon.colcon_core.environment:checking '/home/lionelliu/sim_ws/install/mpc/bin'
[2.939s] Level 1:colcon.colcon_core.environment:checking '/home/lionelliu/sim_ws/install/mpc/lib/pkgconfig/mpc.pc'
[2.940s] Level 1:colcon.colcon_core.environment:checking '/home/lionelliu/sim_ws/install/mpc/lib/python3.8/site-packages'
[2.940s] Level 1:colcon.colcon_core.shell:create_environment_hook('mpc', 'pythonpath')
[2.940s] INFO:colcon.colcon_core.shell:Creating environment hook '/home/lionelliu/sim_ws/install/mpc/share/mpc/hook/pythonpath.ps1'
[2.941s] INFO:colcon.colcon_core.shell:Creating environment descriptor '/home/lionelliu/sim_ws/install/mpc/share/mpc/hook/pythonpath.dsv'
[2.944s] INFO:colcon.colcon_core.shell:Creating environment hook '/home/lionelliu/sim_ws/install/mpc/share/mpc/hook/pythonpath.sh'
[2.945s] Level 1:colcon.colcon_core.environment:checking '/home/lionelliu/sim_ws/install/mpc/bin'
[2.947s] INFO:colcon.colcon_core.shell:Creating package script '/home/lionelliu/sim_ws/install/mpc/share/mpc/package.ps1'
[2.948s] INFO:colcon.colcon_core.shell:Creating package descriptor '/home/lionelliu/sim_ws/install/mpc/share/mpc/package.dsv'
[2.949s] INFO:colcon.colcon_core.shell:Creating package script '/home/lionelliu/sim_ws/install/mpc/share/mpc/package.sh'
[2.953s] INFO:colcon.colcon_core.shell:Creating package script '/home/lionelliu/sim_ws/install/mpc/share/mpc/package.bash'
[2.956s] INFO:colcon.colcon_core.shell:Creating package script '/home/lionelliu/sim_ws/install/mpc/share/mpc/package.zsh'
[2.956s] Level 1:colcon.colcon_core.environment:create_file_with_runtime_dependencies(/home/lionelliu/sim_ws/install/mpc/share/colcon-core/packages/mpc)
[2.964s] Level 1:colcon.colcon_core.environment:checking '/home/lionelliu/sim_ws/install/f1tenth_gym_ros' for CMake module files
[2.965s] Level 1:colcon.colcon_core.environment:checking '/home/lionelliu/sim_ws/install/f1tenth_gym_ros' for CMake config files
[2.967s] DEBUG:colcon.colcon_core.event_handler.log_command:Invoked command in '/home/lionelliu/sim_ws/src/f1tenth_gym_ros' returned '0': PYTHONPATH=/home/lionelliu/sim_ws/build/f1tenth_gym_ros/prefix_override:/home/lionelliu/sim_ws/install/f1tenth_gym_ros/lib/python3.8/site-packages:${PYTHONPATH} /usr/bin/python3 -W ignore:setup.py install is deprecated setup.py egg_info --egg-base ../../build/f1tenth_gym_ros build --build-base /home/lionelliu/sim_ws/build/f1tenth_gym_ros/build install --record /home/lionelliu/sim_ws/build/f1tenth_gym_ros/install.log --install-scripts $base/lib/f1tenth_gym_ros --single-version-externally-managed install_data
[2.967s] Level 1:colcon.colcon_core.environment:checking '/home/lionelliu/sim_ws/install/f1tenth_gym_ros/lib'
[2.968s] Level 1:colcon.colcon_core.environment:checking '/home/lionelliu/sim_ws/install/f1tenth_gym_ros/bin'
[2.968s] Level 1:colcon.colcon_core.environment:checking '/home/lionelliu/sim_ws/install/f1tenth_gym_ros/lib/pkgconfig/f1tenth_gym_ros.pc'
[2.968s] Level 1:colcon.colcon_core.environment:checking '/home/lionelliu/sim_ws/install/f1tenth_gym_ros/lib/python3.8/site-packages'
[2.968s] Level 1:colcon.colcon_core.shell:create_environment_hook('f1tenth_gym_ros', 'pythonpath')
[2.968s] INFO:colcon.colcon_core.shell:Creating environment hook '/home/lionelliu/sim_ws/install/f1tenth_gym_ros/share/f1tenth_gym_ros/hook/pythonpath.ps1'
[2.969s] INFO:colcon.colcon_core.shell:Creating environment descriptor '/home/lionelliu/sim_ws/install/f1tenth_gym_ros/share/f1tenth_gym_ros/hook/pythonpath.dsv'
[2.971s] INFO:colcon.colcon_core.shell:Creating environment hook '/home/lionelliu/sim_ws/install/f1tenth_gym_ros/share/f1tenth_gym_ros/hook/pythonpath.sh'
[2.972s] Level 1:colcon.colcon_core.environment:checking '/home/lionelliu/sim_ws/install/f1tenth_gym_ros/bin'
[2.973s] Level 1:colcon.colcon_core.environment:create_environment_scripts_only(f1tenth_gym_ros)
[2.973s] INFO:colcon.colcon_core.shell:Creating package script '/home/lionelliu/sim_ws/install/f1tenth_gym_ros/share/f1tenth_gym_ros/package.ps1'
[2.975s] INFO:colcon.colcon_core.shell:Creating package descriptor '/home/lionelliu/sim_ws/install/f1tenth_gym_ros/share/f1tenth_gym_ros/package.dsv'
[2.976s] INFO:colcon.colcon_core.shell:Creating package script '/home/lionelliu/sim_ws/install/f1tenth_gym_ros/share/f1tenth_gym_ros/package.sh'
[2.977s] INFO:colcon.colcon_core.shell:Creating package script '/home/lionelliu/sim_ws/install/f1tenth_gym_ros/share/f1tenth_gym_ros/package.bash'
[2.979s] INFO:colcon.colcon_core.shell:Creating package script '/home/lionelliu/sim_ws/install/f1tenth_gym_ros/share/f1tenth_gym_ros/package.zsh'
[2.980s] Level 1:colcon.colcon_core.environment:create_file_with_runtime_dependencies(/home/lionelliu/sim_ws/install/f1tenth_gym_ros/share/colcon-core/packages/f1tenth_gym_ros)
[2.984s] INFO:colcon.colcon_ros.task.ament_cmake.build:Building ROS package in '/home/lionelliu/sim_ws/src/lab-5-slam-and-pure-pursuit-team-6/pure_pursuit' with build type 'ament_cmake'
[2.984s] INFO:colcon.colcon_cmake.task.cmake.build:Building CMake package in '/home/lionelliu/sim_ws/src/lab-5-slam-and-pure-pursuit-team-6/pure_pursuit'
[2.984s] INFO:colcon.colcon_core.shell:Skip shell extension 'powershell' for command environment: Not usable outside of PowerShell
[2.984s] DEBUG:colcon.colcon_core.shell:Skip shell extension 'dsv' for command environment
[3.025s] DEBUG:colcon.colcon_core.event_handler.log_command:Invoking command in '/home/lionelliu/sim_ws/build/pure_pursuit': CMAKE_PREFIX_PATH=${CMAKE_PREFIX_PATH}:/home/lionelliu/sim_ws/install/f1tenth_gym_ros:/opt/ros/foxy /usr/bin/cmake --build /home/lionelliu/sim_ws/build/pure_pursuit -- -j2 -l2
[3.055s] Level 1:colcon.colcon_core.environment:create_environment_scripts_only(mpc)
[3.055s] Level 1:colcon.colcon_core.environment:checking '/home/lionelliu/sim_ws/install/mpc' for CMake module files
[3.056s] Level 1:colcon.colcon_core.environment:checking '/home/lionelliu/sim_ws/install/mpc' for CMake config files
[3.056s] Level 1:colcon.colcon_core.shell:create_environment_hook('mpc', 'cmake_prefix_path')
[3.056s] INFO:colcon.colcon_core.shell:Creating environment hook '/home/lionelliu/sim_ws/install/mpc/share/mpc/hook/cmake_prefix_path.ps1'
[3.061s] INFO:colcon.colcon_core.shell:Creating environment descriptor '/home/lionelliu/sim_ws/install/mpc/share/mpc/hook/cmake_prefix_path.dsv'
[3.062s] INFO:colcon.colcon_core.shell:Creating environment hook '/home/lionelliu/sim_ws/install/mpc/share/mpc/hook/cmake_prefix_path.sh'
[3.063s] Level 1:colcon.colcon_core.environment:checking '/home/lionelliu/sim_ws/install/mpc/lib'
[3.064s] Level 1:colcon.colcon_core.environment:checking '/home/lionelliu/sim_ws/install/mpc/bin'
[3.064s] Level 1:colcon.colcon_core.environment:checking '/home/lionelliu/sim_ws/install/mpc/lib/pkgconfig/mpc.pc'
[3.064s] Level 1:colcon.colcon_core.environment:checking '/home/lionelliu/sim_ws/install/mpc/lib/python3.8/site-packages'
[3.064s] Level 1:colcon.colcon_core.shell:create_environment_hook('mpc', 'pythonpath')
[3.065s] INFO:colcon.colcon_core.shell:Creating environment hook '/home/lionelliu/sim_ws/install/mpc/share/mpc/hook/pythonpath.ps1'
[3.066s] INFO:colcon.colcon_core.shell:Creating environment descriptor '/home/lionelliu/sim_ws/install/mpc/share/mpc/hook/pythonpath.dsv'
[3.067s] INFO:colcon.colcon_core.shell:Creating environment hook '/home/lionelliu/sim_ws/install/mpc/share/mpc/hook/pythonpath.sh'
[3.068s] Level 1:colcon.colcon_core.environment:checking '/home/lionelliu/sim_ws/install/mpc/bin'
[3.071s] INFO:colcon.colcon_core.shell:Creating package script '/home/lionelliu/sim_ws/install/mpc/share/mpc/package.ps1'
[3.075s] INFO:colcon.colcon_core.shell:Creating package descriptor '/home/lionelliu/sim_ws/install/mpc/share/mpc/package.dsv'
[3.078s] INFO:colcon.colcon_core.shell:Creating package script '/home/lionelliu/sim_ws/install/mpc/share/mpc/package.sh'
[3.080s] INFO:colcon.colcon_core.shell:Creating package script '/home/lionelliu/sim_ws/install/mpc/share/mpc/package.bash'
[3.081s] INFO:colcon.colcon_core.shell:Creating package script '/home/lionelliu/sim_ws/install/mpc/share/mpc/package.zsh'
[3.082s] Level 1:colcon.colcon_core.environment:create_file_with_runtime_dependencies(/home/lionelliu/sim_ws/install/mpc/share/colcon-core/packages/mpc)
[3.260s] DEBUG:colcon.colcon_core.event_handler.log_command:Invoked command in '/home/lionelliu/sim_ws/build/pure_pursuit' returned '0': CMAKE_PREFIX_PATH=${CMAKE_PREFIX_PATH}:/home/lionelliu/sim_ws/install/f1tenth_gym_ros:/opt/ros/foxy /usr/bin/cmake --build /home/lionelliu/sim_ws/build/pure_pursuit -- -j2 -l2
[3.307s] DEBUG:colcon.colcon_core.event_handler.log_command:Invoking command in '/home/lionelliu/sim_ws/build/pure_pursuit': CMAKE_PREFIX_PATH=${CMAKE_PREFIX_PATH}:/home/lionelliu/sim_ws/install/f1tenth_gym_ros:/opt/ros/foxy /usr/bin/cmake --install /home/lionelliu/sim_ws/build/pure_pursuit
[3.377s] Level 1:colcon.colcon_core.environment:create_environment_scripts_only(pure_pursuit)
[3.378s] Level 1:colcon.colcon_core.environment:checking '/home/lionelliu/sim_ws/install/pure_pursuit' for CMake module files
[3.378s] DEBUG:colcon.colcon_core.event_handler.log_command:Invoked command in '/home/lionelliu/sim_ws/build/pure_pursuit' returned '0': CMAKE_PREFIX_PATH=${CMAKE_PREFIX_PATH}:/home/lionelliu/sim_ws/install/f1tenth_gym_ros:/opt/ros/foxy /usr/bin/cmake --install /home/lionelliu/sim_ws/build/pure_pursuit
[3.379s] Level 1:colcon.colcon_core.environment:checking '/home/lionelliu/sim_ws/install/pure_pursuit' for CMake config files
[3.379s] Level 1:colcon.colcon_core.shell:create_environment_hook('pure_pursuit', 'cmake_prefix_path')
[3.380s] INFO:colcon.colcon_core.shell:Creating environment hook '/home/lionelliu/sim_ws/install/pure_pursuit/share/pure_pursuit/hook/cmake_prefix_path.ps1'
[3.380s] INFO:colcon.colcon_core.shell:Creating environment descriptor '/home/lionelliu/sim_ws/install/pure_pursuit/share/pure_pursuit/hook/cmake_prefix_path.dsv'
[3.381s] INFO:colcon.colcon_core.shell:Creating environment hook '/home/lionelliu/sim_ws/install/pure_pursuit/share/pure_pursuit/hook/cmake_prefix_path.sh'
[3.382s] Level 1:colcon.colcon_core.environment:checking '/home/lionelliu/sim_ws/install/pure_pursuit/lib'
[3.382s] Level 1:colcon.colcon_core.environment:checking '/home/lionelliu/sim_ws/install/pure_pursuit/bin'
[3.382s] Level 1:colcon.colcon_core.environment:checking '/home/lionelliu/sim_ws/install/pure_pursuit/lib/pkgconfig/pure_pursuit.pc'
[3.382s] Level 1:colcon.colcon_core.environment:checking '/home/lionelliu/sim_ws/install/pure_pursuit/lib/python3.8/site-packages'
[3.382s] Level 1:colcon.colcon_core.shell:create_environment_hook('pure_pursuit', 'pythonpath')
[3.382s] INFO:colcon.colcon_core.shell:Creating environment hook '/home/lionelliu/sim_ws/install/pure_pursuit/share/pure_pursuit/hook/pythonpath.ps1'
[3.383s] INFO:colcon.colcon_core.shell:Creating environment descriptor '/home/lionelliu/sim_ws/install/pure_pursuit/share/pure_pursuit/hook/pythonpath.dsv'
[3.383s] INFO:colcon.colcon_core.shell:Creating environment hook '/home/lionelliu/sim_ws/install/pure_pursuit/share/pure_pursuit/hook/pythonpath.sh'
[3.384s] Level 1:colcon.colcon_core.environment:checking '/home/lionelliu/sim_ws/install/pure_pursuit/bin'
[3.384s] INFO:colcon.colcon_core.shell:Creating package script '/home/lionelliu/sim_ws/install/pure_pursuit/share/pure_pursuit/package.ps1'
[3.385s] INFO:colcon.colcon_core.shell:Creating package descriptor '/home/lionelliu/sim_ws/install/pure_pursuit/share/pure_pursuit/package.dsv'
[3.387s] INFO:colcon.colcon_core.shell:Creating package script '/home/lionelliu/sim_ws/install/pure_pursuit/share/pure_pursuit/package.sh'
[3.390s] INFO:colcon.colcon_core.shell:Creating package script '/home/lionelliu/sim_ws/install/pure_pursuit/share/pure_pursuit/package.bash'
[3.391s] INFO:colcon.colcon_core.shell:Creating package script '/home/lionelliu/sim_ws/install/pure_pursuit/share/pure_pursuit/package.zsh'
[3.393s] Level 1:colcon.colcon_core.environment:create_file_with_runtime_dependencies(/home/lionelliu/sim_ws/install/pure_pursuit/share/colcon-core/packages/pure_pursuit)
[3.446s] Level 1:colcon.colcon_core.environment:create_environment_scripts_only(pure_pursuit)
[3.447s] Level 1:colcon.colcon_core.environment:checking '/home/lionelliu/sim_ws/install/pure_pursuit' for CMake module files
[3.448s] Level 1:colcon.colcon_core.environment:checking '/home/lionelliu/sim_ws/install/pure_pursuit' for CMake config files
[3.448s] Level 1:colcon.colcon_core.shell:create_environment_hook('pure_pursuit', 'cmake_prefix_path')
[3.449s] INFO:colcon.colcon_core.shell:Creating environment hook '/home/lionelliu/sim_ws/install/pure_pursuit/share/pure_pursuit/hook/cmake_prefix_path.ps1'
[3.453s] INFO:colcon.colcon_core.shell:Creating environment descriptor '/home/lionelliu/sim_ws/install/pure_pursuit/share/pure_pursuit/hook/cmake_prefix_path.dsv'
[3.454s] INFO:colcon.colcon_core.shell:Creating environment hook '/home/lionelliu/sim_ws/install/pure_pursuit/share/pure_pursuit/hook/cmake_prefix_path.sh'
[3.455s] Level 1:colcon.colcon_core.environment:checking '/home/lionelliu/sim_ws/install/pure_pursuit/lib'
[3.455s] Level 1:colcon.colcon_core.environment:checking '/home/lionelliu/sim_ws/install/pure_pursuit/bin'
[3.455s] Level 1:colcon.colcon_core.environment:checking '/home/lionelliu/sim_ws/install/pure_pursuit/lib/pkgconfig/pure_pursuit.pc'
[3.455s] Level 1:colcon.colcon_core.environment:checking '/home/lionelliu/sim_ws/install/pure_pursuit/lib/python3.8/site-packages'
[3.455s] Level 1:colcon.colcon_core.shell:create_environment_hook('pure_pursuit', 'pythonpath')
[3.456s] INFO:colcon.colcon_core.shell:Creating environment hook '/home/lionelliu/sim_ws/install/pure_pursuit/share/pure_pursuit/hook/pythonpath.ps1'
[3.456s] INFO:colcon.colcon_core.shell:Creating environment descriptor '/home/lionelliu/sim_ws/install/pure_pursuit/share/pure_pursuit/hook/pythonpath.dsv'
[3.457s] INFO:colcon.colcon_core.shell:Creating environment hook '/home/lionelliu/sim_ws/install/pure_pursuit/share/pure_pursuit/hook/pythonpath.sh'
[3.458s] Level 1:colcon.colcon_core.environment:checking '/home/lionelliu/sim_ws/install/pure_pursuit/bin'
[3.459s] INFO:colcon.colcon_core.shell:Creating package script '/home/lionelliu/sim_ws/install/pure_pursuit/share/pure_pursuit/package.ps1'
[3.461s] INFO:colcon.colcon_core.shell:Creating package descriptor '/home/lionelliu/sim_ws/install/pure_pursuit/share/pure_pursuit/package.dsv'
[3.463s] INFO:colcon.colcon_core.shell:Creating package script '/home/lionelliu/sim_ws/install/pure_pursuit/share/pure_pursuit/package.sh'
[3.464s] INFO:colcon.colcon_core.shell:Creating package script '/home/lionelliu/sim_ws/install/pure_pursuit/share/pure_pursuit/package.bash'
[3.465s] INFO:colcon.colcon_core.shell:Creating package script '/home/lionelliu/sim_ws/install/pure_pursuit/share/pure_pursuit/package.zsh'
[3.465s] Level 1:colcon.colcon_core.environment:create_file_with_runtime_dependencies(/home/lionelliu/sim_ws/install/pure_pursuit/share/colcon-core/packages/pure_pursuit)
[3.468s] DEBUG:colcon.colcon_parallel_executor.executor.parallel:closing loop
[3.469s] DEBUG:colcon.colcon_parallel_executor.executor.parallel:loop closed
[3.469s] DEBUG:colcon.colcon_parallel_executor.executor.parallel:run_until_complete finished with '0'
[3.469s] DEBUG:colcon.colcon_core.event_reactor:joining thread
[3.484s] INFO:colcon.colcon_core.plugin_system:Skipping extension 'colcon_notification.desktop_notification.terminal_notifier': Not used on non-Darwin systems
[3.485s] INFO:colcon.colcon_core.plugin_system:Skipping extension 'colcon_notification.desktop_notification.win32': Not used on non-Windows systems
[3.485s] INFO:colcon.colcon_notification.desktop_notification:Sending desktop notification using 'notify2'
[3.513s] DEBUG:colcon.colcon_core.event_reactor:joined thread
[3.513s] INFO:colcon.colcon_core.shell:Creating prefix script '/home/lionelliu/sim_ws/install/local_setup.ps1'
[3.514s] INFO:colcon.colcon_core.shell:Creating prefix util module '/home/lionelliu/sim_ws/install/_local_setup_util_ps1.py'
[3.517s] INFO:colcon.colcon_core.shell:Creating prefix chain script '/home/lionelliu/sim_ws/install/setup.ps1'
[3.520s] INFO:colcon.colcon_core.shell:Creating prefix script '/home/lionelliu/sim_ws/install/local_setup.sh'
[3.523s] INFO:colcon.colcon_core.shell:Creating prefix util module '/home/lionelliu/sim_ws/install/_local_setup_util_sh.py'
[3.524s] INFO:colcon.colcon_core.shell:Creating prefix chain script '/home/lionelliu/sim_ws/install/setup.sh'
[3.530s] INFO:colcon.colcon_core.shell:Creating prefix script '/home/lionelliu/sim_ws/install/local_setup.bash'
[3.531s] INFO:colcon.colcon_core.shell:Creating prefix chain script '/home/lionelliu/sim_ws/install/setup.bash'
[3.535s] INFO:colcon.colcon_core.shell:Creating prefix script '/home/lionelliu/sim_ws/install/local_setup.zsh'
[3.541s] INFO:colcon.colcon_core.shell:Creating prefix chain script '/home/lionelliu/sim_ws/install/setup.zsh'
