[1.534s] Invoking command in '/home/lionelliu/sim_ws/src/f1tenth_gym_ros': PYTHONPATH=/home/lionelliu/sim_ws/build/f1tenth_gym_ros/prefix_override:/home/lionelliu/sim_ws/install/f1tenth_gym_ros/lib/python3.8/site-packages:${PYTHONPATH} /usr/bin/python3 -W ignore:setup.py install is deprecated setup.py egg_info --egg-base ../../build/f1tenth_gym_ros build --build-base /home/lionelliu/sim_ws/build/f1tenth_gym_ros/build install --record /home/lionelliu/sim_ws/build/f1tenth_gym_ros/install.log --install-scripts $base/lib/f1tenth_gym_ros --single-version-externally-managed install_data
[1.926s] running egg_info
[1.928s] writing ../../build/f1tenth_gym_ros/f1tenth_gym_ros.egg-info/PKG-INFO
[1.930s] writing dependency_links to ../../build/f1tenth_gym_ros/f1tenth_gym_ros.egg-info/dependency_links.txt
[1.930s] writing entry points to ../../build/f1tenth_gym_ros/f1tenth_gym_ros.egg-info/entry_points.txt
[1.930s] writing requirements to ../../build/f1tenth_gym_ros/f1tenth_gym_ros.egg-info/requires.txt
[1.930s] writing top-level names to ../../build/f1tenth_gym_ros/f1tenth_gym_ros.egg-info/top_level.txt
[2.013s] reading manifest file '../../build/f1tenth_gym_ros/f1tenth_gym_ros.egg-info/SOURCES.txt'
[2.014s] writing manifest file '../../build/f1tenth_gym_ros/f1tenth_gym_ros.egg-info/SOURCES.txt'
[2.014s] running build
[2.015s] running build_py
[2.015s] running install
[2.021s] running install_lib
[2.023s] running install_data
[2.027s] running install_egg_info
[2.031s] removing '/home/lionelliu/sim_ws/install/f1tenth_gym_ros/lib/python3.8/site-packages/f1tenth_gym_ros-0.0.0-py3.8.egg-info' (and everything under it)
[2.032s] Copying ../../build/f1tenth_gym_ros/f1tenth_gym_ros.egg-info to /home/lionelliu/sim_ws/install/f1tenth_gym_ros/lib/python3.8/site-packages/f1tenth_gym_ros-0.0.0-py3.8.egg-info
[2.039s] running install_scripts
[2.072s] Installing gym_bridge script to /home/lionelliu/sim_ws/install/f1tenth_gym_ros/lib/f1tenth_gym_ros
[2.074s] writing list of installed files to '/home/lionelliu/sim_ws/build/f1tenth_gym_ros/install.log'
[2.166s] Invoked command in '/home/lionelliu/sim_ws/src/f1tenth_gym_ros' returned '0': PYTHONPATH=/home/lionelliu/sim_ws/build/f1tenth_gym_ros/prefix_override:/home/lionelliu/sim_ws/install/f1tenth_gym_ros/lib/python3.8/site-packages:${PYTHONPATH} /usr/bin/python3 -W ignore:setup.py install is deprecated setup.py egg_info --egg-base ../../build/f1tenth_gym_ros build --build-base /home/lionelliu/sim_ws/build/f1tenth_gym_ros/build install --record /home/lionelliu/sim_ws/build/f1tenth_gym_ros/install.log --install-scripts $base/lib/f1tenth_gym_ros --single-version-externally-managed install_data
