[1.040s] DEBUG:colcon:Command line arguments: ['/usr/local/bin/colcon', 'build']
[1.040s] DEBUG:colcon:Parsed command line arguments: Namespace(ament_cmake_args=None, base_paths=['.'], build_base='build', catkin_cmake_args=None, catkin_skip_building_tests=False, cmake_args=None, cmake_clean_cache=False, cmake_clean_first=False, cmake_force_configure=False, cmake_target=None, cmake_target_skip_unavailable=False, continue_on_error=False, event_handlers=None, executor='parallel', ignore_user_meta=False, install_base='install', log_base=None, log_level=None, main=<bound method BuildVerb.main of <colcon_core.verb.build.BuildVerb object at 0x7fdb51701100>>, merge_install=False, metas=['./colcon.meta'], packages_above=None, packages_above_and_dependencies=None, packages_above_depth=None, packages_end=None, packages_ignore=None, packages_ignore_regex=None, packages_select=None, packages_select_build_failed=False, packages_select_by_dep=None, packages_select_regex=None, packages_select_test_failures=False, packages_skip=None, packages_skip_build_finished=False, packages_skip_by_dep=None, packages_skip_regex=None, packages_skip_test_passed=False, packages_skip_up_to=None, packages_start=None, packages_up_to=None, packages_up_to_regex=None, parallel_workers=2, paths=None, symlink_install=False, test_result_base=None, verb_extension=<colcon_core.verb.build.BuildVerb object at 0x7fdb51701100>, verb_name='build', verb_parser=<colcon_defaults.argument_parser.defaults.DefaultArgumentsDecorator object at 0x7fdb516259d0>)
[1.354s] Level 1:colcon.colcon_core.package_discovery:discover_packages(colcon_meta) check parameters
[1.354s] Level 1:colcon.colcon_core.package_discovery:discover_packages(recursive) check parameters
[1.354s] Level 1:colcon.colcon_core.package_discovery:discover_packages(ignore) check parameters
[1.354s] Level 1:colcon.colcon_core.package_discovery:discover_packages(path) check parameters
[1.354s] Level 1:colcon.colcon_core.package_discovery:discover_packages(colcon_meta) discover
[1.354s] Level 1:colcon.colcon_core.package_discovery:discover_packages(recursive) discover
[1.354s] INFO:colcon.colcon_core.package_discovery:Crawling recursively for packages in '/home/lionelliu/sim_ws'
[1.355s] Level 1:colcon.colcon_core.package_identification:_identify(.) by extensions ['ignore', 'ignore_ament_install']
[1.355s] Level 1:colcon.colcon_core.package_identification:_identify(.) by extension 'ignore'
[1.355s] Level 1:colcon.colcon_core.package_identification:_identify(.) by extension 'ignore_ament_install'
[1.355s] Level 1:colcon.colcon_core.package_identification:_identify(.) by extensions ['colcon_pkg']
[1.355s] Level 1:colcon.colcon_core.package_identification:_identify(.) by extension 'colcon_pkg'
[1.355s] Level 1:colcon.colcon_core.package_identification:_identify(.) by extensions ['colcon_meta']
[1.355s] Level 1:colcon.colcon_core.package_identification:_identify(.) by extension 'colcon_meta'
[1.355s] Level 1:colcon.colcon_core.package_identification:_identify(.) by extensions ['ros']
[1.355s] Level 1:colcon.colcon_core.package_identification:_identify(.) by extension 'ros'
[1.379s] Level 1:colcon.colcon_core.package_identification:_identify(.) by extensions ['cmake', 'python']
[1.379s] Level 1:colcon.colcon_core.package_identification:_identify(.) by extension 'cmake'
[1.380s] Level 1:colcon.colcon_core.package_identification:_identify(.) by extension 'python'
[1.380s] Level 1:colcon.colcon_core.package_identification:_identify(.) by extensions ['python_setup_py']
[1.380s] Level 1:colcon.colcon_core.package_identification:_identify(.) by extension 'python_setup_py'
[1.380s] Level 1:colcon.colcon_core.package_identification:_identify(build) by extensions ['ignore', 'ignore_ament_install']
[1.380s] Level 1:colcon.colcon_core.package_identification:_identify(build) by extension 'ignore'
[1.380s] Level 1:colcon.colcon_core.package_identification:_identify(build) ignored
[1.380s] Level 1:colcon.colcon_core.package_identification:_identify(install) by extensions ['ignore', 'ignore_ament_install']
[1.380s] Level 1:colcon.colcon_core.package_identification:_identify(install) by extension 'ignore'
[1.380s] Level 1:colcon.colcon_core.package_identification:_identify(install) ignored
[1.380s] Level 1:colcon.colcon_core.package_identification:_identify(log) by extensions ['ignore', 'ignore_ament_install']
[1.381s] Level 1:colcon.colcon_core.package_identification:_identify(log) by extension 'ignore'
[1.381s] Level 1:colcon.colcon_core.package_identification:_identify(log) ignored
[1.383s] Level 1:colcon.colcon_core.package_identification:_identify(src) by extensions ['ignore', 'ignore_ament_install']
[1.383s] Level 1:colcon.colcon_core.package_identification:_identify(src) by extension 'ignore'
[1.383s] Level 1:colcon.colcon_core.package_identification:_identify(src) by extension 'ignore_ament_install'
[1.383s] Level 1:colcon.colcon_core.package_identification:_identify(src) by extensions ['colcon_pkg']
[1.383s] Level 1:colcon.colcon_core.package_identification:_identify(src) by extension 'colcon_pkg'
[1.384s] Level 1:colcon.colcon_core.package_identification:_identify(src) by extensions ['colcon_meta']
[1.384s] Level 1:colcon.colcon_core.package_identification:_identify(src) by extension 'colcon_meta'
[1.384s] Level 1:colcon.colcon_core.package_identification:_identify(src) by extensions ['ros']
[1.384s] Level 1:colcon.colcon_core.package_identification:_identify(src) by extension 'ros'
[1.384s] Level 1:colcon.colcon_core.package_identification:_identify(src) by extensions ['cmake', 'python']
[1.384s] Level 1:colcon.colcon_core.package_identification:_identify(src) by extension 'cmake'
[1.384s] Level 1:colcon.colcon_core.package_identification:_identify(src) by extension 'python'
[1.384s] Level 1:colcon.colcon_core.package_identification:_identify(src) by extensions ['python_setup_py']
[1.384s] Level 1:colcon.colcon_core.package_identification:_identify(src) by extension 'python_setup_py'
[1.385s] Level 1:colcon.colcon_core.package_identification:_identify(src/csv_data) by extensions ['ignore', 'ignore_ament_install']
[1.385s] Level 1:colcon.colcon_core.package_identification:_identify(src/csv_data) by extension 'ignore'
[1.385s] Level 1:colcon.colcon_core.package_identification:_identify(src/csv_data) by extension 'ignore_ament_install'
[1.385s] Level 1:colcon.colcon_core.package_identification:_identify(src/csv_data) by extensions ['colcon_pkg']
[1.385s] Level 1:colcon.colcon_core.package_identification:_identify(src/csv_data) by extension 'colcon_pkg'
[1.385s] Level 1:colcon.colcon_core.package_identification:_identify(src/csv_data) by extensions ['colcon_meta']
[1.385s] Level 1:colcon.colcon_core.package_identification:_identify(src/csv_data) by extension 'colcon_meta'
[1.385s] Level 1:colcon.colcon_core.package_identification:_identify(src/csv_data) by extensions ['ros']
[1.385s] Level 1:colcon.colcon_core.package_identification:_identify(src/csv_data) by extension 'ros'
[1.387s] Level 1:colcon.colcon_core.package_identification:_identify(src/csv_data) by extensions ['cmake', 'python']
[1.387s] Level 1:colcon.colcon_core.package_identification:_identify(src/csv_data) by extension 'cmake'
[1.387s] Level 1:colcon.colcon_core.package_identification:_identify(src/csv_data) by extension 'python'
[1.387s] Level 1:colcon.colcon_core.package_identification:_identify(src/csv_data) by extensions ['python_setup_py']
[1.387s] Level 1:colcon.colcon_core.package_identification:_identify(src/csv_data) by extension 'python_setup_py'
[1.388s] Level 1:colcon.colcon_core.package_identification:_identify(src/f1tenth_gym_ros) by extensions ['ignore', 'ignore_ament_install']
[1.388s] Level 1:colcon.colcon_core.package_identification:_identify(src/f1tenth_gym_ros) by extension 'ignore'
[1.388s] Level 1:colcon.colcon_core.package_identification:_identify(src/f1tenth_gym_ros) by extension 'ignore_ament_install'
[1.388s] Level 1:colcon.colcon_core.package_identification:_identify(src/f1tenth_gym_ros) by extensions ['colcon_pkg']
[1.388s] Level 1:colcon.colcon_core.package_identification:_identify(src/f1tenth_gym_ros) by extension 'colcon_pkg'
[1.389s] Level 1:colcon.colcon_core.package_identification:_identify(src/f1tenth_gym_ros) by extensions ['colcon_meta']
[1.389s] Level 1:colcon.colcon_core.package_identification:_identify(src/f1tenth_gym_ros) by extension 'colcon_meta'
[1.389s] Level 1:colcon.colcon_core.package_identification:_identify(src/f1tenth_gym_ros) by extensions ['ros']
[1.389s] Level 1:colcon.colcon_core.package_identification:_identify(src/f1tenth_gym_ros) by extension 'ros'
[1.399s] DEBUG:colcon.colcon_core.package_identification:Package 'src/f1tenth_gym_ros' with type 'ros.ament_python' and name 'f1tenth_gym_ros'
[1.401s] Level 1:colcon.colcon_core.package_identification:_identify(src/lab-5-slam-and-pure-pursuit-team-6) by extensions ['ignore', 'ignore_ament_install']
[1.401s] Level 1:colcon.colcon_core.package_identification:_identify(src/lab-5-slam-and-pure-pursuit-team-6) by extension 'ignore'
[1.401s] Level 1:colcon.colcon_core.package_identification:_identify(src/lab-5-slam-and-pure-pursuit-team-6) by extension 'ignore_ament_install'
[1.401s] Level 1:colcon.colcon_core.package_identification:_identify(src/lab-5-slam-and-pure-pursuit-team-6) by extensions ['colcon_pkg']
[1.401s] Level 1:colcon.colcon_core.package_identification:_identify(src/lab-5-slam-and-pure-pursuit-team-6) by extension 'colcon_pkg'
[1.401s] Level 1:colcon.colcon_core.package_identification:_identify(src/lab-5-slam-and-pure-pursuit-team-6) by extensions ['colcon_meta']
[1.401s] Level 1:colcon.colcon_core.package_identification:_identify(src/lab-5-slam-and-pure-pursuit-team-6) by extension 'colcon_meta'
[1.401s] Level 1:colcon.colcon_core.package_identification:_identify(src/lab-5-slam-and-pure-pursuit-team-6) by extensions ['ros']
[1.401s] Level 1:colcon.colcon_core.package_identification:_identify(src/lab-5-slam-and-pure-pursuit-team-6) by extension 'ros'
[1.403s] Level 1:colcon.colcon_core.package_identification:_identify(src/lab-5-slam-and-pure-pursuit-team-6) by extensions ['cmake', 'python']
[1.403s] Level 1:colcon.colcon_core.package_identification:_identify(src/lab-5-slam-and-pure-pursuit-team-6) by extension 'cmake'
[1.403s] Level 1:colcon.colcon_core.package_identification:_identify(src/lab-5-slam-and-pure-pursuit-team-6) by extension 'python'
[1.403s] Level 1:colcon.colcon_core.package_identification:_identify(src/lab-5-slam-and-pure-pursuit-team-6) by extensions ['python_setup_py']
[1.403s] Level 1:colcon.colcon_core.package_identification:_identify(src/lab-5-slam-and-pure-pursuit-team-6) by extension 'python_setup_py'
[1.404s] Level 1:colcon.colcon_core.package_identification:_identify(src/lab-5-slam-and-pure-pursuit-team-6/map) by extensions ['ignore', 'ignore_ament_install']
[1.404s] Level 1:colcon.colcon_core.package_identification:_identify(src/lab-5-slam-and-pure-pursuit-team-6/map) by extension 'ignore'
[1.405s] Level 1:colcon.colcon_core.package_identification:_identify(src/lab-5-slam-and-pure-pursuit-team-6/map) by extension 'ignore_ament_install'
[1.405s] Level 1:colcon.colcon_core.package_identification:_identify(src/lab-5-slam-and-pure-pursuit-team-6/map) by extensions ['colcon_pkg']
[1.405s] Level 1:colcon.colcon_core.package_identification:_identify(src/lab-5-slam-and-pure-pursuit-team-6/map) by extension 'colcon_pkg'
[1.405s] Level 1:colcon.colcon_core.package_identification:_identify(src/lab-5-slam-and-pure-pursuit-team-6/map) by extensions ['colcon_meta']
[1.405s] Level 1:colcon.colcon_core.package_identification:_identify(src/lab-5-slam-and-pure-pursuit-team-6/map) by extension 'colcon_meta'
[1.405s] Level 1:colcon.colcon_core.package_identification:_identify(src/lab-5-slam-and-pure-pursuit-team-6/map) by extensions ['ros']
[1.405s] Level 1:colcon.colcon_core.package_identification:_identify(src/lab-5-slam-and-pure-pursuit-team-6/map) by extension 'ros'
[1.405s] Level 1:colcon.colcon_core.package_identification:_identify(src/lab-5-slam-and-pure-pursuit-team-6/map) by extensions ['cmake', 'python']
[1.405s] Level 1:colcon.colcon_core.package_identification:_identify(src/lab-5-slam-and-pure-pursuit-team-6/map) by extension 'cmake'
[1.405s] Level 1:colcon.colcon_core.package_identification:_identify(src/lab-5-slam-and-pure-pursuit-team-6/map) by extension 'python'
[1.407s] Level 1:colcon.colcon_core.package_identification:_identify(src/lab-5-slam-and-pure-pursuit-team-6/map) by extensions ['python_setup_py']
[1.407s] Level 1:colcon.colcon_core.package_identification:_identify(src/lab-5-slam-and-pure-pursuit-team-6/map) by extension 'python_setup_py'
[1.408s] Level 1:colcon.colcon_core.package_identification:_identify(src/lab-5-slam-and-pure-pursuit-team-6/pure_pursuit) by extensions ['ignore', 'ignore_ament_install']
[1.409s] Level 1:colcon.colcon_core.package_identification:_identify(src/lab-5-slam-and-pure-pursuit-team-6/pure_pursuit) by extension 'ignore'
[1.409s] Level 1:colcon.colcon_core.package_identification:_identify(src/lab-5-slam-and-pure-pursuit-team-6/pure_pursuit) by extension 'ignore_ament_install'
[1.409s] Level 1:colcon.colcon_core.package_identification:_identify(src/lab-5-slam-and-pure-pursuit-team-6/pure_pursuit) by extensions ['colcon_pkg']
[1.409s] Level 1:colcon.colcon_core.package_identification:_identify(src/lab-5-slam-and-pure-pursuit-team-6/pure_pursuit) by extension 'colcon_pkg'
[1.409s] Level 1:colcon.colcon_core.package_identification:_identify(src/lab-5-slam-and-pure-pursuit-team-6/pure_pursuit) by extensions ['colcon_meta']
[1.409s] Level 1:colcon.colcon_core.package_identification:_identify(src/lab-5-slam-and-pure-pursuit-team-6/pure_pursuit) by extension 'colcon_meta'
[1.409s] Level 1:colcon.colcon_core.package_identification:_identify(src/lab-5-slam-and-pure-pursuit-team-6/pure_pursuit) by extensions ['ros']
[1.409s] Level 1:colcon.colcon_core.package_identification:_identify(src/lab-5-slam-and-pure-pursuit-team-6/pure_pursuit) by extension 'ros'
[1.413s] DEBUG:colcon.colcon_core.package_identification:Package 'src/lab-5-slam-and-pure-pursuit-team-6/pure_pursuit' with type 'ros.ament_cmake' and name 'pure_pursuit'
[1.416s] Level 1:colcon.colcon_core.package_identification:_identify(src/lab-6-motion-planning-team-6) by extensions ['ignore', 'ignore_ament_install']
[1.416s] Level 1:colcon.colcon_core.package_identification:_identify(src/lab-6-motion-planning-team-6) by extension 'ignore'
[1.416s] Level 1:colcon.colcon_core.package_identification:_identify(src/lab-6-motion-planning-team-6) by extension 'ignore_ament_install'
[1.416s] Level 1:colcon.colcon_core.package_identification:_identify(src/lab-6-motion-planning-team-6) by extensions ['colcon_pkg']
[1.416s] Level 1:colcon.colcon_core.package_identification:_identify(src/lab-6-motion-planning-team-6) by extension 'colcon_pkg'
[1.416s] Level 1:colcon.colcon_core.package_identification:_identify(src/lab-6-motion-planning-team-6) by extensions ['colcon_meta']
[1.416s] Level 1:colcon.colcon_core.package_identification:_identify(src/lab-6-motion-planning-team-6) by extension 'colcon_meta'
[1.416s] Level 1:colcon.colcon_core.package_identification:_identify(src/lab-6-motion-planning-team-6) by extensions ['ros']
[1.416s] Level 1:colcon.colcon_core.package_identification:_identify(src/lab-6-motion-planning-team-6) by extension 'ros'
[1.416s] Level 1:colcon.colcon_core.package_identification:_identify(src/lab-6-motion-planning-team-6) by extensions ['cmake', 'python']
[1.416s] Level 1:colcon.colcon_core.package_identification:_identify(src/lab-6-motion-planning-team-6) by extension 'cmake'
[1.416s] Level 1:colcon.colcon_core.package_identification:_identify(src/lab-6-motion-planning-team-6) by extension 'python'
[1.416s] Level 1:colcon.colcon_core.package_identification:_identify(src/lab-6-motion-planning-team-6) by extensions ['python_setup_py']
[1.416s] Level 1:colcon.colcon_core.package_identification:_identify(src/lab-6-motion-planning-team-6) by extension 'python_setup_py'
[1.417s] Level 1:colcon.colcon_core.package_identification:_identify(src/lab-6-motion-planning-team-6/imgs) by extensions ['ignore', 'ignore_ament_install']
[1.418s] Level 1:colcon.colcon_core.package_identification:_identify(src/lab-6-motion-planning-team-6/imgs) by extension 'ignore'
[1.418s] Level 1:colcon.colcon_core.package_identification:_identify(src/lab-6-motion-planning-team-6/imgs) by extension 'ignore_ament_install'
[1.418s] Level 1:colcon.colcon_core.package_identification:_identify(src/lab-6-motion-planning-team-6/imgs) by extensions ['colcon_pkg']
[1.418s] Level 1:colcon.colcon_core.package_identification:_identify(src/lab-6-motion-planning-team-6/imgs) by extension 'colcon_pkg'
[1.418s] Level 1:colcon.colcon_core.package_identification:_identify(src/lab-6-motion-planning-team-6/imgs) by extensions ['colcon_meta']
[1.418s] Level 1:colcon.colcon_core.package_identification:_identify(src/lab-6-motion-planning-team-6/imgs) by extension 'colcon_meta'
[1.418s] Level 1:colcon.colcon_core.package_identification:_identify(src/lab-6-motion-planning-team-6/imgs) by extensions ['ros']
[1.418s] Level 1:colcon.colcon_core.package_identification:_identify(src/lab-6-motion-planning-team-6/imgs) by extension 'ros'
[1.418s] Level 1:colcon.colcon_core.package_identification:_identify(src/lab-6-motion-planning-team-6/imgs) by extensions ['cmake', 'python']
[1.418s] Level 1:colcon.colcon_core.package_identification:_identify(src/lab-6-motion-planning-team-6/imgs) by extension 'cmake'
[1.418s] Level 1:colcon.colcon_core.package_identification:_identify(src/lab-6-motion-planning-team-6/imgs) by extension 'python'
[1.418s] Level 1:colcon.colcon_core.package_identification:_identify(src/lab-6-motion-planning-team-6/imgs) by extensions ['python_setup_py']
[1.418s] Level 1:colcon.colcon_core.package_identification:_identify(src/lab-6-motion-planning-team-6/imgs) by extension 'python_setup_py'
[1.420s] Level 1:colcon.colcon_core.package_identification:_identify(src/lab-6-motion-planning-team-6/lab6_pkg) by extensions ['ignore', 'ignore_ament_install']
[1.420s] Level 1:colcon.colcon_core.package_identification:_identify(src/lab-6-motion-planning-team-6/lab6_pkg) by extension 'ignore'
[1.420s] Level 1:colcon.colcon_core.package_identification:_identify(src/lab-6-motion-planning-team-6/lab6_pkg) by extension 'ignore_ament_install'
[1.421s] Level 1:colcon.colcon_core.package_identification:_identify(src/lab-6-motion-planning-team-6/lab6_pkg) by extensions ['colcon_pkg']
[1.421s] Level 1:colcon.colcon_core.package_identification:_identify(src/lab-6-motion-planning-team-6/lab6_pkg) by extension 'colcon_pkg'
[1.421s] Level 1:colcon.colcon_core.package_identification:_identify(src/lab-6-motion-planning-team-6/lab6_pkg) by extensions ['colcon_meta']
[1.421s] Level 1:colcon.colcon_core.package_identification:_identify(src/lab-6-motion-planning-team-6/lab6_pkg) by extension 'colcon_meta'
[1.421s] Level 1:colcon.colcon_core.package_identification:_identify(src/lab-6-motion-planning-team-6/lab6_pkg) by extensions ['ros']
[1.421s] Level 1:colcon.colcon_core.package_identification:_identify(src/lab-6-motion-planning-team-6/lab6_pkg) by extension 'ros'
[1.424s] DEBUG:colcon.colcon_core.package_identification:Package 'src/lab-6-motion-planning-team-6/lab6_pkg' with type 'ros.ament_cmake' and name 'lab6_pkg'
[1.425s] Level 1:colcon.colcon_core.package_identification:_identify(src/lab-7-vision-lab-team-6) by extensions ['ignore', 'ignore_ament_install']
[1.426s] Level 1:colcon.colcon_core.package_identification:_identify(src/lab-7-vision-lab-team-6) by extension 'ignore'
[1.426s] Level 1:colcon.colcon_core.package_identification:_identify(src/lab-7-vision-lab-team-6) by extension 'ignore_ament_install'
[1.426s] Level 1:colcon.colcon_core.package_identification:_identify(src/lab-7-vision-lab-team-6) by extensions ['colcon_pkg']
[1.426s] Level 1:colcon.colcon_core.package_identification:_identify(src/lab-7-vision-lab-team-6) by extension 'colcon_pkg'
[1.426s] Level 1:colcon.colcon_core.package_identification:_identify(src/lab-7-vision-lab-team-6) by extensions ['colcon_meta']
[1.426s] Level 1:colcon.colcon_core.package_identification:_identify(src/lab-7-vision-lab-team-6) by extension 'colcon_meta'
[1.426s] Level 1:colcon.colcon_core.package_identification:_identify(src/lab-7-vision-lab-team-6) by extensions ['ros']
[1.426s] Level 1:colcon.colcon_core.package_identification:_identify(src/lab-7-vision-lab-team-6) by extension 'ros'
[1.427s] Level 1:colcon.colcon_core.package_identification:_identify(src/lab-7-vision-lab-team-6) by extensions ['cmake', 'python']
[1.427s] Level 1:colcon.colcon_core.package_identification:_identify(src/lab-7-vision-lab-team-6) by extension 'cmake'
[1.427s] Level 1:colcon.colcon_core.package_identification:_identify(src/lab-7-vision-lab-team-6) by extension 'python'
[1.427s] Level 1:colcon.colcon_core.package_identification:_identify(src/lab-7-vision-lab-team-6) by extensions ['python_setup_py']
[1.427s] Level 1:colcon.colcon_core.package_identification:_identify(src/lab-7-vision-lab-team-6) by extension 'python_setup_py'
[1.429s] Level 1:colcon.colcon_core.package_identification:_identify(src/lab-7-vision-lab-team-6/calibration) by extensions ['ignore', 'ignore_ament_install']
[1.429s] Level 1:colcon.colcon_core.package_identification:_identify(src/lab-7-vision-lab-team-6/calibration) by extension 'ignore'
[1.429s] Level 1:colcon.colcon_core.package_identification:_identify(src/lab-7-vision-lab-team-6/calibration) by extension 'ignore_ament_install'
[1.429s] Level 1:colcon.colcon_core.package_identification:_identify(src/lab-7-vision-lab-team-6/calibration) by extensions ['colcon_pkg']
[1.429s] Level 1:colcon.colcon_core.package_identification:_identify(src/lab-7-vision-lab-team-6/calibration) by extension 'colcon_pkg'
[1.429s] Level 1:colcon.colcon_core.package_identification:_identify(src/lab-7-vision-lab-team-6/calibration) by extensions ['colcon_meta']
[1.429s] Level 1:colcon.colcon_core.package_identification:_identify(src/lab-7-vision-lab-team-6/calibration) by extension 'colcon_meta'
[1.429s] Level 1:colcon.colcon_core.package_identification:_identify(src/lab-7-vision-lab-team-6/calibration) by extensions ['ros']
[1.429s] Level 1:colcon.colcon_core.package_identification:_identify(src/lab-7-vision-lab-team-6/calibration) by extension 'ros'
[1.429s] Level 1:colcon.colcon_core.package_identification:_identify(src/lab-7-vision-lab-team-6/calibration) by extensions ['cmake', 'python']
[1.430s] Level 1:colcon.colcon_core.package_identification:_identify(src/lab-7-vision-lab-team-6/calibration) by extension 'cmake'
[1.430s] Level 1:colcon.colcon_core.package_identification:_identify(src/lab-7-vision-lab-team-6/calibration) by extension 'python'
[1.430s] Level 1:colcon.colcon_core.package_identification:_identify(src/lab-7-vision-lab-team-6/calibration) by extensions ['python_setup_py']
[1.430s] Level 1:colcon.colcon_core.package_identification:_identify(src/lab-7-vision-lab-team-6/calibration) by extension 'python_setup_py'
[1.431s] Level 1:colcon.colcon_core.package_identification:_identify(src/lab-7-vision-lab-team-6/imgs) by extensions ['ignore', 'ignore_ament_install']
[1.432s] Level 1:colcon.colcon_core.package_identification:_identify(src/lab-7-vision-lab-team-6/imgs) by extension 'ignore'
[1.432s] Level 1:colcon.colcon_core.package_identification:_identify(src/lab-7-vision-lab-team-6/imgs) by extension 'ignore_ament_install'
[1.432s] Level 1:colcon.colcon_core.package_identification:_identify(src/lab-7-vision-lab-team-6/imgs) by extensions ['colcon_pkg']
[1.432s] Level 1:colcon.colcon_core.package_identification:_identify(src/lab-7-vision-lab-team-6/imgs) by extension 'colcon_pkg'
[1.432s] Level 1:colcon.colcon_core.package_identification:_identify(src/lab-7-vision-lab-team-6/imgs) by extensions ['colcon_meta']
[1.432s] Level 1:colcon.colcon_core.package_identification:_identify(src/lab-7-vision-lab-team-6/imgs) by extension 'colcon_meta'
[1.432s] Level 1:colcon.colcon_core.package_identification:_identify(src/lab-7-vision-lab-team-6/imgs) by extensions ['ros']
[1.432s] Level 1:colcon.colcon_core.package_identification:_identify(src/lab-7-vision-lab-team-6/imgs) by extension 'ros'
[1.432s] Level 1:colcon.colcon_core.package_identification:_identify(src/lab-7-vision-lab-team-6/imgs) by extensions ['cmake', 'python']
[1.432s] Level 1:colcon.colcon_core.package_identification:_identify(src/lab-7-vision-lab-team-6/imgs) by extension 'cmake'
[1.432s] Level 1:colcon.colcon_core.package_identification:_identify(src/lab-7-vision-lab-team-6/imgs) by extension 'python'
[1.432s] Level 1:colcon.colcon_core.package_identification:_identify(src/lab-7-vision-lab-team-6/imgs) by extensions ['python_setup_py']
[1.432s] Level 1:colcon.colcon_core.package_identification:_identify(src/lab-7-vision-lab-team-6/imgs) by extension 'python_setup_py'
[1.433s] Level 1:colcon.colcon_core.package_identification:_identify(src/lab-7-vision-lab-team-6/resource) by extensions ['ignore', 'ignore_ament_install']
[1.433s] Level 1:colcon.colcon_core.package_identification:_identify(src/lab-7-vision-lab-team-6/resource) by extension 'ignore'
[1.433s] Level 1:colcon.colcon_core.package_identification:_identify(src/lab-7-vision-lab-team-6/resource) by extension 'ignore_ament_install'
[1.433s] Level 1:colcon.colcon_core.package_identification:_identify(src/lab-7-vision-lab-team-6/resource) by extensions ['colcon_pkg']
[1.433s] Level 1:colcon.colcon_core.package_identification:_identify(src/lab-7-vision-lab-team-6/resource) by extension 'colcon_pkg'
[1.433s] Level 1:colcon.colcon_core.package_identification:_identify(src/lab-7-vision-lab-team-6/resource) by extensions ['colcon_meta']
[1.433s] Level 1:colcon.colcon_core.package_identification:_identify(src/lab-7-vision-lab-team-6/resource) by extension 'colcon_meta'
[1.433s] Level 1:colcon.colcon_core.package_identification:_identify(src/lab-7-vision-lab-team-6/resource) by extensions ['ros']
[1.433s] Level 1:colcon.colcon_core.package_identification:_identify(src/lab-7-vision-lab-team-6/resource) by extension 'ros'
[1.435s] Level 1:colcon.colcon_core.package_identification:_identify(src/lab-7-vision-lab-team-6/resource) by extensions ['cmake', 'python']
[1.435s] Level 1:colcon.colcon_core.package_identification:_identify(src/lab-7-vision-lab-team-6/resource) by extension 'cmake'
[1.435s] Level 1:colcon.colcon_core.package_identification:_identify(src/lab-7-vision-lab-team-6/resource) by extension 'python'
[1.435s] Level 1:colcon.colcon_core.package_identification:_identify(src/lab-7-vision-lab-team-6/resource) by extensions ['python_setup_py']
[1.435s] Level 1:colcon.colcon_core.package_identification:_identify(src/lab-7-vision-lab-team-6/resource) by extension 'python_setup_py'
[1.435s] Level 1:colcon.colcon_core.package_identification:_identify(src/lab-8-model-predictive-controlc-team-6) by extensions ['ignore', 'ignore_ament_install']
[1.436s] Level 1:colcon.colcon_core.package_identification:_identify(src/lab-8-model-predictive-controlc-team-6) by extension 'ignore'
[1.436s] Level 1:colcon.colcon_core.package_identification:_identify(src/lab-8-model-predictive-controlc-team-6) by extension 'ignore_ament_install'
[1.436s] Level 1:colcon.colcon_core.package_identification:_identify(src/lab-8-model-predictive-controlc-team-6) by extensions ['colcon_pkg']
[1.436s] Level 1:colcon.colcon_core.package_identification:_identify(src/lab-8-model-predictive-controlc-team-6) by extension 'colcon_pkg'
[1.436s] Level 1:colcon.colcon_core.package_identification:_identify(src/lab-8-model-predictive-controlc-team-6) by extensions ['colcon_meta']
[1.436s] Level 1:colcon.colcon_core.package_identification:_identify(src/lab-8-model-predictive-controlc-team-6) by extension 'colcon_meta'
[1.436s] Level 1:colcon.colcon_core.package_identification:_identify(src/lab-8-model-predictive-controlc-team-6) by extensions ['ros']
[1.436s] Level 1:colcon.colcon_core.package_identification:_identify(src/lab-8-model-predictive-controlc-team-6) by extension 'ros'
[1.436s] Level 1:colcon.colcon_core.package_identification:_identify(src/lab-8-model-predictive-controlc-team-6) by extensions ['cmake', 'python']
[1.436s] Level 1:colcon.colcon_core.package_identification:_identify(src/lab-8-model-predictive-controlc-team-6) by extension 'cmake'
[1.436s] Level 1:colcon.colcon_core.package_identification:_identify(src/lab-8-model-predictive-controlc-team-6) by extension 'python'
[1.436s] Level 1:colcon.colcon_core.package_identification:_identify(src/lab-8-model-predictive-controlc-team-6) by extensions ['python_setup_py']
[1.436s] Level 1:colcon.colcon_core.package_identification:_identify(src/lab-8-model-predictive-controlc-team-6) by extension 'python_setup_py'
[1.436s] Level 1:colcon.colcon_core.package_identification:_identify(src/lab-8-model-predictive-controlc-team-6/mpc) by extensions ['ignore', 'ignore_ament_install']
[1.436s] Level 1:colcon.colcon_core.package_identification:_identify(src/lab-8-model-predictive-controlc-team-6/mpc) by extension 'ignore'
[1.437s] Level 1:colcon.colcon_core.package_identification:_identify(src/lab-8-model-predictive-controlc-team-6/mpc) by extension 'ignore_ament_install'
[1.437s] Level 1:colcon.colcon_core.package_identification:_identify(src/lab-8-model-predictive-controlc-team-6/mpc) by extensions ['colcon_pkg']
[1.437s] Level 1:colcon.colcon_core.package_identification:_identify(src/lab-8-model-predictive-controlc-team-6/mpc) by extension 'colcon_pkg'
[1.437s] Level 1:colcon.colcon_core.package_identification:_identify(src/lab-8-model-predictive-controlc-team-6/mpc) by extensions ['colcon_meta']
[1.437s] Level 1:colcon.colcon_core.package_identification:_identify(src/lab-8-model-predictive-controlc-team-6/mpc) by extension 'colcon_meta'
[1.437s] Level 1:colcon.colcon_core.package_identification:_identify(src/lab-8-model-predictive-controlc-team-6/mpc) by extensions ['ros']
[1.437s] Level 1:colcon.colcon_core.package_identification:_identify(src/lab-8-model-predictive-controlc-team-6/mpc) by extension 'ros'
[1.440s] DEBUG:colcon.colcon_core.package_identification:Package 'src/lab-8-model-predictive-controlc-team-6/mpc' with type 'ros.ament_cmake' and name 'mpc'
[1.440s] Level 1:colcon.colcon_core.package_discovery:discover_packages(recursive) using defaults
[1.441s] Level 1:colcon.colcon_core.package_discovery:discover_packages(ignore) discover
[1.441s] Level 1:colcon.colcon_core.package_discovery:discover_packages(ignore) using defaults
[1.441s] Level 1:colcon.colcon_core.package_discovery:discover_packages(path) discover
[1.441s] Level 1:colcon.colcon_core.package_discovery:discover_packages(path) using defaults
[1.496s] Level 5:colcon.colcon_core.verb:set package 'f1tenth_gym_ros' build argument 'cmake_args' from command line to 'None'
[1.496s] Level 5:colcon.colcon_core.verb:set package 'f1tenth_gym_ros' build argument 'cmake_target' from command line to 'None'
[1.496s] Level 5:colcon.colcon_core.verb:set package 'f1tenth_gym_ros' build argument 'cmake_target_skip_unavailable' from command line to 'False'
[1.496s] Level 5:colcon.colcon_core.verb:set package 'f1tenth_gym_ros' build argument 'cmake_clean_cache' from command line to 'False'
[1.496s] Level 5:colcon.colcon_core.verb:set package 'f1tenth_gym_ros' build argument 'cmake_clean_first' from command line to 'False'
[1.496s] Level 5:colcon.colcon_core.verb:set package 'f1tenth_gym_ros' build argument 'cmake_force_configure' from command line to 'False'
[1.496s] Level 5:colcon.colcon_core.verb:set package 'f1tenth_gym_ros' build argument 'ament_cmake_args' from command line to 'None'
[1.496s] Level 5:colcon.colcon_core.verb:set package 'f1tenth_gym_ros' build argument 'catkin_cmake_args' from command line to 'None'
[1.496s] Level 5:colcon.colcon_core.verb:set package 'f1tenth_gym_ros' build argument 'catkin_skip_building_tests' from command line to 'False'
[1.496s] DEBUG:colcon.colcon_core.verb:Building package 'f1tenth_gym_ros' with the following arguments: {'ament_cmake_args': None, 'build_base': '/home/lionelliu/sim_ws/build/f1tenth_gym_ros', 'catkin_cmake_args': None, 'catkin_skip_building_tests': False, 'cmake_args': None, 'cmake_clean_cache': False, 'cmake_clean_first': False, 'cmake_force_configure': False, 'cmake_target': None, 'cmake_target_skip_unavailable': False, 'install_base': '/home/lionelliu/sim_ws/install/f1tenth_gym_ros', 'merge_install': False, 'path': '/home/lionelliu/sim_ws/src/f1tenth_gym_ros', 'symlink_install': False, 'test_result_base': None}
[1.497s] Level 5:colcon.colcon_core.verb:set package 'lab6_pkg' build argument 'cmake_args' from command line to 'None'
[1.497s] Level 5:colcon.colcon_core.verb:set package 'lab6_pkg' build argument 'cmake_target' from command line to 'None'
[1.497s] Level 5:colcon.colcon_core.verb:set package 'lab6_pkg' build argument 'cmake_target_skip_unavailable' from command line to 'False'
[1.497s] Level 5:colcon.colcon_core.verb:set package 'lab6_pkg' build argument 'cmake_clean_cache' from command line to 'False'
[1.497s] Level 5:colcon.colcon_core.verb:set package 'lab6_pkg' build argument 'cmake_clean_first' from command line to 'False'
[1.497s] Level 5:colcon.colcon_core.verb:set package 'lab6_pkg' build argument 'cmake_force_configure' from command line to 'False'
[1.497s] Level 5:colcon.colcon_core.verb:set package 'lab6_pkg' build argument 'ament_cmake_args' from command line to 'None'
[1.497s] Level 5:colcon.colcon_core.verb:set package 'lab6_pkg' build argument 'catkin_cmake_args' from command line to 'None'
[1.497s] Level 5:colcon.colcon_core.verb:set package 'lab6_pkg' build argument 'catkin_skip_building_tests' from command line to 'False'
[1.497s] DEBUG:colcon.colcon_core.verb:Building package 'lab6_pkg' with the following arguments: {'ament_cmake_args': None, 'build_base': '/home/lionelliu/sim_ws/build/lab6_pkg', 'catkin_cmake_args': None, 'catkin_skip_building_tests': False, 'cmake_args': None, 'cmake_clean_cache': False, 'cmake_clean_first': False, 'cmake_force_configure': False, 'cmake_target': None, 'cmake_target_skip_unavailable': False, 'install_base': '/home/lionelliu/sim_ws/install/lab6_pkg', 'merge_install': False, 'path': '/home/lionelliu/sim_ws/src/lab-6-motion-planning-team-6/lab6_pkg', 'symlink_install': False, 'test_result_base': None}
[1.498s] Level 5:colcon.colcon_core.verb:set package 'mpc' build argument 'cmake_args' from command line to 'None'
[1.498s] Level 5:colcon.colcon_core.verb:set package 'mpc' build argument 'cmake_target' from command line to 'None'
[1.498s] Level 5:colcon.colcon_core.verb:set package 'mpc' build argument 'cmake_target_skip_unavailable' from command line to 'False'
[1.498s] Level 5:colcon.colcon_core.verb:set package 'mpc' build argument 'cmake_clean_cache' from command line to 'False'
[1.498s] Level 5:colcon.colcon_core.verb:set package 'mpc' build argument 'cmake_clean_first' from command line to 'False'
[1.498s] Level 5:colcon.colcon_core.verb:set package 'mpc' build argument 'cmake_force_configure' from command line to 'False'
[1.498s] Level 5:colcon.colcon_core.verb:set package 'mpc' build argument 'ament_cmake_args' from command line to 'None'
[1.498s] Level 5:colcon.colcon_core.verb:set package 'mpc' build argument 'catkin_cmake_args' from command line to 'None'
[1.498s] Level 5:colcon.colcon_core.verb:set package 'mpc' build argument 'catkin_skip_building_tests' from command line to 'False'
[1.498s] DEBUG:colcon.colcon_core.verb:Building package 'mpc' with the following arguments: {'ament_cmake_args': None, 'build_base': '/home/lionelliu/sim_ws/build/mpc', 'catkin_cmake_args': None, 'catkin_skip_building_tests': False, 'cmake_args': None, 'cmake_clean_cache': False, 'cmake_clean_first': False, 'cmake_force_configure': False, 'cmake_target': None, 'cmake_target_skip_unavailable': False, 'install_base': '/home/lionelliu/sim_ws/install/mpc', 'merge_install': False, 'path': '/home/lionelliu/sim_ws/src/lab-8-model-predictive-controlc-team-6/mpc', 'symlink_install': False, 'test_result_base': None}
[1.498s] Level 5:colcon.colcon_core.verb:set package 'pure_pursuit' build argument 'cmake_args' from command line to 'None'
[1.498s] Level 5:colcon.colcon_core.verb:set package 'pure_pursuit' build argument 'cmake_target' from command line to 'None'
[1.498s] Level 5:colcon.colcon_core.verb:set package 'pure_pursuit' build argument 'cmake_target_skip_unavailable' from command line to 'False'
[1.499s] Level 5:colcon.colcon_core.verb:set package 'pure_pursuit' build argument 'cmake_clean_cache' from command line to 'False'
[1.499s] Level 5:colcon.colcon_core.verb:set package 'pure_pursuit' build argument 'cmake_clean_first' from command line to 'False'
[1.499s] Level 5:colcon.colcon_core.verb:set package 'pure_pursuit' build argument 'cmake_force_configure' from command line to 'False'
[1.499s] Level 5:colcon.colcon_core.verb:set package 'pure_pursuit' build argument 'ament_cmake_args' from command line to 'None'
[1.499s] Level 5:colcon.colcon_core.verb:set package 'pure_pursuit' build argument 'catkin_cmake_args' from command line to 'None'
[1.499s] Level 5:colcon.colcon_core.verb:set package 'pure_pursuit' build argument 'catkin_skip_building_tests' from command line to 'False'
[1.499s] DEBUG:colcon.colcon_core.verb:Building package 'pure_pursuit' with the following arguments: {'ament_cmake_args': None, 'build_base': '/home/lionelliu/sim_ws/build/pure_pursuit', 'catkin_cmake_args': None, 'catkin_skip_building_tests': False, 'cmake_args': None, 'cmake_clean_cache': False, 'cmake_clean_first': False, 'cmake_force_configure': False, 'cmake_target': None, 'cmake_target_skip_unavailable': False, 'install_base': '/home/lionelliu/sim_ws/install/pure_pursuit', 'merge_install': False, 'path': '/home/lionelliu/sim_ws/src/lab-5-slam-and-pure-pursuit-team-6/pure_pursuit', 'symlink_install': False, 'test_result_base': None}
[1.499s] INFO:colcon.colcon_core.executor:Executing jobs using 'parallel' executor
[1.501s] DEBUG:colcon.colcon_parallel_executor.executor.parallel:run_until_complete
[1.501s] INFO:colcon.colcon_ros.task.ament_python.build:Building ROS package in '/home/lionelliu/sim_ws/src/f1tenth_gym_ros' with build type 'ament_python'
[1.502s] Level 1:colcon.colcon_core.shell:create_environment_hook('f1tenth_gym_ros', 'ament_prefix_path')
[1.512s] INFO:colcon.colcon_core.plugin_system:Skipping extension 'colcon_core.shell.bat': Not used on non-Windows systems
[1.512s] INFO:colcon.colcon_core.shell:Creating environment hook '/home/lionelliu/sim_ws/install/f1tenth_gym_ros/share/f1tenth_gym_ros/hook/ament_prefix_path.ps1'
[1.515s] INFO:colcon.colcon_core.shell:Creating environment descriptor '/home/lionelliu/sim_ws/install/f1tenth_gym_ros/share/f1tenth_gym_ros/hook/ament_prefix_path.dsv'
[1.516s] INFO:colcon.colcon_core.shell:Creating environment hook '/home/lionelliu/sim_ws/install/f1tenth_gym_ros/share/f1tenth_gym_ros/hook/ament_prefix_path.sh'
[1.518s] INFO:colcon.colcon_core.shell:Skip shell extension 'powershell' for command environment: Not usable outside of PowerShell
[1.519s] DEBUG:colcon.colcon_core.shell:Skip shell extension 'dsv' for command environment
[1.549s] INFO:colcon.colcon_ros.task.ament_cmake.build:Building ROS package in '/home/lionelliu/sim_ws/src/lab-6-motion-planning-team-6/lab6_pkg' with build type 'ament_cmake'
[1.550s] INFO:colcon.colcon_cmake.task.cmake.build:Building CMake package in '/home/lionelliu/sim_ws/src/lab-6-motion-planning-team-6/lab6_pkg'
[1.551s] INFO:colcon.colcon_core.shell:Skip shell extension 'powershell' for command environment: Not usable outside of PowerShell
[1.551s] DEBUG:colcon.colcon_core.shell:Skip shell extension 'dsv' for command environment
[1.588s] DEBUG:colcon.colcon_core.event_handler.log_command:Invoking command in '/home/lionelliu/sim_ws/build/lab6_pkg': CMAKE_PREFIX_PATH=${CMAKE_PREFIX_PATH}:/home/lionelliu/sim_ws/install/f1tenth_gym_ros:/opt/ros/foxy /usr/bin/cmake --build /home/lionelliu/sim_ws/build/lab6_pkg -- -j2 -l2
[1.985s] INFO:colcon.colcon_core.task.python.build:Building Python package in '/home/lionelliu/sim_ws/src/f1tenth_gym_ros'
[1.986s] INFO:colcon.colcon_core.shell:Skip shell extension 'powershell' for command environment: Not usable outside of PowerShell
[1.986s] DEBUG:colcon.colcon_core.shell:Skip shell extension 'dsv' for command environment
[2.318s] DEBUG:colcon.colcon_core.event_handler.log_command:Invoked command in '/home/lionelliu/sim_ws/build/lab6_pkg' returned '0': CMAKE_PREFIX_PATH=${CMAKE_PREFIX_PATH}:/home/lionelliu/sim_ws/install/f1tenth_gym_ros:/opt/ros/foxy /usr/bin/cmake --build /home/lionelliu/sim_ws/build/lab6_pkg -- -j2 -l2
[2.440s] DEBUG:colcon.colcon_core.event_handler.log_command:Invoking command in '/home/lionelliu/sim_ws/build/lab6_pkg': CMAKE_PREFIX_PATH=${CMAKE_PREFIX_PATH}:/home/lionelliu/sim_ws/install/f1tenth_gym_ros:/opt/ros/foxy /usr/bin/cmake --install /home/lionelliu/sim_ws/build/lab6_pkg
[2.601s] Level 1:colcon.colcon_core.environment:create_environment_scripts_only(lab6_pkg)
[2.604s] DEBUG:colcon.colcon_core.event_handler.log_command:Invoked command in '/home/lionelliu/sim_ws/build/lab6_pkg' returned '0': CMAKE_PREFIX_PATH=${CMAKE_PREFIX_PATH}:/home/lionelliu/sim_ws/install/f1tenth_gym_ros:/opt/ros/foxy /usr/bin/cmake --install /home/lionelliu/sim_ws/build/lab6_pkg
[2.620s] Level 1:colcon.colcon_core.environment:checking '/home/lionelliu/sim_ws/install/lab6_pkg' for CMake module files
[2.624s] Level 1:colcon.colcon_core.environment:checking '/home/lionelliu/sim_ws/install/lab6_pkg' for CMake config files
[2.625s] Level 1:colcon.colcon_core.shell:create_environment_hook('lab6_pkg', 'cmake_prefix_path')
[2.625s] INFO:colcon.colcon_core.shell:Creating environment hook '/home/lionelliu/sim_ws/install/lab6_pkg/share/lab6_pkg/hook/cmake_prefix_path.ps1'
[2.628s] INFO:colcon.colcon_core.shell:Creating environment descriptor '/home/lionelliu/sim_ws/install/lab6_pkg/share/lab6_pkg/hook/cmake_prefix_path.dsv'
[2.628s] INFO:colcon.colcon_core.shell:Creating environment hook '/home/lionelliu/sim_ws/install/lab6_pkg/share/lab6_pkg/hook/cmake_prefix_path.sh'
[2.631s] Level 1:colcon.colcon_core.environment:checking '/home/lionelliu/sim_ws/install/lab6_pkg/lib'
[2.632s] Level 1:colcon.colcon_core.environment:checking '/home/lionelliu/sim_ws/install/lab6_pkg/bin'
[2.632s] Level 1:colcon.colcon_core.environment:checking '/home/lionelliu/sim_ws/install/lab6_pkg/lib/pkgconfig/lab6_pkg.pc'
[2.632s] Level 1:colcon.colcon_core.environment:checking '/home/lionelliu/sim_ws/install/lab6_pkg/lib/python3.8/site-packages'
[2.632s] Level 1:colcon.colcon_core.shell:create_environment_hook('lab6_pkg', 'pythonpath')
[2.632s] INFO:colcon.colcon_core.shell:Creating environment hook '/home/lionelliu/sim_ws/install/lab6_pkg/share/lab6_pkg/hook/pythonpath.ps1'
[2.635s] INFO:colcon.colcon_core.shell:Creating environment descriptor '/home/lionelliu/sim_ws/install/lab6_pkg/share/lab6_pkg/hook/pythonpath.dsv'
[2.636s] INFO:colcon.colcon_core.shell:Creating environment hook '/home/lionelliu/sim_ws/install/lab6_pkg/share/lab6_pkg/hook/pythonpath.sh'
[2.637s] Level 1:colcon.colcon_core.environment:checking '/home/lionelliu/sim_ws/install/lab6_pkg/bin'
[2.645s] INFO:colcon.colcon_core.shell:Creating package script '/home/lionelliu/sim_ws/install/lab6_pkg/share/lab6_pkg/package.ps1'
[2.648s] INFO:colcon.colcon_core.shell:Creating package descriptor '/home/lionelliu/sim_ws/install/lab6_pkg/share/lab6_pkg/package.dsv'
[2.652s] INFO:colcon.colcon_core.shell:Creating package script '/home/lionelliu/sim_ws/install/lab6_pkg/share/lab6_pkg/package.sh'
[2.653s] INFO:colcon.colcon_core.shell:Creating package script '/home/lionelliu/sim_ws/install/lab6_pkg/share/lab6_pkg/package.bash'
[2.657s] INFO:colcon.colcon_core.shell:Creating package script '/home/lionelliu/sim_ws/install/lab6_pkg/share/lab6_pkg/package.zsh'
[2.661s] Level 1:colcon.colcon_core.environment:create_file_with_runtime_dependencies(/home/lionelliu/sim_ws/install/lab6_pkg/share/colcon-core/packages/lab6_pkg)
[2.788s] Level 1:colcon.colcon_core.environment:create_environment_scripts_only(lab6_pkg)
[2.788s] Level 1:colcon.colcon_core.environment:checking '/home/lionelliu/sim_ws/install/lab6_pkg' for CMake module files
[2.789s] Level 1:colcon.colcon_core.environment:checking '/home/lionelliu/sim_ws/install/lab6_pkg' for CMake config files
[2.790s] Level 1:colcon.colcon_core.shell:create_environment_hook('lab6_pkg', 'cmake_prefix_path')
[2.790s] INFO:colcon.colcon_core.shell:Creating environment hook '/home/lionelliu/sim_ws/install/lab6_pkg/share/lab6_pkg/hook/cmake_prefix_path.ps1'
[2.791s] INFO:colcon.colcon_core.shell:Creating environment descriptor '/home/lionelliu/sim_ws/install/lab6_pkg/share/lab6_pkg/hook/cmake_prefix_path.dsv'
[2.793s] INFO:colcon.colcon_core.shell:Creating environment hook '/home/lionelliu/sim_ws/install/lab6_pkg/share/lab6_pkg/hook/cmake_prefix_path.sh'
[2.796s] Level 1:colcon.colcon_core.environment:checking '/home/lionelliu/sim_ws/install/lab6_pkg/lib'
[2.796s] Level 1:colcon.colcon_core.environment:checking '/home/lionelliu/sim_ws/install/lab6_pkg/bin'
[2.796s] Level 1:colcon.colcon_core.environment:checking '/home/lionelliu/sim_ws/install/lab6_pkg/lib/pkgconfig/lab6_pkg.pc'
[2.796s] Level 1:colcon.colcon_core.environment:checking '/home/lionelliu/sim_ws/install/lab6_pkg/lib/python3.8/site-packages'
[2.796s] Level 1:colcon.colcon_core.shell:create_environment_hook('lab6_pkg', 'pythonpath')
[2.797s] INFO:colcon.colcon_core.shell:Creating environment hook '/home/lionelliu/sim_ws/install/lab6_pkg/share/lab6_pkg/hook/pythonpath.ps1'
[2.797s] INFO:colcon.colcon_core.shell:Creating environment descriptor '/home/lionelliu/sim_ws/install/lab6_pkg/share/lab6_pkg/hook/pythonpath.dsv'
[2.799s] INFO:colcon.colcon_core.shell:Creating environment hook '/home/lionelliu/sim_ws/install/lab6_pkg/share/lab6_pkg/hook/pythonpath.sh'
[2.800s] Level 1:colcon.colcon_core.environment:checking '/home/lionelliu/sim_ws/install/lab6_pkg/bin'
[2.801s] INFO:colcon.colcon_core.shell:Creating package script '/home/lionelliu/sim_ws/install/lab6_pkg/share/lab6_pkg/package.ps1'
[2.803s] INFO:colcon.colcon_core.shell:Creating package descriptor '/home/lionelliu/sim_ws/install/lab6_pkg/share/lab6_pkg/package.dsv'
[2.804s] INFO:colcon.colcon_core.shell:Creating package script '/home/lionelliu/sim_ws/install/lab6_pkg/share/lab6_pkg/package.sh'
[2.804s] INFO:colcon.colcon_core.shell:Creating package script '/home/lionelliu/sim_ws/install/lab6_pkg/share/lab6_pkg/package.bash'
[2.805s] INFO:colcon.colcon_core.shell:Creating package script '/home/lionelliu/sim_ws/install/lab6_pkg/share/lab6_pkg/package.zsh'
[2.807s] Level 1:colcon.colcon_core.environment:create_file_with_runtime_dependencies(/home/lionelliu/sim_ws/install/lab6_pkg/share/colcon-core/packages/lab6_pkg)
[2.808s] INFO:colcon.colcon_ros.task.ament_cmake.build:Building ROS package in '/home/lionelliu/sim_ws/src/lab-8-model-predictive-controlc-team-6/mpc' with build type 'ament_cmake'
[2.808s] INFO:colcon.colcon_cmake.task.cmake.build:Building CMake package in '/home/lionelliu/sim_ws/src/lab-8-model-predictive-controlc-team-6/mpc'
[2.809s] INFO:colcon.colcon_core.shell:Skip shell extension 'powershell' for command environment: Not usable outside of PowerShell
[2.809s] DEBUG:colcon.colcon_core.shell:Skip shell extension 'dsv' for command environment
[2.884s] DEBUG:colcon.colcon_core.event_handler.log_command:Invoking command in '/home/lionelliu/sim_ws/build/mpc': CMAKE_PREFIX_PATH=${CMAKE_PREFIX_PATH}:/home/lionelliu/sim_ws/install/f1tenth_gym_ros:/opt/ros/foxy /usr/bin/cmake --build /home/lionelliu/sim_ws/build/mpc -- -j2 -l2
[3.036s] DEBUG:colcon.colcon_core.event_handler.log_command:Invoking command in '/home/lionelliu/sim_ws/src/f1tenth_gym_ros': PYTHONPATH=/home/lionelliu/sim_ws/build/f1tenth_gym_ros/prefix_override:/home/lionelliu/sim_ws/install/f1tenth_gym_ros/lib/python3.8/site-packages:${PYTHONPATH} /usr/bin/python3 -W ignore:setup.py install is deprecated setup.py egg_info --egg-base ../../build/f1tenth_gym_ros build --build-base /home/lionelliu/sim_ws/build/f1tenth_gym_ros/build install --record /home/lionelliu/sim_ws/build/f1tenth_gym_ros/install.log --install-scripts $base/lib/f1tenth_gym_ros --single-version-externally-managed install_data
[3.165s] DEBUG:colcon.colcon_core.event_handler.log_command:Invoked command in '/home/lionelliu/sim_ws/build/mpc' returned '0': CMAKE_PREFIX_PATH=${CMAKE_PREFIX_PATH}:/home/lionelliu/sim_ws/install/f1tenth_gym_ros:/opt/ros/foxy /usr/bin/cmake --build /home/lionelliu/sim_ws/build/mpc -- -j2 -l2
[3.309s] DEBUG:colcon.colcon_core.event_handler.log_command:Invoking command in '/home/lionelliu/sim_ws/build/mpc': CMAKE_PREFIX_PATH=${CMAKE_PREFIX_PATH}:/home/lionelliu/sim_ws/install/f1tenth_gym_ros:/opt/ros/foxy /usr/bin/cmake --install /home/lionelliu/sim_ws/build/mpc
[3.485s] Level 1:colcon.colcon_core.environment:create_environment_scripts_only(mpc)
[3.486s] Level 1:colcon.colcon_core.environment:checking '/home/lionelliu/sim_ws/install/mpc' for CMake module files
[3.487s] Level 1:colcon.colcon_core.environment:checking '/home/lionelliu/sim_ws/install/mpc' for CMake config files
[3.489s] Level 1:colcon.colcon_core.shell:create_environment_hook('mpc', 'cmake_prefix_path')
[3.489s] INFO:colcon.colcon_core.shell:Creating environment hook '/home/lionelliu/sim_ws/install/mpc/share/mpc/hook/cmake_prefix_path.ps1'
[3.490s] INFO:colcon.colcon_core.shell:Creating environment descriptor '/home/lionelliu/sim_ws/install/mpc/share/mpc/hook/cmake_prefix_path.dsv'
[3.490s] INFO:colcon.colcon_core.shell:Creating environment hook '/home/lionelliu/sim_ws/install/mpc/share/mpc/hook/cmake_prefix_path.sh'
[3.491s] Level 1:colcon.colcon_core.environment:checking '/home/lionelliu/sim_ws/install/mpc/lib'
[3.491s] Level 1:colcon.colcon_core.environment:checking '/home/lionelliu/sim_ws/install/mpc/bin'
[3.492s] DEBUG:colcon.colcon_core.event_handler.log_command:Invoked command in '/home/lionelliu/sim_ws/build/mpc' returned '0': CMAKE_PREFIX_PATH=${CMAKE_PREFIX_PATH}:/home/lionelliu/sim_ws/install/f1tenth_gym_ros:/opt/ros/foxy /usr/bin/cmake --install /home/lionelliu/sim_ws/build/mpc
[3.495s] Level 1:colcon.colcon_core.environment:checking '/home/lionelliu/sim_ws/install/mpc/lib/pkgconfig/mpc.pc'
[3.497s] Level 1:colcon.colcon_core.environment:checking '/home/lionelliu/sim_ws/install/mpc/lib/python3.8/site-packages'
[3.497s] Level 1:colcon.colcon_core.shell:create_environment_hook('mpc', 'pythonpath')
[3.497s] INFO:colcon.colcon_core.shell:Creating environment hook '/home/lionelliu/sim_ws/install/mpc/share/mpc/hook/pythonpath.ps1'
[3.498s] INFO:colcon.colcon_core.shell:Creating environment descriptor '/home/lionelliu/sim_ws/install/mpc/share/mpc/hook/pythonpath.dsv'
[3.498s] INFO:colcon.colcon_core.shell:Creating environment hook '/home/lionelliu/sim_ws/install/mpc/share/mpc/hook/pythonpath.sh'
[3.499s] Level 1:colcon.colcon_core.environment:checking '/home/lionelliu/sim_ws/install/mpc/bin'
[3.500s] INFO:colcon.colcon_core.shell:Creating package script '/home/lionelliu/sim_ws/install/mpc/share/mpc/package.ps1'
[3.501s] INFO:colcon.colcon_core.shell:Creating package descriptor '/home/lionelliu/sim_ws/install/mpc/share/mpc/package.dsv'
[3.502s] INFO:colcon.colcon_core.shell:Creating package script '/home/lionelliu/sim_ws/install/mpc/share/mpc/package.sh'
[3.503s] INFO:colcon.colcon_core.shell:Creating package script '/home/lionelliu/sim_ws/install/mpc/share/mpc/package.bash'
[3.505s] INFO:colcon.colcon_core.shell:Creating package script '/home/lionelliu/sim_ws/install/mpc/share/mpc/package.zsh'
[3.506s] Level 1:colcon.colcon_core.environment:create_file_with_runtime_dependencies(/home/lionelliu/sim_ws/install/mpc/share/colcon-core/packages/mpc)
[3.621s] Level 1:colcon.colcon_core.environment:create_environment_scripts_only(mpc)
[3.621s] Level 1:colcon.colcon_core.environment:checking '/home/lionelliu/sim_ws/install/mpc' for CMake module files
[3.623s] Level 1:colcon.colcon_core.environment:checking '/home/lionelliu/sim_ws/install/mpc' for CMake config files
[3.624s] Level 1:colcon.colcon_core.shell:create_environment_hook('mpc', 'cmake_prefix_path')
[3.625s] INFO:colcon.colcon_core.shell:Creating environment hook '/home/lionelliu/sim_ws/install/mpc/share/mpc/hook/cmake_prefix_path.ps1'
[3.628s] INFO:colcon.colcon_core.shell:Creating environment descriptor '/home/lionelliu/sim_ws/install/mpc/share/mpc/hook/cmake_prefix_path.dsv'
[3.628s] INFO:colcon.colcon_core.shell:Creating environment hook '/home/lionelliu/sim_ws/install/mpc/share/mpc/hook/cmake_prefix_path.sh'
[3.631s] Level 1:colcon.colcon_core.environment:checking '/home/lionelliu/sim_ws/install/mpc/lib'
[3.631s] Level 1:colcon.colcon_core.environment:checking '/home/lionelliu/sim_ws/install/mpc/bin'
[3.631s] Level 1:colcon.colcon_core.environment:checking '/home/lionelliu/sim_ws/install/mpc/lib/pkgconfig/mpc.pc'
[3.632s] Level 1:colcon.colcon_core.environment:checking '/home/lionelliu/sim_ws/install/mpc/lib/python3.8/site-packages'
[3.632s] Level 1:colcon.colcon_core.shell:create_environment_hook('mpc', 'pythonpath')
[3.632s] INFO:colcon.colcon_core.shell:Creating environment hook '/home/lionelliu/sim_ws/install/mpc/share/mpc/hook/pythonpath.ps1'
[3.633s] INFO:colcon.colcon_core.shell:Creating environment descriptor '/home/lionelliu/sim_ws/install/mpc/share/mpc/hook/pythonpath.dsv'
[3.633s] INFO:colcon.colcon_core.shell:Creating environment hook '/home/lionelliu/sim_ws/install/mpc/share/mpc/hook/pythonpath.sh'
[3.635s] Level 1:colcon.colcon_core.environment:checking '/home/lionelliu/sim_ws/install/mpc/bin'
[3.636s] INFO:colcon.colcon_core.shell:Creating package script '/home/lionelliu/sim_ws/install/mpc/share/mpc/package.ps1'
[3.637s] INFO:colcon.colcon_core.shell:Creating package descriptor '/home/lionelliu/sim_ws/install/mpc/share/mpc/package.dsv'
[3.637s] INFO:colcon.colcon_core.shell:Creating package script '/home/lionelliu/sim_ws/install/mpc/share/mpc/package.sh'
[3.639s] INFO:colcon.colcon_core.shell:Creating package script '/home/lionelliu/sim_ws/install/mpc/share/mpc/package.bash'
[3.640s] INFO:colcon.colcon_core.shell:Creating package script '/home/lionelliu/sim_ws/install/mpc/share/mpc/package.zsh'
[3.641s] Level 1:colcon.colcon_core.environment:create_file_with_runtime_dependencies(/home/lionelliu/sim_ws/install/mpc/share/colcon-core/packages/mpc)
[3.643s] INFO:colcon.colcon_ros.task.ament_cmake.build:Building ROS package in '/home/lionelliu/sim_ws/src/lab-5-slam-and-pure-pursuit-team-6/pure_pursuit' with build type 'ament_cmake'
[3.643s] INFO:colcon.colcon_cmake.task.cmake.build:Building CMake package in '/home/lionelliu/sim_ws/src/lab-5-slam-and-pure-pursuit-team-6/pure_pursuit'
[3.644s] INFO:colcon.colcon_core.shell:Skip shell extension 'powershell' for command environment: Not usable outside of PowerShell
[3.644s] DEBUG:colcon.colcon_core.shell:Skip shell extension 'dsv' for command environment
[3.663s] Level 1:colcon.colcon_core.environment:checking '/home/lionelliu/sim_ws/install/f1tenth_gym_ros' for CMake module files
[3.664s] Level 1:colcon.colcon_core.environment:checking '/home/lionelliu/sim_ws/install/f1tenth_gym_ros' for CMake config files
[3.669s] DEBUG:colcon.colcon_core.event_handler.log_command:Invoked command in '/home/lionelliu/sim_ws/src/f1tenth_gym_ros' returned '0': PYTHONPATH=/home/lionelliu/sim_ws/build/f1tenth_gym_ros/prefix_override:/home/lionelliu/sim_ws/install/f1tenth_gym_ros/lib/python3.8/site-packages:${PYTHONPATH} /usr/bin/python3 -W ignore:setup.py install is deprecated setup.py egg_info --egg-base ../../build/f1tenth_gym_ros build --build-base /home/lionelliu/sim_ws/build/f1tenth_gym_ros/build install --record /home/lionelliu/sim_ws/build/f1tenth_gym_ros/install.log --install-scripts $base/lib/f1tenth_gym_ros --single-version-externally-managed install_data
[3.669s] Level 1:colcon.colcon_core.environment:checking '/home/lionelliu/sim_ws/install/f1tenth_gym_ros/lib'
[3.669s] Level 1:colcon.colcon_core.environment:checking '/home/lionelliu/sim_ws/install/f1tenth_gym_ros/bin'
[3.669s] Level 1:colcon.colcon_core.environment:checking '/home/lionelliu/sim_ws/install/f1tenth_gym_ros/lib/pkgconfig/f1tenth_gym_ros.pc'
[3.670s] Level 1:colcon.colcon_core.environment:checking '/home/lionelliu/sim_ws/install/f1tenth_gym_ros/lib/python3.8/site-packages'
[3.670s] Level 1:colcon.colcon_core.shell:create_environment_hook('f1tenth_gym_ros', 'pythonpath')
[3.670s] INFO:colcon.colcon_core.shell:Creating environment hook '/home/lionelliu/sim_ws/install/f1tenth_gym_ros/share/f1tenth_gym_ros/hook/pythonpath.ps1'
[3.671s] INFO:colcon.colcon_core.shell:Creating environment descriptor '/home/lionelliu/sim_ws/install/f1tenth_gym_ros/share/f1tenth_gym_ros/hook/pythonpath.dsv'
[3.672s] INFO:colcon.colcon_core.shell:Creating environment hook '/home/lionelliu/sim_ws/install/f1tenth_gym_ros/share/f1tenth_gym_ros/hook/pythonpath.sh'
[3.673s] Level 1:colcon.colcon_core.environment:checking '/home/lionelliu/sim_ws/install/f1tenth_gym_ros/bin'
[3.673s] Level 1:colcon.colcon_core.environment:create_environment_scripts_only(f1tenth_gym_ros)
[3.673s] INFO:colcon.colcon_core.shell:Creating package script '/home/lionelliu/sim_ws/install/f1tenth_gym_ros/share/f1tenth_gym_ros/package.ps1'
[3.674s] INFO:colcon.colcon_core.shell:Creating package descriptor '/home/lionelliu/sim_ws/install/f1tenth_gym_ros/share/f1tenth_gym_ros/package.dsv'
[3.749s] INFO:colcon.colcon_core.shell:Creating package script '/home/lionelliu/sim_ws/install/f1tenth_gym_ros/share/f1tenth_gym_ros/package.sh'
[3.750s] INFO:colcon.colcon_core.shell:Creating package script '/home/lionelliu/sim_ws/install/f1tenth_gym_ros/share/f1tenth_gym_ros/package.bash'
[3.750s] INFO:colcon.colcon_core.shell:Creating package script '/home/lionelliu/sim_ws/install/f1tenth_gym_ros/share/f1tenth_gym_ros/package.zsh'
[3.751s] Level 1:colcon.colcon_core.environment:create_file_with_runtime_dependencies(/home/lionelliu/sim_ws/install/f1tenth_gym_ros/share/colcon-core/packages/f1tenth_gym_ros)
[3.770s] DEBUG:colcon.colcon_core.event_handler.log_command:Invoking command in '/home/lionelliu/sim_ws/build/pure_pursuit': CMAKE_PREFIX_PATH=${CMAKE_PREFIX_PATH}:/home/lionelliu/sim_ws/install/f1tenth_gym_ros:/opt/ros/foxy /usr/bin/cmake --build /home/lionelliu/sim_ws/build/pure_pursuit -- -j2 -l2
[4.013s] DEBUG:colcon.colcon_core.event_handler.log_command:Invoked command in '/home/lionelliu/sim_ws/build/pure_pursuit' returned '0': CMAKE_PREFIX_PATH=${CMAKE_PREFIX_PATH}:/home/lionelliu/sim_ws/install/f1tenth_gym_ros:/opt/ros/foxy /usr/bin/cmake --build /home/lionelliu/sim_ws/build/pure_pursuit -- -j2 -l2
[4.122s] DEBUG:colcon.colcon_core.event_handler.log_command:Invoking command in '/home/lionelliu/sim_ws/build/pure_pursuit': CMAKE_PREFIX_PATH=${CMAKE_PREFIX_PATH}:/home/lionelliu/sim_ws/install/f1tenth_gym_ros:/opt/ros/foxy /usr/bin/cmake --install /home/lionelliu/sim_ws/build/pure_pursuit
[4.217s] Level 1:colcon.colcon_core.environment:create_environment_scripts_only(pure_pursuit)
[4.218s] Level 1:colcon.colcon_core.environment:checking '/home/lionelliu/sim_ws/install/pure_pursuit' for CMake module files
[4.219s] DEBUG:colcon.colcon_core.event_handler.log_command:Invoked command in '/home/lionelliu/sim_ws/build/pure_pursuit' returned '0': CMAKE_PREFIX_PATH=${CMAKE_PREFIX_PATH}:/home/lionelliu/sim_ws/install/f1tenth_gym_ros:/opt/ros/foxy /usr/bin/cmake --install /home/lionelliu/sim_ws/build/pure_pursuit
[4.219s] Level 1:colcon.colcon_core.environment:checking '/home/lionelliu/sim_ws/install/pure_pursuit' for CMake config files
[4.220s] Level 1:colcon.colcon_core.shell:create_environment_hook('pure_pursuit', 'cmake_prefix_path')
[4.220s] INFO:colcon.colcon_core.shell:Creating environment hook '/home/lionelliu/sim_ws/install/pure_pursuit/share/pure_pursuit/hook/cmake_prefix_path.ps1'
[4.221s] INFO:colcon.colcon_core.shell:Creating environment descriptor '/home/lionelliu/sim_ws/install/pure_pursuit/share/pure_pursuit/hook/cmake_prefix_path.dsv'
[4.221s] INFO:colcon.colcon_core.shell:Creating environment hook '/home/lionelliu/sim_ws/install/pure_pursuit/share/pure_pursuit/hook/cmake_prefix_path.sh'
[4.222s] Level 1:colcon.colcon_core.environment:checking '/home/lionelliu/sim_ws/install/pure_pursuit/lib'
[4.223s] Level 1:colcon.colcon_core.environment:checking '/home/lionelliu/sim_ws/install/pure_pursuit/bin'
[4.223s] Level 1:colcon.colcon_core.environment:checking '/home/lionelliu/sim_ws/install/pure_pursuit/lib/pkgconfig/pure_pursuit.pc'
[4.223s] Level 1:colcon.colcon_core.environment:checking '/home/lionelliu/sim_ws/install/pure_pursuit/lib/python3.8/site-packages'
[4.223s] Level 1:colcon.colcon_core.shell:create_environment_hook('pure_pursuit', 'pythonpath')
[4.223s] INFO:colcon.colcon_core.shell:Creating environment hook '/home/lionelliu/sim_ws/install/pure_pursuit/share/pure_pursuit/hook/pythonpath.ps1'
[4.224s] INFO:colcon.colcon_core.shell:Creating environment descriptor '/home/lionelliu/sim_ws/install/pure_pursuit/share/pure_pursuit/hook/pythonpath.dsv'
[4.225s] INFO:colcon.colcon_core.shell:Creating environment hook '/home/lionelliu/sim_ws/install/pure_pursuit/share/pure_pursuit/hook/pythonpath.sh'
[4.226s] Level 1:colcon.colcon_core.environment:checking '/home/lionelliu/sim_ws/install/pure_pursuit/bin'
[4.227s] INFO:colcon.colcon_core.shell:Creating package script '/home/lionelliu/sim_ws/install/pure_pursuit/share/pure_pursuit/package.ps1'
[4.227s] INFO:colcon.colcon_core.shell:Creating package descriptor '/home/lionelliu/sim_ws/install/pure_pursuit/share/pure_pursuit/package.dsv'
[4.228s] INFO:colcon.colcon_core.shell:Creating package script '/home/lionelliu/sim_ws/install/pure_pursuit/share/pure_pursuit/package.sh'
[4.229s] INFO:colcon.colcon_core.shell:Creating package script '/home/lionelliu/sim_ws/install/pure_pursuit/share/pure_pursuit/package.bash'
[4.230s] INFO:colcon.colcon_core.shell:Creating package script '/home/lionelliu/sim_ws/install/pure_pursuit/share/pure_pursuit/package.zsh'
[4.231s] Level 1:colcon.colcon_core.environment:create_file_with_runtime_dependencies(/home/lionelliu/sim_ws/install/pure_pursuit/share/colcon-core/packages/pure_pursuit)
[4.283s] Level 1:colcon.colcon_core.environment:create_environment_scripts_only(pure_pursuit)
[4.283s] Level 1:colcon.colcon_core.environment:checking '/home/lionelliu/sim_ws/install/pure_pursuit' for CMake module files
[4.284s] Level 1:colcon.colcon_core.environment:checking '/home/lionelliu/sim_ws/install/pure_pursuit' for CMake config files
[4.285s] Level 1:colcon.colcon_core.shell:create_environment_hook('pure_pursuit', 'cmake_prefix_path')
[4.285s] INFO:colcon.colcon_core.shell:Creating environment hook '/home/lionelliu/sim_ws/install/pure_pursuit/share/pure_pursuit/hook/cmake_prefix_path.ps1'
[4.286s] INFO:colcon.colcon_core.shell:Creating environment descriptor '/home/lionelliu/sim_ws/install/pure_pursuit/share/pure_pursuit/hook/cmake_prefix_path.dsv'
[4.287s] INFO:colcon.colcon_core.shell:Creating environment hook '/home/lionelliu/sim_ws/install/pure_pursuit/share/pure_pursuit/hook/cmake_prefix_path.sh'
[4.289s] Level 1:colcon.colcon_core.environment:checking '/home/lionelliu/sim_ws/install/pure_pursuit/lib'
[4.289s] Level 1:colcon.colcon_core.environment:checking '/home/lionelliu/sim_ws/install/pure_pursuit/bin'
[4.289s] Level 1:colcon.colcon_core.environment:checking '/home/lionelliu/sim_ws/install/pure_pursuit/lib/pkgconfig/pure_pursuit.pc'
[4.289s] Level 1:colcon.colcon_core.environment:checking '/home/lionelliu/sim_ws/install/pure_pursuit/lib/python3.8/site-packages'
[4.290s] Level 1:colcon.colcon_core.shell:create_environment_hook('pure_pursuit', 'pythonpath')
[4.290s] INFO:colcon.colcon_core.shell:Creating environment hook '/home/lionelliu/sim_ws/install/pure_pursuit/share/pure_pursuit/hook/pythonpath.ps1'
[4.291s] INFO:colcon.colcon_core.shell:Creating environment descriptor '/home/lionelliu/sim_ws/install/pure_pursuit/share/pure_pursuit/hook/pythonpath.dsv'
[4.292s] INFO:colcon.colcon_core.shell:Creating environment hook '/home/lionelliu/sim_ws/install/pure_pursuit/share/pure_pursuit/hook/pythonpath.sh'
[4.293s] Level 1:colcon.colcon_core.environment:checking '/home/lionelliu/sim_ws/install/pure_pursuit/bin'
[4.294s] INFO:colcon.colcon_core.shell:Creating package script '/home/lionelliu/sim_ws/install/pure_pursuit/share/pure_pursuit/package.ps1'
[4.295s] INFO:colcon.colcon_core.shell:Creating package descriptor '/home/lionelliu/sim_ws/install/pure_pursuit/share/pure_pursuit/package.dsv'
[4.296s] INFO:colcon.colcon_core.shell:Creating package script '/home/lionelliu/sim_ws/install/pure_pursuit/share/pure_pursuit/package.sh'
[4.298s] INFO:colcon.colcon_core.shell:Creating package script '/home/lionelliu/sim_ws/install/pure_pursuit/share/pure_pursuit/package.bash'
[4.299s] INFO:colcon.colcon_core.shell:Creating package script '/home/lionelliu/sim_ws/install/pure_pursuit/share/pure_pursuit/package.zsh'
[4.306s] Level 1:colcon.colcon_core.environment:create_file_with_runtime_dependencies(/home/lionelliu/sim_ws/install/pure_pursuit/share/colcon-core/packages/pure_pursuit)
[4.307s] DEBUG:colcon.colcon_parallel_executor.executor.parallel:closing loop
[4.308s] DEBUG:colcon.colcon_parallel_executor.executor.parallel:loop closed
[4.308s] DEBUG:colcon.colcon_parallel_executor.executor.parallel:run_until_complete finished with '0'
[4.308s] DEBUG:colcon.colcon_core.event_reactor:joining thread
[4.346s] INFO:colcon.colcon_core.plugin_system:Skipping extension 'colcon_notification.desktop_notification.terminal_notifier': Not used on non-Darwin systems
[4.346s] INFO:colcon.colcon_core.plugin_system:Skipping extension 'colcon_notification.desktop_notification.win32': Not used on non-Windows systems
[4.346s] INFO:colcon.colcon_notification.desktop_notification:Sending desktop notification using 'notify2'
[4.393s] DEBUG:colcon.colcon_core.event_reactor:joined thread
[4.393s] INFO:colcon.colcon_core.shell:Creating prefix script '/home/lionelliu/sim_ws/install/local_setup.ps1'
[4.396s] INFO:colcon.colcon_core.shell:Creating prefix util module '/home/lionelliu/sim_ws/install/_local_setup_util_ps1.py'
[4.399s] INFO:colcon.colcon_core.shell:Creating prefix chain script '/home/lionelliu/sim_ws/install/setup.ps1'
[4.406s] INFO:colcon.colcon_core.shell:Creating prefix script '/home/lionelliu/sim_ws/install/local_setup.sh'
[4.412s] INFO:colcon.colcon_core.shell:Creating prefix util module '/home/lionelliu/sim_ws/install/_local_setup_util_sh.py'
[4.413s] INFO:colcon.colcon_core.shell:Creating prefix chain script '/home/lionelliu/sim_ws/install/setup.sh'
[4.421s] INFO:colcon.colcon_core.shell:Creating prefix script '/home/lionelliu/sim_ws/install/local_setup.bash'
[4.425s] INFO:colcon.colcon_core.shell:Creating prefix chain script '/home/lionelliu/sim_ws/install/setup.bash'
[4.430s] INFO:colcon.colcon_core.shell:Creating prefix script '/home/lionelliu/sim_ws/install/local_setup.zsh'
[4.432s] INFO:colcon.colcon_core.shell:Creating prefix chain script '/home/lionelliu/sim_ws/install/setup.zsh'
