[0.026s] Invoking command in '/home/lionelliu/sim_ws/build/mpc': CMAKE_PREFIX_PATH=${CMAKE_PREFIX_PATH}:/home/lionelliu/sim_ws/install/f1tenth_gym_ros:/opt/ros/foxy /usr/bin/cmake --build /home/lionelliu/sim_ws/build/mpc -- -j2 -l2
[0.180s] [100%] Built target mpc_node
[0.206s] Invoked command in '/home/lionelliu/sim_ws/build/mpc' returned '0': CMAKE_PREFIX_PATH=${CMAKE_PREFIX_PATH}:/home/lionelliu/sim_ws/install/f1tenth_gym_ros:/opt/ros/foxy /usr/bin/cmake --build /home/lionelliu/sim_ws/build/mpc -- -j2 -l2
[0.274s] Invoking command in '/home/lionelliu/sim_ws/build/mpc': CMAKE_PREFIX_PATH=${CMAKE_PREFIX_PATH}:/home/lionelliu/sim_ws/install/f1tenth_gym_ros:/opt/ros/foxy /usr/bin/cmake --install /home/lionelliu/sim_ws/build/mpc
[0.288s] -- Install configuration: ""
[0.291s] -- Up-to-date: /home/lionelliu/sim_ws/install/mpc/lib/mpc/mpc_node
[0.293s] -- Up-to-date: /home/lionelliu/sim_ws/install/mpc/share/mpc/environment/pythonpath.sh
[0.293s] -- Up-to-date: /home/lionelliu/sim_ws/install/mpc/share/mpc/environment/pythonpath.dsv
[0.293s] -- Up-to-date: /home/lionelliu/sim_ws/install/mpc/lib/python3.8/site-packages/mpc
[0.294s] -- Up-to-date: /home/lionelliu/sim_ws/install/mpc/lib/python3.8/site-packages/mpc/__init__.py
[0.330s] Listing '/home/lionelliu/sim_ws/install/mpc/lib/python3.8/site-packages/mpc'...
[0.335s] -- Installing: /home/lionelliu/sim_ws/install/mpc/lib/mpc/mpc_node.py
[0.338s] -- Up-to-date: /home/lionelliu/sim_ws/install/mpc/lib/mpc/utils.py
[0.339s] -- Up-to-date: /home/lionelliu/sim_ws/install/mpc/share/ament_index/resource_index/package_run_dependencies/mpc
[0.340s] -- Up-to-date: /home/lionelliu/sim_ws/install/mpc/share/ament_index/resource_index/parent_prefix_path/mpc
[0.340s] -- Up-to-date: /home/lionelliu/sim_ws/install/mpc/share/mpc/environment/ament_prefix_path.sh
[0.341s] -- Up-to-date: /home/lionelliu/sim_ws/install/mpc/share/mpc/environment/ament_prefix_path.dsv
[0.341s] -- Up-to-date: /home/lionelliu/sim_ws/install/mpc/share/mpc/environment/path.sh
[0.341s] -- Up-to-date: /home/lionelliu/sim_ws/install/mpc/share/mpc/environment/path.dsv
[0.342s] -- Up-to-date: /home/lionelliu/sim_ws/install/mpc/share/mpc/local_setup.bash
[0.342s] -- Up-to-date: /home/lionelliu/sim_ws/install/mpc/share/mpc/local_setup.sh
[0.342s] -- Up-to-date: /home/lionelliu/sim_ws/install/mpc/share/mpc/local_setup.zsh
[0.343s] -- Up-to-date: /home/lionelliu/sim_ws/install/mpc/share/mpc/local_setup.dsv
[0.343s] -- Installing: /home/lionelliu/sim_ws/install/mpc/share/mpc/package.dsv
[0.346s] -- Up-to-date: /home/lionelliu/sim_ws/install/mpc/share/ament_index/resource_index/packages/mpc
[0.346s] -- Up-to-date: /home/lionelliu/sim_ws/install/mpc/share/mpc/cmake/mpcConfig.cmake
[0.347s] -- Up-to-date: /home/lionelliu/sim_ws/install/mpc/share/mpc/cmake/mpcConfig-version.cmake
[0.347s] -- Up-to-date: /home/lionelliu/sim_ws/install/mpc/share/mpc/package.xml
[0.350s] Invoked command in '/home/lionelliu/sim_ws/build/mpc' returned '0': CMAKE_PREFIX_PATH=${CMAKE_PREFIX_PATH}:/home/lionelliu/sim_ws/install/f1tenth_gym_ros:/opt/ros/foxy /usr/bin/cmake --install /home/lionelliu/sim_ws/build/mpc
